[0.035s] Invoking command in '/home/igor/tb2_ros2_nav2/ros2_ws/build/kobuki_ros_interfaces': CMAKE_PREFIX_PATH=${CMAKE_PREFIX_PATH}:/opt/ros/galactic /usr/bin/cmake /home/igor/tb2_ros2_nav2/ros2_ws/src/kobuki_ros_interfaces -DAMENT_CMAKE_SYMLINK_INSTALL=1 -DCMAKE_INSTALL_PREFIX=/home/igor/tb2_ros2_nav2/ros2_ws/install/kobuki_ros_interfaces
[0.139s] -- The C compiler identification is GNU 9.4.0
[0.314s] -- The CXX compiler identification is GNU 9.4.0
[0.394s] -- Check for working C compiler: /usr/bin/cc
[0.491s] -- Check for working C compiler: /usr/bin/cc -- works
[0.493s] -- Detecting C compiler ABI info
[0.591s] -- Detecting C compiler ABI info - done
[0.602s] -- Detecting C compile features
[0.603s] -- Detecting C compile features - done
[0.604s] -- Check for working CXX compiler: /usr/bin/c++
[0.724s] -- Check for working CXX compiler: /usr/bin/c++ -- works
[0.725s] -- Detecting CXX compiler ABI info
[0.832s] -- Detecting CXX compiler ABI info - done
[0.840s] -- Detecting CXX compile features
[0.841s] -- Detecting CXX compile features - done
[0.842s] -- Found action_msgs: 1.0.3 (/opt/ros/galactic/share/action_msgs/cmake)
[0.860s] -- Found PythonInterp: /usr/bin/python3 (found suitable version "3.8.10", minimum required is "3") 
[0.861s] -- Using PYTHON_EXECUTABLE: /usr/bin/python3
[0.906s] -- Override CMake install command with custom implementation using symlinks instead of copying resources
[1.044s] -- Using all available rosidl_typesupport_c: rosidl_typesupport_fastrtps_c;rosidl_typesupport_introspection_c
[1.051s] -- Found rosidl_adapter: 2.2.2 (/opt/ros/galactic/share/rosidl_adapter/cmake)
[1.733s] -- Found OpenSSL: /usr/lib/x86_64-linux-gnu/libcrypto.so (found version "1.1.1f")  
[2.594s] -- Found FastRTPS: /opt/ros/galactic/include  
[4.044s] -- Using all available rosidl_typesupport_cpp: rosidl_typesupport_fastrtps_cpp;rosidl_typesupport_introspection_cpp
[4.141s] -- Found rosidl_default_generators: 1.1.1 (/opt/ros/galactic/share/rosidl_default_generators/cmake)
[4.157s] -- Found std_msgs: 2.2.4 (/opt/ros/galactic/share/std_msgs/cmake)
[4.237s] -- Found PythonInterp: /usr/bin/python3 (found version "3.8.10") 
[4.680s] -- Found ament_cmake_ros: 0.9.2 (/opt/ros/galactic/share/ament_cmake_ros/cmake)
[8.181s] -- Using all available rosidl_typesupport_c: rosidl_typesupport_fastrtps_c;rosidl_typesupport_introspection_c
[8.243s] -- Using all available rosidl_typesupport_cpp: rosidl_typesupport_fastrtps_cpp;rosidl_typesupport_introspection_cpp
[8.266s] -- Found PythonInterp: /usr/bin/python3 (found suitable version "3.8.10", minimum required is "3.5") 
[8.267s] -- Found python_cmake_module: 0.8.1 (/opt/ros/galactic/share/python_cmake_module/cmake)
[8.527s] -- Found PythonLibs: /usr/lib/x86_64-linux-gnu/libpython3.8.so (found suitable version "3.8.10", minimum required is "3.5") 
[8.528s] -- Using PYTHON_EXECUTABLE: /usr/bin/python3
[8.528s] -- Using PYTHON_INCLUDE_DIRS: /usr/include/python3.8
[8.528s] -- Using PYTHON_LIBRARIES: /usr/lib/x86_64-linux-gnu/libpython3.8.so
[8.545s] -- Found PythonExtra: .so  
[8.636s] -- Configuring done
[8.769s] -- Generating done
[8.774s] -- Build files have been written to: /home/igor/tb2_ros2_nav2/ros2_ws/build/kobuki_ros_interfaces
[8.795s] Invoked command in '/home/igor/tb2_ros2_nav2/ros2_ws/build/kobuki_ros_interfaces' returned '0': CMAKE_PREFIX_PATH=${CMAKE_PREFIX_PATH}:/opt/ros/galactic /usr/bin/cmake /home/igor/tb2_ros2_nav2/ros2_ws/src/kobuki_ros_interfaces -DAMENT_CMAKE_SYMLINK_INSTALL=1 -DCMAKE_INSTALL_PREFIX=/home/igor/tb2_ros2_nav2/ros2_ws/install/kobuki_ros_interfaces
[8.797s] Invoking command in '/home/igor/tb2_ros2_nav2/ros2_ws/build/kobuki_ros_interfaces': CMAKE_PREFIX_PATH=${CMAKE_PREFIX_PATH}:/opt/ros/galactic /usr/bin/cmake --build /home/igor/tb2_ros2_nav2/ros2_ws/build/kobuki_ros_interfaces -- -j16 -l16
[8.891s] [35m[1mScanning dependencies of target kobuki_ros_interfaces__cpp[0m
[8.911s] [  0%] [34m[1mGenerating C++ code for ROS interfaces[0m
[8.914s] [  1%] [34m[1mGenerating C code for ROS interfaces[0m
[12.779s] [  1%] Built target kobuki_ros_interfaces__cpp
[12.800s] [  1%] [34m[1mGenerating C++ introspection for ROS interfaces[0m
[12.805s] [  2%] [34m[1mGenerating C++ type support for eProsima Fast-RTPS[0m
[12.806s] [  3%] [34m[1mGenerating C++ type support dispatch for ROS interfaces[0m
[13.756s] [35m[1mScanning dependencies of target kobuki_ros_interfaces__rosidl_generator_c[0m
[13.803s] [  3%] [32mBuilding C object CMakeFiles/kobuki_ros_interfaces__rosidl_generator_c.dir/rosidl_generator_c/kobuki_ros_interfaces/msg/detail/digital_output__functions.c.o[0m
[13.814s] [  4%] [32mBuilding C object CMakeFiles/kobuki_ros_interfaces__rosidl_generator_c.dir/rosidl_generator_c/kobuki_ros_interfaces/msg/detail/external_power__functions.c.o[0m
[13.818s] [  4%] [32mBuilding C object CMakeFiles/kobuki_ros_interfaces__rosidl_generator_c.dir/rosidl_generator_c/kobuki_ros_interfaces/msg/detail/bumper_event__functions.c.o[0m
[13.830s] [  5%] [32mBuilding C object CMakeFiles/kobuki_ros_interfaces__rosidl_generator_c.dir/rosidl_generator_c/kobuki_ros_interfaces/msg/detail/led__functions.c.o[0m
[13.831s] [  6%] [32mBuilding C object CMakeFiles/kobuki_ros_interfaces__rosidl_generator_c.dir/rosidl_generator_c/kobuki_ros_interfaces/msg/detail/cliff_event__functions.c.o[0m
[13.904s] [  6%] [32mBuilding C object CMakeFiles/kobuki_ros_interfaces__rosidl_generator_c.dir/rosidl_generator_c/kobuki_ros_interfaces/msg/detail/power_system_event__functions.c.o[0m
[13.933s] [  7%] [32mBuilding C object CMakeFiles/kobuki_ros_interfaces__rosidl_generator_c.dir/rosidl_generator_c/kobuki_ros_interfaces/msg/detail/sensor_state__functions.c.o[0m
[13.964s] [  7%] [32mBuilding C object CMakeFiles/kobuki_ros_interfaces__rosidl_generator_c.dir/rosidl_generator_c/kobuki_ros_interfaces/msg/detail/version_info__functions.c.o[0m
[14.006s] [  8%] [32mBuilding C object CMakeFiles/kobuki_ros_interfaces__rosidl_generator_c.dir/rosidl_generator_c/kobuki_ros_interfaces/msg/detail/controller_info__functions.c.o[0m
[14.031s] [  8%] [32mBuilding C object CMakeFiles/kobuki_ros_interfaces__rosidl_generator_c.dir/rosidl_generator_c/kobuki_ros_interfaces/msg/detail/button_event__functions.c.o[0m
[14.085s] [  9%] [32mBuilding C object CMakeFiles/kobuki_ros_interfaces__rosidl_generator_c.dir/rosidl_generator_c/kobuki_ros_interfaces/msg/detail/digital_input_event__functions.c.o[0m
[14.094s] [ 10%] [32mBuilding C object CMakeFiles/kobuki_ros_interfaces__rosidl_generator_c.dir/rosidl_generator_c/kobuki_ros_interfaces/msg/detail/dock_infra_red__functions.c.o[0m
[14.164s] [ 10%] [32mBuilding C object CMakeFiles/kobuki_ros_interfaces__rosidl_generator_c.dir/rosidl_generator_c/kobuki_ros_interfaces/msg/detail/keyboard_input__functions.c.o[0m
[14.195s] [ 11%] [32mBuilding C object CMakeFiles/kobuki_ros_interfaces__rosidl_generator_c.dir/rosidl_generator_c/kobuki_ros_interfaces/msg/detail/motor_power__functions.c.o[0m
[14.213s] [ 11%] [32mBuilding C object CMakeFiles/kobuki_ros_interfaces__rosidl_generator_c.dir/rosidl_generator_c/kobuki_ros_interfaces/msg/detail/robot_state_event__functions.c.o[0m
[14.263s] [ 12%] [32mBuilding C object CMakeFiles/kobuki_ros_interfaces__rosidl_generator_c.dir/rosidl_generator_c/kobuki_ros_interfaces/msg/detail/sound__functions.c.o[0m
[14.335s] [ 13%] [32mBuilding C object CMakeFiles/kobuki_ros_interfaces__rosidl_generator_c.dir/rosidl_generator_c/kobuki_ros_interfaces/action/detail/auto_docking__functions.c.o[0m
[14.350s] [ 14%] [32mBuilding C object CMakeFiles/kobuki_ros_interfaces__rosidl_generator_c.dir/rosidl_generator_c/kobuki_ros_interfaces/msg/detail/wheel_drop_event__functions.c.o[0m
[14.353s] [ 14%] [32mBuilding C object CMakeFiles/kobuki_ros_interfaces__rosidl_generator_c.dir/rosidl_generator_c/kobuki_ros_interfaces/msg/detail/scan_angle__functions.c.o[0m
[14.601s] [ 14%] [32m[1mLinking C shared library libkobuki_ros_interfaces__rosidl_generator_c.so[0m
[14.767s] [ 14%] Built target kobuki_ros_interfaces__rosidl_generator_c
[14.790s] [ 15%] [34m[1mGenerating C introspection for ROS interfaces[0m
[14.805s] [ 16%] [34m[1mGenerating C type support dispatch for ROS interfaces[0m
[15.710s] [35m[1mScanning dependencies of target kobuki_ros_interfaces__rosidl_typesupport_cpp[0m
[15.735s] [ 19%] [32mBuilding CXX object CMakeFiles/kobuki_ros_interfaces__rosidl_typesupport_cpp.dir/rosidl_typesupport_cpp/kobuki_ros_interfaces/msg/led__type_support.cpp.o[0m
[15.735s] [ 19%] [32mBuilding CXX object CMakeFiles/kobuki_ros_interfaces__rosidl_typesupport_cpp.dir/rosidl_typesupport_cpp/kobuki_ros_interfaces/msg/external_power__type_support.cpp.o[0m
[15.735s] [ 19%] [32mBuilding CXX object CMakeFiles/kobuki_ros_interfaces__rosidl_typesupport_cpp.dir/rosidl_typesupport_cpp/kobuki_ros_interfaces/msg/digital_output__type_support.cpp.o[0m
[15.735s] [ 19%] [32mBuilding CXX object CMakeFiles/kobuki_ros_interfaces__rosidl_typesupport_cpp.dir/rosidl_typesupport_cpp/kobuki_ros_interfaces/msg/cliff_event__type_support.cpp.o[0m
[15.736s] [ 19%] [32mBuilding CXX object CMakeFiles/kobuki_ros_interfaces__rosidl_typesupport_cpp.dir/rosidl_typesupport_cpp/kobuki_ros_interfaces/msg/bumper_event__type_support.cpp.o[0m
[15.736s] [ 20%] [32mBuilding CXX object CMakeFiles/kobuki_ros_interfaces__rosidl_typesupport_cpp.dir/rosidl_typesupport_cpp/kobuki_ros_interfaces/msg/sensor_state__type_support.cpp.o[0m
[15.742s] [ 20%] [32mBuilding CXX object CMakeFiles/kobuki_ros_interfaces__rosidl_typesupport_cpp.dir/rosidl_typesupport_cpp/kobuki_ros_interfaces/msg/power_system_event__type_support.cpp.o[0m
[15.743s] [ 22%] [32mBuilding CXX object CMakeFiles/kobuki_ros_interfaces__rosidl_typesupport_cpp.dir/rosidl_typesupport_cpp/kobuki_ros_interfaces/msg/button_event__type_support.cpp.o[0m
[15.744s] [ 22%] [32mBuilding CXX object CMakeFiles/kobuki_ros_interfaces__rosidl_typesupport_cpp.dir/rosidl_typesupport_cpp/kobuki_ros_interfaces/msg/controller_info__type_support.cpp.o[0m
[15.744s] [ 22%] [32mBuilding CXX object CMakeFiles/kobuki_ros_interfaces__rosidl_typesupport_cpp.dir/rosidl_typesupport_cpp/kobuki_ros_interfaces/msg/version_info__type_support.cpp.o[0m
[15.748s] [ 22%] [32mBuilding CXX object CMakeFiles/kobuki_ros_interfaces__rosidl_typesupport_cpp.dir/rosidl_typesupport_cpp/kobuki_ros_interfaces/msg/digital_input_event__type_support.cpp.o[0m
[15.757s] [ 23%] [32mBuilding CXX object CMakeFiles/kobuki_ros_interfaces__rosidl_typesupport_cpp.dir/rosidl_typesupport_cpp/kobuki_ros_interfaces/msg/dock_infra_red__type_support.cpp.o[0m
[16.323s] [ 23%] [32mBuilding CXX object CMakeFiles/kobuki_ros_interfaces__rosidl_typesupport_cpp.dir/rosidl_typesupport_cpp/kobuki_ros_interfaces/msg/keyboard_input__type_support.cpp.o[0m
[16.394s] [ 24%] [32mBuilding CXX object CMakeFiles/kobuki_ros_interfaces__rosidl_typesupport_cpp.dir/rosidl_typesupport_cpp/kobuki_ros_interfaces/msg/motor_power__type_support.cpp.o[0m
[16.455s] [ 24%] [32mBuilding CXX object CMakeFiles/kobuki_ros_interfaces__rosidl_typesupport_cpp.dir/rosidl_typesupport_cpp/kobuki_ros_interfaces/msg/robot_state_event__type_support.cpp.o[0m
[16.475s] [ 25%] [32mBuilding CXX object CMakeFiles/kobuki_ros_interfaces__rosidl_typesupport_cpp.dir/rosidl_typesupport_cpp/kobuki_ros_interfaces/msg/sound__type_support.cpp.o[0m
[16.477s] [ 26%] [32mBuilding CXX object CMakeFiles/kobuki_ros_interfaces__rosidl_typesupport_cpp.dir/rosidl_typesupport_cpp/kobuki_ros_interfaces/msg/scan_angle__type_support.cpp.o[0m
[16.480s] [ 26%] [32mBuilding CXX object CMakeFiles/kobuki_ros_interfaces__rosidl_typesupport_cpp.dir/rosidl_typesupport_cpp/kobuki_ros_interfaces/msg/wheel_drop_event__type_support.cpp.o[0m
[16.488s] [ 27%] [32mBuilding CXX object CMakeFiles/kobuki_ros_interfaces__rosidl_typesupport_cpp.dir/rosidl_typesupport_cpp/kobuki_ros_interfaces/action/auto_docking__type_support.cpp.o[0m
[16.828s] [35m[1mScanning dependencies of target kobuki_ros_interfaces__rosidl_typesupport_fastrtps_cpp[0m
[16.832s] [35m[1mScanning dependencies of target kobuki_ros_interfaces__rosidl_typesupport_introspection_cpp[0m
[16.867s] [ 28%] [32mBuilding CXX object CMakeFiles/kobuki_ros_interfaces__rosidl_typesupport_introspection_cpp.dir/rosidl_typesupport_introspection_cpp/kobuki_ros_interfaces/msg/detail/bumper_event__type_support.cpp.o[0m
[16.869s] [ 28%] [32mBuilding CXX object CMakeFiles/kobuki_ros_interfaces__rosidl_typesupport_introspection_cpp.dir/rosidl_typesupport_introspection_cpp/kobuki_ros_interfaces/msg/detail/cliff_event__type_support.cpp.o[0m
[16.880s] [ 29%] [32mBuilding CXX object CMakeFiles/kobuki_ros_interfaces__rosidl_typesupport_introspection_cpp.dir/rosidl_typesupport_introspection_cpp/kobuki_ros_interfaces/msg/detail/external_power__type_support.cpp.o[0m
[16.880s] [ 29%] [32mBuilding CXX object CMakeFiles/kobuki_ros_interfaces__rosidl_typesupport_introspection_cpp.dir/rosidl_typesupport_introspection_cpp/kobuki_ros_interfaces/msg/detail/digital_output__type_support.cpp.o[0m
[16.884s] [ 30%] [32mBuilding CXX object CMakeFiles/kobuki_ros_interfaces__rosidl_typesupport_introspection_cpp.dir/rosidl_typesupport_introspection_cpp/kobuki_ros_interfaces/msg/detail/led__type_support.cpp.o[0m
[16.896s] [ 31%] [32mBuilding CXX object CMakeFiles/kobuki_ros_interfaces__rosidl_typesupport_fastrtps_cpp.dir/rosidl_typesupport_fastrtps_cpp/kobuki_ros_interfaces/msg/detail/dds_fastrtps/bumper_event__type_support.cpp.o[0m
[16.916s] [ 31%] [32mBuilding CXX object CMakeFiles/kobuki_ros_interfaces__rosidl_typesupport_fastrtps_cpp.dir/rosidl_typesupport_fastrtps_cpp/kobuki_ros_interfaces/msg/detail/dds_fastrtps/cliff_event__type_support.cpp.o[0m
[17.037s] [ 32%] [32mBuilding CXX object CMakeFiles/kobuki_ros_interfaces__rosidl_typesupport_fastrtps_cpp.dir/rosidl_typesupport_fastrtps_cpp/kobuki_ros_interfaces/msg/detail/dds_fastrtps/digital_output__type_support.cpp.o[0m
[17.067s] [ 33%] [32mBuilding CXX object CMakeFiles/kobuki_ros_interfaces__rosidl_typesupport_introspection_cpp.dir/rosidl_typesupport_introspection_cpp/kobuki_ros_interfaces/msg/detail/power_system_event__type_support.cpp.o[0m
[17.089s] [ 33%] [32mBuilding CXX object CMakeFiles/kobuki_ros_interfaces__rosidl_typesupport_fastrtps_cpp.dir/rosidl_typesupport_fastrtps_cpp/kobuki_ros_interfaces/msg/detail/dds_fastrtps/external_power__type_support.cpp.o[0m
[17.138s] [ 33%] [32mBuilding CXX object CMakeFiles/kobuki_ros_interfaces__rosidl_typesupport_introspection_cpp.dir/rosidl_typesupport_introspection_cpp/kobuki_ros_interfaces/msg/detail/sensor_state__type_support.cpp.o[0m
[17.174s] [ 34%] [32mBuilding CXX object CMakeFiles/kobuki_ros_interfaces__rosidl_typesupport_fastrtps_cpp.dir/rosidl_typesupport_fastrtps_cpp/kobuki_ros_interfaces/msg/detail/dds_fastrtps/led__type_support.cpp.o[0m
[17.175s] [ 35%] [32mBuilding CXX object CMakeFiles/kobuki_ros_interfaces__rosidl_typesupport_introspection_cpp.dir/rosidl_typesupport_introspection_cpp/kobuki_ros_interfaces/msg/detail/version_info__type_support.cpp.o[0m
[17.441s] [ 35%] [32mBuilding CXX object CMakeFiles/kobuki_ros_interfaces__rosidl_typesupport_introspection_cpp.dir/rosidl_typesupport_introspection_cpp/kobuki_ros_interfaces/msg/detail/controller_info__type_support.cpp.o[0m
[17.509s] [ 36%] [32mBuilding CXX object CMakeFiles/kobuki_ros_interfaces__rosidl_typesupport_introspection_cpp.dir/rosidl_typesupport_introspection_cpp/kobuki_ros_interfaces/msg/detail/button_event__type_support.cpp.o[0m
[17.536s] [ 36%] [32mBuilding CXX object CMakeFiles/kobuki_ros_interfaces__rosidl_typesupport_introspection_cpp.dir/rosidl_typesupport_introspection_cpp/kobuki_ros_interfaces/msg/detail/digital_input_event__type_support.cpp.o[0m
[17.603s] [ 37%] [32mBuilding CXX object CMakeFiles/kobuki_ros_interfaces__rosidl_typesupport_introspection_cpp.dir/rosidl_typesupport_introspection_cpp/kobuki_ros_interfaces/msg/detail/keyboard_input__type_support.cpp.o[0m
[17.609s] [ 38%] [32mBuilding CXX object CMakeFiles/kobuki_ros_interfaces__rosidl_typesupport_introspection_cpp.dir/rosidl_typesupport_introspection_cpp/kobuki_ros_interfaces/msg/detail/dock_infra_red__type_support.cpp.o[0m
[17.663s] [ 38%] [32m[1mLinking CXX shared library libkobuki_ros_interfaces__rosidl_typesupport_cpp.so[0m
[17.803s] [ 38%] [32mBuilding CXX object CMakeFiles/kobuki_ros_interfaces__rosidl_typesupport_fastrtps_cpp.dir/rosidl_typesupport_fastrtps_cpp/kobuki_ros_interfaces/msg/detail/dds_fastrtps/power_system_event__type_support.cpp.o[0m
[17.884s] [ 38%] [32mBuilding CXX object CMakeFiles/kobuki_ros_interfaces__rosidl_typesupport_introspection_cpp.dir/rosidl_typesupport_introspection_cpp/kobuki_ros_interfaces/msg/detail/motor_power__type_support.cpp.o[0m
[17.950s] [ 39%] [32mBuilding CXX object CMakeFiles/kobuki_ros_interfaces__rosidl_typesupport_fastrtps_cpp.dir/rosidl_typesupport_fastrtps_cpp/kobuki_ros_interfaces/msg/detail/dds_fastrtps/sensor_state__type_support.cpp.o[0m
[17.965s] [ 39%] Built target kobuki_ros_interfaces__rosidl_typesupport_cpp
[18.015s] [ 40%] [32mBuilding CXX object CMakeFiles/kobuki_ros_interfaces__rosidl_typesupport_fastrtps_cpp.dir/rosidl_typesupport_fastrtps_cpp/kobuki_ros_interfaces/msg/detail/dds_fastrtps/version_info__type_support.cpp.o[0m
[18.029s] [35m[1mScanning dependencies of target kobuki_ros_interfaces__rosidl_typesupport_c[0m
[18.066s] [ 41%] [32mBuilding CXX object CMakeFiles/kobuki_ros_interfaces__rosidl_typesupport_introspection_cpp.dir/rosidl_typesupport_introspection_cpp/kobuki_ros_interfaces/msg/detail/robot_state_event__type_support.cpp.o[0m
[18.073s] [ 41%] [32mBuilding CXX object CMakeFiles/kobuki_ros_interfaces__rosidl_typesupport_introspection_cpp.dir/rosidl_typesupport_introspection_cpp/kobuki_ros_interfaces/msg/detail/sound__type_support.cpp.o[0m
[18.096s] [ 41%] [32mBuilding CXX object CMakeFiles/kobuki_ros_interfaces__rosidl_typesupport_fastrtps_cpp.dir/rosidl_typesupport_fastrtps_cpp/kobuki_ros_interfaces/msg/detail/dds_fastrtps/controller_info__type_support.cpp.o[0m
[18.138s] [ 41%] [32mBuilding CXX object CMakeFiles/kobuki_ros_interfaces__rosidl_typesupport_c.dir/rosidl_typesupport_c/kobuki_ros_interfaces/msg/bumper_event__type_support.cpp.o[0m
[18.164s] [ 41%] [32mBuilding CXX object CMakeFiles/kobuki_ros_interfaces__rosidl_typesupport_fastrtps_cpp.dir/rosidl_typesupport_fastrtps_cpp/kobuki_ros_interfaces/msg/detail/dds_fastrtps/digital_input_event__type_support.cpp.o[0m
[18.174s] [ 42%] [32mBuilding CXX object CMakeFiles/kobuki_ros_interfaces__rosidl_typesupport_fastrtps_cpp.dir/rosidl_typesupport_fastrtps_cpp/kobuki_ros_interfaces/msg/detail/dds_fastrtps/button_event__type_support.cpp.o[0m
[18.182s] [ 43%] [32mBuilding CXX object CMakeFiles/kobuki_ros_interfaces__rosidl_typesupport_fastrtps_cpp.dir/rosidl_typesupport_fastrtps_cpp/kobuki_ros_interfaces/msg/detail/dds_fastrtps/dock_infra_red__type_support.cpp.o[0m
[18.201s] [ 44%] [32mBuilding CXX object CMakeFiles/kobuki_ros_interfaces__rosidl_typesupport_introspection_cpp.dir/rosidl_typesupport_introspection_cpp/kobuki_ros_interfaces/msg/detail/scan_angle__type_support.cpp.o[0m
[18.227s] [ 44%] [32mBuilding CXX object CMakeFiles/kobuki_ros_interfaces__rosidl_typesupport_introspection_cpp.dir/rosidl_typesupport_introspection_cpp/kobuki_ros_interfaces/msg/detail/wheel_drop_event__type_support.cpp.o[0m
[18.235s] [ 45%] [32mBuilding CXX object CMakeFiles/kobuki_ros_interfaces__rosidl_typesupport_c.dir/rosidl_typesupport_c/kobuki_ros_interfaces/msg/cliff_event__type_support.cpp.o[0m
[18.275s] [ 46%] [32mBuilding CXX object CMakeFiles/kobuki_ros_interfaces__rosidl_typesupport_introspection_cpp.dir/rosidl_typesupport_introspection_cpp/kobuki_ros_interfaces/action/detail/auto_docking__type_support.cpp.o[0m
[18.337s] [ 46%] [32mBuilding CXX object CMakeFiles/kobuki_ros_interfaces__rosidl_typesupport_c.dir/rosidl_typesupport_c/kobuki_ros_interfaces/msg/digital_output__type_support.cpp.o[0m
[18.434s] [ 47%] [32mBuilding CXX object CMakeFiles/kobuki_ros_interfaces__rosidl_typesupport_c.dir/rosidl_typesupport_c/kobuki_ros_interfaces/msg/external_power__type_support.cpp.o[0m
[18.495s] [ 48%] [32mBuilding CXX object CMakeFiles/kobuki_ros_interfaces__rosidl_typesupport_c.dir/rosidl_typesupport_c/kobuki_ros_interfaces/msg/led__type_support.cpp.o[0m
[18.537s] [ 48%] [32mBuilding CXX object CMakeFiles/kobuki_ros_interfaces__rosidl_typesupport_c.dir/rosidl_typesupport_c/kobuki_ros_interfaces/msg/power_system_event__type_support.cpp.o[0m
[18.545s] [ 49%] [32mBuilding CXX object CMakeFiles/kobuki_ros_interfaces__rosidl_typesupport_c.dir/rosidl_typesupport_c/kobuki_ros_interfaces/msg/sensor_state__type_support.cpp.o[0m
[18.625s] [ 49%] [32mBuilding CXX object CMakeFiles/kobuki_ros_interfaces__rosidl_typesupport_c.dir/rosidl_typesupport_c/kobuki_ros_interfaces/msg/version_info__type_support.cpp.o[0m
[18.635s] [ 49%] [32mBuilding CXX object CMakeFiles/kobuki_ros_interfaces__rosidl_typesupport_fastrtps_cpp.dir/rosidl_typesupport_fastrtps_cpp/kobuki_ros_interfaces/msg/detail/dds_fastrtps/keyboard_input__type_support.cpp.o[0m
[18.638s] [ 50%] [32mBuilding CXX object CMakeFiles/kobuki_ros_interfaces__rosidl_typesupport_c.dir/rosidl_typesupport_c/kobuki_ros_interfaces/msg/controller_info__type_support.cpp.o[0m
[18.714s] [ 50%] [32mBuilding CXX object CMakeFiles/kobuki_ros_interfaces__rosidl_typesupport_c.dir/rosidl_typesupport_c/kobuki_ros_interfaces/msg/button_event__type_support.cpp.o[0m
[18.732s] [ 51%] [32mBuilding CXX object CMakeFiles/kobuki_ros_interfaces__rosidl_typesupport_c.dir/rosidl_typesupport_c/kobuki_ros_interfaces/msg/digital_input_event__type_support.cpp.o[0m
[18.745s] [ 52%] [32mBuilding CXX object CMakeFiles/kobuki_ros_interfaces__rosidl_typesupport_fastrtps_cpp.dir/rosidl_typesupport_fastrtps_cpp/kobuki_ros_interfaces/msg/detail/dds_fastrtps/motor_power__type_support.cpp.o[0m
[18.785s] [ 53%] [32mBuilding CXX object CMakeFiles/kobuki_ros_interfaces__rosidl_typesupport_c.dir/rosidl_typesupport_c/kobuki_ros_interfaces/msg/dock_infra_red__type_support.cpp.o[0m
[18.795s] [ 53%] [32mBuilding CXX object CMakeFiles/kobuki_ros_interfaces__rosidl_typesupport_c.dir/rosidl_typesupport_c/kobuki_ros_interfaces/msg/keyboard_input__type_support.cpp.o[0m
[18.823s] [ 54%] [32mBuilding CXX object CMakeFiles/kobuki_ros_interfaces__rosidl_typesupport_c.dir/rosidl_typesupport_c/kobuki_ros_interfaces/msg/motor_power__type_support.cpp.o[0m
[18.855s] [ 54%] [32mBuilding CXX object CMakeFiles/kobuki_ros_interfaces__rosidl_typesupport_c.dir/rosidl_typesupport_c/kobuki_ros_interfaces/msg/robot_state_event__type_support.cpp.o[0m
[18.856s] [ 55%] [32mBuilding CXX object CMakeFiles/kobuki_ros_interfaces__rosidl_typesupport_c.dir/rosidl_typesupport_c/kobuki_ros_interfaces/msg/sound__type_support.cpp.o[0m
[18.868s] [ 55%] [32mBuilding CXX object CMakeFiles/kobuki_ros_interfaces__rosidl_typesupport_c.dir/rosidl_typesupport_c/kobuki_ros_interfaces/msg/scan_angle__type_support.cpp.o[0m
[18.896s] [ 56%] [32mBuilding CXX object CMakeFiles/kobuki_ros_interfaces__rosidl_typesupport_fastrtps_cpp.dir/rosidl_typesupport_fastrtps_cpp/kobuki_ros_interfaces/msg/detail/dds_fastrtps/robot_state_event__type_support.cpp.o[0m
[18.897s] [35m[1mScanning dependencies of target kobuki_ros_interfaces__rosidl_typesupport_introspection_c[0m
[18.906s] [ 56%] [32mBuilding CXX object CMakeFiles/kobuki_ros_interfaces__rosidl_typesupport_fastrtps_cpp.dir/rosidl_typesupport_fastrtps_cpp/kobuki_ros_interfaces/msg/detail/dds_fastrtps/sound__type_support.cpp.o[0m
[18.918s] [ 57%] [32mBuilding CXX object CMakeFiles/kobuki_ros_interfaces__rosidl_typesupport_c.dir/rosidl_typesupport_c/kobuki_ros_interfaces/msg/wheel_drop_event__type_support.cpp.o[0m
[18.939s] [ 58%] [32mBuilding CXX object CMakeFiles/kobuki_ros_interfaces__rosidl_typesupport_c.dir/rosidl_typesupport_c/kobuki_ros_interfaces/action/auto_docking__type_support.cpp.o[0m
[18.953s] [ 59%] [32mBuilding C object CMakeFiles/kobuki_ros_interfaces__rosidl_typesupport_introspection_c.dir/rosidl_typesupport_introspection_c/kobuki_ros_interfaces/msg/detail/bumper_event__type_support.c.o[0m
[18.960s] [ 59%] [32mBuilding CXX object CMakeFiles/kobuki_ros_interfaces__rosidl_typesupport_fastrtps_cpp.dir/rosidl_typesupport_fastrtps_cpp/kobuki_ros_interfaces/msg/detail/dds_fastrtps/wheel_drop_event__type_support.cpp.o[0m
[18.983s] [ 60%] [32mBuilding CXX object CMakeFiles/kobuki_ros_interfaces__rosidl_typesupport_fastrtps_cpp.dir/rosidl_typesupport_fastrtps_cpp/kobuki_ros_interfaces/msg/detail/dds_fastrtps/scan_angle__type_support.cpp.o[0m
[18.996s] [ 61%] [32mBuilding C object CMakeFiles/kobuki_ros_interfaces__rosidl_typesupport_introspection_c.dir/rosidl_typesupport_introspection_c/kobuki_ros_interfaces/msg/detail/cliff_event__type_support.c.o[0m
[18.996s] [ 61%] [32mBuilding CXX object CMakeFiles/kobuki_ros_interfaces__rosidl_typesupport_fastrtps_cpp.dir/rosidl_typesupport_fastrtps_cpp/kobuki_ros_interfaces/action/detail/dds_fastrtps/auto_docking__type_support.cpp.o[0m
[19.045s] [ 62%] [32mBuilding C object CMakeFiles/kobuki_ros_interfaces__rosidl_typesupport_introspection_c.dir/rosidl_typesupport_introspection_c/kobuki_ros_interfaces/msg/detail/digital_output__type_support.c.o[0m
[19.056s] [ 62%] [32m[1mLinking CXX shared library libkobuki_ros_interfaces__rosidl_typesupport_c.so[0m
[19.084s] [ 62%] [32mBuilding C object CMakeFiles/kobuki_ros_interfaces__rosidl_typesupport_introspection_c.dir/rosidl_typesupport_introspection_c/kobuki_ros_interfaces/msg/detail/external_power__type_support.c.o[0m
[19.092s] [ 63%] [32mBuilding C object CMakeFiles/kobuki_ros_interfaces__rosidl_typesupport_introspection_c.dir/rosidl_typesupport_introspection_c/kobuki_ros_interfaces/msg/detail/led__type_support.c.o[0m
[19.124s] [ 63%] [32mBuilding C object CMakeFiles/kobuki_ros_interfaces__rosidl_typesupport_introspection_c.dir/rosidl_typesupport_introspection_c/kobuki_ros_interfaces/msg/detail/power_system_event__type_support.c.o[0m
[19.129s] [ 64%] [32mBuilding C object CMakeFiles/kobuki_ros_interfaces__rosidl_typesupport_introspection_c.dir/rosidl_typesupport_introspection_c/kobuki_ros_interfaces/msg/detail/sensor_state__type_support.c.o[0m
[19.148s] [ 64%] [32mBuilding C object CMakeFiles/kobuki_ros_interfaces__rosidl_typesupport_introspection_c.dir/rosidl_typesupport_introspection_c/kobuki_ros_interfaces/msg/detail/controller_info__type_support.c.o[0m
[19.154s] [ 65%] [32mBuilding C object CMakeFiles/kobuki_ros_interfaces__rosidl_typesupport_introspection_c.dir/rosidl_typesupport_introspection_c/kobuki_ros_interfaces/msg/detail/version_info__type_support.c.o[0m
[19.163s] [ 66%] [32mBuilding C object CMakeFiles/kobuki_ros_interfaces__rosidl_typesupport_introspection_c.dir/rosidl_typesupport_introspection_c/kobuki_ros_interfaces/msg/detail/button_event__type_support.c.o[0m
[19.177s] [ 66%] [32mBuilding C object CMakeFiles/kobuki_ros_interfaces__rosidl_typesupport_introspection_c.dir/rosidl_typesupport_introspection_c/kobuki_ros_interfaces/msg/detail/digital_input_event__type_support.c.o[0m
[19.223s] [ 67%] [32mBuilding C object CMakeFiles/kobuki_ros_interfaces__rosidl_typesupport_introspection_c.dir/rosidl_typesupport_introspection_c/kobuki_ros_interfaces/msg/detail/dock_infra_red__type_support.c.o[0m
[19.229s] [ 67%] [32mBuilding C object CMakeFiles/kobuki_ros_interfaces__rosidl_typesupport_introspection_c.dir/rosidl_typesupport_introspection_c/kobuki_ros_interfaces/msg/detail/keyboard_input__type_support.c.o[0m
[19.236s] [ 68%] [32mBuilding C object CMakeFiles/kobuki_ros_interfaces__rosidl_typesupport_introspection_c.dir/rosidl_typesupport_introspection_c/kobuki_ros_interfaces/msg/detail/motor_power__type_support.c.o[0m
[19.244s] [ 69%] [32mBuilding C object CMakeFiles/kobuki_ros_interfaces__rosidl_typesupport_introspection_c.dir/rosidl_typesupport_introspection_c/kobuki_ros_interfaces/msg/detail/robot_state_event__type_support.c.o[0m
[19.253s] [ 69%] Built target kobuki_ros_interfaces__rosidl_typesupport_c
[19.258s] [ 69%] [32mBuilding C object CMakeFiles/kobuki_ros_interfaces__rosidl_typesupport_introspection_c.dir/rosidl_typesupport_introspection_c/kobuki_ros_interfaces/msg/detail/sound__type_support.c.o[0m
[19.267s] [ 70%] [32mBuilding C object CMakeFiles/kobuki_ros_interfaces__rosidl_typesupport_introspection_c.dir/rosidl_typesupport_introspection_c/kobuki_ros_interfaces/msg/detail/scan_angle__type_support.c.o[0m
[19.276s] [ 71%] [32mBuilding C object CMakeFiles/kobuki_ros_interfaces__rosidl_typesupport_introspection_c.dir/rosidl_typesupport_introspection_c/kobuki_ros_interfaces/action/detail/auto_docking__type_support.c.o[0m
[19.287s] [ 71%] [32mBuilding C object CMakeFiles/kobuki_ros_interfaces__rosidl_typesupport_introspection_c.dir/rosidl_typesupport_introspection_c/kobuki_ros_interfaces/msg/detail/wheel_drop_event__type_support.c.o[0m
[19.315s] [ 72%] [32m[1mLinking CXX shared library libkobuki_ros_interfaces__rosidl_typesupport_introspection_cpp.so[0m
[19.359s] [ 72%] [32m[1mLinking C shared library libkobuki_ros_interfaces__rosidl_typesupport_introspection_c.so[0m
[19.496s] [ 72%] Built target kobuki_ros_interfaces__rosidl_typesupport_introspection_c
[19.553s] [ 72%] Built target kobuki_ros_interfaces__rosidl_typesupport_introspection_cpp
[19.877s] [ 72%] [32m[1mLinking CXX shared library libkobuki_ros_interfaces__rosidl_typesupport_fastrtps_cpp.so[0m
[20.006s] [ 72%] Built target kobuki_ros_interfaces__rosidl_typesupport_fastrtps_cpp
[20.014s] [ 73%] [34m[1mGenerating C type support for eProsima Fast-RTPS[0m
[21.540s] [35m[1mScanning dependencies of target kobuki_ros_interfaces__rosidl_typesupport_fastrtps_c[0m
[21.570s] [ 78%] [32mBuilding CXX object CMakeFiles/kobuki_ros_interfaces__rosidl_typesupport_fastrtps_c.dir/rosidl_typesupport_fastrtps_c/kobuki_ros_interfaces/msg/detail/digital_output__type_support_c.cpp.o[0m
[21.571s] [ 76%] [32mBuilding CXX object CMakeFiles/kobuki_ros_interfaces__rosidl_typesupport_fastrtps_c.dir/rosidl_typesupport_fastrtps_c/kobuki_ros_interfaces/msg/detail/power_system_event__type_support_c.cpp.o[0m
[21.571s] [ 78%] [32mBuilding CXX object CMakeFiles/kobuki_ros_interfaces__rosidl_typesupport_fastrtps_c.dir/rosidl_typesupport_fastrtps_c/kobuki_ros_interfaces/msg/detail/cliff_event__type_support_c.cpp.o[0m
[21.571s] [ 76%] [32mBuilding CXX object CMakeFiles/kobuki_ros_interfaces__rosidl_typesupport_fastrtps_c.dir/rosidl_typesupport_fastrtps_c/kobuki_ros_interfaces/msg/detail/version_info__type_support_c.cpp.o[0m
[21.571s] [ 76%] [32mBuilding CXX object CMakeFiles/kobuki_ros_interfaces__rosidl_typesupport_fastrtps_c.dir/rosidl_typesupport_fastrtps_c/kobuki_ros_interfaces/msg/detail/external_power__type_support_c.cpp.o[0m
[21.571s] [ 76%] [32mBuilding CXX object CMakeFiles/kobuki_ros_interfaces__rosidl_typesupport_fastrtps_c.dir/rosidl_typesupport_fastrtps_c/kobuki_ros_interfaces/msg/detail/bumper_event__type_support_c.cpp.o[0m
[21.572s] [ 78%] [32mBuilding CXX object CMakeFiles/kobuki_ros_interfaces__rosidl_typesupport_fastrtps_c.dir/rosidl_typesupport_fastrtps_c/kobuki_ros_interfaces/msg/detail/button_event__type_support_c.cpp.o[0m
[21.572s] [ 78%] [32mBuilding CXX object CMakeFiles/kobuki_ros_interfaces__rosidl_typesupport_fastrtps_c.dir/rosidl_typesupport_fastrtps_c/kobuki_ros_interfaces/msg/detail/sensor_state__type_support_c.cpp.o[0m
[21.572s] [ 76%] [32mBuilding CXX object CMakeFiles/kobuki_ros_interfaces__rosidl_typesupport_fastrtps_c.dir/rosidl_typesupport_fastrtps_c/kobuki_ros_interfaces/msg/detail/led__type_support_c.cpp.o[0m
[21.572s] [ 79%] [32mBuilding CXX object CMakeFiles/kobuki_ros_interfaces__rosidl_typesupport_fastrtps_c.dir/rosidl_typesupport_fastrtps_c/kobuki_ros_interfaces/msg/detail/controller_info__type_support_c.cpp.o[0m
[21.572s] [ 80%] [32mBuilding CXX object CMakeFiles/kobuki_ros_interfaces__rosidl_typesupport_fastrtps_c.dir/rosidl_typesupport_fastrtps_c/kobuki_ros_interfaces/msg/detail/dock_infra_red__type_support_c.cpp.o[0m
[21.572s] [ 79%] [32mBuilding CXX object CMakeFiles/kobuki_ros_interfaces__rosidl_typesupport_fastrtps_c.dir/rosidl_typesupport_fastrtps_c/kobuki_ros_interfaces/msg/detail/digital_input_event__type_support_c.cpp.o[0m
[21.574s] [ 80%] [32mBuilding CXX object CMakeFiles/kobuki_ros_interfaces__rosidl_typesupport_fastrtps_c.dir/rosidl_typesupport_fastrtps_c/kobuki_ros_interfaces/msg/detail/keyboard_input__type_support_c.cpp.o[0m
[21.581s] [ 81%] [32mBuilding CXX object CMakeFiles/kobuki_ros_interfaces__rosidl_typesupport_fastrtps_c.dir/rosidl_typesupport_fastrtps_c/kobuki_ros_interfaces/msg/detail/robot_state_event__type_support_c.cpp.o[0m
[21.581s] [ 81%] [32mBuilding CXX object CMakeFiles/kobuki_ros_interfaces__rosidl_typesupport_fastrtps_c.dir/rosidl_typesupport_fastrtps_c/kobuki_ros_interfaces/msg/detail/motor_power__type_support_c.cpp.o[0m
[21.587s] [ 82%] [32mBuilding CXX object CMakeFiles/kobuki_ros_interfaces__rosidl_typesupport_fastrtps_c.dir/rosidl_typesupport_fastrtps_c/kobuki_ros_interfaces/msg/detail/sound__type_support_c.cpp.o[0m
[22.222s] [ 83%] [32mBuilding CXX object CMakeFiles/kobuki_ros_interfaces__rosidl_typesupport_fastrtps_c.dir/rosidl_typesupport_fastrtps_c/kobuki_ros_interfaces/msg/detail/scan_angle__type_support_c.cpp.o[0m
[22.223s] [ 83%] [32mBuilding CXX object CMakeFiles/kobuki_ros_interfaces__rosidl_typesupport_fastrtps_c.dir/rosidl_typesupport_fastrtps_c/kobuki_ros_interfaces/msg/detail/wheel_drop_event__type_support_c.cpp.o[0m
[22.270s] [ 84%] [32mBuilding CXX object CMakeFiles/kobuki_ros_interfaces__rosidl_typesupport_fastrtps_c.dir/rosidl_typesupport_fastrtps_c/kobuki_ros_interfaces/action/detail/auto_docking__type_support_c.cpp.o[0m
[22.776s] [ 84%] [32m[1mLinking CXX shared library libkobuki_ros_interfaces__rosidl_typesupport_fastrtps_c.so[0m
[22.916s] [ 84%] Built target kobuki_ros_interfaces__rosidl_typesupport_fastrtps_c
[22.927s] [35m[1mScanning dependencies of target kobuki_ros_interfaces[0m
[22.935s] [ 84%] Built target kobuki_ros_interfaces
[22.945s] [35m[1mScanning dependencies of target kobuki_ros_interfaces__py[0m
[22.955s] [ 85%] [34m[1mGenerating Python code for ROS interfaces[0m
[26.369s] [ 85%] Built target kobuki_ros_interfaces__py
[26.377s] [35m[1mScanning dependencies of target kobuki_ros_interfaces__python[0m
[26.419s] [ 87%] [32mBuilding C object CMakeFiles/kobuki_ros_interfaces__python.dir/rosidl_generator_py/kobuki_ros_interfaces/msg/_external_power_s.c.o[0m
[26.420s] [ 87%] [32mBuilding C object CMakeFiles/kobuki_ros_interfaces__python.dir/rosidl_generator_py/kobuki_ros_interfaces/msg/_digital_output_s.c.o[0m
[26.420s] [ 87%] [32mBuilding C object CMakeFiles/kobuki_ros_interfaces__python.dir/rosidl_generator_py/kobuki_ros_interfaces/msg/_power_system_event_s.c.o[0m
[26.420s] [ 87%] [32mBuilding C object CMakeFiles/kobuki_ros_interfaces__python.dir/rosidl_generator_py/kobuki_ros_interfaces/msg/_bumper_event_s.c.o[0m
[26.420s] [ 87%] [32mBuilding C object CMakeFiles/kobuki_ros_interfaces__python.dir/rosidl_generator_py/kobuki_ros_interfaces/msg/_version_info_s.c.o[0m
[26.420s] [ 87%] [32mBuilding C object CMakeFiles/kobuki_ros_interfaces__python.dir/rosidl_generator_py/kobuki_ros_interfaces/msg/_cliff_event_s.c.o[0m
[26.420s] [ 88%] [32mBuilding C object CMakeFiles/kobuki_ros_interfaces__python.dir/rosidl_generator_py/kobuki_ros_interfaces/msg/_button_event_s.c.o[0m
[26.420s] [ 88%] [32mBuilding C object CMakeFiles/kobuki_ros_interfaces__python.dir/rosidl_generator_py/kobuki_ros_interfaces/msg/_digital_input_event_s.c.o[0m
[26.421s] [ 89%] [32mBuilding C object CMakeFiles/kobuki_ros_interfaces__python.dir/rosidl_generator_py/kobuki_ros_interfaces/msg/_dock_infra_red_s.c.o[0m
[26.421s] [ 90%] [32mBuilding C object CMakeFiles/kobuki_ros_interfaces__python.dir/rosidl_generator_py/kobuki_ros_interfaces/msg/_sensor_state_s.c.o[0m
[26.422s] [ 91%] [32mBuilding C object CMakeFiles/kobuki_ros_interfaces__python.dir/rosidl_generator_py/kobuki_ros_interfaces/msg/_controller_info_s.c.o[0m
[26.425s] [ 91%] [32mBuilding C object CMakeFiles/kobuki_ros_interfaces__python.dir/rosidl_generator_py/kobuki_ros_interfaces/msg/_keyboard_input_s.c.o[0m
[26.425s] [ 92%] [32mBuilding C object CMakeFiles/kobuki_ros_interfaces__python.dir/rosidl_generator_py/kobuki_ros_interfaces/msg/_led_s.c.o[0m
[26.436s] [ 93%] [32mBuilding C object CMakeFiles/kobuki_ros_interfaces__python.dir/rosidl_generator_py/kobuki_ros_interfaces/msg/_motor_power_s.c.o[0m
[26.515s] [ 93%] [32mBuilding C object CMakeFiles/kobuki_ros_interfaces__python.dir/rosidl_generator_py/kobuki_ros_interfaces/msg/_robot_state_event_s.c.o[0m
[26.520s] [ 94%] [32mBuilding C object CMakeFiles/kobuki_ros_interfaces__python.dir/rosidl_generator_py/kobuki_ros_interfaces/msg/_sound_s.c.o[0m
[26.589s] [ 94%] [32mBuilding C object CMakeFiles/kobuki_ros_interfaces__python.dir/rosidl_generator_py/kobuki_ros_interfaces/msg/_scan_angle_s.c.o[0m
[26.604s] [ 95%] [32mBuilding C object CMakeFiles/kobuki_ros_interfaces__python.dir/rosidl_generator_py/kobuki_ros_interfaces/action/_auto_docking_s.c.o[0m
[26.606s] [ 96%] [32mBuilding C object CMakeFiles/kobuki_ros_interfaces__python.dir/rosidl_generator_py/kobuki_ros_interfaces/msg/_wheel_drop_event_s.c.o[0m
[26.766s] [ 96%] [32m[1mLinking C shared library rosidl_generator_py/kobuki_ros_interfaces/libkobuki_ros_interfaces__python.so[0m
[26.855s] [ 96%] Built target kobuki_ros_interfaces__python
[26.863s] [35m[1mScanning dependencies of target kobuki_ros_interfaces__rosidl_typesupport_fastrtps_c__pyext[0m
[26.863s] [35m[1mScanning dependencies of target kobuki_ros_interfaces__rosidl_typesupport_introspection_c__pyext[0m
[26.864s] [35m[1mScanning dependencies of target kobuki_ros_interfaces__rosidl_typesupport_c__pyext[0m
[26.882s] [ 99%] [32mBuilding C object CMakeFiles/kobuki_ros_interfaces__rosidl_typesupport_fastrtps_c__pyext.dir/rosidl_generator_py/kobuki_ros_interfaces/_kobuki_ros_interfaces_s.ep.rosidl_typesupport_fastrtps_c.c.o[0m
[26.883s] [ 99%] [32mBuilding C object CMakeFiles/kobuki_ros_interfaces__rosidl_typesupport_introspection_c__pyext.dir/rosidl_generator_py/kobuki_ros_interfaces/_kobuki_ros_interfaces_s.ep.rosidl_typesupport_introspection_c.c.o[0m
[26.883s] [ 99%] [32mBuilding C object CMakeFiles/kobuki_ros_interfaces__rosidl_typesupport_c__pyext.dir/rosidl_generator_py/kobuki_ros_interfaces/_kobuki_ros_interfaces_s.ep.rosidl_typesupport_c.c.o[0m
[27.018s] [100%] [32m[1mLinking CXX shared library rosidl_generator_py/kobuki_ros_interfaces/kobuki_ros_interfaces_s__rosidl_typesupport_fastrtps_c.cpython-38-x86_64-linux-gnu.so[0m
[27.018s] [100%] [32m[1mLinking C shared library rosidl_generator_py/kobuki_ros_interfaces/kobuki_ros_interfaces_s__rosidl_typesupport_introspection_c.cpython-38-x86_64-linux-gnu.so[0m
[27.020s] [100%] [32m[1mLinking C shared library rosidl_generator_py/kobuki_ros_interfaces/kobuki_ros_interfaces_s__rosidl_typesupport_c.cpython-38-x86_64-linux-gnu.so[0m
[27.081s] [100%] Built target kobuki_ros_interfaces__rosidl_typesupport_c__pyext
[27.081s] [100%] Built target kobuki_ros_interfaces__rosidl_typesupport_introspection_c__pyext
[27.103s] [100%] Built target kobuki_ros_interfaces__rosidl_typesupport_fastrtps_c__pyext
[27.112s] Invoked command in '/home/igor/tb2_ros2_nav2/ros2_ws/build/kobuki_ros_interfaces' returned '0': CMAKE_PREFIX_PATH=${CMAKE_PREFIX_PATH}:/opt/ros/galactic /usr/bin/cmake --build /home/igor/tb2_ros2_nav2/ros2_ws/build/kobuki_ros_interfaces -- -j16 -l16
[27.320s] Invoking command in '/home/igor/tb2_ros2_nav2/ros2_ws/build/kobuki_ros_interfaces': CMAKE_PREFIX_PATH=${CMAKE_PREFIX_PATH}:/opt/ros/galactic /usr/bin/cmake --install /home/igor/tb2_ros2_nav2/ros2_ws/build/kobuki_ros_interfaces
[27.325s] -- Install configuration: ""
[27.325s] -- Execute custom install script
[27.326s] -- Symlinking: /home/igor/tb2_ros2_nav2/ros2_ws/install/kobuki_ros_interfaces/share/ament_index/resource_index/rosidl_interfaces/kobuki_ros_interfaces
[27.332s] -- Symlinking: /home/igor/tb2_ros2_nav2/ros2_ws/install/kobuki_ros_interfaces/include/kobuki_ros_interfaces/action/auto_docking.h
[27.338s] -- Symlinking: /home/igor/tb2_ros2_nav2/ros2_ws/install/kobuki_ros_interfaces/include/kobuki_ros_interfaces/action/detail/auto_docking__functions.h
[27.344s] -- Symlinking: /home/igor/tb2_ros2_nav2/ros2_ws/install/kobuki_ros_interfaces/include/kobuki_ros_interfaces/action/detail/auto_docking__struct.h
[27.350s] -- Symlinking: /home/igor/tb2_ros2_nav2/ros2_ws/install/kobuki_ros_interfaces/include/kobuki_ros_interfaces/action/detail/auto_docking__type_support.h
[27.356s] -- Symlinking: /home/igor/tb2_ros2_nav2/ros2_ws/install/kobuki_ros_interfaces/include/kobuki_ros_interfaces/msg/bumper_event.h
[27.361s] -- Symlinking: /home/igor/tb2_ros2_nav2/ros2_ws/install/kobuki_ros_interfaces/include/kobuki_ros_interfaces/msg/button_event.h
[27.367s] -- Symlinking: /home/igor/tb2_ros2_nav2/ros2_ws/install/kobuki_ros_interfaces/include/kobuki_ros_interfaces/msg/cliff_event.h
[27.372s] -- Symlinking: /home/igor/tb2_ros2_nav2/ros2_ws/install/kobuki_ros_interfaces/include/kobuki_ros_interfaces/msg/controller_info.h
[27.379s] -- Symlinking: /home/igor/tb2_ros2_nav2/ros2_ws/install/kobuki_ros_interfaces/include/kobuki_ros_interfaces/msg/detail/bumper_event__functions.h
[27.387s] -- Symlinking: /home/igor/tb2_ros2_nav2/ros2_ws/install/kobuki_ros_interfaces/include/kobuki_ros_interfaces/msg/detail/bumper_event__struct.h
[27.393s] -- Symlinking: /home/igor/tb2_ros2_nav2/ros2_ws/install/kobuki_ros_interfaces/include/kobuki_ros_interfaces/msg/detail/bumper_event__type_support.h
[27.400s] -- Symlinking: /home/igor/tb2_ros2_nav2/ros2_ws/install/kobuki_ros_interfaces/include/kobuki_ros_interfaces/msg/detail/button_event__functions.h
[27.407s] -- Symlinking: /home/igor/tb2_ros2_nav2/ros2_ws/install/kobuki_ros_interfaces/include/kobuki_ros_interfaces/msg/detail/button_event__struct.h
[27.414s] -- Symlinking: /home/igor/tb2_ros2_nav2/ros2_ws/install/kobuki_ros_interfaces/include/kobuki_ros_interfaces/msg/detail/button_event__type_support.h
[27.419s] -- Symlinking: /home/igor/tb2_ros2_nav2/ros2_ws/install/kobuki_ros_interfaces/include/kobuki_ros_interfaces/msg/detail/cliff_event__functions.h
[27.425s] -- Symlinking: /home/igor/tb2_ros2_nav2/ros2_ws/install/kobuki_ros_interfaces/include/kobuki_ros_interfaces/msg/detail/cliff_event__struct.h
[27.430s] -- Symlinking: /home/igor/tb2_ros2_nav2/ros2_ws/install/kobuki_ros_interfaces/include/kobuki_ros_interfaces/msg/detail/cliff_event__type_support.h
[27.435s] -- Symlinking: /home/igor/tb2_ros2_nav2/ros2_ws/install/kobuki_ros_interfaces/include/kobuki_ros_interfaces/msg/detail/controller_info__functions.h
[27.441s] -- Symlinking: /home/igor/tb2_ros2_nav2/ros2_ws/install/kobuki_ros_interfaces/include/kobuki_ros_interfaces/msg/detail/controller_info__struct.h
[27.447s] -- Symlinking: /home/igor/tb2_ros2_nav2/ros2_ws/install/kobuki_ros_interfaces/include/kobuki_ros_interfaces/msg/detail/controller_info__type_support.h
[27.452s] -- Symlinking: /home/igor/tb2_ros2_nav2/ros2_ws/install/kobuki_ros_interfaces/include/kobuki_ros_interfaces/msg/detail/digital_input_event__functions.h
[27.459s] -- Symlinking: /home/igor/tb2_ros2_nav2/ros2_ws/install/kobuki_ros_interfaces/include/kobuki_ros_interfaces/msg/detail/digital_input_event__struct.h
[27.464s] -- Symlinking: /home/igor/tb2_ros2_nav2/ros2_ws/install/kobuki_ros_interfaces/include/kobuki_ros_interfaces/msg/detail/digital_input_event__type_support.h
[27.469s] -- Symlinking: /home/igor/tb2_ros2_nav2/ros2_ws/install/kobuki_ros_interfaces/include/kobuki_ros_interfaces/msg/detail/digital_output__functions.h
[27.475s] -- Symlinking: /home/igor/tb2_ros2_nav2/ros2_ws/install/kobuki_ros_interfaces/include/kobuki_ros_interfaces/msg/detail/digital_output__struct.h
[27.480s] -- Symlinking: /home/igor/tb2_ros2_nav2/ros2_ws/install/kobuki_ros_interfaces/include/kobuki_ros_interfaces/msg/detail/digital_output__type_support.h
[27.485s] -- Symlinking: /home/igor/tb2_ros2_nav2/ros2_ws/install/kobuki_ros_interfaces/include/kobuki_ros_interfaces/msg/detail/dock_infra_red__functions.h
[27.490s] -- Symlinking: /home/igor/tb2_ros2_nav2/ros2_ws/install/kobuki_ros_interfaces/include/kobuki_ros_interfaces/msg/detail/dock_infra_red__struct.h
[27.496s] -- Symlinking: /home/igor/tb2_ros2_nav2/ros2_ws/install/kobuki_ros_interfaces/include/kobuki_ros_interfaces/msg/detail/dock_infra_red__type_support.h
[27.501s] -- Symlinking: /home/igor/tb2_ros2_nav2/ros2_ws/install/kobuki_ros_interfaces/include/kobuki_ros_interfaces/msg/detail/external_power__functions.h
[27.506s] -- Symlinking: /home/igor/tb2_ros2_nav2/ros2_ws/install/kobuki_ros_interfaces/include/kobuki_ros_interfaces/msg/detail/external_power__struct.h
[27.512s] -- Symlinking: /home/igor/tb2_ros2_nav2/ros2_ws/install/kobuki_ros_interfaces/include/kobuki_ros_interfaces/msg/detail/external_power__type_support.h
[27.517s] -- Symlinking: /home/igor/tb2_ros2_nav2/ros2_ws/install/kobuki_ros_interfaces/include/kobuki_ros_interfaces/msg/detail/keyboard_input__functions.h
[27.523s] -- Symlinking: /home/igor/tb2_ros2_nav2/ros2_ws/install/kobuki_ros_interfaces/include/kobuki_ros_interfaces/msg/detail/keyboard_input__struct.h
[27.529s] -- Symlinking: /home/igor/tb2_ros2_nav2/ros2_ws/install/kobuki_ros_interfaces/include/kobuki_ros_interfaces/msg/detail/keyboard_input__type_support.h
[27.534s] -- Symlinking: /home/igor/tb2_ros2_nav2/ros2_ws/install/kobuki_ros_interfaces/include/kobuki_ros_interfaces/msg/detail/led__functions.h
[27.539s] -- Symlinking: /home/igor/tb2_ros2_nav2/ros2_ws/install/kobuki_ros_interfaces/include/kobuki_ros_interfaces/msg/detail/led__struct.h
[27.545s] -- Symlinking: /home/igor/tb2_ros2_nav2/ros2_ws/install/kobuki_ros_interfaces/include/kobuki_ros_interfaces/msg/detail/led__type_support.h
[27.551s] -- Symlinking: /home/igor/tb2_ros2_nav2/ros2_ws/install/kobuki_ros_interfaces/include/kobuki_ros_interfaces/msg/detail/motor_power__functions.h
[27.557s] -- Symlinking: /home/igor/tb2_ros2_nav2/ros2_ws/install/kobuki_ros_interfaces/include/kobuki_ros_interfaces/msg/detail/motor_power__struct.h
[27.563s] -- Symlinking: /home/igor/tb2_ros2_nav2/ros2_ws/install/kobuki_ros_interfaces/include/kobuki_ros_interfaces/msg/detail/motor_power__type_support.h
[27.570s] -- Symlinking: /home/igor/tb2_ros2_nav2/ros2_ws/install/kobuki_ros_interfaces/include/kobuki_ros_interfaces/msg/detail/power_system_event__functions.h
[27.575s] -- Symlinking: /home/igor/tb2_ros2_nav2/ros2_ws/install/kobuki_ros_interfaces/include/kobuki_ros_interfaces/msg/detail/power_system_event__struct.h
[27.581s] -- Symlinking: /home/igor/tb2_ros2_nav2/ros2_ws/install/kobuki_ros_interfaces/include/kobuki_ros_interfaces/msg/detail/power_system_event__type_support.h
[27.586s] -- Symlinking: /home/igor/tb2_ros2_nav2/ros2_ws/install/kobuki_ros_interfaces/include/kobuki_ros_interfaces/msg/detail/robot_state_event__functions.h
[27.591s] -- Symlinking: /home/igor/tb2_ros2_nav2/ros2_ws/install/kobuki_ros_interfaces/include/kobuki_ros_interfaces/msg/detail/robot_state_event__struct.h
[27.596s] -- Symlinking: /home/igor/tb2_ros2_nav2/ros2_ws/install/kobuki_ros_interfaces/include/kobuki_ros_interfaces/msg/detail/robot_state_event__type_support.h
[27.601s] -- Symlinking: /home/igor/tb2_ros2_nav2/ros2_ws/install/kobuki_ros_interfaces/include/kobuki_ros_interfaces/msg/detail/scan_angle__functions.h
[27.606s] -- Symlinking: /home/igor/tb2_ros2_nav2/ros2_ws/install/kobuki_ros_interfaces/include/kobuki_ros_interfaces/msg/detail/scan_angle__struct.h
[27.612s] -- Symlinking: /home/igor/tb2_ros2_nav2/ros2_ws/install/kobuki_ros_interfaces/include/kobuki_ros_interfaces/msg/detail/scan_angle__type_support.h
[27.617s] -- Symlinking: /home/igor/tb2_ros2_nav2/ros2_ws/install/kobuki_ros_interfaces/include/kobuki_ros_interfaces/msg/detail/sensor_state__functions.h
[27.622s] -- Symlinking: /home/igor/tb2_ros2_nav2/ros2_ws/install/kobuki_ros_interfaces/include/kobuki_ros_interfaces/msg/detail/sensor_state__struct.h
[27.627s] -- Symlinking: /home/igor/tb2_ros2_nav2/ros2_ws/install/kobuki_ros_interfaces/include/kobuki_ros_interfaces/msg/detail/sensor_state__type_support.h
[27.633s] -- Symlinking: /home/igor/tb2_ros2_nav2/ros2_ws/install/kobuki_ros_interfaces/include/kobuki_ros_interfaces/msg/detail/sound__functions.h
[27.637s] -- Symlinking: /home/igor/tb2_ros2_nav2/ros2_ws/install/kobuki_ros_interfaces/include/kobuki_ros_interfaces/msg/detail/sound__struct.h
[27.644s] -- Symlinking: /home/igor/tb2_ros2_nav2/ros2_ws/install/kobuki_ros_interfaces/include/kobuki_ros_interfaces/msg/detail/sound__type_support.h
[27.649s] -- Symlinking: /home/igor/tb2_ros2_nav2/ros2_ws/install/kobuki_ros_interfaces/include/kobuki_ros_interfaces/msg/detail/version_info__functions.h
[27.655s] -- Symlinking: /home/igor/tb2_ros2_nav2/ros2_ws/install/kobuki_ros_interfaces/include/kobuki_ros_interfaces/msg/detail/version_info__struct.h
[27.661s] -- Symlinking: /home/igor/tb2_ros2_nav2/ros2_ws/install/kobuki_ros_interfaces/include/kobuki_ros_interfaces/msg/detail/version_info__type_support.h
[27.666s] -- Symlinking: /home/igor/tb2_ros2_nav2/ros2_ws/install/kobuki_ros_interfaces/include/kobuki_ros_interfaces/msg/detail/wheel_drop_event__functions.h
[27.671s] -- Symlinking: /home/igor/tb2_ros2_nav2/ros2_ws/install/kobuki_ros_interfaces/include/kobuki_ros_interfaces/msg/detail/wheel_drop_event__struct.h
[27.676s] -- Symlinking: /home/igor/tb2_ros2_nav2/ros2_ws/install/kobuki_ros_interfaces/include/kobuki_ros_interfaces/msg/detail/wheel_drop_event__type_support.h
[27.681s] -- Symlinking: /home/igor/tb2_ros2_nav2/ros2_ws/install/kobuki_ros_interfaces/include/kobuki_ros_interfaces/msg/digital_input_event.h
[27.686s] -- Symlinking: /home/igor/tb2_ros2_nav2/ros2_ws/install/kobuki_ros_interfaces/include/kobuki_ros_interfaces/msg/digital_output.h
[27.691s] -- Symlinking: /home/igor/tb2_ros2_nav2/ros2_ws/install/kobuki_ros_interfaces/include/kobuki_ros_interfaces/msg/dock_infra_red.h
[27.696s] -- Symlinking: /home/igor/tb2_ros2_nav2/ros2_ws/install/kobuki_ros_interfaces/include/kobuki_ros_interfaces/msg/external_power.h
[27.701s] -- Symlinking: /home/igor/tb2_ros2_nav2/ros2_ws/install/kobuki_ros_interfaces/include/kobuki_ros_interfaces/msg/keyboard_input.h
[27.707s] -- Symlinking: /home/igor/tb2_ros2_nav2/ros2_ws/install/kobuki_ros_interfaces/include/kobuki_ros_interfaces/msg/led.h
[27.712s] -- Symlinking: /home/igor/tb2_ros2_nav2/ros2_ws/install/kobuki_ros_interfaces/include/kobuki_ros_interfaces/msg/motor_power.h
[27.718s] -- Symlinking: /home/igor/tb2_ros2_nav2/ros2_ws/install/kobuki_ros_interfaces/include/kobuki_ros_interfaces/msg/power_system_event.h
[27.723s] -- Symlinking: /home/igor/tb2_ros2_nav2/ros2_ws/install/kobuki_ros_interfaces/include/kobuki_ros_interfaces/msg/robot_state_event.h
[27.728s] -- Symlinking: /home/igor/tb2_ros2_nav2/ros2_ws/install/kobuki_ros_interfaces/include/kobuki_ros_interfaces/msg/rosidl_generator_c__visibility_control.h
[27.734s] -- Symlinking: /home/igor/tb2_ros2_nav2/ros2_ws/install/kobuki_ros_interfaces/include/kobuki_ros_interfaces/msg/scan_angle.h
[27.740s] -- Symlinking: /home/igor/tb2_ros2_nav2/ros2_ws/install/kobuki_ros_interfaces/include/kobuki_ros_interfaces/msg/sensor_state.h
[27.745s] -- Symlinking: /home/igor/tb2_ros2_nav2/ros2_ws/install/kobuki_ros_interfaces/include/kobuki_ros_interfaces/msg/sound.h
[27.752s] -- Symlinking: /home/igor/tb2_ros2_nav2/ros2_ws/install/kobuki_ros_interfaces/include/kobuki_ros_interfaces/msg/version_info.h
[27.757s] -- Symlinking: /home/igor/tb2_ros2_nav2/ros2_ws/install/kobuki_ros_interfaces/include/kobuki_ros_interfaces/msg/wheel_drop_event.h
[27.763s] -- Symlinking: /home/igor/tb2_ros2_nav2/ros2_ws/install/kobuki_ros_interfaces/share/kobuki_ros_interfaces/environment/library_path.sh
[27.769s] -- Symlinking: /home/igor/tb2_ros2_nav2/ros2_ws/install/kobuki_ros_interfaces/share/kobuki_ros_interfaces/environment/library_path.dsv
[27.774s] -- Symlinking: /home/igor/tb2_ros2_nav2/ros2_ws/install/kobuki_ros_interfaces/include/kobuki_ros_interfaces/action/detail/auto_docking__rosidl_typesupport_fastrtps_c.h
[27.780s] -- Symlinking: /home/igor/tb2_ros2_nav2/ros2_ws/install/kobuki_ros_interfaces/include/kobuki_ros_interfaces/msg/detail/bumper_event__rosidl_typesupport_fastrtps_c.h
[27.785s] -- Symlinking: /home/igor/tb2_ros2_nav2/ros2_ws/install/kobuki_ros_interfaces/include/kobuki_ros_interfaces/msg/detail/button_event__rosidl_typesupport_fastrtps_c.h
[27.790s] -- Symlinking: /home/igor/tb2_ros2_nav2/ros2_ws/install/kobuki_ros_interfaces/include/kobuki_ros_interfaces/msg/detail/cliff_event__rosidl_typesupport_fastrtps_c.h
[27.795s] -- Symlinking: /home/igor/tb2_ros2_nav2/ros2_ws/install/kobuki_ros_interfaces/include/kobuki_ros_interfaces/msg/detail/controller_info__rosidl_typesupport_fastrtps_c.h
[27.801s] -- Symlinking: /home/igor/tb2_ros2_nav2/ros2_ws/install/kobuki_ros_interfaces/include/kobuki_ros_interfaces/msg/detail/digital_input_event__rosidl_typesupport_fastrtps_c.h
[27.806s] -- Symlinking: /home/igor/tb2_ros2_nav2/ros2_ws/install/kobuki_ros_interfaces/include/kobuki_ros_interfaces/msg/detail/digital_output__rosidl_typesupport_fastrtps_c.h
[27.812s] -- Symlinking: /home/igor/tb2_ros2_nav2/ros2_ws/install/kobuki_ros_interfaces/include/kobuki_ros_interfaces/msg/detail/dock_infra_red__rosidl_typesupport_fastrtps_c.h
[27.817s] -- Symlinking: /home/igor/tb2_ros2_nav2/ros2_ws/install/kobuki_ros_interfaces/include/kobuki_ros_interfaces/msg/detail/external_power__rosidl_typesupport_fastrtps_c.h
[27.822s] -- Symlinking: /home/igor/tb2_ros2_nav2/ros2_ws/install/kobuki_ros_interfaces/include/kobuki_ros_interfaces/msg/detail/keyboard_input__rosidl_typesupport_fastrtps_c.h
[27.827s] -- Symlinking: /home/igor/tb2_ros2_nav2/ros2_ws/install/kobuki_ros_interfaces/include/kobuki_ros_interfaces/msg/detail/led__rosidl_typesupport_fastrtps_c.h
[27.833s] -- Symlinking: /home/igor/tb2_ros2_nav2/ros2_ws/install/kobuki_ros_interfaces/include/kobuki_ros_interfaces/msg/detail/motor_power__rosidl_typesupport_fastrtps_c.h
[27.838s] -- Symlinking: /home/igor/tb2_ros2_nav2/ros2_ws/install/kobuki_ros_interfaces/include/kobuki_ros_interfaces/msg/detail/power_system_event__rosidl_typesupport_fastrtps_c.h
[27.844s] -- Symlinking: /home/igor/tb2_ros2_nav2/ros2_ws/install/kobuki_ros_interfaces/include/kobuki_ros_interfaces/msg/detail/robot_state_event__rosidl_typesupport_fastrtps_c.h
[27.850s] -- Symlinking: /home/igor/tb2_ros2_nav2/ros2_ws/install/kobuki_ros_interfaces/include/kobuki_ros_interfaces/msg/detail/scan_angle__rosidl_typesupport_fastrtps_c.h
[27.855s] -- Symlinking: /home/igor/tb2_ros2_nav2/ros2_ws/install/kobuki_ros_interfaces/include/kobuki_ros_interfaces/msg/detail/sensor_state__rosidl_typesupport_fastrtps_c.h
[27.861s] -- Symlinking: /home/igor/tb2_ros2_nav2/ros2_ws/install/kobuki_ros_interfaces/include/kobuki_ros_interfaces/msg/detail/sound__rosidl_typesupport_fastrtps_c.h
[27.867s] -- Symlinking: /home/igor/tb2_ros2_nav2/ros2_ws/install/kobuki_ros_interfaces/include/kobuki_ros_interfaces/msg/detail/version_info__rosidl_typesupport_fastrtps_c.h
[27.873s] -- Symlinking: /home/igor/tb2_ros2_nav2/ros2_ws/install/kobuki_ros_interfaces/include/kobuki_ros_interfaces/msg/detail/wheel_drop_event__rosidl_typesupport_fastrtps_c.h
[27.879s] -- Symlinking: /home/igor/tb2_ros2_nav2/ros2_ws/install/kobuki_ros_interfaces/include/kobuki_ros_interfaces/msg/rosidl_typesupport_fastrtps_c__visibility_control.h
[27.885s] -- Symlinking: /home/igor/tb2_ros2_nav2/ros2_ws/install/kobuki_ros_interfaces/lib/libkobuki_ros_interfaces__rosidl_typesupport_fastrtps_c.so
[27.892s] -- Symlinking: /home/igor/tb2_ros2_nav2/ros2_ws/install/kobuki_ros_interfaces/include/kobuki_ros_interfaces/action/detail/auto_docking__rosidl_typesupport_fastrtps_cpp.hpp
[27.898s] -- Symlinking: /home/igor/tb2_ros2_nav2/ros2_ws/install/kobuki_ros_interfaces/include/kobuki_ros_interfaces/msg/detail/bumper_event__rosidl_typesupport_fastrtps_cpp.hpp
[27.903s] -- Symlinking: /home/igor/tb2_ros2_nav2/ros2_ws/install/kobuki_ros_interfaces/include/kobuki_ros_interfaces/msg/detail/button_event__rosidl_typesupport_fastrtps_cpp.hpp
[27.910s] -- Symlinking: /home/igor/tb2_ros2_nav2/ros2_ws/install/kobuki_ros_interfaces/include/kobuki_ros_interfaces/msg/detail/cliff_event__rosidl_typesupport_fastrtps_cpp.hpp
[27.916s] -- Symlinking: /home/igor/tb2_ros2_nav2/ros2_ws/install/kobuki_ros_interfaces/include/kobuki_ros_interfaces/msg/detail/controller_info__rosidl_typesupport_fastrtps_cpp.hpp
[27.922s] -- Symlinking: /home/igor/tb2_ros2_nav2/ros2_ws/install/kobuki_ros_interfaces/include/kobuki_ros_interfaces/msg/detail/digital_input_event__rosidl_typesupport_fastrtps_cpp.hpp
[27.927s] -- Symlinking: /home/igor/tb2_ros2_nav2/ros2_ws/install/kobuki_ros_interfaces/include/kobuki_ros_interfaces/msg/detail/digital_output__rosidl_typesupport_fastrtps_cpp.hpp
[27.933s] -- Symlinking: /home/igor/tb2_ros2_nav2/ros2_ws/install/kobuki_ros_interfaces/include/kobuki_ros_interfaces/msg/detail/dock_infra_red__rosidl_typesupport_fastrtps_cpp.hpp
[27.939s] -- Symlinking: /home/igor/tb2_ros2_nav2/ros2_ws/install/kobuki_ros_interfaces/include/kobuki_ros_interfaces/msg/detail/external_power__rosidl_typesupport_fastrtps_cpp.hpp
[27.945s] -- Symlinking: /home/igor/tb2_ros2_nav2/ros2_ws/install/kobuki_ros_interfaces/include/kobuki_ros_interfaces/msg/detail/keyboard_input__rosidl_typesupport_fastrtps_cpp.hpp
[27.951s] -- Symlinking: /home/igor/tb2_ros2_nav2/ros2_ws/install/kobuki_ros_interfaces/include/kobuki_ros_interfaces/msg/detail/led__rosidl_typesupport_fastrtps_cpp.hpp
[27.957s] -- Symlinking: /home/igor/tb2_ros2_nav2/ros2_ws/install/kobuki_ros_interfaces/include/kobuki_ros_interfaces/msg/detail/motor_power__rosidl_typesupport_fastrtps_cpp.hpp
[27.963s] -- Symlinking: /home/igor/tb2_ros2_nav2/ros2_ws/install/kobuki_ros_interfaces/include/kobuki_ros_interfaces/msg/detail/power_system_event__rosidl_typesupport_fastrtps_cpp.hpp
[27.969s] -- Symlinking: /home/igor/tb2_ros2_nav2/ros2_ws/install/kobuki_ros_interfaces/include/kobuki_ros_interfaces/msg/detail/robot_state_event__rosidl_typesupport_fastrtps_cpp.hpp
[27.975s] -- Symlinking: /home/igor/tb2_ros2_nav2/ros2_ws/install/kobuki_ros_interfaces/include/kobuki_ros_interfaces/msg/detail/scan_angle__rosidl_typesupport_fastrtps_cpp.hpp
[27.982s] -- Symlinking: /home/igor/tb2_ros2_nav2/ros2_ws/install/kobuki_ros_interfaces/include/kobuki_ros_interfaces/msg/detail/sensor_state__rosidl_typesupport_fastrtps_cpp.hpp
[27.989s] -- Symlinking: /home/igor/tb2_ros2_nav2/ros2_ws/install/kobuki_ros_interfaces/include/kobuki_ros_interfaces/msg/detail/sound__rosidl_typesupport_fastrtps_cpp.hpp
[27.995s] -- Symlinking: /home/igor/tb2_ros2_nav2/ros2_ws/install/kobuki_ros_interfaces/include/kobuki_ros_interfaces/msg/detail/version_info__rosidl_typesupport_fastrtps_cpp.hpp
[28.004s] -- Symlinking: /home/igor/tb2_ros2_nav2/ros2_ws/install/kobuki_ros_interfaces/include/kobuki_ros_interfaces/msg/detail/wheel_drop_event__rosidl_typesupport_fastrtps_cpp.hpp
[28.013s] -- Symlinking: /home/igor/tb2_ros2_nav2/ros2_ws/install/kobuki_ros_interfaces/include/kobuki_ros_interfaces/msg/rosidl_typesupport_fastrtps_cpp__visibility_control.h
[28.019s] -- Symlinking: /home/igor/tb2_ros2_nav2/ros2_ws/install/kobuki_ros_interfaces/lib/libkobuki_ros_interfaces__rosidl_typesupport_fastrtps_cpp.so
[28.027s] -- Symlinking: /home/igor/tb2_ros2_nav2/ros2_ws/install/kobuki_ros_interfaces/include/kobuki_ros_interfaces/action/detail/auto_docking__rosidl_typesupport_introspection_c.h
[28.034s] -- Symlinking: /home/igor/tb2_ros2_nav2/ros2_ws/install/kobuki_ros_interfaces/include/kobuki_ros_interfaces/msg/detail/bumper_event__rosidl_typesupport_introspection_c.h
[28.040s] -- Symlinking: /home/igor/tb2_ros2_nav2/ros2_ws/install/kobuki_ros_interfaces/include/kobuki_ros_interfaces/msg/detail/button_event__rosidl_typesupport_introspection_c.h
[28.046s] -- Symlinking: /home/igor/tb2_ros2_nav2/ros2_ws/install/kobuki_ros_interfaces/include/kobuki_ros_interfaces/msg/detail/cliff_event__rosidl_typesupport_introspection_c.h
[28.052s] -- Symlinking: /home/igor/tb2_ros2_nav2/ros2_ws/install/kobuki_ros_interfaces/include/kobuki_ros_interfaces/msg/detail/controller_info__rosidl_typesupport_introspection_c.h
[28.058s] -- Symlinking: /home/igor/tb2_ros2_nav2/ros2_ws/install/kobuki_ros_interfaces/include/kobuki_ros_interfaces/msg/detail/digital_input_event__rosidl_typesupport_introspection_c.h
[28.065s] -- Symlinking: /home/igor/tb2_ros2_nav2/ros2_ws/install/kobuki_ros_interfaces/include/kobuki_ros_interfaces/msg/detail/digital_output__rosidl_typesupport_introspection_c.h
[28.071s] -- Symlinking: /home/igor/tb2_ros2_nav2/ros2_ws/install/kobuki_ros_interfaces/include/kobuki_ros_interfaces/msg/detail/dock_infra_red__rosidl_typesupport_introspection_c.h
[28.078s] -- Symlinking: /home/igor/tb2_ros2_nav2/ros2_ws/install/kobuki_ros_interfaces/include/kobuki_ros_interfaces/msg/detail/external_power__rosidl_typesupport_introspection_c.h
[28.084s] -- Symlinking: /home/igor/tb2_ros2_nav2/ros2_ws/install/kobuki_ros_interfaces/include/kobuki_ros_interfaces/msg/detail/keyboard_input__rosidl_typesupport_introspection_c.h
[28.090s] -- Symlinking: /home/igor/tb2_ros2_nav2/ros2_ws/install/kobuki_ros_interfaces/include/kobuki_ros_interfaces/msg/detail/led__rosidl_typesupport_introspection_c.h
[28.096s] -- Symlinking: /home/igor/tb2_ros2_nav2/ros2_ws/install/kobuki_ros_interfaces/include/kobuki_ros_interfaces/msg/detail/motor_power__rosidl_typesupport_introspection_c.h
[28.102s] -- Symlinking: /home/igor/tb2_ros2_nav2/ros2_ws/install/kobuki_ros_interfaces/include/kobuki_ros_interfaces/msg/detail/power_system_event__rosidl_typesupport_introspection_c.h
[28.108s] -- Symlinking: /home/igor/tb2_ros2_nav2/ros2_ws/install/kobuki_ros_interfaces/include/kobuki_ros_interfaces/msg/detail/robot_state_event__rosidl_typesupport_introspection_c.h
[28.113s] -- Symlinking: /home/igor/tb2_ros2_nav2/ros2_ws/install/kobuki_ros_interfaces/include/kobuki_ros_interfaces/msg/detail/scan_angle__rosidl_typesupport_introspection_c.h
[28.119s] -- Symlinking: /home/igor/tb2_ros2_nav2/ros2_ws/install/kobuki_ros_interfaces/include/kobuki_ros_interfaces/msg/detail/sensor_state__rosidl_typesupport_introspection_c.h
[28.124s] -- Symlinking: /home/igor/tb2_ros2_nav2/ros2_ws/install/kobuki_ros_interfaces/include/kobuki_ros_interfaces/msg/detail/sound__rosidl_typesupport_introspection_c.h
[28.130s] -- Symlinking: /home/igor/tb2_ros2_nav2/ros2_ws/install/kobuki_ros_interfaces/include/kobuki_ros_interfaces/msg/detail/version_info__rosidl_typesupport_introspection_c.h
[28.135s] -- Symlinking: /home/igor/tb2_ros2_nav2/ros2_ws/install/kobuki_ros_interfaces/include/kobuki_ros_interfaces/msg/detail/wheel_drop_event__rosidl_typesupport_introspection_c.h
[28.142s] -- Symlinking: /home/igor/tb2_ros2_nav2/ros2_ws/install/kobuki_ros_interfaces/include/kobuki_ros_interfaces/msg/rosidl_typesupport_introspection_c__visibility_control.h
[28.149s] -- Symlinking: /home/igor/tb2_ros2_nav2/ros2_ws/install/kobuki_ros_interfaces/include/kobuki_ros_interfaces/action/auto_docking.hpp
[28.155s] -- Symlinking: /home/igor/tb2_ros2_nav2/ros2_ws/install/kobuki_ros_interfaces/include/kobuki_ros_interfaces/action/detail/auto_docking__builder.hpp
[28.161s] -- Symlinking: /home/igor/tb2_ros2_nav2/ros2_ws/install/kobuki_ros_interfaces/include/kobuki_ros_interfaces/action/detail/auto_docking__struct.hpp
[28.167s] -- Symlinking: /home/igor/tb2_ros2_nav2/ros2_ws/install/kobuki_ros_interfaces/include/kobuki_ros_interfaces/action/detail/auto_docking__traits.hpp
[28.172s] -- Symlinking: /home/igor/tb2_ros2_nav2/ros2_ws/install/kobuki_ros_interfaces/include/kobuki_ros_interfaces/msg/bumper_event.hpp
[28.179s] -- Symlinking: /home/igor/tb2_ros2_nav2/ros2_ws/install/kobuki_ros_interfaces/include/kobuki_ros_interfaces/msg/button_event.hpp
[28.184s] -- Symlinking: /home/igor/tb2_ros2_nav2/ros2_ws/install/kobuki_ros_interfaces/include/kobuki_ros_interfaces/msg/cliff_event.hpp
[28.190s] -- Symlinking: /home/igor/tb2_ros2_nav2/ros2_ws/install/kobuki_ros_interfaces/include/kobuki_ros_interfaces/msg/controller_info.hpp
[28.196s] -- Symlinking: /home/igor/tb2_ros2_nav2/ros2_ws/install/kobuki_ros_interfaces/include/kobuki_ros_interfaces/msg/detail/bumper_event__builder.hpp
[28.202s] -- Symlinking: /home/igor/tb2_ros2_nav2/ros2_ws/install/kobuki_ros_interfaces/include/kobuki_ros_interfaces/msg/detail/bumper_event__struct.hpp
[28.208s] -- Symlinking: /home/igor/tb2_ros2_nav2/ros2_ws/install/kobuki_ros_interfaces/include/kobuki_ros_interfaces/msg/detail/bumper_event__traits.hpp
[28.214s] -- Symlinking: /home/igor/tb2_ros2_nav2/ros2_ws/install/kobuki_ros_interfaces/include/kobuki_ros_interfaces/msg/detail/button_event__builder.hpp
[28.219s] -- Symlinking: /home/igor/tb2_ros2_nav2/ros2_ws/install/kobuki_ros_interfaces/include/kobuki_ros_interfaces/msg/detail/button_event__struct.hpp
[28.226s] -- Symlinking: /home/igor/tb2_ros2_nav2/ros2_ws/install/kobuki_ros_interfaces/include/kobuki_ros_interfaces/msg/detail/button_event__traits.hpp
[28.233s] -- Symlinking: /home/igor/tb2_ros2_nav2/ros2_ws/install/kobuki_ros_interfaces/include/kobuki_ros_interfaces/msg/detail/cliff_event__builder.hpp
[28.238s] -- Symlinking: /home/igor/tb2_ros2_nav2/ros2_ws/install/kobuki_ros_interfaces/include/kobuki_ros_interfaces/msg/detail/cliff_event__struct.hpp
[28.244s] -- Symlinking: /home/igor/tb2_ros2_nav2/ros2_ws/install/kobuki_ros_interfaces/include/kobuki_ros_interfaces/msg/detail/cliff_event__traits.hpp
[28.249s] -- Symlinking: /home/igor/tb2_ros2_nav2/ros2_ws/install/kobuki_ros_interfaces/include/kobuki_ros_interfaces/msg/detail/controller_info__builder.hpp
[28.255s] -- Symlinking: /home/igor/tb2_ros2_nav2/ros2_ws/install/kobuki_ros_interfaces/include/kobuki_ros_interfaces/msg/detail/controller_info__struct.hpp
[28.262s] -- Symlinking: /home/igor/tb2_ros2_nav2/ros2_ws/install/kobuki_ros_interfaces/include/kobuki_ros_interfaces/msg/detail/controller_info__traits.hpp
[28.268s] -- Symlinking: /home/igor/tb2_ros2_nav2/ros2_ws/install/kobuki_ros_interfaces/include/kobuki_ros_interfaces/msg/detail/digital_input_event__builder.hpp
[28.274s] -- Symlinking: /home/igor/tb2_ros2_nav2/ros2_ws/install/kobuki_ros_interfaces/include/kobuki_ros_interfaces/msg/detail/digital_input_event__struct.hpp
[28.280s] -- Symlinking: /home/igor/tb2_ros2_nav2/ros2_ws/install/kobuki_ros_interfaces/include/kobuki_ros_interfaces/msg/detail/digital_input_event__traits.hpp
[28.285s] -- Symlinking: /home/igor/tb2_ros2_nav2/ros2_ws/install/kobuki_ros_interfaces/include/kobuki_ros_interfaces/msg/detail/digital_output__builder.hpp
[28.291s] -- Symlinking: /home/igor/tb2_ros2_nav2/ros2_ws/install/kobuki_ros_interfaces/include/kobuki_ros_interfaces/msg/detail/digital_output__struct.hpp
[28.297s] -- Symlinking: /home/igor/tb2_ros2_nav2/ros2_ws/install/kobuki_ros_interfaces/include/kobuki_ros_interfaces/msg/detail/digital_output__traits.hpp
[28.303s] -- Symlinking: /home/igor/tb2_ros2_nav2/ros2_ws/install/kobuki_ros_interfaces/include/kobuki_ros_interfaces/msg/detail/dock_infra_red__builder.hpp
[28.309s] -- Symlinking: /home/igor/tb2_ros2_nav2/ros2_ws/install/kobuki_ros_interfaces/include/kobuki_ros_interfaces/msg/detail/dock_infra_red__struct.hpp
[28.315s] -- Symlinking: /home/igor/tb2_ros2_nav2/ros2_ws/install/kobuki_ros_interfaces/include/kobuki_ros_interfaces/msg/detail/dock_infra_red__traits.hpp
[28.320s] -- Symlinking: /home/igor/tb2_ros2_nav2/ros2_ws/install/kobuki_ros_interfaces/include/kobuki_ros_interfaces/msg/detail/external_power__builder.hpp
[28.326s] -- Symlinking: /home/igor/tb2_ros2_nav2/ros2_ws/install/kobuki_ros_interfaces/include/kobuki_ros_interfaces/msg/detail/external_power__struct.hpp
[28.332s] -- Symlinking: /home/igor/tb2_ros2_nav2/ros2_ws/install/kobuki_ros_interfaces/include/kobuki_ros_interfaces/msg/detail/external_power__traits.hpp
[28.337s] -- Symlinking: /home/igor/tb2_ros2_nav2/ros2_ws/install/kobuki_ros_interfaces/include/kobuki_ros_interfaces/msg/detail/keyboard_input__builder.hpp
[28.344s] -- Symlinking: /home/igor/tb2_ros2_nav2/ros2_ws/install/kobuki_ros_interfaces/include/kobuki_ros_interfaces/msg/detail/keyboard_input__struct.hpp
[28.350s] -- Symlinking: /home/igor/tb2_ros2_nav2/ros2_ws/install/kobuki_ros_interfaces/include/kobuki_ros_interfaces/msg/detail/keyboard_input__traits.hpp
[28.356s] -- Symlinking: /home/igor/tb2_ros2_nav2/ros2_ws/install/kobuki_ros_interfaces/include/kobuki_ros_interfaces/msg/detail/led__builder.hpp
[28.363s] -- Symlinking: /home/igor/tb2_ros2_nav2/ros2_ws/install/kobuki_ros_interfaces/include/kobuki_ros_interfaces/msg/detail/led__struct.hpp
[28.369s] -- Symlinking: /home/igor/tb2_ros2_nav2/ros2_ws/install/kobuki_ros_interfaces/include/kobuki_ros_interfaces/msg/detail/led__traits.hpp
[28.375s] -- Symlinking: /home/igor/tb2_ros2_nav2/ros2_ws/install/kobuki_ros_interfaces/include/kobuki_ros_interfaces/msg/detail/motor_power__builder.hpp
[28.382s] -- Symlinking: /home/igor/tb2_ros2_nav2/ros2_ws/install/kobuki_ros_interfaces/include/kobuki_ros_interfaces/msg/detail/motor_power__struct.hpp
[28.387s] -- Symlinking: /home/igor/tb2_ros2_nav2/ros2_ws/install/kobuki_ros_interfaces/include/kobuki_ros_interfaces/msg/detail/motor_power__traits.hpp
[28.393s] -- Symlinking: /home/igor/tb2_ros2_nav2/ros2_ws/install/kobuki_ros_interfaces/include/kobuki_ros_interfaces/msg/detail/power_system_event__builder.hpp
[28.399s] -- Symlinking: /home/igor/tb2_ros2_nav2/ros2_ws/install/kobuki_ros_interfaces/include/kobuki_ros_interfaces/msg/detail/power_system_event__struct.hpp
[28.405s] -- Symlinking: /home/igor/tb2_ros2_nav2/ros2_ws/install/kobuki_ros_interfaces/include/kobuki_ros_interfaces/msg/detail/power_system_event__traits.hpp
[28.411s] -- Symlinking: /home/igor/tb2_ros2_nav2/ros2_ws/install/kobuki_ros_interfaces/include/kobuki_ros_interfaces/msg/detail/robot_state_event__builder.hpp
[28.417s] -- Symlinking: /home/igor/tb2_ros2_nav2/ros2_ws/install/kobuki_ros_interfaces/include/kobuki_ros_interfaces/msg/detail/robot_state_event__struct.hpp
[28.423s] -- Symlinking: /home/igor/tb2_ros2_nav2/ros2_ws/install/kobuki_ros_interfaces/include/kobuki_ros_interfaces/msg/detail/robot_state_event__traits.hpp
[28.429s] -- Symlinking: /home/igor/tb2_ros2_nav2/ros2_ws/install/kobuki_ros_interfaces/include/kobuki_ros_interfaces/msg/detail/scan_angle__builder.hpp
[28.434s] -- Symlinking: /home/igor/tb2_ros2_nav2/ros2_ws/install/kobuki_ros_interfaces/include/kobuki_ros_interfaces/msg/detail/scan_angle__struct.hpp
[28.440s] -- Symlinking: /home/igor/tb2_ros2_nav2/ros2_ws/install/kobuki_ros_interfaces/include/kobuki_ros_interfaces/msg/detail/scan_angle__traits.hpp
[28.446s] -- Symlinking: /home/igor/tb2_ros2_nav2/ros2_ws/install/kobuki_ros_interfaces/include/kobuki_ros_interfaces/msg/detail/sensor_state__builder.hpp
[28.452s] -- Symlinking: /home/igor/tb2_ros2_nav2/ros2_ws/install/kobuki_ros_interfaces/include/kobuki_ros_interfaces/msg/detail/sensor_state__struct.hpp
[28.458s] -- Symlinking: /home/igor/tb2_ros2_nav2/ros2_ws/install/kobuki_ros_interfaces/include/kobuki_ros_interfaces/msg/detail/sensor_state__traits.hpp
[28.465s] -- Symlinking: /home/igor/tb2_ros2_nav2/ros2_ws/install/kobuki_ros_interfaces/include/kobuki_ros_interfaces/msg/detail/sound__builder.hpp
[28.471s] -- Symlinking: /home/igor/tb2_ros2_nav2/ros2_ws/install/kobuki_ros_interfaces/include/kobuki_ros_interfaces/msg/detail/sound__struct.hpp
[28.477s] -- Symlinking: /home/igor/tb2_ros2_nav2/ros2_ws/install/kobuki_ros_interfaces/include/kobuki_ros_interfaces/msg/detail/sound__traits.hpp
[28.483s] -- Symlinking: /home/igor/tb2_ros2_nav2/ros2_ws/install/kobuki_ros_interfaces/include/kobuki_ros_interfaces/msg/detail/version_info__builder.hpp
[28.488s] -- Symlinking: /home/igor/tb2_ros2_nav2/ros2_ws/install/kobuki_ros_interfaces/include/kobuki_ros_interfaces/msg/detail/version_info__struct.hpp
[28.495s] -- Symlinking: /home/igor/tb2_ros2_nav2/ros2_ws/install/kobuki_ros_interfaces/include/kobuki_ros_interfaces/msg/detail/version_info__traits.hpp
[28.500s] -- Symlinking: /home/igor/tb2_ros2_nav2/ros2_ws/install/kobuki_ros_interfaces/include/kobuki_ros_interfaces/msg/detail/wheel_drop_event__builder.hpp
[28.506s] -- Symlinking: /home/igor/tb2_ros2_nav2/ros2_ws/install/kobuki_ros_interfaces/include/kobuki_ros_interfaces/msg/detail/wheel_drop_event__struct.hpp
[28.514s] -- Symlinking: /home/igor/tb2_ros2_nav2/ros2_ws/install/kobuki_ros_interfaces/include/kobuki_ros_interfaces/msg/detail/wheel_drop_event__traits.hpp
[28.522s] -- Symlinking: /home/igor/tb2_ros2_nav2/ros2_ws/install/kobuki_ros_interfaces/include/kobuki_ros_interfaces/msg/digital_input_event.hpp
[28.535s] -- Symlinking: /home/igor/tb2_ros2_nav2/ros2_ws/install/kobuki_ros_interfaces/include/kobuki_ros_interfaces/msg/digital_output.hpp
[28.546s] -- Symlinking: /home/igor/tb2_ros2_nav2/ros2_ws/install/kobuki_ros_interfaces/include/kobuki_ros_interfaces/msg/dock_infra_red.hpp
[28.559s] -- Symlinking: /home/igor/tb2_ros2_nav2/ros2_ws/install/kobuki_ros_interfaces/include/kobuki_ros_interfaces/msg/external_power.hpp
[28.568s] -- Symlinking: /home/igor/tb2_ros2_nav2/ros2_ws/install/kobuki_ros_interfaces/include/kobuki_ros_interfaces/msg/keyboard_input.hpp
[28.579s] -- Symlinking: /home/igor/tb2_ros2_nav2/ros2_ws/install/kobuki_ros_interfaces/include/kobuki_ros_interfaces/msg/led.hpp
[28.585s] -- Symlinking: /home/igor/tb2_ros2_nav2/ros2_ws/install/kobuki_ros_interfaces/include/kobuki_ros_interfaces/msg/motor_power.hpp
[28.594s] -- Symlinking: /home/igor/tb2_ros2_nav2/ros2_ws/install/kobuki_ros_interfaces/include/kobuki_ros_interfaces/msg/power_system_event.hpp
[28.604s] -- Symlinking: /home/igor/tb2_ros2_nav2/ros2_ws/install/kobuki_ros_interfaces/include/kobuki_ros_interfaces/msg/robot_state_event.hpp
[28.612s] -- Symlinking: /home/igor/tb2_ros2_nav2/ros2_ws/install/kobuki_ros_interfaces/include/kobuki_ros_interfaces/msg/scan_angle.hpp
[28.619s] -- Symlinking: /home/igor/tb2_ros2_nav2/ros2_ws/install/kobuki_ros_interfaces/include/kobuki_ros_interfaces/msg/sensor_state.hpp
[28.629s] -- Symlinking: /home/igor/tb2_ros2_nav2/ros2_ws/install/kobuki_ros_interfaces/include/kobuki_ros_interfaces/msg/sound.hpp
[28.639s] -- Symlinking: /home/igor/tb2_ros2_nav2/ros2_ws/install/kobuki_ros_interfaces/include/kobuki_ros_interfaces/msg/version_info.hpp
[28.647s] -- Symlinking: /home/igor/tb2_ros2_nav2/ros2_ws/install/kobuki_ros_interfaces/include/kobuki_ros_interfaces/msg/wheel_drop_event.hpp
[28.654s] -- Symlinking: /home/igor/tb2_ros2_nav2/ros2_ws/install/kobuki_ros_interfaces/include/kobuki_ros_interfaces/action/detail/auto_docking__rosidl_typesupport_introspection_cpp.hpp
[28.662s] -- Symlinking: /home/igor/tb2_ros2_nav2/ros2_ws/install/kobuki_ros_interfaces/include/kobuki_ros_interfaces/msg/detail/bumper_event__rosidl_typesupport_introspection_cpp.hpp
[28.668s] -- Symlinking: /home/igor/tb2_ros2_nav2/ros2_ws/install/kobuki_ros_interfaces/include/kobuki_ros_interfaces/msg/detail/button_event__rosidl_typesupport_introspection_cpp.hpp
[28.674s] -- Symlinking: /home/igor/tb2_ros2_nav2/ros2_ws/install/kobuki_ros_interfaces/include/kobuki_ros_interfaces/msg/detail/cliff_event__rosidl_typesupport_introspection_cpp.hpp
[28.680s] -- Symlinking: /home/igor/tb2_ros2_nav2/ros2_ws/install/kobuki_ros_interfaces/include/kobuki_ros_interfaces/msg/detail/controller_info__rosidl_typesupport_introspection_cpp.hpp
[28.686s] -- Symlinking: /home/igor/tb2_ros2_nav2/ros2_ws/install/kobuki_ros_interfaces/include/kobuki_ros_interfaces/msg/detail/digital_input_event__rosidl_typesupport_introspection_cpp.hpp
[28.692s] -- Symlinking: /home/igor/tb2_ros2_nav2/ros2_ws/install/kobuki_ros_interfaces/include/kobuki_ros_interfaces/msg/detail/digital_output__rosidl_typesupport_introspection_cpp.hpp
[28.698s] -- Symlinking: /home/igor/tb2_ros2_nav2/ros2_ws/install/kobuki_ros_interfaces/include/kobuki_ros_interfaces/msg/detail/dock_infra_red__rosidl_typesupport_introspection_cpp.hpp
[28.704s] -- Symlinking: /home/igor/tb2_ros2_nav2/ros2_ws/install/kobuki_ros_interfaces/include/kobuki_ros_interfaces/msg/detail/external_power__rosidl_typesupport_introspection_cpp.hpp
[28.710s] -- Symlinking: /home/igor/tb2_ros2_nav2/ros2_ws/install/kobuki_ros_interfaces/include/kobuki_ros_interfaces/msg/detail/keyboard_input__rosidl_typesupport_introspection_cpp.hpp
[28.717s] -- Symlinking: /home/igor/tb2_ros2_nav2/ros2_ws/install/kobuki_ros_interfaces/include/kobuki_ros_interfaces/msg/detail/led__rosidl_typesupport_introspection_cpp.hpp
[28.724s] -- Symlinking: /home/igor/tb2_ros2_nav2/ros2_ws/install/kobuki_ros_interfaces/include/kobuki_ros_interfaces/msg/detail/motor_power__rosidl_typesupport_introspection_cpp.hpp
[28.730s] -- Symlinking: /home/igor/tb2_ros2_nav2/ros2_ws/install/kobuki_ros_interfaces/include/kobuki_ros_interfaces/msg/detail/power_system_event__rosidl_typesupport_introspection_cpp.hpp
[28.736s] -- Symlinking: /home/igor/tb2_ros2_nav2/ros2_ws/install/kobuki_ros_interfaces/include/kobuki_ros_interfaces/msg/detail/robot_state_event__rosidl_typesupport_introspection_cpp.hpp
[28.744s] -- Symlinking: /home/igor/tb2_ros2_nav2/ros2_ws/install/kobuki_ros_interfaces/include/kobuki_ros_interfaces/msg/detail/scan_angle__rosidl_typesupport_introspection_cpp.hpp
[28.751s] -- Symlinking: /home/igor/tb2_ros2_nav2/ros2_ws/install/kobuki_ros_interfaces/include/kobuki_ros_interfaces/msg/detail/sensor_state__rosidl_typesupport_introspection_cpp.hpp
[28.758s] -- Symlinking: /home/igor/tb2_ros2_nav2/ros2_ws/install/kobuki_ros_interfaces/include/kobuki_ros_interfaces/msg/detail/sound__rosidl_typesupport_introspection_cpp.hpp
[28.765s] -- Symlinking: /home/igor/tb2_ros2_nav2/ros2_ws/install/kobuki_ros_interfaces/include/kobuki_ros_interfaces/msg/detail/version_info__rosidl_typesupport_introspection_cpp.hpp
[28.772s] -- Symlinking: /home/igor/tb2_ros2_nav2/ros2_ws/install/kobuki_ros_interfaces/include/kobuki_ros_interfaces/msg/detail/wheel_drop_event__rosidl_typesupport_introspection_cpp.hpp
[28.783s] -- Symlinking: /home/igor/tb2_ros2_nav2/ros2_ws/install/kobuki_ros_interfaces/share/kobuki_ros_interfaces/environment/pythonpath.sh
[28.790s] -- Symlinking: /home/igor/tb2_ros2_nav2/ros2_ws/install/kobuki_ros_interfaces/share/kobuki_ros_interfaces/environment/pythonpath.dsv
[28.797s] -- Symlinking: /home/igor/tb2_ros2_nav2/ros2_ws/install/kobuki_ros_interfaces/lib/python3.8/site-packages/kobuki_ros_interfaces/__init__.py
[28.804s] -- Symlinking: /home/igor/tb2_ros2_nav2/ros2_ws/install/kobuki_ros_interfaces/lib/python3.8/site-packages/kobuki_ros_interfaces/msg/__init__.py
[28.814s] -- Symlinking: /home/igor/tb2_ros2_nav2/ros2_ws/install/kobuki_ros_interfaces/lib/python3.8/site-packages/kobuki_ros_interfaces/msg/_bumper_event.py
[28.820s] -- Symlinking: /home/igor/tb2_ros2_nav2/ros2_ws/install/kobuki_ros_interfaces/lib/python3.8/site-packages/kobuki_ros_interfaces/msg/_button_event.py
[28.827s] -- Symlinking: /home/igor/tb2_ros2_nav2/ros2_ws/install/kobuki_ros_interfaces/lib/python3.8/site-packages/kobuki_ros_interfaces/msg/_cliff_event.py
[28.834s] -- Symlinking: /home/igor/tb2_ros2_nav2/ros2_ws/install/kobuki_ros_interfaces/lib/python3.8/site-packages/kobuki_ros_interfaces/msg/_controller_info.py
[28.840s] -- Symlinking: /home/igor/tb2_ros2_nav2/ros2_ws/install/kobuki_ros_interfaces/lib/python3.8/site-packages/kobuki_ros_interfaces/msg/_digital_input_event.py
[28.847s] -- Symlinking: /home/igor/tb2_ros2_nav2/ros2_ws/install/kobuki_ros_interfaces/lib/python3.8/site-packages/kobuki_ros_interfaces/msg/_digital_output.py
[28.854s] -- Symlinking: /home/igor/tb2_ros2_nav2/ros2_ws/install/kobuki_ros_interfaces/lib/python3.8/site-packages/kobuki_ros_interfaces/msg/_dock_infra_red.py
[28.861s] -- Symlinking: /home/igor/tb2_ros2_nav2/ros2_ws/install/kobuki_ros_interfaces/lib/python3.8/site-packages/kobuki_ros_interfaces/msg/_external_power.py
[28.868s] -- Symlinking: /home/igor/tb2_ros2_nav2/ros2_ws/install/kobuki_ros_interfaces/lib/python3.8/site-packages/kobuki_ros_interfaces/msg/_keyboard_input.py
[28.874s] -- Symlinking: /home/igor/tb2_ros2_nav2/ros2_ws/install/kobuki_ros_interfaces/lib/python3.8/site-packages/kobuki_ros_interfaces/msg/_led.py
[28.881s] -- Symlinking: /home/igor/tb2_ros2_nav2/ros2_ws/install/kobuki_ros_interfaces/lib/python3.8/site-packages/kobuki_ros_interfaces/msg/_motor_power.py
[28.887s] -- Symlinking: /home/igor/tb2_ros2_nav2/ros2_ws/install/kobuki_ros_interfaces/lib/python3.8/site-packages/kobuki_ros_interfaces/msg/_power_system_event.py
[28.893s] -- Symlinking: /home/igor/tb2_ros2_nav2/ros2_ws/install/kobuki_ros_interfaces/lib/python3.8/site-packages/kobuki_ros_interfaces/msg/_robot_state_event.py
[28.899s] -- Symlinking: /home/igor/tb2_ros2_nav2/ros2_ws/install/kobuki_ros_interfaces/lib/python3.8/site-packages/kobuki_ros_interfaces/msg/_scan_angle.py
[28.905s] -- Symlinking: /home/igor/tb2_ros2_nav2/ros2_ws/install/kobuki_ros_interfaces/lib/python3.8/site-packages/kobuki_ros_interfaces/msg/_sensor_state.py
[28.911s] -- Symlinking: /home/igor/tb2_ros2_nav2/ros2_ws/install/kobuki_ros_interfaces/lib/python3.8/site-packages/kobuki_ros_interfaces/msg/_sound.py
[28.918s] -- Symlinking: /home/igor/tb2_ros2_nav2/ros2_ws/install/kobuki_ros_interfaces/lib/python3.8/site-packages/kobuki_ros_interfaces/msg/_version_info.py
[28.924s] -- Symlinking: /home/igor/tb2_ros2_nav2/ros2_ws/install/kobuki_ros_interfaces/lib/python3.8/site-packages/kobuki_ros_interfaces/msg/_wheel_drop_event.py
[28.930s] -- Symlinking: /home/igor/tb2_ros2_nav2/ros2_ws/install/kobuki_ros_interfaces/lib/python3.8/site-packages/kobuki_ros_interfaces/action/__init__.py
[28.937s] -- Symlinking: /home/igor/tb2_ros2_nav2/ros2_ws/install/kobuki_ros_interfaces/lib/python3.8/site-packages/kobuki_ros_interfaces/action/_auto_docking.py
[28.944s] -- Symlinking: /home/igor/tb2_ros2_nav2/ros2_ws/install/kobuki_ros_interfaces/lib/python3.8/site-packages/kobuki_ros_interfaces/kobuki_ros_interfaces_s__rosidl_typesupport_fastrtps_c.cpython-38-x86_64-linux-gnu.so
[28.951s] -- Symlinking: /home/igor/tb2_ros2_nav2/ros2_ws/install/kobuki_ros_interfaces/lib/python3.8/site-packages/kobuki_ros_interfaces/kobuki_ros_interfaces_s__rosidl_typesupport_introspection_c.cpython-38-x86_64-linux-gnu.so
[28.958s] -- Symlinking: /home/igor/tb2_ros2_nav2/ros2_ws/install/kobuki_ros_interfaces/lib/python3.8/site-packages/kobuki_ros_interfaces/kobuki_ros_interfaces_s__rosidl_typesupport_c.cpython-38-x86_64-linux-gnu.so
[28.966s] -- Symlinking: /home/igor/tb2_ros2_nav2/ros2_ws/install/kobuki_ros_interfaces/lib/libkobuki_ros_interfaces__python.so
[28.971s] -- Symlinking: /home/igor/tb2_ros2_nav2/ros2_ws/install/kobuki_ros_interfaces/share/kobuki_ros_interfaces/msg/BumperEvent.idl
[28.978s] -- Symlinking: /home/igor/tb2_ros2_nav2/ros2_ws/install/kobuki_ros_interfaces/share/kobuki_ros_interfaces/msg/CliffEvent.idl
[28.984s] -- Symlinking: /home/igor/tb2_ros2_nav2/ros2_ws/install/kobuki_ros_interfaces/share/kobuki_ros_interfaces/msg/DigitalOutput.idl
[28.990s] -- Symlinking: /home/igor/tb2_ros2_nav2/ros2_ws/install/kobuki_ros_interfaces/share/kobuki_ros_interfaces/msg/ExternalPower.idl
[28.997s] -- Symlinking: /home/igor/tb2_ros2_nav2/ros2_ws/install/kobuki_ros_interfaces/share/kobuki_ros_interfaces/msg/Led.idl
[29.003s] -- Symlinking: /home/igor/tb2_ros2_nav2/ros2_ws/install/kobuki_ros_interfaces/share/kobuki_ros_interfaces/msg/PowerSystemEvent.idl
[29.009s] -- Symlinking: /home/igor/tb2_ros2_nav2/ros2_ws/install/kobuki_ros_interfaces/share/kobuki_ros_interfaces/msg/SensorState.idl
[29.015s] -- Symlinking: /home/igor/tb2_ros2_nav2/ros2_ws/install/kobuki_ros_interfaces/share/kobuki_ros_interfaces/msg/VersionInfo.idl
[29.021s] -- Symlinking: /home/igor/tb2_ros2_nav2/ros2_ws/install/kobuki_ros_interfaces/share/kobuki_ros_interfaces/msg/ControllerInfo.idl
[29.028s] -- Symlinking: /home/igor/tb2_ros2_nav2/ros2_ws/install/kobuki_ros_interfaces/share/kobuki_ros_interfaces/msg/ButtonEvent.idl
[29.034s] -- Symlinking: /home/igor/tb2_ros2_nav2/ros2_ws/install/kobuki_ros_interfaces/share/kobuki_ros_interfaces/msg/DigitalInputEvent.idl
[29.041s] -- Symlinking: /home/igor/tb2_ros2_nav2/ros2_ws/install/kobuki_ros_interfaces/share/kobuki_ros_interfaces/msg/DockInfraRed.idl
[29.049s] -- Symlinking: /home/igor/tb2_ros2_nav2/ros2_ws/install/kobuki_ros_interfaces/share/kobuki_ros_interfaces/msg/KeyboardInput.idl
[29.055s] -- Symlinking: /home/igor/tb2_ros2_nav2/ros2_ws/install/kobuki_ros_interfaces/share/kobuki_ros_interfaces/msg/MotorPower.idl
[29.062s] -- Symlinking: /home/igor/tb2_ros2_nav2/ros2_ws/install/kobuki_ros_interfaces/share/kobuki_ros_interfaces/msg/RobotStateEvent.idl
[29.068s] -- Symlinking: /home/igor/tb2_ros2_nav2/ros2_ws/install/kobuki_ros_interfaces/share/kobuki_ros_interfaces/msg/Sound.idl
[29.074s] -- Symlinking: /home/igor/tb2_ros2_nav2/ros2_ws/install/kobuki_ros_interfaces/share/kobuki_ros_interfaces/msg/ScanAngle.idl
[29.080s] -- Symlinking: /home/igor/tb2_ros2_nav2/ros2_ws/install/kobuki_ros_interfaces/share/kobuki_ros_interfaces/msg/WheelDropEvent.idl
[29.086s] -- Symlinking: /home/igor/tb2_ros2_nav2/ros2_ws/install/kobuki_ros_interfaces/share/kobuki_ros_interfaces/action/AutoDocking.idl
[29.092s] -- Symlinking: /home/igor/tb2_ros2_nav2/ros2_ws/install/kobuki_ros_interfaces/share/kobuki_ros_interfaces/msg/BumperEvent.msg
[29.098s] -- Symlinking: /home/igor/tb2_ros2_nav2/ros2_ws/install/kobuki_ros_interfaces/share/kobuki_ros_interfaces/msg/CliffEvent.msg
[29.103s] -- Symlinking: /home/igor/tb2_ros2_nav2/ros2_ws/install/kobuki_ros_interfaces/share/kobuki_ros_interfaces/msg/DigitalOutput.msg
[29.109s] -- Symlinking: /home/igor/tb2_ros2_nav2/ros2_ws/install/kobuki_ros_interfaces/share/kobuki_ros_interfaces/msg/ExternalPower.msg
[29.115s] -- Symlinking: /home/igor/tb2_ros2_nav2/ros2_ws/install/kobuki_ros_interfaces/share/kobuki_ros_interfaces/msg/Led.msg
[29.121s] -- Symlinking: /home/igor/tb2_ros2_nav2/ros2_ws/install/kobuki_ros_interfaces/share/kobuki_ros_interfaces/msg/PowerSystemEvent.msg
[29.127s] -- Symlinking: /home/igor/tb2_ros2_nav2/ros2_ws/install/kobuki_ros_interfaces/share/kobuki_ros_interfaces/msg/SensorState.msg
[29.133s] -- Symlinking: /home/igor/tb2_ros2_nav2/ros2_ws/install/kobuki_ros_interfaces/share/kobuki_ros_interfaces/msg/VersionInfo.msg
[29.138s] -- Symlinking: /home/igor/tb2_ros2_nav2/ros2_ws/install/kobuki_ros_interfaces/share/kobuki_ros_interfaces/msg/ControllerInfo.msg
[29.144s] -- Symlinking: /home/igor/tb2_ros2_nav2/ros2_ws/install/kobuki_ros_interfaces/share/kobuki_ros_interfaces/msg/ButtonEvent.msg
[29.150s] -- Symlinking: /home/igor/tb2_ros2_nav2/ros2_ws/install/kobuki_ros_interfaces/share/kobuki_ros_interfaces/msg/DigitalInputEvent.msg
[29.156s] -- Symlinking: /home/igor/tb2_ros2_nav2/ros2_ws/install/kobuki_ros_interfaces/share/kobuki_ros_interfaces/msg/DockInfraRed.msg
[29.164s] -- Symlinking: /home/igor/tb2_ros2_nav2/ros2_ws/install/kobuki_ros_interfaces/share/kobuki_ros_interfaces/msg/KeyboardInput.msg
[29.170s] -- Symlinking: /home/igor/tb2_ros2_nav2/ros2_ws/install/kobuki_ros_interfaces/share/kobuki_ros_interfaces/msg/MotorPower.msg
[29.176s] -- Symlinking: /home/igor/tb2_ros2_nav2/ros2_ws/install/kobuki_ros_interfaces/share/kobuki_ros_interfaces/msg/RobotStateEvent.msg
[29.183s] -- Symlinking: /home/igor/tb2_ros2_nav2/ros2_ws/install/kobuki_ros_interfaces/share/kobuki_ros_interfaces/msg/Sound.msg
[29.189s] -- Symlinking: /home/igor/tb2_ros2_nav2/ros2_ws/install/kobuki_ros_interfaces/share/kobuki_ros_interfaces/msg/ScanAngle.msg
[29.195s] -- Symlinking: /home/igor/tb2_ros2_nav2/ros2_ws/install/kobuki_ros_interfaces/share/kobuki_ros_interfaces/msg/WheelDropEvent.msg
[29.201s] -- Symlinking: /home/igor/tb2_ros2_nav2/ros2_ws/install/kobuki_ros_interfaces/share/kobuki_ros_interfaces/action/AutoDocking.action
[29.207s] -- Symlinking: /home/igor/tb2_ros2_nav2/ros2_ws/install/kobuki_ros_interfaces/share/ament_index/resource_index/package_run_dependencies/kobuki_ros_interfaces
[29.214s] -- Symlinking: /home/igor/tb2_ros2_nav2/ros2_ws/install/kobuki_ros_interfaces/share/ament_index/resource_index/parent_prefix_path/kobuki_ros_interfaces
[29.220s] -- Symlinking: /home/igor/tb2_ros2_nav2/ros2_ws/install/kobuki_ros_interfaces/share/kobuki_ros_interfaces/environment/ament_prefix_path.sh
[29.226s] -- Symlinking: /home/igor/tb2_ros2_nav2/ros2_ws/install/kobuki_ros_interfaces/share/kobuki_ros_interfaces/environment/ament_prefix_path.dsv
[29.232s] -- Symlinking: /home/igor/tb2_ros2_nav2/ros2_ws/install/kobuki_ros_interfaces/share/kobuki_ros_interfaces/environment/path.sh
[29.238s] -- Symlinking: /home/igor/tb2_ros2_nav2/ros2_ws/install/kobuki_ros_interfaces/share/kobuki_ros_interfaces/environment/path.dsv
[29.245s] -- Symlinking: /home/igor/tb2_ros2_nav2/ros2_ws/install/kobuki_ros_interfaces/share/kobuki_ros_interfaces/local_setup.bash
[29.251s] -- Symlinking: /home/igor/tb2_ros2_nav2/ros2_ws/install/kobuki_ros_interfaces/share/kobuki_ros_interfaces/local_setup.sh
[29.258s] -- Symlinking: /home/igor/tb2_ros2_nav2/ros2_ws/install/kobuki_ros_interfaces/share/kobuki_ros_interfaces/local_setup.zsh
[29.264s] -- Symlinking: /home/igor/tb2_ros2_nav2/ros2_ws/install/kobuki_ros_interfaces/share/kobuki_ros_interfaces/local_setup.dsv
[29.270s] -- Symlinking: /home/igor/tb2_ros2_nav2/ros2_ws/install/kobuki_ros_interfaces/share/kobuki_ros_interfaces/package.dsv
[29.276s] -- Symlinking: /home/igor/tb2_ros2_nav2/ros2_ws/install/kobuki_ros_interfaces/share/ament_index/resource_index/packages/kobuki_ros_interfaces
[29.283s] -- Symlinking: /home/igor/tb2_ros2_nav2/ros2_ws/install/kobuki_ros_interfaces/share/kobuki_ros_interfaces/cmake/rosidl_cmake-extras.cmake
[29.289s] -- Symlinking: /home/igor/tb2_ros2_nav2/ros2_ws/install/kobuki_ros_interfaces/share/kobuki_ros_interfaces/cmake/ament_cmake_export_dependencies-extras.cmake
[29.295s] -- Symlinking: /home/igor/tb2_ros2_nav2/ros2_ws/install/kobuki_ros_interfaces/share/kobuki_ros_interfaces/cmake/ament_cmake_export_libraries-extras.cmake
[29.302s] -- Symlinking: /home/igor/tb2_ros2_nav2/ros2_ws/install/kobuki_ros_interfaces/share/kobuki_ros_interfaces/cmake/ament_cmake_export_targets-extras.cmake
[29.308s] -- Symlinking: /home/igor/tb2_ros2_nav2/ros2_ws/install/kobuki_ros_interfaces/share/kobuki_ros_interfaces/cmake/ament_cmake_export_include_directories-extras.cmake
[29.314s] -- Symlinking: /home/igor/tb2_ros2_nav2/ros2_ws/install/kobuki_ros_interfaces/share/kobuki_ros_interfaces/cmake/rosidl_cmake_export_typesupport_libraries-extras.cmake
[29.321s] -- Symlinking: /home/igor/tb2_ros2_nav2/ros2_ws/install/kobuki_ros_interfaces/share/kobuki_ros_interfaces/cmake/rosidl_cmake_export_typesupport_targets-extras.cmake
[29.327s] -- Symlinking: /home/igor/tb2_ros2_nav2/ros2_ws/install/kobuki_ros_interfaces/share/kobuki_ros_interfaces/cmake/kobuki_ros_interfacesConfig.cmake
[29.333s] -- Symlinking: /home/igor/tb2_ros2_nav2/ros2_ws/install/kobuki_ros_interfaces/share/kobuki_ros_interfaces/cmake/kobuki_ros_interfacesConfig-version.cmake
[29.339s] -- Symlinking: /home/igor/tb2_ros2_nav2/ros2_ws/install/kobuki_ros_interfaces/share/kobuki_ros_interfaces/package.xml
[29.345s] -- Installing: /home/igor/tb2_ros2_nav2/ros2_ws/install/kobuki_ros_interfaces/lib/libkobuki_ros_interfaces__rosidl_generator_c.so
[29.346s] -- Set runtime path of "/home/igor/tb2_ros2_nav2/ros2_ws/install/kobuki_ros_interfaces/lib/libkobuki_ros_interfaces__rosidl_generator_c.so" to ""
[29.346s] -- Installing: /home/igor/tb2_ros2_nav2/ros2_ws/install/kobuki_ros_interfaces/lib/libkobuki_ros_interfaces__rosidl_typesupport_introspection_c.so
[29.346s] -- Set runtime path of "/home/igor/tb2_ros2_nav2/ros2_ws/install/kobuki_ros_interfaces/lib/libkobuki_ros_interfaces__rosidl_typesupport_introspection_c.so" to ""
[29.346s] -- Installing: /home/igor/tb2_ros2_nav2/ros2_ws/install/kobuki_ros_interfaces/lib/libkobuki_ros_interfaces__rosidl_typesupport_c.so
[29.346s] -- Set runtime path of "/home/igor/tb2_ros2_nav2/ros2_ws/install/kobuki_ros_interfaces/lib/libkobuki_ros_interfaces__rosidl_typesupport_c.so" to ""
[29.347s] -- Installing: /home/igor/tb2_ros2_nav2/ros2_ws/install/kobuki_ros_interfaces/lib/libkobuki_ros_interfaces__rosidl_typesupport_introspection_cpp.so
[29.347s] -- Set runtime path of "/home/igor/tb2_ros2_nav2/ros2_ws/install/kobuki_ros_interfaces/lib/libkobuki_ros_interfaces__rosidl_typesupport_introspection_cpp.so" to ""
[29.347s] -- Installing: /home/igor/tb2_ros2_nav2/ros2_ws/install/kobuki_ros_interfaces/lib/libkobuki_ros_interfaces__rosidl_typesupport_cpp.so
[29.347s] -- Set runtime path of "/home/igor/tb2_ros2_nav2/ros2_ws/install/kobuki_ros_interfaces/lib/libkobuki_ros_interfaces__rosidl_typesupport_cpp.so" to ""
[29.369s] Compiling '/home/igor/tb2_ros2_nav2/ros2_ws/install/kobuki_ros_interfaces/lib/python3.8/site-packages/kobuki_ros_interfaces/__init__.py'...
[29.372s] -- Installing: /home/igor/tb2_ros2_nav2/ros2_ws/install/kobuki_ros_interfaces/share/kobuki_ros_interfaces/cmake/kobuki_ros_interfaces__rosidl_generator_cExport.cmake
[29.372s] -- Installing: /home/igor/tb2_ros2_nav2/ros2_ws/install/kobuki_ros_interfaces/share/kobuki_ros_interfaces/cmake/kobuki_ros_interfaces__rosidl_generator_cExport-noconfig.cmake
[29.372s] -- Installing: /home/igor/tb2_ros2_nav2/ros2_ws/install/kobuki_ros_interfaces/share/kobuki_ros_interfaces/cmake/kobuki_ros_interfaces__rosidl_typesupport_introspection_cExport.cmake
[29.373s] -- Installing: /home/igor/tb2_ros2_nav2/ros2_ws/install/kobuki_ros_interfaces/share/kobuki_ros_interfaces/cmake/kobuki_ros_interfaces__rosidl_typesupport_introspection_cExport-noconfig.cmake
[29.373s] -- Installing: /home/igor/tb2_ros2_nav2/ros2_ws/install/kobuki_ros_interfaces/share/kobuki_ros_interfaces/cmake/kobuki_ros_interfaces__rosidl_typesupport_cExport.cmake
[29.373s] -- Installing: /home/igor/tb2_ros2_nav2/ros2_ws/install/kobuki_ros_interfaces/share/kobuki_ros_interfaces/cmake/kobuki_ros_interfaces__rosidl_typesupport_cExport-noconfig.cmake
[29.373s] -- Installing: /home/igor/tb2_ros2_nav2/ros2_ws/install/kobuki_ros_interfaces/share/kobuki_ros_interfaces/cmake/kobuki_ros_interfaces__rosidl_generator_cppExport.cmake
[29.373s] -- Installing: /home/igor/tb2_ros2_nav2/ros2_ws/install/kobuki_ros_interfaces/share/kobuki_ros_interfaces/cmake/kobuki_ros_interfaces__rosidl_typesupport_introspection_cppExport.cmake
[29.373s] -- Installing: /home/igor/tb2_ros2_nav2/ros2_ws/install/kobuki_ros_interfaces/share/kobuki_ros_interfaces/cmake/kobuki_ros_interfaces__rosidl_typesupport_introspection_cppExport-noconfig.cmake
[29.374s] -- Installing: /home/igor/tb2_ros2_nav2/ros2_ws/install/kobuki_ros_interfaces/share/kobuki_ros_interfaces/cmake/kobuki_ros_interfaces__rosidl_typesupport_cppExport.cmake
[29.374s] -- Installing: /home/igor/tb2_ros2_nav2/ros2_ws/install/kobuki_ros_interfaces/share/kobuki_ros_interfaces/cmake/kobuki_ros_interfaces__rosidl_typesupport_cppExport-noconfig.cmake
[29.378s] Invoked command in '/home/igor/tb2_ros2_nav2/ros2_ws/build/kobuki_ros_interfaces' returned '0': CMAKE_PREFIX_PATH=${CMAKE_PREFIX_PATH}:/opt/ros/galactic /usr/bin/cmake --install /home/igor/tb2_ros2_nav2/ros2_ws/build/kobuki_ros_interfaces
