[0.029s] Invoking command in '/home/igor/tb2_ros2_nav2/ros2_ws/build/kobuki_description': CMAKE_PREFIX_PATH=${CMAKE_PREFIX_PATH}:/opt/ros/galactic /usr/bin/cmake /home/igor/tb2_ros2_nav2/ros2_ws/src/kobuki_ros/kobuki_description -DAMENT_CMAKE_SYMLINK_INSTALL=1 -DCMAKE_INSTALL_PREFIX=/home/igor/tb2_ros2_nav2/ros2_ws/install/kobuki_description
[0.144s] -- The C compiler identification is GNU 9.4.0
[0.330s] -- The CXX compiler identification is GNU 9.4.0
[0.393s] -- Check for working C compiler: /usr/bin/cc
[0.517s] -- Check for working C compiler: /usr/bin/cc -- works
[0.518s] -- Detecting C compiler ABI info
[0.634s] -- Detecting C compiler ABI info - done
[0.643s] -- Detecting C compile features
[0.643s] -- Detecting C compile features - done
[0.645s] -- Check for working CXX compiler: /usr/bin/c++
[0.796s] -- Check for working CXX compiler: /usr/bin/c++ -- works
[0.797s] -- Detecting CXX compiler ABI info
[0.914s] -- Detecting CXX compiler ABI info - done
[0.923s] -- Detecting CXX compile features
[0.923s] -- Detecting CXX compile features - done
[0.925s] -- Found ament_cmake: 1.1.5 (/opt/ros/galactic/share/ament_cmake/cmake)
[0.942s] -- Found PythonInterp: /usr/bin/python3 (found suitable version "3.8.10", minimum required is "3") 
[0.943s] -- Using PYTHON_EXECUTABLE: /usr/bin/python3
[0.985s] -- Override CMake install command with custom implementation using symlinks instead of copying resources
[1.004s] -- Found ament_lint_auto: 0.10.7 (/opt/ros/galactic/share/ament_lint_auto/cmake)
[1.074s] -- Added test 'copyright' to check source files copyright and LICENSE
[1.076s] -- Added test 'flake8' to check Python code syntax and style conventions
[1.077s] -- Added test 'lint_cmake' to check CMake code style
[1.078s] -- Added test 'pep257' to check Python code against some of the style conventions in PEP 257
[1.080s] -- Added test 'xmllint' to check XML markup files
[1.083s] -- Configuring done
[1.086s] -- Generating done
[1.087s] -- Build files have been written to: /home/igor/tb2_ros2_nav2/ros2_ws/build/kobuki_description
[1.093s] Invoked command in '/home/igor/tb2_ros2_nav2/ros2_ws/build/kobuki_description' returned '0': CMAKE_PREFIX_PATH=${CMAKE_PREFIX_PATH}:/opt/ros/galactic /usr/bin/cmake /home/igor/tb2_ros2_nav2/ros2_ws/src/kobuki_ros/kobuki_description -DAMENT_CMAKE_SYMLINK_INSTALL=1 -DCMAKE_INSTALL_PREFIX=/home/igor/tb2_ros2_nav2/ros2_ws/install/kobuki_description
[1.098s] Invoking command in '/home/igor/tb2_ros2_nav2/ros2_ws/build/kobuki_description': CMAKE_PREFIX_PATH=${CMAKE_PREFIX_PATH}:/opt/ros/galactic /usr/bin/cmake --build /home/igor/tb2_ros2_nav2/ros2_ws/build/kobuki_description -- -j16 -l16
[1.132s] Invoked command in '/home/igor/tb2_ros2_nav2/ros2_ws/build/kobuki_description' returned '0': CMAKE_PREFIX_PATH=${CMAKE_PREFIX_PATH}:/opt/ros/galactic /usr/bin/cmake --build /home/igor/tb2_ros2_nav2/ros2_ws/build/kobuki_description -- -j16 -l16
[1.163s] Invoking command in '/home/igor/tb2_ros2_nav2/ros2_ws/build/kobuki_description': CMAKE_PREFIX_PATH=${CMAKE_PREFIX_PATH}:/opt/ros/galactic /usr/bin/cmake --install /home/igor/tb2_ros2_nav2/ros2_ws/build/kobuki_description
[1.169s] -- Install configuration: ""
[1.169s] -- Execute custom install script
[1.170s] -- Symlinking: /home/igor/tb2_ros2_nav2/ros2_ws/install/kobuki_description/share/kobuki_description/launch/robot_description.launch.py
[1.179s] -- Symlinking: /home/igor/tb2_ros2_nav2/ros2_ws/install/kobuki_description/share/kobuki_description/meshes/images/main_body.jpg
[1.189s] -- Symlinking: /home/igor/tb2_ros2_nav2/ros2_ws/install/kobuki_description/share/kobuki_description/meshes/images/wheel.jpg
[1.205s] -- Symlinking: /home/igor/tb2_ros2_nav2/ros2_ws/install/kobuki_description/share/kobuki_description/meshes/main_body.dae
[1.214s] -- Symlinking: /home/igor/tb2_ros2_nav2/ros2_ws/install/kobuki_description/share/kobuki_description/meshes/wheel.dae
[1.224s] -- Symlinking: /home/igor/tb2_ros2_nav2/ros2_ws/install/kobuki_description/share/kobuki_description/rviz/model.rviz
[1.232s] -- Symlinking: /home/igor/tb2_ros2_nav2/ros2_ws/install/kobuki_description/share/kobuki_description/urdf/common_properties.urdf.xacro
[1.240s] -- Symlinking: /home/igor/tb2_ros2_nav2/ros2_ws/install/kobuki_description/share/kobuki_description/urdf/kobuki.urdf.xacro
[1.248s] -- Symlinking: /home/igor/tb2_ros2_nav2/ros2_ws/install/kobuki_description/share/kobuki_description/urdf/kobuki_gazebo.urdf.xacro
[1.257s] -- Symlinking: /home/igor/tb2_ros2_nav2/ros2_ws/install/kobuki_description/share/kobuki_description/urdf/kobuki_standalone.urdf.xacro
[1.265s] -- Symlinking: /home/igor/tb2_ros2_nav2/ros2_ws/install/kobuki_description/share/ament_index/resource_index/package_run_dependencies/kobuki_description
[1.273s] -- Symlinking: /home/igor/tb2_ros2_nav2/ros2_ws/install/kobuki_description/share/ament_index/resource_index/parent_prefix_path/kobuki_description
[1.281s] -- Symlinking: /home/igor/tb2_ros2_nav2/ros2_ws/install/kobuki_description/share/kobuki_description/environment/ament_prefix_path.sh
[1.288s] -- Symlinking: /home/igor/tb2_ros2_nav2/ros2_ws/install/kobuki_description/share/kobuki_description/environment/ament_prefix_path.dsv
[1.296s] -- Symlinking: /home/igor/tb2_ros2_nav2/ros2_ws/install/kobuki_description/share/kobuki_description/environment/path.sh
[1.304s] -- Symlinking: /home/igor/tb2_ros2_nav2/ros2_ws/install/kobuki_description/share/kobuki_description/environment/path.dsv
[1.313s] -- Symlinking: /home/igor/tb2_ros2_nav2/ros2_ws/install/kobuki_description/share/kobuki_description/local_setup.bash
[1.331s] -- Symlinking: /home/igor/tb2_ros2_nav2/ros2_ws/install/kobuki_description/share/kobuki_description/local_setup.sh
[1.338s] -- Symlinking: /home/igor/tb2_ros2_nav2/ros2_ws/install/kobuki_description/share/kobuki_description/local_setup.zsh
[1.349s] -- Symlinking: /home/igor/tb2_ros2_nav2/ros2_ws/install/kobuki_description/share/kobuki_description/local_setup.dsv
[1.357s] -- Symlinking: /home/igor/tb2_ros2_nav2/ros2_ws/install/kobuki_description/share/kobuki_description/package.dsv
[1.364s] -- Symlinking: /home/igor/tb2_ros2_nav2/ros2_ws/install/kobuki_description/share/ament_index/resource_index/packages/kobuki_description
[1.373s] -- Symlinking: /home/igor/tb2_ros2_nav2/ros2_ws/install/kobuki_description/share/kobuki_description/cmake/kobuki_descriptionConfig.cmake
[1.383s] -- Symlinking: /home/igor/tb2_ros2_nav2/ros2_ws/install/kobuki_description/share/kobuki_description/cmake/kobuki_descriptionConfig-version.cmake
[1.391s] -- Symlinking: /home/igor/tb2_ros2_nav2/ros2_ws/install/kobuki_description/share/kobuki_description/package.xml
[1.402s] Invoked command in '/home/igor/tb2_ros2_nav2/ros2_ws/build/kobuki_description' returned '0': CMAKE_PREFIX_PATH=${CMAKE_PREFIX_PATH}:/opt/ros/galactic /usr/bin/cmake --install /home/igor/tb2_ros2_nav2/ros2_ws/build/kobuki_description
