[0.036s] Invoking command in '/home/igor/tb2_ros2_nav2/ros2_ws/build/kobuki_ros_interfaces': CMAKE_PREFIX_PATH=${CMAKE_PREFIX_PATH}:/opt/ros/galactic /usr/bin/cmake --build /home/igor/tb2_ros2_nav2/ros2_ws/build/kobuki_ros_interfaces -- -j16 -l16
[0.068s] [  1%] [34m[1mGenerating C code for ROS interfaces[0m
[0.069s] [35m[1mScanning dependencies of target kobuki_ros_interfaces__cpp[0m
[0.080s] [  1%] [34m[1mGenerating C++ code for ROS interfaces[0m
[2.546s] [  1%] Built target kobuki_ros_interfaces__cpp
[2.563s] [  1%] [34m[1mGenerating C++ introspection for ROS interfaces[0m
[2.564s] [  2%] [34m[1mGenerating C++ type support for eProsima Fast-RTPS[0m
[2.570s] [  3%] [34m[1mGenerating C++ type support dispatch for ROS interfaces[0m
[2.959s] [35m[1mScanning dependencies of target kobuki_ros_interfaces__rosidl_generator_c[0m
[2.989s] [  4%] [32mBuilding C object CMakeFiles/kobuki_ros_interfaces__rosidl_generator_c.dir/rosidl_generator_c/kobuki_ros_interfaces/msg/detail/cliff_event__functions.c.o[0m
[2.990s] [  4%] [32mBuilding C object CMakeFiles/kobuki_ros_interfaces__rosidl_generator_c.dir/rosidl_generator_c/kobuki_ros_interfaces/msg/detail/bumper_event__functions.c.o[0m
[2.996s] [  4%] [32mBuilding C object CMakeFiles/kobuki_ros_interfaces__rosidl_generator_c.dir/rosidl_generator_c/kobuki_ros_interfaces/msg/detail/version_info__functions.c.o[0m
[2.997s] [  4%] [32mBuilding C object CMakeFiles/kobuki_ros_interfaces__rosidl_generator_c.dir/rosidl_generator_c/kobuki_ros_interfaces/msg/detail/digital_output__functions.c.o[0m
[3.000s] [  5%] [32mBuilding C object CMakeFiles/kobuki_ros_interfaces__rosidl_generator_c.dir/rosidl_generator_c/kobuki_ros_interfaces/msg/detail/external_power__functions.c.o[0m
[3.006s] [  6%] [32mBuilding C object CMakeFiles/kobuki_ros_interfaces__rosidl_generator_c.dir/rosidl_generator_c/kobuki_ros_interfaces/msg/detail/sensor_state__functions.c.o[0m
[3.007s] [  6%] [32mBuilding C object CMakeFiles/kobuki_ros_interfaces__rosidl_generator_c.dir/rosidl_generator_c/kobuki_ros_interfaces/msg/detail/power_system_event__functions.c.o[0m
[3.008s] [  7%] [32mBuilding C object CMakeFiles/kobuki_ros_interfaces__rosidl_generator_c.dir/rosidl_generator_c/kobuki_ros_interfaces/msg/detail/controller_info__functions.c.o[0m
[3.019s] [  8%] [32mBuilding C object CMakeFiles/kobuki_ros_interfaces__rosidl_generator_c.dir/rosidl_generator_c/kobuki_ros_interfaces/msg/detail/led__functions.c.o[0m
[3.089s] [  9%] [32mBuilding C object CMakeFiles/kobuki_ros_interfaces__rosidl_generator_c.dir/rosidl_generator_c/kobuki_ros_interfaces/msg/detail/digital_input_event__functions.c.o[0m
[3.109s] [  9%] [32mBuilding C object CMakeFiles/kobuki_ros_interfaces__rosidl_generator_c.dir/rosidl_generator_c/kobuki_ros_interfaces/msg/detail/keyboard_input__functions.c.o[0m
[3.115s] [  9%] [32mBuilding C object CMakeFiles/kobuki_ros_interfaces__rosidl_generator_c.dir/rosidl_generator_c/kobuki_ros_interfaces/msg/detail/robot_state_event__functions.c.o[0m
[3.122s] [  9%] [32mBuilding C object CMakeFiles/kobuki_ros_interfaces__rosidl_generator_c.dir/rosidl_generator_c/kobuki_ros_interfaces/msg/detail/button_event__functions.c.o[0m
[3.135s] [  9%] [32mBuilding C object CMakeFiles/kobuki_ros_interfaces__rosidl_generator_c.dir/rosidl_generator_c/kobuki_ros_interfaces/msg/detail/scan_angle__functions.c.o[0m
[3.139s] [ 11%] [32mBuilding C object CMakeFiles/kobuki_ros_interfaces__rosidl_generator_c.dir/rosidl_generator_c/kobuki_ros_interfaces/msg/detail/motor_power__functions.c.o[0m
[3.139s] [ 12%] [32mBuilding C object CMakeFiles/kobuki_ros_interfaces__rosidl_generator_c.dir/rosidl_generator_c/kobuki_ros_interfaces/msg/detail/dock_infra_red__functions.c.o[0m
[3.140s] [ 11%] [32mBuilding C object CMakeFiles/kobuki_ros_interfaces__rosidl_generator_c.dir/rosidl_generator_c/kobuki_ros_interfaces/msg/detail/sound__functions.c.o[0m
[3.237s] [ 13%] [32mBuilding C object CMakeFiles/kobuki_ros_interfaces__rosidl_generator_c.dir/rosidl_generator_c/kobuki_ros_interfaces/msg/detail/wheel_drop_event__functions.c.o[0m
[3.239s] [ 14%] [32mBuilding C object CMakeFiles/kobuki_ros_interfaces__rosidl_generator_c.dir/rosidl_generator_c/kobuki_ros_interfaces/action/detail/auto_docking__functions.c.o[0m
[3.433s] [ 14%] [32m[1mLinking C shared library libkobuki_ros_interfaces__rosidl_generator_c.so[0m
[3.612s] [ 14%] Built target kobuki_ros_interfaces__rosidl_generator_c
[3.629s] [ 15%] [34m[1mGenerating C type support dispatch for ROS interfaces[0m
[3.632s] [ 16%] [34m[1mGenerating C introspection for ROS interfaces[0m
[4.770s] [35m[1mScanning dependencies of target kobuki_ros_interfaces__rosidl_typesupport_cpp[0m
[4.806s] [ 20%] [32mBuilding CXX object CMakeFiles/kobuki_ros_interfaces__rosidl_typesupport_cpp.dir/rosidl_typesupport_cpp/kobuki_ros_interfaces/msg/led__type_support.cpp.o[0m
[4.806s] [ 18%] [32mBuilding CXX object CMakeFiles/kobuki_ros_interfaces__rosidl_typesupport_cpp.dir/rosidl_typesupport_cpp/kobuki_ros_interfaces/msg/bumper_event__type_support.cpp.o[0m
[4.807s] [ 18%] [32mBuilding CXX object CMakeFiles/kobuki_ros_interfaces__rosidl_typesupport_cpp.dir/rosidl_typesupport_cpp/kobuki_ros_interfaces/msg/external_power__type_support.cpp.o[0m
[4.807s] [ 20%] [32mBuilding CXX object CMakeFiles/kobuki_ros_interfaces__rosidl_typesupport_cpp.dir/rosidl_typesupport_cpp/kobuki_ros_interfaces/msg/cliff_event__type_support.cpp.o[0m
[4.807s] [ 20%] [32mBuilding CXX object CMakeFiles/kobuki_ros_interfaces__rosidl_typesupport_cpp.dir/rosidl_typesupport_cpp/kobuki_ros_interfaces/msg/sensor_state__type_support.cpp.o[0m
[4.807s] [ 20%] [32mBuilding CXX object CMakeFiles/kobuki_ros_interfaces__rosidl_typesupport_cpp.dir/rosidl_typesupport_cpp/kobuki_ros_interfaces/msg/digital_output__type_support.cpp.o[0m
[4.808s] [ 18%] [32mBuilding CXX object CMakeFiles/kobuki_ros_interfaces__rosidl_typesupport_cpp.dir/rosidl_typesupport_cpp/kobuki_ros_interfaces/msg/power_system_event__type_support.cpp.o[0m
[4.814s] [ 20%] [32mBuilding CXX object CMakeFiles/kobuki_ros_interfaces__rosidl_typesupport_cpp.dir/rosidl_typesupport_cpp/kobuki_ros_interfaces/msg/version_info__type_support.cpp.o[0m
[4.816s] [ 21%] [32mBuilding CXX object CMakeFiles/kobuki_ros_interfaces__rosidl_typesupport_cpp.dir/rosidl_typesupport_cpp/kobuki_ros_interfaces/msg/controller_info__type_support.cpp.o[0m
[4.820s] [ 22%] [32mBuilding CXX object CMakeFiles/kobuki_ros_interfaces__rosidl_typesupport_cpp.dir/rosidl_typesupport_cpp/kobuki_ros_interfaces/msg/button_event__type_support.cpp.o[0m
[4.831s] [ 22%] [32mBuilding CXX object CMakeFiles/kobuki_ros_interfaces__rosidl_typesupport_cpp.dir/rosidl_typesupport_cpp/kobuki_ros_interfaces/msg/digital_input_event__type_support.cpp.o[0m
[4.859s] [ 23%] [32mBuilding CXX object CMakeFiles/kobuki_ros_interfaces__rosidl_typesupport_cpp.dir/rosidl_typesupport_cpp/kobuki_ros_interfaces/msg/dock_infra_red__type_support.cpp.o[0m
[5.297s] [ 23%] [32mBuilding CXX object CMakeFiles/kobuki_ros_interfaces__rosidl_typesupport_cpp.dir/rosidl_typesupport_cpp/kobuki_ros_interfaces/msg/keyboard_input__type_support.cpp.o[0m
[5.307s] [ 24%] [32mBuilding CXX object CMakeFiles/kobuki_ros_interfaces__rosidl_typesupport_cpp.dir/rosidl_typesupport_cpp/kobuki_ros_interfaces/msg/motor_power__type_support.cpp.o[0m
[5.327s] [ 24%] [32mBuilding CXX object CMakeFiles/kobuki_ros_interfaces__rosidl_typesupport_cpp.dir/rosidl_typesupport_cpp/kobuki_ros_interfaces/msg/robot_state_event__type_support.cpp.o[0m
[5.397s] [ 25%] [32mBuilding CXX object CMakeFiles/kobuki_ros_interfaces__rosidl_typesupport_cpp.dir/rosidl_typesupport_cpp/kobuki_ros_interfaces/msg/wheel_drop_event__type_support.cpp.o[0m
[5.397s] [ 25%] [32mBuilding CXX object CMakeFiles/kobuki_ros_interfaces__rosidl_typesupport_cpp.dir/rosidl_typesupport_cpp/kobuki_ros_interfaces/msg/scan_angle__type_support.cpp.o[0m
[5.403s] [ 26%] [32mBuilding CXX object CMakeFiles/kobuki_ros_interfaces__rosidl_typesupport_cpp.dir/rosidl_typesupport_cpp/kobuki_ros_interfaces/msg/sound__type_support.cpp.o[0m
[5.443s] [ 27%] [32mBuilding CXX object CMakeFiles/kobuki_ros_interfaces__rosidl_typesupport_cpp.dir/rosidl_typesupport_cpp/kobuki_ros_interfaces/action/auto_docking__type_support.cpp.o[0m
[5.588s] [35m[1mScanning dependencies of target kobuki_ros_interfaces__rosidl_typesupport_introspection_cpp[0m
[5.631s] [ 28%] [32mBuilding CXX object CMakeFiles/kobuki_ros_interfaces__rosidl_typesupport_introspection_cpp.dir/rosidl_typesupport_introspection_cpp/kobuki_ros_interfaces/msg/detail/bumper_event__type_support.cpp.o[0m
[5.636s] [ 28%] [32mBuilding CXX object CMakeFiles/kobuki_ros_interfaces__rosidl_typesupport_introspection_cpp.dir/rosidl_typesupport_introspection_cpp/kobuki_ros_interfaces/msg/detail/cliff_event__type_support.cpp.o[0m
[5.640s] [ 29%] [32mBuilding CXX object CMakeFiles/kobuki_ros_interfaces__rosidl_typesupport_introspection_cpp.dir/rosidl_typesupport_introspection_cpp/kobuki_ros_interfaces/msg/detail/digital_output__type_support.cpp.o[0m
[5.647s] [ 29%] [32mBuilding CXX object CMakeFiles/kobuki_ros_interfaces__rosidl_typesupport_introspection_cpp.dir/rosidl_typesupport_introspection_cpp/kobuki_ros_interfaces/msg/detail/external_power__type_support.cpp.o[0m
[5.659s] [ 30%] [32mBuilding CXX object CMakeFiles/kobuki_ros_interfaces__rosidl_typesupport_introspection_cpp.dir/rosidl_typesupport_introspection_cpp/kobuki_ros_interfaces/msg/detail/led__type_support.cpp.o[0m
[5.785s] [ 31%] [32mBuilding CXX object CMakeFiles/kobuki_ros_interfaces__rosidl_typesupport_introspection_cpp.dir/rosidl_typesupport_introspection_cpp/kobuki_ros_interfaces/msg/detail/power_system_event__type_support.cpp.o[0m
[5.791s] [ 31%] [32mBuilding CXX object CMakeFiles/kobuki_ros_interfaces__rosidl_typesupport_introspection_cpp.dir/rosidl_typesupport_introspection_cpp/kobuki_ros_interfaces/msg/detail/sensor_state__type_support.cpp.o[0m
[5.911s] [ 32%] [32mBuilding CXX object CMakeFiles/kobuki_ros_interfaces__rosidl_typesupport_introspection_cpp.dir/rosidl_typesupport_introspection_cpp/kobuki_ros_interfaces/msg/detail/version_info__type_support.cpp.o[0m
[5.920s] [ 32%] [32mBuilding CXX object CMakeFiles/kobuki_ros_interfaces__rosidl_typesupport_introspection_cpp.dir/rosidl_typesupport_introspection_cpp/kobuki_ros_interfaces/msg/detail/controller_info__type_support.cpp.o[0m
[5.934s] [ 33%] [32mBuilding CXX object CMakeFiles/kobuki_ros_interfaces__rosidl_typesupport_introspection_cpp.dir/rosidl_typesupport_introspection_cpp/kobuki_ros_interfaces/msg/detail/button_event__type_support.cpp.o[0m
[5.946s] [ 33%] [32mBuilding CXX object CMakeFiles/kobuki_ros_interfaces__rosidl_typesupport_introspection_cpp.dir/rosidl_typesupport_introspection_cpp/kobuki_ros_interfaces/msg/detail/digital_input_event__type_support.cpp.o[0m
[6.029s] [ 34%] [32mBuilding CXX object CMakeFiles/kobuki_ros_interfaces__rosidl_typesupport_introspection_cpp.dir/rosidl_typesupport_introspection_cpp/kobuki_ros_interfaces/msg/detail/dock_infra_red__type_support.cpp.o[0m
[6.113s] [35m[1mScanning dependencies of target kobuki_ros_interfaces__rosidl_typesupport_fastrtps_cpp[0m
[6.200s] [ 35%] [32mBuilding CXX object CMakeFiles/kobuki_ros_interfaces__rosidl_typesupport_introspection_cpp.dir/rosidl_typesupport_introspection_cpp/kobuki_ros_interfaces/msg/detail/keyboard_input__type_support.cpp.o[0m
[6.228s] [ 35%] [32mBuilding CXX object CMakeFiles/kobuki_ros_interfaces__rosidl_typesupport_introspection_cpp.dir/rosidl_typesupport_introspection_cpp/kobuki_ros_interfaces/msg/detail/motor_power__type_support.cpp.o[0m
[6.264s] [ 36%] [32mBuilding CXX object CMakeFiles/kobuki_ros_interfaces__rosidl_typesupport_introspection_cpp.dir/rosidl_typesupport_introspection_cpp/kobuki_ros_interfaces/msg/detail/robot_state_event__type_support.cpp.o[0m
[6.266s] [ 36%] [32mBuilding CXX object CMakeFiles/kobuki_ros_interfaces__rosidl_typesupport_introspection_cpp.dir/rosidl_typesupport_introspection_cpp/kobuki_ros_interfaces/msg/detail/sound__type_support.cpp.o[0m
[6.287s] [ 37%] [32mBuilding CXX object CMakeFiles/kobuki_ros_interfaces__rosidl_typesupport_fastrtps_cpp.dir/rosidl_typesupport_fastrtps_cpp/kobuki_ros_interfaces/msg/detail/dds_fastrtps/bumper_event__type_support.cpp.o[0m
[6.316s] [ 38%] [32mBuilding CXX object CMakeFiles/kobuki_ros_interfaces__rosidl_typesupport_introspection_cpp.dir/rosidl_typesupport_introspection_cpp/kobuki_ros_interfaces/msg/detail/scan_angle__type_support.cpp.o[0m
[6.330s] [ 38%] [32m[1mLinking CXX shared library libkobuki_ros_interfaces__rosidl_typesupport_cpp.so[0m
[6.338s] [ 38%] [32mBuilding CXX object CMakeFiles/kobuki_ros_interfaces__rosidl_typesupport_introspection_cpp.dir/rosidl_typesupport_introspection_cpp/kobuki_ros_interfaces/msg/detail/wheel_drop_event__type_support.cpp.o[0m
[6.495s] [ 39%] [32mBuilding CXX object CMakeFiles/kobuki_ros_interfaces__rosidl_typesupport_introspection_cpp.dir/rosidl_typesupport_introspection_cpp/kobuki_ros_interfaces/action/detail/auto_docking__type_support.cpp.o[0m
[6.559s] [35m[1mScanning dependencies of target kobuki_ros_interfaces__rosidl_typesupport_c[0m
[6.563s] [ 39%] Built target kobuki_ros_interfaces__rosidl_typesupport_cpp
[6.569s] [ 39%] [32mBuilding CXX object CMakeFiles/kobuki_ros_interfaces__rosidl_typesupport_fastrtps_cpp.dir/rosidl_typesupport_fastrtps_cpp/kobuki_ros_interfaces/msg/detail/dds_fastrtps/cliff_event__type_support.cpp.o[0m
[6.594s] [ 40%] [32mBuilding CXX object CMakeFiles/kobuki_ros_interfaces__rosidl_typesupport_fastrtps_cpp.dir/rosidl_typesupport_fastrtps_cpp/kobuki_ros_interfaces/msg/detail/dds_fastrtps/digital_output__type_support.cpp.o[0m
[6.618s] [ 40%] [32mBuilding CXX object CMakeFiles/kobuki_ros_interfaces__rosidl_typesupport_fastrtps_cpp.dir/rosidl_typesupport_fastrtps_cpp/kobuki_ros_interfaces/msg/detail/dds_fastrtps/external_power__type_support.cpp.o[0m
[6.648s] [ 40%] [32mBuilding CXX object CMakeFiles/kobuki_ros_interfaces__rosidl_typesupport_c.dir/rosidl_typesupport_c/kobuki_ros_interfaces/msg/bumper_event__type_support.cpp.o[0m
[6.700s] [ 41%] [32mBuilding CXX object CMakeFiles/kobuki_ros_interfaces__rosidl_typesupport_fastrtps_cpp.dir/rosidl_typesupport_fastrtps_cpp/kobuki_ros_interfaces/msg/detail/dds_fastrtps/led__type_support.cpp.o[0m
[6.714s] [ 42%] [32mBuilding CXX object CMakeFiles/kobuki_ros_interfaces__rosidl_typesupport_c.dir/rosidl_typesupport_c/kobuki_ros_interfaces/msg/cliff_event__type_support.cpp.o[0m
[6.752s] [ 42%] [32mBuilding CXX object CMakeFiles/kobuki_ros_interfaces__rosidl_typesupport_c.dir/rosidl_typesupport_c/kobuki_ros_interfaces/msg/digital_output__type_support.cpp.o[0m
[6.773s] [ 43%] [32mBuilding CXX object CMakeFiles/kobuki_ros_interfaces__rosidl_typesupport_c.dir/rosidl_typesupport_c/kobuki_ros_interfaces/msg/external_power__type_support.cpp.o[0m
[6.791s] [ 44%] [32mBuilding CXX object CMakeFiles/kobuki_ros_interfaces__rosidl_typesupport_fastrtps_cpp.dir/rosidl_typesupport_fastrtps_cpp/kobuki_ros_interfaces/msg/detail/dds_fastrtps/sensor_state__type_support.cpp.o[0m
[6.800s] [ 44%] [32mBuilding CXX object CMakeFiles/kobuki_ros_interfaces__rosidl_typesupport_fastrtps_cpp.dir/rosidl_typesupport_fastrtps_cpp/kobuki_ros_interfaces/msg/detail/dds_fastrtps/power_system_event__type_support.cpp.o[0m
[6.821s] [ 45%] [32mBuilding CXX object CMakeFiles/kobuki_ros_interfaces__rosidl_typesupport_fastrtps_cpp.dir/rosidl_typesupport_fastrtps_cpp/kobuki_ros_interfaces/msg/detail/dds_fastrtps/version_info__type_support.cpp.o[0m
[6.830s] [ 45%] [32mBuilding CXX object CMakeFiles/kobuki_ros_interfaces__rosidl_typesupport_fastrtps_cpp.dir/rosidl_typesupport_fastrtps_cpp/kobuki_ros_interfaces/msg/detail/dds_fastrtps/controller_info__type_support.cpp.o[0m
[6.875s] [ 46%] [32mBuilding CXX object CMakeFiles/kobuki_ros_interfaces__rosidl_typesupport_c.dir/rosidl_typesupport_c/kobuki_ros_interfaces/msg/led__type_support.cpp.o[0m
[6.883s] [ 46%] [32mBuilding CXX object CMakeFiles/kobuki_ros_interfaces__rosidl_typesupport_c.dir/rosidl_typesupport_c/kobuki_ros_interfaces/msg/power_system_event__type_support.cpp.o[0m
[6.966s] [ 47%] [32mBuilding CXX object CMakeFiles/kobuki_ros_interfaces__rosidl_typesupport_c.dir/rosidl_typesupport_c/kobuki_ros_interfaces/msg/sensor_state__type_support.cpp.o[0m
[7.013s] [ 47%] [32mBuilding CXX object CMakeFiles/kobuki_ros_interfaces__rosidl_typesupport_c.dir/rosidl_typesupport_c/kobuki_ros_interfaces/msg/version_info__type_support.cpp.o[0m
[7.029s] [ 48%] [32mBuilding CXX object CMakeFiles/kobuki_ros_interfaces__rosidl_typesupport_fastrtps_cpp.dir/rosidl_typesupport_fastrtps_cpp/kobuki_ros_interfaces/msg/detail/dds_fastrtps/button_event__type_support.cpp.o[0m
[7.111s] [ 49%] [32mBuilding CXX object CMakeFiles/kobuki_ros_interfaces__rosidl_typesupport_c.dir/rosidl_typesupport_c/kobuki_ros_interfaces/msg/controller_info__type_support.cpp.o[0m
[7.128s] [ 49%] [32mBuilding CXX object CMakeFiles/kobuki_ros_interfaces__rosidl_typesupport_c.dir/rosidl_typesupport_c/kobuki_ros_interfaces/msg/button_event__type_support.cpp.o[0m
[7.160s] [ 50%] [32mBuilding CXX object CMakeFiles/kobuki_ros_interfaces__rosidl_typesupport_c.dir/rosidl_typesupport_c/kobuki_ros_interfaces/msg/digital_input_event__type_support.cpp.o[0m
[7.173s] [ 50%] [32mBuilding CXX object CMakeFiles/kobuki_ros_interfaces__rosidl_typesupport_fastrtps_cpp.dir/rosidl_typesupport_fastrtps_cpp/kobuki_ros_interfaces/msg/detail/dds_fastrtps/digital_input_event__type_support.cpp.o[0m
[7.176s] [35m[1mScanning dependencies of target kobuki_ros_interfaces__rosidl_typesupport_introspection_c[0m
[7.188s] [ 51%] [32mBuilding CXX object CMakeFiles/kobuki_ros_interfaces__rosidl_typesupport_c.dir/rosidl_typesupport_c/kobuki_ros_interfaces/msg/dock_infra_red__type_support.cpp.o[0m
[7.193s] [ 52%] [32mBuilding CXX object CMakeFiles/kobuki_ros_interfaces__rosidl_typesupport_fastrtps_cpp.dir/rosidl_typesupport_fastrtps_cpp/kobuki_ros_interfaces/msg/detail/dds_fastrtps/dock_infra_red__type_support.cpp.o[0m
[7.267s] [ 52%] [32mBuilding CXX object CMakeFiles/kobuki_ros_interfaces__rosidl_typesupport_fastrtps_cpp.dir/rosidl_typesupport_fastrtps_cpp/kobuki_ros_interfaces/msg/detail/dds_fastrtps/keyboard_input__type_support.cpp.o[0m
[7.278s] [ 52%] [32mBuilding C object CMakeFiles/kobuki_ros_interfaces__rosidl_typesupport_introspection_c.dir/rosidl_typesupport_introspection_c/kobuki_ros_interfaces/msg/detail/cliff_event__type_support.c.o[0m
[7.290s] [ 53%] [32mBuilding C object CMakeFiles/kobuki_ros_interfaces__rosidl_typesupport_introspection_c.dir/rosidl_typesupport_introspection_c/kobuki_ros_interfaces/msg/detail/bumper_event__type_support.c.o[0m
[7.291s] [ 53%] [32mBuilding CXX object CMakeFiles/kobuki_ros_interfaces__rosidl_typesupport_c.dir/rosidl_typesupport_c/kobuki_ros_interfaces/msg/keyboard_input__type_support.cpp.o[0m
[7.389s] [ 54%] [32mBuilding CXX object CMakeFiles/kobuki_ros_interfaces__rosidl_typesupport_c.dir/rosidl_typesupport_c/kobuki_ros_interfaces/msg/motor_power__type_support.cpp.o[0m
[7.390s] [ 54%] [32mBuilding CXX object CMakeFiles/kobuki_ros_interfaces__rosidl_typesupport_c.dir/rosidl_typesupport_c/kobuki_ros_interfaces/msg/robot_state_event__type_support.cpp.o[0m
[7.400s] [ 55%] [32mBuilding CXX object CMakeFiles/kobuki_ros_interfaces__rosidl_typesupport_fastrtps_cpp.dir/rosidl_typesupport_fastrtps_cpp/kobuki_ros_interfaces/msg/detail/dds_fastrtps/motor_power__type_support.cpp.o[0m
[7.440s] [ 56%] [32mBuilding C object CMakeFiles/kobuki_ros_interfaces__rosidl_typesupport_introspection_c.dir/rosidl_typesupport_introspection_c/kobuki_ros_interfaces/msg/detail/digital_output__type_support.c.o[0m
[7.440s] [ 57%] [32mBuilding CXX object CMakeFiles/kobuki_ros_interfaces__rosidl_typesupport_fastrtps_cpp.dir/rosidl_typesupport_fastrtps_cpp/kobuki_ros_interfaces/msg/detail/dds_fastrtps/robot_state_event__type_support.cpp.o[0m
[7.480s] [ 57%] [32mBuilding C object CMakeFiles/kobuki_ros_interfaces__rosidl_typesupport_introspection_c.dir/rosidl_typesupport_introspection_c/kobuki_ros_interfaces/msg/detail/external_power__type_support.c.o[0m
[7.490s] [ 58%] [32mBuilding CXX object CMakeFiles/kobuki_ros_interfaces__rosidl_typesupport_c.dir/rosidl_typesupport_c/kobuki_ros_interfaces/msg/sound__type_support.cpp.o[0m
[7.542s] [ 59%] [32mBuilding C object CMakeFiles/kobuki_ros_interfaces__rosidl_typesupport_introspection_c.dir/rosidl_typesupport_introspection_c/kobuki_ros_interfaces/msg/detail/led__type_support.c.o[0m
[7.553s] [ 59%] [32mBuilding CXX object CMakeFiles/kobuki_ros_interfaces__rosidl_typesupport_c.dir/rosidl_typesupport_c/kobuki_ros_interfaces/msg/scan_angle__type_support.cpp.o[0m
[7.567s] [ 59%] [32mBuilding CXX object CMakeFiles/kobuki_ros_interfaces__rosidl_typesupport_fastrtps_cpp.dir/rosidl_typesupport_fastrtps_cpp/kobuki_ros_interfaces/msg/detail/dds_fastrtps/sound__type_support.cpp.o[0m
[7.583s] [ 60%] [32mBuilding CXX object CMakeFiles/kobuki_ros_interfaces__rosidl_typesupport_c.dir/rosidl_typesupport_c/kobuki_ros_interfaces/msg/wheel_drop_event__type_support.cpp.o[0m
[7.601s] [ 61%] [32mBuilding CXX object CMakeFiles/kobuki_ros_interfaces__rosidl_typesupport_fastrtps_cpp.dir/rosidl_typesupport_fastrtps_cpp/kobuki_ros_interfaces/msg/detail/dds_fastrtps/scan_angle__type_support.cpp.o[0m
[7.614s] [ 61%] [32mBuilding C object CMakeFiles/kobuki_ros_interfaces__rosidl_typesupport_introspection_c.dir/rosidl_typesupport_introspection_c/kobuki_ros_interfaces/msg/detail/power_system_event__type_support.c.o[0m
[7.625s] [ 62%] [32m[1mLinking CXX shared library libkobuki_ros_interfaces__rosidl_typesupport_introspection_cpp.so[0m
[7.637s] [ 63%] [32mBuilding CXX object CMakeFiles/kobuki_ros_interfaces__rosidl_typesupport_c.dir/rosidl_typesupport_c/kobuki_ros_interfaces/action/auto_docking__type_support.cpp.o[0m
[7.650s] [ 64%] [32mBuilding C object CMakeFiles/kobuki_ros_interfaces__rosidl_typesupport_introspection_c.dir/rosidl_typesupport_introspection_c/kobuki_ros_interfaces/msg/detail/sensor_state__type_support.c.o[0m
[7.652s] [ 64%] [32mBuilding CXX object CMakeFiles/kobuki_ros_interfaces__rosidl_typesupport_fastrtps_cpp.dir/rosidl_typesupport_fastrtps_cpp/kobuki_ros_interfaces/msg/detail/dds_fastrtps/wheel_drop_event__type_support.cpp.o[0m
[7.680s] [ 65%] [32mBuilding C object CMakeFiles/kobuki_ros_interfaces__rosidl_typesupport_introspection_c.dir/rosidl_typesupport_introspection_c/kobuki_ros_interfaces/msg/detail/version_info__type_support.c.o[0m
[7.695s] [ 65%] [32mBuilding C object CMakeFiles/kobuki_ros_interfaces__rosidl_typesupport_introspection_c.dir/rosidl_typesupport_introspection_c/kobuki_ros_interfaces/msg/detail/controller_info__type_support.c.o[0m
[7.744s] [ 66%] [32mBuilding CXX object CMakeFiles/kobuki_ros_interfaces__rosidl_typesupport_fastrtps_cpp.dir/rosidl_typesupport_fastrtps_cpp/kobuki_ros_interfaces/action/detail/dds_fastrtps/auto_docking__type_support.cpp.o[0m
[7.769s] [ 67%] [32mBuilding C object CMakeFiles/kobuki_ros_interfaces__rosidl_typesupport_introspection_c.dir/rosidl_typesupport_introspection_c/kobuki_ros_interfaces/msg/detail/button_event__type_support.c.o[0m
[7.774s] [ 67%] [32m[1mLinking CXX shared library libkobuki_ros_interfaces__rosidl_typesupport_c.so[0m
[7.820s] [ 67%] [32mBuilding C object CMakeFiles/kobuki_ros_interfaces__rosidl_typesupport_introspection_c.dir/rosidl_typesupport_introspection_c/kobuki_ros_interfaces/msg/detail/digital_input_event__type_support.c.o[0m
[7.828s] [ 68%] [32mBuilding C object CMakeFiles/kobuki_ros_interfaces__rosidl_typesupport_introspection_c.dir/rosidl_typesupport_introspection_c/kobuki_ros_interfaces/msg/detail/dock_infra_red__type_support.c.o[0m
[7.856s] [ 68%] [32mBuilding C object CMakeFiles/kobuki_ros_interfaces__rosidl_typesupport_introspection_c.dir/rosidl_typesupport_introspection_c/kobuki_ros_interfaces/msg/detail/keyboard_input__type_support.c.o[0m
[7.881s] [ 69%] [32mBuilding C object CMakeFiles/kobuki_ros_interfaces__rosidl_typesupport_introspection_c.dir/rosidl_typesupport_introspection_c/kobuki_ros_interfaces/msg/detail/motor_power__type_support.c.o[0m
[7.900s] [ 70%] [32mBuilding C object CMakeFiles/kobuki_ros_interfaces__rosidl_typesupport_introspection_c.dir/rosidl_typesupport_introspection_c/kobuki_ros_interfaces/msg/detail/robot_state_event__type_support.c.o[0m
[7.933s] [ 70%] [32mBuilding C object CMakeFiles/kobuki_ros_interfaces__rosidl_typesupport_introspection_c.dir/rosidl_typesupport_introspection_c/kobuki_ros_interfaces/msg/detail/sound__type_support.c.o[0m
[7.940s] [ 71%] [32mBuilding C object CMakeFiles/kobuki_ros_interfaces__rosidl_typesupport_introspection_c.dir/rosidl_typesupport_introspection_c/kobuki_ros_interfaces/msg/detail/scan_angle__type_support.c.o[0m
[7.946s] [ 71%] [32mBuilding C object CMakeFiles/kobuki_ros_interfaces__rosidl_typesupport_introspection_c.dir/rosidl_typesupport_introspection_c/kobuki_ros_interfaces/msg/detail/wheel_drop_event__type_support.c.o[0m
[7.985s] [ 71%] Built target kobuki_ros_interfaces__rosidl_typesupport_introspection_cpp
[8.000s] [ 72%] [32mBuilding C object CMakeFiles/kobuki_ros_interfaces__rosidl_typesupport_introspection_c.dir/rosidl_typesupport_introspection_c/kobuki_ros_interfaces/action/detail/auto_docking__type_support.c.o[0m
[8.038s] [ 72%] Built target kobuki_ros_interfaces__rosidl_typesupport_c
[8.067s] [ 72%] [32m[1mLinking C shared library libkobuki_ros_interfaces__rosidl_typesupport_introspection_c.so[0m
[8.196s] [ 72%] Built target kobuki_ros_interfaces__rosidl_typesupport_introspection_c
[8.548s] [ 72%] [32m[1mLinking CXX shared library libkobuki_ros_interfaces__rosidl_typesupport_fastrtps_cpp.so[0m
[8.690s] [ 72%] Built target kobuki_ros_interfaces__rosidl_typesupport_fastrtps_cpp
[8.699s] [ 73%] [34m[1mGenerating C type support for eProsima Fast-RTPS[0m
[11.076s] [35m[1mScanning dependencies of target kobuki_ros_interfaces__rosidl_typesupport_fastrtps_c[0m
[11.143s] [ 73%] [32mBuilding CXX object CMakeFiles/kobuki_ros_interfaces__rosidl_typesupport_fastrtps_c.dir/rosidl_typesupport_fastrtps_c/kobuki_ros_interfaces/msg/detail/bumper_event__type_support_c.cpp.o[0m
[11.147s] [ 74%] [32mBuilding CXX object CMakeFiles/kobuki_ros_interfaces__rosidl_typesupport_fastrtps_c.dir/rosidl_typesupport_fastrtps_c/kobuki_ros_interfaces/msg/detail/cliff_event__type_support_c.cpp.o[0m
[11.154s] [ 75%] [32mBuilding CXX object CMakeFiles/kobuki_ros_interfaces__rosidl_typesupport_fastrtps_c.dir/rosidl_typesupport_fastrtps_c/kobuki_ros_interfaces/msg/detail/digital_output__type_support_c.cpp.o[0m
[11.165s] [ 76%] [32mBuilding CXX object CMakeFiles/kobuki_ros_interfaces__rosidl_typesupport_fastrtps_c.dir/rosidl_typesupport_fastrtps_c/kobuki_ros_interfaces/msg/detail/version_info__type_support_c.cpp.o[0m
[11.165s] [ 77%] [32mBuilding CXX object CMakeFiles/kobuki_ros_interfaces__rosidl_typesupport_fastrtps_c.dir/rosidl_typesupport_fastrtps_c/kobuki_ros_interfaces/msg/detail/led__type_support_c.cpp.o[0m
[11.165s] [ 77%] [32mBuilding CXX object CMakeFiles/kobuki_ros_interfaces__rosidl_typesupport_fastrtps_c.dir/rosidl_typesupport_fastrtps_c/kobuki_ros_interfaces/msg/detail/controller_info__type_support_c.cpp.o[0m
[11.173s] [ 78%] [32mBuilding CXX object CMakeFiles/kobuki_ros_interfaces__rosidl_typesupport_fastrtps_c.dir/rosidl_typesupport_fastrtps_c/kobuki_ros_interfaces/msg/detail/external_power__type_support_c.cpp.o[0m
[11.179s] [ 78%] [32mBuilding CXX object CMakeFiles/kobuki_ros_interfaces__rosidl_typesupport_fastrtps_c.dir/rosidl_typesupport_fastrtps_c/kobuki_ros_interfaces/msg/detail/power_system_event__type_support_c.cpp.o[0m
[11.181s] [ 78%] [32mBuilding CXX object CMakeFiles/kobuki_ros_interfaces__rosidl_typesupport_fastrtps_c.dir/rosidl_typesupport_fastrtps_c/kobuki_ros_interfaces/msg/detail/sensor_state__type_support_c.cpp.o[0m
[11.183s] [ 79%] [32mBuilding CXX object CMakeFiles/kobuki_ros_interfaces__rosidl_typesupport_fastrtps_c.dir/rosidl_typesupport_fastrtps_c/kobuki_ros_interfaces/msg/detail/button_event__type_support_c.cpp.o[0m
[11.299s] [ 79%] [32mBuilding CXX object CMakeFiles/kobuki_ros_interfaces__rosidl_typesupport_fastrtps_c.dir/rosidl_typesupport_fastrtps_c/kobuki_ros_interfaces/msg/detail/digital_input_event__type_support_c.cpp.o[0m
[11.312s] [ 80%] [32mBuilding CXX object CMakeFiles/kobuki_ros_interfaces__rosidl_typesupport_fastrtps_c.dir/rosidl_typesupport_fastrtps_c/kobuki_ros_interfaces/msg/detail/dock_infra_red__type_support_c.cpp.o[0m
[11.359s] [ 80%] [32mBuilding CXX object CMakeFiles/kobuki_ros_interfaces__rosidl_typesupport_fastrtps_c.dir/rosidl_typesupport_fastrtps_c/kobuki_ros_interfaces/msg/detail/keyboard_input__type_support_c.cpp.o[0m
[11.389s] [ 80%] [32mBuilding CXX object CMakeFiles/kobuki_ros_interfaces__rosidl_typesupport_fastrtps_c.dir/rosidl_typesupport_fastrtps_c/kobuki_ros_interfaces/msg/detail/robot_state_event__type_support_c.cpp.o[0m
[11.412s] [ 81%] [32mBuilding CXX object CMakeFiles/kobuki_ros_interfaces__rosidl_typesupport_fastrtps_c.dir/rosidl_typesupport_fastrtps_c/kobuki_ros_interfaces/msg/detail/motor_power__type_support_c.cpp.o[0m
[11.429s] [ 82%] [32mBuilding CXX object CMakeFiles/kobuki_ros_interfaces__rosidl_typesupport_fastrtps_c.dir/rosidl_typesupport_fastrtps_c/kobuki_ros_interfaces/msg/detail/sound__type_support_c.cpp.o[0m
[12.282s] [ 83%] [32mBuilding CXX object CMakeFiles/kobuki_ros_interfaces__rosidl_typesupport_fastrtps_c.dir/rosidl_typesupport_fastrtps_c/kobuki_ros_interfaces/msg/detail/scan_angle__type_support_c.cpp.o[0m
[12.321s] [ 83%] [32mBuilding CXX object CMakeFiles/kobuki_ros_interfaces__rosidl_typesupport_fastrtps_c.dir/rosidl_typesupport_fastrtps_c/kobuki_ros_interfaces/msg/detail/wheel_drop_event__type_support_c.cpp.o[0m
[12.428s] [ 84%] [32mBuilding CXX object CMakeFiles/kobuki_ros_interfaces__rosidl_typesupport_fastrtps_c.dir/rosidl_typesupport_fastrtps_c/kobuki_ros_interfaces/action/detail/auto_docking__type_support_c.cpp.o[0m
[13.292s] [ 84%] [32m[1mLinking CXX shared library libkobuki_ros_interfaces__rosidl_typesupport_fastrtps_c.so[0m
[13.619s] [ 84%] Built target kobuki_ros_interfaces__rosidl_typesupport_fastrtps_c
[13.634s] [35m[1mScanning dependencies of target kobuki_ros_interfaces[0m
[13.649s] [ 84%] Built target kobuki_ros_interfaces
[13.666s] [35m[1mScanning dependencies of target kobuki_ros_interfaces__py[0m
[13.684s] [ 85%] [34m[1mGenerating Python code for ROS interfaces[0m
[18.932s] [ 85%] Built target kobuki_ros_interfaces__py
[18.943s] [35m[1mScanning dependencies of target kobuki_ros_interfaces__python[0m
[19.002s] [ 86%] [32mBuilding C object CMakeFiles/kobuki_ros_interfaces__python.dir/rosidl_generator_py/kobuki_ros_interfaces/msg/_power_system_event_s.c.o[0m
[19.003s] [ 86%] [32mBuilding C object CMakeFiles/kobuki_ros_interfaces__python.dir/rosidl_generator_py/kobuki_ros_interfaces/msg/_version_info_s.c.o[0m
[19.003s] [ 86%] [32mBuilding C object CMakeFiles/kobuki_ros_interfaces__python.dir/rosidl_generator_py/kobuki_ros_interfaces/msg/_external_power_s.c.o[0m
[19.003s] [ 87%] [32mBuilding C object CMakeFiles/kobuki_ros_interfaces__python.dir/rosidl_generator_py/kobuki_ros_interfaces/msg/_cliff_event_s.c.o[0m
[19.003s] [ 88%] [32mBuilding C object CMakeFiles/kobuki_ros_interfaces__python.dir/rosidl_generator_py/kobuki_ros_interfaces/msg/_controller_info_s.c.o[0m
[19.003s] [ 88%] [32mBuilding C object CMakeFiles/kobuki_ros_interfaces__python.dir/rosidl_generator_py/kobuki_ros_interfaces/msg/_digital_output_s.c.o[0m
[19.003s] [ 88%] [32mBuilding C object CMakeFiles/kobuki_ros_interfaces__python.dir/rosidl_generator_py/kobuki_ros_interfaces/msg/_button_event_s.c.o[0m
[19.004s] [ 89%] [32mBuilding C object CMakeFiles/kobuki_ros_interfaces__python.dir/rosidl_generator_py/kobuki_ros_interfaces/msg/_digital_input_event_s.c.o[0m
[19.004s] [ 89%] [32mBuilding C object CMakeFiles/kobuki_ros_interfaces__python.dir/rosidl_generator_py/kobuki_ros_interfaces/msg/_bumper_event_s.c.o[0m
[19.005s] [ 90%] [32mBuilding C object CMakeFiles/kobuki_ros_interfaces__python.dir/rosidl_generator_py/kobuki_ros_interfaces/msg/_dock_infra_red_s.c.o[0m
[19.005s] [ 91%] [32mBuilding C object CMakeFiles/kobuki_ros_interfaces__python.dir/rosidl_generator_py/kobuki_ros_interfaces/msg/_led_s.c.o[0m
[19.008s] [ 92%] [32mBuilding C object CMakeFiles/kobuki_ros_interfaces__python.dir/rosidl_generator_py/kobuki_ros_interfaces/msg/_sensor_state_s.c.o[0m
[19.013s] [ 92%] [32mBuilding C object CMakeFiles/kobuki_ros_interfaces__python.dir/rosidl_generator_py/kobuki_ros_interfaces/msg/_robot_state_event_s.c.o[0m
[19.013s] [ 92%] [32mBuilding C object CMakeFiles/kobuki_ros_interfaces__python.dir/rosidl_generator_py/kobuki_ros_interfaces/msg/_keyboard_input_s.c.o[0m
[19.016s] [ 94%] [32mBuilding C object CMakeFiles/kobuki_ros_interfaces__python.dir/rosidl_generator_py/kobuki_ros_interfaces/msg/_sound_s.c.o[0m
[19.017s] [ 94%] [32mBuilding C object CMakeFiles/kobuki_ros_interfaces__python.dir/rosidl_generator_py/kobuki_ros_interfaces/msg/_motor_power_s.c.o[0m
[19.193s] [ 94%] [32mBuilding C object CMakeFiles/kobuki_ros_interfaces__python.dir/rosidl_generator_py/kobuki_ros_interfaces/msg/_scan_angle_s.c.o[0m
[19.212s] [ 95%] [32mBuilding C object CMakeFiles/kobuki_ros_interfaces__python.dir/rosidl_generator_py/kobuki_ros_interfaces/msg/_wheel_drop_event_s.c.o[0m
[19.219s] [ 96%] [32mBuilding C object CMakeFiles/kobuki_ros_interfaces__python.dir/rosidl_generator_py/kobuki_ros_interfaces/action/_auto_docking_s.c.o[0m
[19.378s] [ 96%] [32m[1mLinking C shared library rosidl_generator_py/kobuki_ros_interfaces/libkobuki_ros_interfaces__python.so[0m
[19.470s] [ 96%] Built target kobuki_ros_interfaces__python
[19.478s] [35m[1mScanning dependencies of target kobuki_ros_interfaces__rosidl_typesupport_c__pyext[0m
[19.478s] [35m[1mScanning dependencies of target kobuki_ros_interfaces__rosidl_typesupport_fastrtps_c__pyext[0m
[19.478s] [35m[1mScanning dependencies of target kobuki_ros_interfaces__rosidl_typesupport_introspection_c__pyext[0m
[19.496s] [ 97%] [32mBuilding C object CMakeFiles/kobuki_ros_interfaces__rosidl_typesupport_fastrtps_c__pyext.dir/rosidl_generator_py/kobuki_ros_interfaces/_kobuki_ros_interfaces_s.ep.rosidl_typesupport_fastrtps_c.c.o[0m
[19.496s] [ 98%] [32mBuilding C object CMakeFiles/kobuki_ros_interfaces__rosidl_typesupport_c__pyext.dir/rosidl_generator_py/kobuki_ros_interfaces/_kobuki_ros_interfaces_s.ep.rosidl_typesupport_c.c.o[0m
[19.501s] [ 99%] [32mBuilding C object CMakeFiles/kobuki_ros_interfaces__rosidl_typesupport_introspection_c__pyext.dir/rosidl_generator_py/kobuki_ros_interfaces/_kobuki_ros_interfaces_s.ep.rosidl_typesupport_introspection_c.c.o[0m
[19.639s] [ 99%] [32m[1mLinking CXX shared library rosidl_generator_py/kobuki_ros_interfaces/kobuki_ros_interfaces_s__rosidl_typesupport_fastrtps_c.cpython-38-x86_64-linux-gnu.so[0m
[19.652s] [ 99%] [32m[1mLinking C shared library rosidl_generator_py/kobuki_ros_interfaces/kobuki_ros_interfaces_s__rosidl_typesupport_c.cpython-38-x86_64-linux-gnu.so[0m
[19.660s] [100%] [32m[1mLinking C shared library rosidl_generator_py/kobuki_ros_interfaces/kobuki_ros_interfaces_s__rosidl_typesupport_introspection_c.cpython-38-x86_64-linux-gnu.so[0m
[19.783s] [100%] Built target kobuki_ros_interfaces__rosidl_typesupport_c__pyext
[19.784s] [100%] Built target kobuki_ros_interfaces__rosidl_typesupport_introspection_c__pyext
[19.806s] [100%] Built target kobuki_ros_interfaces__rosidl_typesupport_fastrtps_c__pyext
[19.823s] Invoked command in '/home/igor/tb2_ros2_nav2/ros2_ws/build/kobuki_ros_interfaces' returned '0': CMAKE_PREFIX_PATH=${CMAKE_PREFIX_PATH}:/opt/ros/galactic /usr/bin/cmake --build /home/igor/tb2_ros2_nav2/ros2_ws/build/kobuki_ros_interfaces -- -j16 -l16
[20.078s] Invoking command in '/home/igor/tb2_ros2_nav2/ros2_ws/build/kobuki_ros_interfaces': CMAKE_PREFIX_PATH=${CMAKE_PREFIX_PATH}:/opt/ros/galactic /usr/bin/cmake --install /home/igor/tb2_ros2_nav2/ros2_ws/build/kobuki_ros_interfaces
[20.084s] -- Install configuration: ""
[20.085s] -- Execute custom install script
[20.086s] -- Symlinking: /home/igor/tb2_ros2_nav2/ros2_ws/install/kobuki_ros_interfaces/share/ament_index/resource_index/rosidl_interfaces/kobuki_ros_interfaces
[20.095s] -- Symlinking: /home/igor/tb2_ros2_nav2/ros2_ws/install/kobuki_ros_interfaces/include/kobuki_ros_interfaces/action/auto_docking.h
[20.104s] -- Symlinking: /home/igor/tb2_ros2_nav2/ros2_ws/install/kobuki_ros_interfaces/include/kobuki_ros_interfaces/action/detail/auto_docking__functions.h
[20.112s] -- Symlinking: /home/igor/tb2_ros2_nav2/ros2_ws/install/kobuki_ros_interfaces/include/kobuki_ros_interfaces/action/detail/auto_docking__struct.h
[20.120s] -- Symlinking: /home/igor/tb2_ros2_nav2/ros2_ws/install/kobuki_ros_interfaces/include/kobuki_ros_interfaces/action/detail/auto_docking__type_support.h
[20.127s] -- Symlinking: /home/igor/tb2_ros2_nav2/ros2_ws/install/kobuki_ros_interfaces/include/kobuki_ros_interfaces/msg/bumper_event.h
[20.135s] -- Symlinking: /home/igor/tb2_ros2_nav2/ros2_ws/install/kobuki_ros_interfaces/include/kobuki_ros_interfaces/msg/button_event.h
[20.142s] -- Symlinking: /home/igor/tb2_ros2_nav2/ros2_ws/install/kobuki_ros_interfaces/include/kobuki_ros_interfaces/msg/cliff_event.h
[20.150s] -- Symlinking: /home/igor/tb2_ros2_nav2/ros2_ws/install/kobuki_ros_interfaces/include/kobuki_ros_interfaces/msg/controller_info.h
[20.157s] -- Symlinking: /home/igor/tb2_ros2_nav2/ros2_ws/install/kobuki_ros_interfaces/include/kobuki_ros_interfaces/msg/detail/bumper_event__functions.h
[20.165s] -- Symlinking: /home/igor/tb2_ros2_nav2/ros2_ws/install/kobuki_ros_interfaces/include/kobuki_ros_interfaces/msg/detail/bumper_event__struct.h
[20.172s] -- Symlinking: /home/igor/tb2_ros2_nav2/ros2_ws/install/kobuki_ros_interfaces/include/kobuki_ros_interfaces/msg/detail/bumper_event__type_support.h
[20.179s] -- Symlinking: /home/igor/tb2_ros2_nav2/ros2_ws/install/kobuki_ros_interfaces/include/kobuki_ros_interfaces/msg/detail/button_event__functions.h
[20.186s] -- Symlinking: /home/igor/tb2_ros2_nav2/ros2_ws/install/kobuki_ros_interfaces/include/kobuki_ros_interfaces/msg/detail/button_event__struct.h
[20.194s] -- Symlinking: /home/igor/tb2_ros2_nav2/ros2_ws/install/kobuki_ros_interfaces/include/kobuki_ros_interfaces/msg/detail/button_event__type_support.h
[20.202s] -- Symlinking: /home/igor/tb2_ros2_nav2/ros2_ws/install/kobuki_ros_interfaces/include/kobuki_ros_interfaces/msg/detail/cliff_event__functions.h
[20.209s] -- Symlinking: /home/igor/tb2_ros2_nav2/ros2_ws/install/kobuki_ros_interfaces/include/kobuki_ros_interfaces/msg/detail/cliff_event__struct.h
[20.224s] -- Symlinking: /home/igor/tb2_ros2_nav2/ros2_ws/install/kobuki_ros_interfaces/include/kobuki_ros_interfaces/msg/detail/cliff_event__type_support.h
[20.231s] -- Symlinking: /home/igor/tb2_ros2_nav2/ros2_ws/install/kobuki_ros_interfaces/include/kobuki_ros_interfaces/msg/detail/controller_info__functions.h
[20.238s] -- Symlinking: /home/igor/tb2_ros2_nav2/ros2_ws/install/kobuki_ros_interfaces/include/kobuki_ros_interfaces/msg/detail/controller_info__struct.h
[20.245s] -- Symlinking: /home/igor/tb2_ros2_nav2/ros2_ws/install/kobuki_ros_interfaces/include/kobuki_ros_interfaces/msg/detail/controller_info__type_support.h
[20.252s] -- Symlinking: /home/igor/tb2_ros2_nav2/ros2_ws/install/kobuki_ros_interfaces/include/kobuki_ros_interfaces/msg/detail/digital_input_event__functions.h
[20.261s] -- Symlinking: /home/igor/tb2_ros2_nav2/ros2_ws/install/kobuki_ros_interfaces/include/kobuki_ros_interfaces/msg/detail/digital_input_event__struct.h
[20.268s] -- Symlinking: /home/igor/tb2_ros2_nav2/ros2_ws/install/kobuki_ros_interfaces/include/kobuki_ros_interfaces/msg/detail/digital_input_event__type_support.h
[20.276s] -- Symlinking: /home/igor/tb2_ros2_nav2/ros2_ws/install/kobuki_ros_interfaces/include/kobuki_ros_interfaces/msg/detail/digital_output__functions.h
[20.286s] -- Symlinking: /home/igor/tb2_ros2_nav2/ros2_ws/install/kobuki_ros_interfaces/include/kobuki_ros_interfaces/msg/detail/digital_output__struct.h
[20.293s] -- Symlinking: /home/igor/tb2_ros2_nav2/ros2_ws/install/kobuki_ros_interfaces/include/kobuki_ros_interfaces/msg/detail/digital_output__type_support.h
[20.300s] -- Symlinking: /home/igor/tb2_ros2_nav2/ros2_ws/install/kobuki_ros_interfaces/include/kobuki_ros_interfaces/msg/detail/dock_infra_red__functions.h
[20.310s] -- Symlinking: /home/igor/tb2_ros2_nav2/ros2_ws/install/kobuki_ros_interfaces/include/kobuki_ros_interfaces/msg/detail/dock_infra_red__struct.h
[20.316s] -- Symlinking: /home/igor/tb2_ros2_nav2/ros2_ws/install/kobuki_ros_interfaces/include/kobuki_ros_interfaces/msg/detail/dock_infra_red__type_support.h
[20.326s] -- Symlinking: /home/igor/tb2_ros2_nav2/ros2_ws/install/kobuki_ros_interfaces/include/kobuki_ros_interfaces/msg/detail/external_power__functions.h
[20.333s] -- Symlinking: /home/igor/tb2_ros2_nav2/ros2_ws/install/kobuki_ros_interfaces/include/kobuki_ros_interfaces/msg/detail/external_power__struct.h
[20.339s] -- Symlinking: /home/igor/tb2_ros2_nav2/ros2_ws/install/kobuki_ros_interfaces/include/kobuki_ros_interfaces/msg/detail/external_power__type_support.h
[20.346s] -- Symlinking: /home/igor/tb2_ros2_nav2/ros2_ws/install/kobuki_ros_interfaces/include/kobuki_ros_interfaces/msg/detail/keyboard_input__functions.h
[20.352s] -- Symlinking: /home/igor/tb2_ros2_nav2/ros2_ws/install/kobuki_ros_interfaces/include/kobuki_ros_interfaces/msg/detail/keyboard_input__struct.h
[20.360s] -- Symlinking: /home/igor/tb2_ros2_nav2/ros2_ws/install/kobuki_ros_interfaces/include/kobuki_ros_interfaces/msg/detail/keyboard_input__type_support.h
[20.367s] -- Symlinking: /home/igor/tb2_ros2_nav2/ros2_ws/install/kobuki_ros_interfaces/include/kobuki_ros_interfaces/msg/detail/led__functions.h
[20.373s] -- Symlinking: /home/igor/tb2_ros2_nav2/ros2_ws/install/kobuki_ros_interfaces/include/kobuki_ros_interfaces/msg/detail/led__struct.h
[20.381s] -- Symlinking: /home/igor/tb2_ros2_nav2/ros2_ws/install/kobuki_ros_interfaces/include/kobuki_ros_interfaces/msg/detail/led__type_support.h
[20.388s] -- Symlinking: /home/igor/tb2_ros2_nav2/ros2_ws/install/kobuki_ros_interfaces/include/kobuki_ros_interfaces/msg/detail/motor_power__functions.h
[20.394s] -- Symlinking: /home/igor/tb2_ros2_nav2/ros2_ws/install/kobuki_ros_interfaces/include/kobuki_ros_interfaces/msg/detail/motor_power__struct.h
[20.399s] -- Symlinking: /home/igor/tb2_ros2_nav2/ros2_ws/install/kobuki_ros_interfaces/include/kobuki_ros_interfaces/msg/detail/motor_power__type_support.h
[20.406s] -- Symlinking: /home/igor/tb2_ros2_nav2/ros2_ws/install/kobuki_ros_interfaces/include/kobuki_ros_interfaces/msg/detail/power_system_event__functions.h
[20.416s] -- Symlinking: /home/igor/tb2_ros2_nav2/ros2_ws/install/kobuki_ros_interfaces/include/kobuki_ros_interfaces/msg/detail/power_system_event__struct.h
[20.423s] -- Symlinking: /home/igor/tb2_ros2_nav2/ros2_ws/install/kobuki_ros_interfaces/include/kobuki_ros_interfaces/msg/detail/power_system_event__type_support.h
[20.430s] -- Symlinking: /home/igor/tb2_ros2_nav2/ros2_ws/install/kobuki_ros_interfaces/include/kobuki_ros_interfaces/msg/detail/robot_state_event__functions.h
[20.440s] -- Symlinking: /home/igor/tb2_ros2_nav2/ros2_ws/install/kobuki_ros_interfaces/include/kobuki_ros_interfaces/msg/detail/robot_state_event__struct.h
[20.447s] -- Symlinking: /home/igor/tb2_ros2_nav2/ros2_ws/install/kobuki_ros_interfaces/include/kobuki_ros_interfaces/msg/detail/robot_state_event__type_support.h
[20.453s] -- Symlinking: /home/igor/tb2_ros2_nav2/ros2_ws/install/kobuki_ros_interfaces/include/kobuki_ros_interfaces/msg/detail/scan_angle__functions.h
[20.461s] -- Symlinking: /home/igor/tb2_ros2_nav2/ros2_ws/install/kobuki_ros_interfaces/include/kobuki_ros_interfaces/msg/detail/scan_angle__struct.h
[20.468s] -- Symlinking: /home/igor/tb2_ros2_nav2/ros2_ws/install/kobuki_ros_interfaces/include/kobuki_ros_interfaces/msg/detail/scan_angle__type_support.h
[20.476s] -- Symlinking: /home/igor/tb2_ros2_nav2/ros2_ws/install/kobuki_ros_interfaces/include/kobuki_ros_interfaces/msg/detail/sensor_state__functions.h
[20.482s] -- Symlinking: /home/igor/tb2_ros2_nav2/ros2_ws/install/kobuki_ros_interfaces/include/kobuki_ros_interfaces/msg/detail/sensor_state__struct.h
[20.490s] -- Symlinking: /home/igor/tb2_ros2_nav2/ros2_ws/install/kobuki_ros_interfaces/include/kobuki_ros_interfaces/msg/detail/sensor_state__type_support.h
[20.497s] -- Symlinking: /home/igor/tb2_ros2_nav2/ros2_ws/install/kobuki_ros_interfaces/include/kobuki_ros_interfaces/msg/detail/sound__functions.h
[20.504s] -- Symlinking: /home/igor/tb2_ros2_nav2/ros2_ws/install/kobuki_ros_interfaces/include/kobuki_ros_interfaces/msg/detail/sound__struct.h
[20.512s] -- Symlinking: /home/igor/tb2_ros2_nav2/ros2_ws/install/kobuki_ros_interfaces/include/kobuki_ros_interfaces/msg/detail/sound__type_support.h
[20.520s] -- Symlinking: /home/igor/tb2_ros2_nav2/ros2_ws/install/kobuki_ros_interfaces/include/kobuki_ros_interfaces/msg/detail/version_info__functions.h
[20.528s] -- Symlinking: /home/igor/tb2_ros2_nav2/ros2_ws/install/kobuki_ros_interfaces/include/kobuki_ros_interfaces/msg/detail/version_info__struct.h
[20.536s] -- Symlinking: /home/igor/tb2_ros2_nav2/ros2_ws/install/kobuki_ros_interfaces/include/kobuki_ros_interfaces/msg/detail/version_info__type_support.h
[20.546s] -- Symlinking: /home/igor/tb2_ros2_nav2/ros2_ws/install/kobuki_ros_interfaces/include/kobuki_ros_interfaces/msg/detail/wheel_drop_event__functions.h
[20.553s] -- Symlinking: /home/igor/tb2_ros2_nav2/ros2_ws/install/kobuki_ros_interfaces/include/kobuki_ros_interfaces/msg/detail/wheel_drop_event__struct.h
[20.563s] -- Symlinking: /home/igor/tb2_ros2_nav2/ros2_ws/install/kobuki_ros_interfaces/include/kobuki_ros_interfaces/msg/detail/wheel_drop_event__type_support.h
[20.570s] -- Symlinking: /home/igor/tb2_ros2_nav2/ros2_ws/install/kobuki_ros_interfaces/include/kobuki_ros_interfaces/msg/digital_input_event.h
[20.578s] -- Symlinking: /home/igor/tb2_ros2_nav2/ros2_ws/install/kobuki_ros_interfaces/include/kobuki_ros_interfaces/msg/digital_output.h
[20.585s] -- Symlinking: /home/igor/tb2_ros2_nav2/ros2_ws/install/kobuki_ros_interfaces/include/kobuki_ros_interfaces/msg/dock_infra_red.h
[20.592s] -- Symlinking: /home/igor/tb2_ros2_nav2/ros2_ws/install/kobuki_ros_interfaces/include/kobuki_ros_interfaces/msg/external_power.h
[20.598s] -- Symlinking: /home/igor/tb2_ros2_nav2/ros2_ws/install/kobuki_ros_interfaces/include/kobuki_ros_interfaces/msg/keyboard_input.h
[20.604s] -- Symlinking: /home/igor/tb2_ros2_nav2/ros2_ws/install/kobuki_ros_interfaces/include/kobuki_ros_interfaces/msg/led.h
[20.610s] -- Symlinking: /home/igor/tb2_ros2_nav2/ros2_ws/install/kobuki_ros_interfaces/include/kobuki_ros_interfaces/msg/motor_power.h
[20.617s] -- Symlinking: /home/igor/tb2_ros2_nav2/ros2_ws/install/kobuki_ros_interfaces/include/kobuki_ros_interfaces/msg/power_system_event.h
[20.623s] -- Symlinking: /home/igor/tb2_ros2_nav2/ros2_ws/install/kobuki_ros_interfaces/include/kobuki_ros_interfaces/msg/robot_state_event.h
[20.632s] -- Symlinking: /home/igor/tb2_ros2_nav2/ros2_ws/install/kobuki_ros_interfaces/include/kobuki_ros_interfaces/msg/rosidl_generator_c__visibility_control.h
[20.636s] -- Symlinking: /home/igor/tb2_ros2_nav2/ros2_ws/install/kobuki_ros_interfaces/include/kobuki_ros_interfaces/msg/scan_angle.h
[20.643s] -- Symlinking: /home/igor/tb2_ros2_nav2/ros2_ws/install/kobuki_ros_interfaces/include/kobuki_ros_interfaces/msg/sensor_state.h
[20.651s] -- Symlinking: /home/igor/tb2_ros2_nav2/ros2_ws/install/kobuki_ros_interfaces/include/kobuki_ros_interfaces/msg/sound.h
[20.657s] -- Symlinking: /home/igor/tb2_ros2_nav2/ros2_ws/install/kobuki_ros_interfaces/include/kobuki_ros_interfaces/msg/version_info.h
[20.667s] -- Symlinking: /home/igor/tb2_ros2_nav2/ros2_ws/install/kobuki_ros_interfaces/include/kobuki_ros_interfaces/msg/wheel_drop_event.h
[20.676s] -- Symlinking: /home/igor/tb2_ros2_nav2/ros2_ws/install/kobuki_ros_interfaces/share/kobuki_ros_interfaces/environment/library_path.sh
[20.683s] -- Symlinking: /home/igor/tb2_ros2_nav2/ros2_ws/install/kobuki_ros_interfaces/share/kobuki_ros_interfaces/environment/library_path.dsv
[20.691s] -- Symlinking: /home/igor/tb2_ros2_nav2/ros2_ws/install/kobuki_ros_interfaces/include/kobuki_ros_interfaces/action/detail/auto_docking__rosidl_typesupport_fastrtps_c.h
[20.698s] -- Symlinking: /home/igor/tb2_ros2_nav2/ros2_ws/install/kobuki_ros_interfaces/include/kobuki_ros_interfaces/msg/detail/bumper_event__rosidl_typesupport_fastrtps_c.h
[20.705s] -- Symlinking: /home/igor/tb2_ros2_nav2/ros2_ws/install/kobuki_ros_interfaces/include/kobuki_ros_interfaces/msg/detail/button_event__rosidl_typesupport_fastrtps_c.h
[20.712s] -- Symlinking: /home/igor/tb2_ros2_nav2/ros2_ws/install/kobuki_ros_interfaces/include/kobuki_ros_interfaces/msg/detail/cliff_event__rosidl_typesupport_fastrtps_c.h
[20.719s] -- Symlinking: /home/igor/tb2_ros2_nav2/ros2_ws/install/kobuki_ros_interfaces/include/kobuki_ros_interfaces/msg/detail/controller_info__rosidl_typesupport_fastrtps_c.h
[20.726s] -- Symlinking: /home/igor/tb2_ros2_nav2/ros2_ws/install/kobuki_ros_interfaces/include/kobuki_ros_interfaces/msg/detail/digital_input_event__rosidl_typesupport_fastrtps_c.h
[20.733s] -- Symlinking: /home/igor/tb2_ros2_nav2/ros2_ws/install/kobuki_ros_interfaces/include/kobuki_ros_interfaces/msg/detail/digital_output__rosidl_typesupport_fastrtps_c.h
[20.740s] -- Symlinking: /home/igor/tb2_ros2_nav2/ros2_ws/install/kobuki_ros_interfaces/include/kobuki_ros_interfaces/msg/detail/dock_infra_red__rosidl_typesupport_fastrtps_c.h
[20.746s] -- Symlinking: /home/igor/tb2_ros2_nav2/ros2_ws/install/kobuki_ros_interfaces/include/kobuki_ros_interfaces/msg/detail/external_power__rosidl_typesupport_fastrtps_c.h
[20.753s] -- Symlinking: /home/igor/tb2_ros2_nav2/ros2_ws/install/kobuki_ros_interfaces/include/kobuki_ros_interfaces/msg/detail/keyboard_input__rosidl_typesupport_fastrtps_c.h
[20.760s] -- Symlinking: /home/igor/tb2_ros2_nav2/ros2_ws/install/kobuki_ros_interfaces/include/kobuki_ros_interfaces/msg/detail/led__rosidl_typesupport_fastrtps_c.h
[20.766s] -- Symlinking: /home/igor/tb2_ros2_nav2/ros2_ws/install/kobuki_ros_interfaces/include/kobuki_ros_interfaces/msg/detail/motor_power__rosidl_typesupport_fastrtps_c.h
[20.772s] -- Symlinking: /home/igor/tb2_ros2_nav2/ros2_ws/install/kobuki_ros_interfaces/include/kobuki_ros_interfaces/msg/detail/power_system_event__rosidl_typesupport_fastrtps_c.h
[20.779s] -- Symlinking: /home/igor/tb2_ros2_nav2/ros2_ws/install/kobuki_ros_interfaces/include/kobuki_ros_interfaces/msg/detail/robot_state_event__rosidl_typesupport_fastrtps_c.h
[20.785s] -- Symlinking: /home/igor/tb2_ros2_nav2/ros2_ws/install/kobuki_ros_interfaces/include/kobuki_ros_interfaces/msg/detail/scan_angle__rosidl_typesupport_fastrtps_c.h
[20.792s] -- Symlinking: /home/igor/tb2_ros2_nav2/ros2_ws/install/kobuki_ros_interfaces/include/kobuki_ros_interfaces/msg/detail/sensor_state__rosidl_typesupport_fastrtps_c.h
[20.799s] -- Symlinking: /home/igor/tb2_ros2_nav2/ros2_ws/install/kobuki_ros_interfaces/include/kobuki_ros_interfaces/msg/detail/sound__rosidl_typesupport_fastrtps_c.h
[20.806s] -- Symlinking: /home/igor/tb2_ros2_nav2/ros2_ws/install/kobuki_ros_interfaces/include/kobuki_ros_interfaces/msg/detail/version_info__rosidl_typesupport_fastrtps_c.h
[20.812s] -- Symlinking: /home/igor/tb2_ros2_nav2/ros2_ws/install/kobuki_ros_interfaces/include/kobuki_ros_interfaces/msg/detail/wheel_drop_event__rosidl_typesupport_fastrtps_c.h
[20.819s] -- Symlinking: /home/igor/tb2_ros2_nav2/ros2_ws/install/kobuki_ros_interfaces/include/kobuki_ros_interfaces/msg/rosidl_typesupport_fastrtps_c__visibility_control.h
[20.827s] -- Symlinking: /home/igor/tb2_ros2_nav2/ros2_ws/install/kobuki_ros_interfaces/lib/libkobuki_ros_interfaces__rosidl_typesupport_fastrtps_c.so
[20.835s] -- Symlinking: /home/igor/tb2_ros2_nav2/ros2_ws/install/kobuki_ros_interfaces/include/kobuki_ros_interfaces/action/detail/auto_docking__rosidl_typesupport_fastrtps_cpp.hpp
[20.841s] -- Symlinking: /home/igor/tb2_ros2_nav2/ros2_ws/install/kobuki_ros_interfaces/include/kobuki_ros_interfaces/msg/detail/bumper_event__rosidl_typesupport_fastrtps_cpp.hpp
[20.848s] -- Symlinking: /home/igor/tb2_ros2_nav2/ros2_ws/install/kobuki_ros_interfaces/include/kobuki_ros_interfaces/msg/detail/button_event__rosidl_typesupport_fastrtps_cpp.hpp
[20.854s] -- Symlinking: /home/igor/tb2_ros2_nav2/ros2_ws/install/kobuki_ros_interfaces/include/kobuki_ros_interfaces/msg/detail/cliff_event__rosidl_typesupport_fastrtps_cpp.hpp
[20.861s] -- Symlinking: /home/igor/tb2_ros2_nav2/ros2_ws/install/kobuki_ros_interfaces/include/kobuki_ros_interfaces/msg/detail/controller_info__rosidl_typesupport_fastrtps_cpp.hpp
[20.867s] -- Symlinking: /home/igor/tb2_ros2_nav2/ros2_ws/install/kobuki_ros_interfaces/include/kobuki_ros_interfaces/msg/detail/digital_input_event__rosidl_typesupport_fastrtps_cpp.hpp
[20.873s] -- Symlinking: /home/igor/tb2_ros2_nav2/ros2_ws/install/kobuki_ros_interfaces/include/kobuki_ros_interfaces/msg/detail/digital_output__rosidl_typesupport_fastrtps_cpp.hpp
[20.879s] -- Symlinking: /home/igor/tb2_ros2_nav2/ros2_ws/install/kobuki_ros_interfaces/include/kobuki_ros_interfaces/msg/detail/dock_infra_red__rosidl_typesupport_fastrtps_cpp.hpp
[20.886s] -- Symlinking: /home/igor/tb2_ros2_nav2/ros2_ws/install/kobuki_ros_interfaces/include/kobuki_ros_interfaces/msg/detail/external_power__rosidl_typesupport_fastrtps_cpp.hpp
[20.899s] -- Symlinking: /home/igor/tb2_ros2_nav2/ros2_ws/install/kobuki_ros_interfaces/include/kobuki_ros_interfaces/msg/detail/keyboard_input__rosidl_typesupport_fastrtps_cpp.hpp
[20.905s] -- Symlinking: /home/igor/tb2_ros2_nav2/ros2_ws/install/kobuki_ros_interfaces/include/kobuki_ros_interfaces/msg/detail/led__rosidl_typesupport_fastrtps_cpp.hpp
[20.911s] -- Symlinking: /home/igor/tb2_ros2_nav2/ros2_ws/install/kobuki_ros_interfaces/include/kobuki_ros_interfaces/msg/detail/motor_power__rosidl_typesupport_fastrtps_cpp.hpp
[20.917s] -- Symlinking: /home/igor/tb2_ros2_nav2/ros2_ws/install/kobuki_ros_interfaces/include/kobuki_ros_interfaces/msg/detail/power_system_event__rosidl_typesupport_fastrtps_cpp.hpp
[20.923s] -- Symlinking: /home/igor/tb2_ros2_nav2/ros2_ws/install/kobuki_ros_interfaces/include/kobuki_ros_interfaces/msg/detail/robot_state_event__rosidl_typesupport_fastrtps_cpp.hpp
[20.930s] -- Symlinking: /home/igor/tb2_ros2_nav2/ros2_ws/install/kobuki_ros_interfaces/include/kobuki_ros_interfaces/msg/detail/scan_angle__rosidl_typesupport_fastrtps_cpp.hpp
[20.936s] -- Symlinking: /home/igor/tb2_ros2_nav2/ros2_ws/install/kobuki_ros_interfaces/include/kobuki_ros_interfaces/msg/detail/sensor_state__rosidl_typesupport_fastrtps_cpp.hpp
[20.942s] -- Symlinking: /home/igor/tb2_ros2_nav2/ros2_ws/install/kobuki_ros_interfaces/include/kobuki_ros_interfaces/msg/detail/sound__rosidl_typesupport_fastrtps_cpp.hpp
[20.948s] -- Symlinking: /home/igor/tb2_ros2_nav2/ros2_ws/install/kobuki_ros_interfaces/include/kobuki_ros_interfaces/msg/detail/version_info__rosidl_typesupport_fastrtps_cpp.hpp
[20.954s] -- Symlinking: /home/igor/tb2_ros2_nav2/ros2_ws/install/kobuki_ros_interfaces/include/kobuki_ros_interfaces/msg/detail/wheel_drop_event__rosidl_typesupport_fastrtps_cpp.hpp
[20.967s] -- Symlinking: /home/igor/tb2_ros2_nav2/ros2_ws/install/kobuki_ros_interfaces/include/kobuki_ros_interfaces/msg/rosidl_typesupport_fastrtps_cpp__visibility_control.h
[20.973s] -- Symlinking: /home/igor/tb2_ros2_nav2/ros2_ws/install/kobuki_ros_interfaces/lib/libkobuki_ros_interfaces__rosidl_typesupport_fastrtps_cpp.so
[20.980s] -- Symlinking: /home/igor/tb2_ros2_nav2/ros2_ws/install/kobuki_ros_interfaces/include/kobuki_ros_interfaces/action/detail/auto_docking__rosidl_typesupport_introspection_c.h
[20.986s] -- Symlinking: /home/igor/tb2_ros2_nav2/ros2_ws/install/kobuki_ros_interfaces/include/kobuki_ros_interfaces/msg/detail/bumper_event__rosidl_typesupport_introspection_c.h
[20.992s] -- Symlinking: /home/igor/tb2_ros2_nav2/ros2_ws/install/kobuki_ros_interfaces/include/kobuki_ros_interfaces/msg/detail/button_event__rosidl_typesupport_introspection_c.h
[20.998s] -- Symlinking: /home/igor/tb2_ros2_nav2/ros2_ws/install/kobuki_ros_interfaces/include/kobuki_ros_interfaces/msg/detail/cliff_event__rosidl_typesupport_introspection_c.h
[21.004s] -- Symlinking: /home/igor/tb2_ros2_nav2/ros2_ws/install/kobuki_ros_interfaces/include/kobuki_ros_interfaces/msg/detail/controller_info__rosidl_typesupport_introspection_c.h
[21.011s] -- Symlinking: /home/igor/tb2_ros2_nav2/ros2_ws/install/kobuki_ros_interfaces/include/kobuki_ros_interfaces/msg/detail/digital_input_event__rosidl_typesupport_introspection_c.h
[21.017s] -- Symlinking: /home/igor/tb2_ros2_nav2/ros2_ws/install/kobuki_ros_interfaces/include/kobuki_ros_interfaces/msg/detail/digital_output__rosidl_typesupport_introspection_c.h
[21.023s] -- Symlinking: /home/igor/tb2_ros2_nav2/ros2_ws/install/kobuki_ros_interfaces/include/kobuki_ros_interfaces/msg/detail/dock_infra_red__rosidl_typesupport_introspection_c.h
[21.032s] -- Symlinking: /home/igor/tb2_ros2_nav2/ros2_ws/install/kobuki_ros_interfaces/include/kobuki_ros_interfaces/msg/detail/external_power__rosidl_typesupport_introspection_c.h
[21.038s] -- Symlinking: /home/igor/tb2_ros2_nav2/ros2_ws/install/kobuki_ros_interfaces/include/kobuki_ros_interfaces/msg/detail/keyboard_input__rosidl_typesupport_introspection_c.h
[21.045s] -- Symlinking: /home/igor/tb2_ros2_nav2/ros2_ws/install/kobuki_ros_interfaces/include/kobuki_ros_interfaces/msg/detail/led__rosidl_typesupport_introspection_c.h
[21.051s] -- Symlinking: /home/igor/tb2_ros2_nav2/ros2_ws/install/kobuki_ros_interfaces/include/kobuki_ros_interfaces/msg/detail/motor_power__rosidl_typesupport_introspection_c.h
[21.057s] -- Symlinking: /home/igor/tb2_ros2_nav2/ros2_ws/install/kobuki_ros_interfaces/include/kobuki_ros_interfaces/msg/detail/power_system_event__rosidl_typesupport_introspection_c.h
[21.064s] -- Symlinking: /home/igor/tb2_ros2_nav2/ros2_ws/install/kobuki_ros_interfaces/include/kobuki_ros_interfaces/msg/detail/robot_state_event__rosidl_typesupport_introspection_c.h
[21.070s] -- Symlinking: /home/igor/tb2_ros2_nav2/ros2_ws/install/kobuki_ros_interfaces/include/kobuki_ros_interfaces/msg/detail/scan_angle__rosidl_typesupport_introspection_c.h
[21.077s] -- Symlinking: /home/igor/tb2_ros2_nav2/ros2_ws/install/kobuki_ros_interfaces/include/kobuki_ros_interfaces/msg/detail/sensor_state__rosidl_typesupport_introspection_c.h
[21.083s] -- Symlinking: /home/igor/tb2_ros2_nav2/ros2_ws/install/kobuki_ros_interfaces/include/kobuki_ros_interfaces/msg/detail/sound__rosidl_typesupport_introspection_c.h
[21.089s] -- Symlinking: /home/igor/tb2_ros2_nav2/ros2_ws/install/kobuki_ros_interfaces/include/kobuki_ros_interfaces/msg/detail/version_info__rosidl_typesupport_introspection_c.h
[21.095s] -- Symlinking: /home/igor/tb2_ros2_nav2/ros2_ws/install/kobuki_ros_interfaces/include/kobuki_ros_interfaces/msg/detail/wheel_drop_event__rosidl_typesupport_introspection_c.h
[21.101s] -- Symlinking: /home/igor/tb2_ros2_nav2/ros2_ws/install/kobuki_ros_interfaces/include/kobuki_ros_interfaces/msg/rosidl_typesupport_introspection_c__visibility_control.h
[21.108s] -- Symlinking: /home/igor/tb2_ros2_nav2/ros2_ws/install/kobuki_ros_interfaces/include/kobuki_ros_interfaces/action/auto_docking.hpp
[21.114s] -- Symlinking: /home/igor/tb2_ros2_nav2/ros2_ws/install/kobuki_ros_interfaces/include/kobuki_ros_interfaces/action/detail/auto_docking__builder.hpp
[21.120s] -- Symlinking: /home/igor/tb2_ros2_nav2/ros2_ws/install/kobuki_ros_interfaces/include/kobuki_ros_interfaces/action/detail/auto_docking__struct.hpp
[21.125s] -- Symlinking: /home/igor/tb2_ros2_nav2/ros2_ws/install/kobuki_ros_interfaces/include/kobuki_ros_interfaces/action/detail/auto_docking__traits.hpp
[21.131s] -- Symlinking: /home/igor/tb2_ros2_nav2/ros2_ws/install/kobuki_ros_interfaces/include/kobuki_ros_interfaces/msg/bumper_event.hpp
[21.137s] -- Symlinking: /home/igor/tb2_ros2_nav2/ros2_ws/install/kobuki_ros_interfaces/include/kobuki_ros_interfaces/msg/button_event.hpp
[21.143s] -- Symlinking: /home/igor/tb2_ros2_nav2/ros2_ws/install/kobuki_ros_interfaces/include/kobuki_ros_interfaces/msg/cliff_event.hpp
[21.149s] -- Symlinking: /home/igor/tb2_ros2_nav2/ros2_ws/install/kobuki_ros_interfaces/include/kobuki_ros_interfaces/msg/controller_info.hpp
[21.155s] -- Symlinking: /home/igor/tb2_ros2_nav2/ros2_ws/install/kobuki_ros_interfaces/include/kobuki_ros_interfaces/msg/detail/bumper_event__builder.hpp
[21.161s] -- Symlinking: /home/igor/tb2_ros2_nav2/ros2_ws/install/kobuki_ros_interfaces/include/kobuki_ros_interfaces/msg/detail/bumper_event__struct.hpp
[21.167s] -- Symlinking: /home/igor/tb2_ros2_nav2/ros2_ws/install/kobuki_ros_interfaces/include/kobuki_ros_interfaces/msg/detail/bumper_event__traits.hpp
[21.174s] -- Symlinking: /home/igor/tb2_ros2_nav2/ros2_ws/install/kobuki_ros_interfaces/include/kobuki_ros_interfaces/msg/detail/button_event__builder.hpp
[21.180s] -- Symlinking: /home/igor/tb2_ros2_nav2/ros2_ws/install/kobuki_ros_interfaces/include/kobuki_ros_interfaces/msg/detail/button_event__struct.hpp
[21.185s] -- Symlinking: /home/igor/tb2_ros2_nav2/ros2_ws/install/kobuki_ros_interfaces/include/kobuki_ros_interfaces/msg/detail/button_event__traits.hpp
[21.191s] -- Symlinking: /home/igor/tb2_ros2_nav2/ros2_ws/install/kobuki_ros_interfaces/include/kobuki_ros_interfaces/msg/detail/cliff_event__builder.hpp
[21.197s] -- Symlinking: /home/igor/tb2_ros2_nav2/ros2_ws/install/kobuki_ros_interfaces/include/kobuki_ros_interfaces/msg/detail/cliff_event__struct.hpp
[21.203s] -- Symlinking: /home/igor/tb2_ros2_nav2/ros2_ws/install/kobuki_ros_interfaces/include/kobuki_ros_interfaces/msg/detail/cliff_event__traits.hpp
[21.208s] -- Symlinking: /home/igor/tb2_ros2_nav2/ros2_ws/install/kobuki_ros_interfaces/include/kobuki_ros_interfaces/msg/detail/controller_info__builder.hpp
[21.215s] -- Symlinking: /home/igor/tb2_ros2_nav2/ros2_ws/install/kobuki_ros_interfaces/include/kobuki_ros_interfaces/msg/detail/controller_info__struct.hpp
[21.220s] -- Symlinking: /home/igor/tb2_ros2_nav2/ros2_ws/install/kobuki_ros_interfaces/include/kobuki_ros_interfaces/msg/detail/controller_info__traits.hpp
[21.226s] -- Symlinking: /home/igor/tb2_ros2_nav2/ros2_ws/install/kobuki_ros_interfaces/include/kobuki_ros_interfaces/msg/detail/digital_input_event__builder.hpp
[21.232s] -- Symlinking: /home/igor/tb2_ros2_nav2/ros2_ws/install/kobuki_ros_interfaces/include/kobuki_ros_interfaces/msg/detail/digital_input_event__struct.hpp
[21.237s] -- Symlinking: /home/igor/tb2_ros2_nav2/ros2_ws/install/kobuki_ros_interfaces/include/kobuki_ros_interfaces/msg/detail/digital_input_event__traits.hpp
[21.243s] -- Symlinking: /home/igor/tb2_ros2_nav2/ros2_ws/install/kobuki_ros_interfaces/include/kobuki_ros_interfaces/msg/detail/digital_output__builder.hpp
[21.249s] -- Symlinking: /home/igor/tb2_ros2_nav2/ros2_ws/install/kobuki_ros_interfaces/include/kobuki_ros_interfaces/msg/detail/digital_output__struct.hpp
[21.254s] -- Symlinking: /home/igor/tb2_ros2_nav2/ros2_ws/install/kobuki_ros_interfaces/include/kobuki_ros_interfaces/msg/detail/digital_output__traits.hpp
[21.260s] -- Symlinking: /home/igor/tb2_ros2_nav2/ros2_ws/install/kobuki_ros_interfaces/include/kobuki_ros_interfaces/msg/detail/dock_infra_red__builder.hpp
[21.266s] -- Symlinking: /home/igor/tb2_ros2_nav2/ros2_ws/install/kobuki_ros_interfaces/include/kobuki_ros_interfaces/msg/detail/dock_infra_red__struct.hpp
[21.271s] -- Symlinking: /home/igor/tb2_ros2_nav2/ros2_ws/install/kobuki_ros_interfaces/include/kobuki_ros_interfaces/msg/detail/dock_infra_red__traits.hpp
[21.277s] -- Symlinking: /home/igor/tb2_ros2_nav2/ros2_ws/install/kobuki_ros_interfaces/include/kobuki_ros_interfaces/msg/detail/external_power__builder.hpp
[21.282s] -- Symlinking: /home/igor/tb2_ros2_nav2/ros2_ws/install/kobuki_ros_interfaces/include/kobuki_ros_interfaces/msg/detail/external_power__struct.hpp
[21.288s] -- Symlinking: /home/igor/tb2_ros2_nav2/ros2_ws/install/kobuki_ros_interfaces/include/kobuki_ros_interfaces/msg/detail/external_power__traits.hpp
[21.294s] -- Symlinking: /home/igor/tb2_ros2_nav2/ros2_ws/install/kobuki_ros_interfaces/include/kobuki_ros_interfaces/msg/detail/keyboard_input__builder.hpp
[21.299s] -- Symlinking: /home/igor/tb2_ros2_nav2/ros2_ws/install/kobuki_ros_interfaces/include/kobuki_ros_interfaces/msg/detail/keyboard_input__struct.hpp
[21.305s] -- Symlinking: /home/igor/tb2_ros2_nav2/ros2_ws/install/kobuki_ros_interfaces/include/kobuki_ros_interfaces/msg/detail/keyboard_input__traits.hpp
[21.311s] -- Symlinking: /home/igor/tb2_ros2_nav2/ros2_ws/install/kobuki_ros_interfaces/include/kobuki_ros_interfaces/msg/detail/led__builder.hpp
[21.317s] -- Symlinking: /home/igor/tb2_ros2_nav2/ros2_ws/install/kobuki_ros_interfaces/include/kobuki_ros_interfaces/msg/detail/led__struct.hpp
[21.323s] -- Symlinking: /home/igor/tb2_ros2_nav2/ros2_ws/install/kobuki_ros_interfaces/include/kobuki_ros_interfaces/msg/detail/led__traits.hpp
[21.329s] -- Symlinking: /home/igor/tb2_ros2_nav2/ros2_ws/install/kobuki_ros_interfaces/include/kobuki_ros_interfaces/msg/detail/motor_power__builder.hpp
[21.335s] -- Symlinking: /home/igor/tb2_ros2_nav2/ros2_ws/install/kobuki_ros_interfaces/include/kobuki_ros_interfaces/msg/detail/motor_power__struct.hpp
[21.340s] -- Symlinking: /home/igor/tb2_ros2_nav2/ros2_ws/install/kobuki_ros_interfaces/include/kobuki_ros_interfaces/msg/detail/motor_power__traits.hpp
[21.346s] -- Symlinking: /home/igor/tb2_ros2_nav2/ros2_ws/install/kobuki_ros_interfaces/include/kobuki_ros_interfaces/msg/detail/power_system_event__builder.hpp
[21.353s] -- Symlinking: /home/igor/tb2_ros2_nav2/ros2_ws/install/kobuki_ros_interfaces/include/kobuki_ros_interfaces/msg/detail/power_system_event__struct.hpp
[21.359s] -- Symlinking: /home/igor/tb2_ros2_nav2/ros2_ws/install/kobuki_ros_interfaces/include/kobuki_ros_interfaces/msg/detail/power_system_event__traits.hpp
[21.365s] -- Symlinking: /home/igor/tb2_ros2_nav2/ros2_ws/install/kobuki_ros_interfaces/include/kobuki_ros_interfaces/msg/detail/robot_state_event__builder.hpp
[21.372s] -- Symlinking: /home/igor/tb2_ros2_nav2/ros2_ws/install/kobuki_ros_interfaces/include/kobuki_ros_interfaces/msg/detail/robot_state_event__struct.hpp
[21.378s] -- Symlinking: /home/igor/tb2_ros2_nav2/ros2_ws/install/kobuki_ros_interfaces/include/kobuki_ros_interfaces/msg/detail/robot_state_event__traits.hpp
[21.384s] -- Symlinking: /home/igor/tb2_ros2_nav2/ros2_ws/install/kobuki_ros_interfaces/include/kobuki_ros_interfaces/msg/detail/scan_angle__builder.hpp
[21.390s] -- Symlinking: /home/igor/tb2_ros2_nav2/ros2_ws/install/kobuki_ros_interfaces/include/kobuki_ros_interfaces/msg/detail/scan_angle__struct.hpp
[21.396s] -- Symlinking: /home/igor/tb2_ros2_nav2/ros2_ws/install/kobuki_ros_interfaces/include/kobuki_ros_interfaces/msg/detail/scan_angle__traits.hpp
[21.401s] -- Symlinking: /home/igor/tb2_ros2_nav2/ros2_ws/install/kobuki_ros_interfaces/include/kobuki_ros_interfaces/msg/detail/sensor_state__builder.hpp
[21.407s] -- Symlinking: /home/igor/tb2_ros2_nav2/ros2_ws/install/kobuki_ros_interfaces/include/kobuki_ros_interfaces/msg/detail/sensor_state__struct.hpp
[21.414s] -- Symlinking: /home/igor/tb2_ros2_nav2/ros2_ws/install/kobuki_ros_interfaces/include/kobuki_ros_interfaces/msg/detail/sensor_state__traits.hpp
[21.419s] -- Symlinking: /home/igor/tb2_ros2_nav2/ros2_ws/install/kobuki_ros_interfaces/include/kobuki_ros_interfaces/msg/detail/sound__builder.hpp
[21.425s] -- Symlinking: /home/igor/tb2_ros2_nav2/ros2_ws/install/kobuki_ros_interfaces/include/kobuki_ros_interfaces/msg/detail/sound__struct.hpp
[21.433s] -- Symlinking: /home/igor/tb2_ros2_nav2/ros2_ws/install/kobuki_ros_interfaces/include/kobuki_ros_interfaces/msg/detail/sound__traits.hpp
[21.443s] -- Symlinking: /home/igor/tb2_ros2_nav2/ros2_ws/install/kobuki_ros_interfaces/include/kobuki_ros_interfaces/msg/detail/version_info__builder.hpp
[21.450s] -- Symlinking: /home/igor/tb2_ros2_nav2/ros2_ws/install/kobuki_ros_interfaces/include/kobuki_ros_interfaces/msg/detail/version_info__struct.hpp
[21.458s] -- Symlinking: /home/igor/tb2_ros2_nav2/ros2_ws/install/kobuki_ros_interfaces/include/kobuki_ros_interfaces/msg/detail/version_info__traits.hpp
[21.468s] -- Symlinking: /home/igor/tb2_ros2_nav2/ros2_ws/install/kobuki_ros_interfaces/include/kobuki_ros_interfaces/msg/detail/wheel_drop_event__builder.hpp
[21.476s] -- Symlinking: /home/igor/tb2_ros2_nav2/ros2_ws/install/kobuki_ros_interfaces/include/kobuki_ros_interfaces/msg/detail/wheel_drop_event__struct.hpp
[21.484s] -- Symlinking: /home/igor/tb2_ros2_nav2/ros2_ws/install/kobuki_ros_interfaces/include/kobuki_ros_interfaces/msg/detail/wheel_drop_event__traits.hpp
[21.491s] -- Symlinking: /home/igor/tb2_ros2_nav2/ros2_ws/install/kobuki_ros_interfaces/include/kobuki_ros_interfaces/msg/digital_input_event.hpp
[21.499s] -- Symlinking: /home/igor/tb2_ros2_nav2/ros2_ws/install/kobuki_ros_interfaces/include/kobuki_ros_interfaces/msg/digital_output.hpp
[21.506s] -- Symlinking: /home/igor/tb2_ros2_nav2/ros2_ws/install/kobuki_ros_interfaces/include/kobuki_ros_interfaces/msg/dock_infra_red.hpp
[21.513s] -- Symlinking: /home/igor/tb2_ros2_nav2/ros2_ws/install/kobuki_ros_interfaces/include/kobuki_ros_interfaces/msg/external_power.hpp
[21.520s] -- Symlinking: /home/igor/tb2_ros2_nav2/ros2_ws/install/kobuki_ros_interfaces/include/kobuki_ros_interfaces/msg/keyboard_input.hpp
[21.532s] -- Symlinking: /home/igor/tb2_ros2_nav2/ros2_ws/install/kobuki_ros_interfaces/include/kobuki_ros_interfaces/msg/led.hpp
[21.539s] -- Symlinking: /home/igor/tb2_ros2_nav2/ros2_ws/install/kobuki_ros_interfaces/include/kobuki_ros_interfaces/msg/motor_power.hpp
[21.546s] -- Symlinking: /home/igor/tb2_ros2_nav2/ros2_ws/install/kobuki_ros_interfaces/include/kobuki_ros_interfaces/msg/power_system_event.hpp
[21.553s] -- Symlinking: /home/igor/tb2_ros2_nav2/ros2_ws/install/kobuki_ros_interfaces/include/kobuki_ros_interfaces/msg/robot_state_event.hpp
[21.559s] -- Symlinking: /home/igor/tb2_ros2_nav2/ros2_ws/install/kobuki_ros_interfaces/include/kobuki_ros_interfaces/msg/scan_angle.hpp
[21.570s] -- Symlinking: /home/igor/tb2_ros2_nav2/ros2_ws/install/kobuki_ros_interfaces/include/kobuki_ros_interfaces/msg/sensor_state.hpp
[21.577s] -- Symlinking: /home/igor/tb2_ros2_nav2/ros2_ws/install/kobuki_ros_interfaces/include/kobuki_ros_interfaces/msg/sound.hpp
[21.584s] -- Symlinking: /home/igor/tb2_ros2_nav2/ros2_ws/install/kobuki_ros_interfaces/include/kobuki_ros_interfaces/msg/version_info.hpp
[21.591s] -- Symlinking: /home/igor/tb2_ros2_nav2/ros2_ws/install/kobuki_ros_interfaces/include/kobuki_ros_interfaces/msg/wheel_drop_event.hpp
[21.599s] -- Symlinking: /home/igor/tb2_ros2_nav2/ros2_ws/install/kobuki_ros_interfaces/include/kobuki_ros_interfaces/action/detail/auto_docking__rosidl_typesupport_introspection_cpp.hpp
[21.605s] -- Symlinking: /home/igor/tb2_ros2_nav2/ros2_ws/install/kobuki_ros_interfaces/include/kobuki_ros_interfaces/msg/detail/bumper_event__rosidl_typesupport_introspection_cpp.hpp
[21.613s] -- Symlinking: /home/igor/tb2_ros2_nav2/ros2_ws/install/kobuki_ros_interfaces/include/kobuki_ros_interfaces/msg/detail/button_event__rosidl_typesupport_introspection_cpp.hpp
[21.620s] -- Symlinking: /home/igor/tb2_ros2_nav2/ros2_ws/install/kobuki_ros_interfaces/include/kobuki_ros_interfaces/msg/detail/cliff_event__rosidl_typesupport_introspection_cpp.hpp
[21.626s] -- Symlinking: /home/igor/tb2_ros2_nav2/ros2_ws/install/kobuki_ros_interfaces/include/kobuki_ros_interfaces/msg/detail/controller_info__rosidl_typesupport_introspection_cpp.hpp
[21.632s] -- Symlinking: /home/igor/tb2_ros2_nav2/ros2_ws/install/kobuki_ros_interfaces/include/kobuki_ros_interfaces/msg/detail/digital_input_event__rosidl_typesupport_introspection_cpp.hpp
[21.639s] -- Symlinking: /home/igor/tb2_ros2_nav2/ros2_ws/install/kobuki_ros_interfaces/include/kobuki_ros_interfaces/msg/detail/digital_output__rosidl_typesupport_introspection_cpp.hpp
[21.646s] -- Symlinking: /home/igor/tb2_ros2_nav2/ros2_ws/install/kobuki_ros_interfaces/include/kobuki_ros_interfaces/msg/detail/dock_infra_red__rosidl_typesupport_introspection_cpp.hpp
[21.653s] -- Symlinking: /home/igor/tb2_ros2_nav2/ros2_ws/install/kobuki_ros_interfaces/include/kobuki_ros_interfaces/msg/detail/external_power__rosidl_typesupport_introspection_cpp.hpp
[21.661s] -- Symlinking: /home/igor/tb2_ros2_nav2/ros2_ws/install/kobuki_ros_interfaces/include/kobuki_ros_interfaces/msg/detail/keyboard_input__rosidl_typesupport_introspection_cpp.hpp
[21.668s] -- Symlinking: /home/igor/tb2_ros2_nav2/ros2_ws/install/kobuki_ros_interfaces/include/kobuki_ros_interfaces/msg/detail/led__rosidl_typesupport_introspection_cpp.hpp
[21.675s] -- Symlinking: /home/igor/tb2_ros2_nav2/ros2_ws/install/kobuki_ros_interfaces/include/kobuki_ros_interfaces/msg/detail/motor_power__rosidl_typesupport_introspection_cpp.hpp
[21.682s] -- Symlinking: /home/igor/tb2_ros2_nav2/ros2_ws/install/kobuki_ros_interfaces/include/kobuki_ros_interfaces/msg/detail/power_system_event__rosidl_typesupport_introspection_cpp.hpp
[21.689s] -- Symlinking: /home/igor/tb2_ros2_nav2/ros2_ws/install/kobuki_ros_interfaces/include/kobuki_ros_interfaces/msg/detail/robot_state_event__rosidl_typesupport_introspection_cpp.hpp
[21.696s] -- Symlinking: /home/igor/tb2_ros2_nav2/ros2_ws/install/kobuki_ros_interfaces/include/kobuki_ros_interfaces/msg/detail/scan_angle__rosidl_typesupport_introspection_cpp.hpp
[21.703s] -- Symlinking: /home/igor/tb2_ros2_nav2/ros2_ws/install/kobuki_ros_interfaces/include/kobuki_ros_interfaces/msg/detail/sensor_state__rosidl_typesupport_introspection_cpp.hpp
[21.710s] -- Symlinking: /home/igor/tb2_ros2_nav2/ros2_ws/install/kobuki_ros_interfaces/include/kobuki_ros_interfaces/msg/detail/sound__rosidl_typesupport_introspection_cpp.hpp
[21.717s] -- Symlinking: /home/igor/tb2_ros2_nav2/ros2_ws/install/kobuki_ros_interfaces/include/kobuki_ros_interfaces/msg/detail/version_info__rosidl_typesupport_introspection_cpp.hpp
[21.724s] -- Symlinking: /home/igor/tb2_ros2_nav2/ros2_ws/install/kobuki_ros_interfaces/include/kobuki_ros_interfaces/msg/detail/wheel_drop_event__rosidl_typesupport_introspection_cpp.hpp
[21.730s] -- Symlinking: /home/igor/tb2_ros2_nav2/ros2_ws/install/kobuki_ros_interfaces/share/kobuki_ros_interfaces/environment/pythonpath.sh
[21.736s] -- Symlinking: /home/igor/tb2_ros2_nav2/ros2_ws/install/kobuki_ros_interfaces/share/kobuki_ros_interfaces/environment/pythonpath.dsv
[21.744s] -- Symlinking: /home/igor/tb2_ros2_nav2/ros2_ws/install/kobuki_ros_interfaces/lib/python3.8/site-packages/kobuki_ros_interfaces/__init__.py
[21.751s] -- Symlinking: /home/igor/tb2_ros2_nav2/ros2_ws/install/kobuki_ros_interfaces/lib/python3.8/site-packages/kobuki_ros_interfaces/msg/__init__.py
[21.758s] -- Symlinking: /home/igor/tb2_ros2_nav2/ros2_ws/install/kobuki_ros_interfaces/lib/python3.8/site-packages/kobuki_ros_interfaces/msg/_bumper_event.py
[21.765s] -- Symlinking: /home/igor/tb2_ros2_nav2/ros2_ws/install/kobuki_ros_interfaces/lib/python3.8/site-packages/kobuki_ros_interfaces/msg/_button_event.py
[21.772s] -- Symlinking: /home/igor/tb2_ros2_nav2/ros2_ws/install/kobuki_ros_interfaces/lib/python3.8/site-packages/kobuki_ros_interfaces/msg/_cliff_event.py
[21.780s] -- Symlinking: /home/igor/tb2_ros2_nav2/ros2_ws/install/kobuki_ros_interfaces/lib/python3.8/site-packages/kobuki_ros_interfaces/msg/_controller_info.py
[21.786s] -- Symlinking: /home/igor/tb2_ros2_nav2/ros2_ws/install/kobuki_ros_interfaces/lib/python3.8/site-packages/kobuki_ros_interfaces/msg/_digital_input_event.py
[21.793s] -- Symlinking: /home/igor/tb2_ros2_nav2/ros2_ws/install/kobuki_ros_interfaces/lib/python3.8/site-packages/kobuki_ros_interfaces/msg/_digital_output.py
[21.803s] -- Symlinking: /home/igor/tb2_ros2_nav2/ros2_ws/install/kobuki_ros_interfaces/lib/python3.8/site-packages/kobuki_ros_interfaces/msg/_dock_infra_red.py
[21.810s] -- Symlinking: /home/igor/tb2_ros2_nav2/ros2_ws/install/kobuki_ros_interfaces/lib/python3.8/site-packages/kobuki_ros_interfaces/msg/_external_power.py
[21.816s] -- Symlinking: /home/igor/tb2_ros2_nav2/ros2_ws/install/kobuki_ros_interfaces/lib/python3.8/site-packages/kobuki_ros_interfaces/msg/_keyboard_input.py
[21.822s] -- Symlinking: /home/igor/tb2_ros2_nav2/ros2_ws/install/kobuki_ros_interfaces/lib/python3.8/site-packages/kobuki_ros_interfaces/msg/_led.py
[21.828s] -- Symlinking: /home/igor/tb2_ros2_nav2/ros2_ws/install/kobuki_ros_interfaces/lib/python3.8/site-packages/kobuki_ros_interfaces/msg/_motor_power.py
[21.834s] -- Symlinking: /home/igor/tb2_ros2_nav2/ros2_ws/install/kobuki_ros_interfaces/lib/python3.8/site-packages/kobuki_ros_interfaces/msg/_power_system_event.py
[21.840s] -- Symlinking: /home/igor/tb2_ros2_nav2/ros2_ws/install/kobuki_ros_interfaces/lib/python3.8/site-packages/kobuki_ros_interfaces/msg/_robot_state_event.py
[21.847s] -- Symlinking: /home/igor/tb2_ros2_nav2/ros2_ws/install/kobuki_ros_interfaces/lib/python3.8/site-packages/kobuki_ros_interfaces/msg/_scan_angle.py
[21.854s] -- Symlinking: /home/igor/tb2_ros2_nav2/ros2_ws/install/kobuki_ros_interfaces/lib/python3.8/site-packages/kobuki_ros_interfaces/msg/_sensor_state.py
[21.861s] -- Symlinking: /home/igor/tb2_ros2_nav2/ros2_ws/install/kobuki_ros_interfaces/lib/python3.8/site-packages/kobuki_ros_interfaces/msg/_sound.py
[21.868s] -- Symlinking: /home/igor/tb2_ros2_nav2/ros2_ws/install/kobuki_ros_interfaces/lib/python3.8/site-packages/kobuki_ros_interfaces/msg/_version_info.py
[21.875s] -- Symlinking: /home/igor/tb2_ros2_nav2/ros2_ws/install/kobuki_ros_interfaces/lib/python3.8/site-packages/kobuki_ros_interfaces/msg/_wheel_drop_event.py
[21.884s] -- Symlinking: /home/igor/tb2_ros2_nav2/ros2_ws/install/kobuki_ros_interfaces/lib/python3.8/site-packages/kobuki_ros_interfaces/action/__init__.py
[21.892s] -- Symlinking: /home/igor/tb2_ros2_nav2/ros2_ws/install/kobuki_ros_interfaces/lib/python3.8/site-packages/kobuki_ros_interfaces/action/_auto_docking.py
[21.902s] -- Symlinking: /home/igor/tb2_ros2_nav2/ros2_ws/install/kobuki_ros_interfaces/lib/python3.8/site-packages/kobuki_ros_interfaces/kobuki_ros_interfaces_s__rosidl_typesupport_fastrtps_c.cpython-38-x86_64-linux-gnu.so
[21.910s] -- Symlinking: /home/igor/tb2_ros2_nav2/ros2_ws/install/kobuki_ros_interfaces/lib/python3.8/site-packages/kobuki_ros_interfaces/kobuki_ros_interfaces_s__rosidl_typesupport_introspection_c.cpython-38-x86_64-linux-gnu.so
[21.917s] -- Symlinking: /home/igor/tb2_ros2_nav2/ros2_ws/install/kobuki_ros_interfaces/lib/python3.8/site-packages/kobuki_ros_interfaces/kobuki_ros_interfaces_s__rosidl_typesupport_c.cpython-38-x86_64-linux-gnu.so
[21.923s] -- Symlinking: /home/igor/tb2_ros2_nav2/ros2_ws/install/kobuki_ros_interfaces/lib/libkobuki_ros_interfaces__python.so
[21.929s] -- Symlinking: /home/igor/tb2_ros2_nav2/ros2_ws/install/kobuki_ros_interfaces/share/kobuki_ros_interfaces/msg/BumperEvent.idl
[21.936s] -- Symlinking: /home/igor/tb2_ros2_nav2/ros2_ws/install/kobuki_ros_interfaces/share/kobuki_ros_interfaces/msg/CliffEvent.idl
[21.943s] -- Symlinking: /home/igor/tb2_ros2_nav2/ros2_ws/install/kobuki_ros_interfaces/share/kobuki_ros_interfaces/msg/DigitalOutput.idl
[21.949s] -- Symlinking: /home/igor/tb2_ros2_nav2/ros2_ws/install/kobuki_ros_interfaces/share/kobuki_ros_interfaces/msg/ExternalPower.idl
[21.955s] -- Symlinking: /home/igor/tb2_ros2_nav2/ros2_ws/install/kobuki_ros_interfaces/share/kobuki_ros_interfaces/msg/Led.idl
[21.962s] -- Symlinking: /home/igor/tb2_ros2_nav2/ros2_ws/install/kobuki_ros_interfaces/share/kobuki_ros_interfaces/msg/PowerSystemEvent.idl
[21.968s] -- Symlinking: /home/igor/tb2_ros2_nav2/ros2_ws/install/kobuki_ros_interfaces/share/kobuki_ros_interfaces/msg/SensorState.idl
[21.975s] -- Symlinking: /home/igor/tb2_ros2_nav2/ros2_ws/install/kobuki_ros_interfaces/share/kobuki_ros_interfaces/msg/VersionInfo.idl
[21.981s] -- Symlinking: /home/igor/tb2_ros2_nav2/ros2_ws/install/kobuki_ros_interfaces/share/kobuki_ros_interfaces/msg/ControllerInfo.idl
[21.987s] -- Symlinking: /home/igor/tb2_ros2_nav2/ros2_ws/install/kobuki_ros_interfaces/share/kobuki_ros_interfaces/msg/ButtonEvent.idl
[21.993s] -- Symlinking: /home/igor/tb2_ros2_nav2/ros2_ws/install/kobuki_ros_interfaces/share/kobuki_ros_interfaces/msg/DigitalInputEvent.idl
[22.002s] -- Symlinking: /home/igor/tb2_ros2_nav2/ros2_ws/install/kobuki_ros_interfaces/share/kobuki_ros_interfaces/msg/DockInfraRed.idl
[22.011s] -- Symlinking: /home/igor/tb2_ros2_nav2/ros2_ws/install/kobuki_ros_interfaces/share/kobuki_ros_interfaces/msg/KeyboardInput.idl
[22.018s] -- Symlinking: /home/igor/tb2_ros2_nav2/ros2_ws/install/kobuki_ros_interfaces/share/kobuki_ros_interfaces/msg/MotorPower.idl
[22.025s] -- Symlinking: /home/igor/tb2_ros2_nav2/ros2_ws/install/kobuki_ros_interfaces/share/kobuki_ros_interfaces/msg/RobotStateEvent.idl
[22.035s] -- Symlinking: /home/igor/tb2_ros2_nav2/ros2_ws/install/kobuki_ros_interfaces/share/kobuki_ros_interfaces/msg/Sound.idl
[22.049s] -- Symlinking: /home/igor/tb2_ros2_nav2/ros2_ws/install/kobuki_ros_interfaces/share/kobuki_ros_interfaces/msg/ScanAngle.idl
[22.056s] -- Symlinking: /home/igor/tb2_ros2_nav2/ros2_ws/install/kobuki_ros_interfaces/share/kobuki_ros_interfaces/msg/WheelDropEvent.idl
[22.064s] -- Symlinking: /home/igor/tb2_ros2_nav2/ros2_ws/install/kobuki_ros_interfaces/share/kobuki_ros_interfaces/action/AutoDocking.idl
[22.071s] -- Symlinking: /home/igor/tb2_ros2_nav2/ros2_ws/install/kobuki_ros_interfaces/share/kobuki_ros_interfaces/msg/BumperEvent.msg
[22.080s] -- Symlinking: /home/igor/tb2_ros2_nav2/ros2_ws/install/kobuki_ros_interfaces/share/kobuki_ros_interfaces/msg/CliffEvent.msg
[22.086s] -- Symlinking: /home/igor/tb2_ros2_nav2/ros2_ws/install/kobuki_ros_interfaces/share/kobuki_ros_interfaces/msg/DigitalOutput.msg
[22.094s] -- Symlinking: /home/igor/tb2_ros2_nav2/ros2_ws/install/kobuki_ros_interfaces/share/kobuki_ros_interfaces/msg/ExternalPower.msg
[22.103s] -- Symlinking: /home/igor/tb2_ros2_nav2/ros2_ws/install/kobuki_ros_interfaces/share/kobuki_ros_interfaces/msg/Led.msg
[22.112s] -- Symlinking: /home/igor/tb2_ros2_nav2/ros2_ws/install/kobuki_ros_interfaces/share/kobuki_ros_interfaces/msg/PowerSystemEvent.msg
[22.119s] -- Symlinking: /home/igor/tb2_ros2_nav2/ros2_ws/install/kobuki_ros_interfaces/share/kobuki_ros_interfaces/msg/SensorState.msg
[22.125s] -- Symlinking: /home/igor/tb2_ros2_nav2/ros2_ws/install/kobuki_ros_interfaces/share/kobuki_ros_interfaces/msg/VersionInfo.msg
[22.133s] -- Symlinking: /home/igor/tb2_ros2_nav2/ros2_ws/install/kobuki_ros_interfaces/share/kobuki_ros_interfaces/msg/ControllerInfo.msg
[22.139s] -- Symlinking: /home/igor/tb2_ros2_nav2/ros2_ws/install/kobuki_ros_interfaces/share/kobuki_ros_interfaces/msg/ButtonEvent.msg
[22.148s] -- Symlinking: /home/igor/tb2_ros2_nav2/ros2_ws/install/kobuki_ros_interfaces/share/kobuki_ros_interfaces/msg/DigitalInputEvent.msg
[22.154s] -- Symlinking: /home/igor/tb2_ros2_nav2/ros2_ws/install/kobuki_ros_interfaces/share/kobuki_ros_interfaces/msg/DockInfraRed.msg
[22.161s] -- Symlinking: /home/igor/tb2_ros2_nav2/ros2_ws/install/kobuki_ros_interfaces/share/kobuki_ros_interfaces/msg/KeyboardInput.msg
[22.168s] -- Symlinking: /home/igor/tb2_ros2_nav2/ros2_ws/install/kobuki_ros_interfaces/share/kobuki_ros_interfaces/msg/MotorPower.msg
[22.175s] -- Symlinking: /home/igor/tb2_ros2_nav2/ros2_ws/install/kobuki_ros_interfaces/share/kobuki_ros_interfaces/msg/RobotStateEvent.msg
[22.182s] -- Symlinking: /home/igor/tb2_ros2_nav2/ros2_ws/install/kobuki_ros_interfaces/share/kobuki_ros_interfaces/msg/Sound.msg
[22.190s] -- Symlinking: /home/igor/tb2_ros2_nav2/ros2_ws/install/kobuki_ros_interfaces/share/kobuki_ros_interfaces/msg/ScanAngle.msg
[22.198s] -- Symlinking: /home/igor/tb2_ros2_nav2/ros2_ws/install/kobuki_ros_interfaces/share/kobuki_ros_interfaces/msg/WheelDropEvent.msg
[22.206s] -- Symlinking: /home/igor/tb2_ros2_nav2/ros2_ws/install/kobuki_ros_interfaces/share/kobuki_ros_interfaces/action/AutoDocking.action
[22.215s] -- Symlinking: /home/igor/tb2_ros2_nav2/ros2_ws/install/kobuki_ros_interfaces/share/ament_index/resource_index/package_run_dependencies/kobuki_ros_interfaces
[22.224s] -- Symlinking: /home/igor/tb2_ros2_nav2/ros2_ws/install/kobuki_ros_interfaces/share/ament_index/resource_index/parent_prefix_path/kobuki_ros_interfaces
[22.232s] -- Symlinking: /home/igor/tb2_ros2_nav2/ros2_ws/install/kobuki_ros_interfaces/share/kobuki_ros_interfaces/environment/ament_prefix_path.sh
[22.240s] -- Symlinking: /home/igor/tb2_ros2_nav2/ros2_ws/install/kobuki_ros_interfaces/share/kobuki_ros_interfaces/environment/ament_prefix_path.dsv
[22.248s] -- Symlinking: /home/igor/tb2_ros2_nav2/ros2_ws/install/kobuki_ros_interfaces/share/kobuki_ros_interfaces/environment/path.sh
[22.256s] -- Symlinking: /home/igor/tb2_ros2_nav2/ros2_ws/install/kobuki_ros_interfaces/share/kobuki_ros_interfaces/environment/path.dsv
[22.263s] -- Symlinking: /home/igor/tb2_ros2_nav2/ros2_ws/install/kobuki_ros_interfaces/share/kobuki_ros_interfaces/local_setup.bash
[22.272s] -- Symlinking: /home/igor/tb2_ros2_nav2/ros2_ws/install/kobuki_ros_interfaces/share/kobuki_ros_interfaces/local_setup.sh
[22.279s] -- Symlinking: /home/igor/tb2_ros2_nav2/ros2_ws/install/kobuki_ros_interfaces/share/kobuki_ros_interfaces/local_setup.zsh
[22.286s] -- Symlinking: /home/igor/tb2_ros2_nav2/ros2_ws/install/kobuki_ros_interfaces/share/kobuki_ros_interfaces/local_setup.dsv
[22.293s] -- Symlinking: /home/igor/tb2_ros2_nav2/ros2_ws/install/kobuki_ros_interfaces/share/kobuki_ros_interfaces/package.dsv
[22.299s] -- Symlinking: /home/igor/tb2_ros2_nav2/ros2_ws/install/kobuki_ros_interfaces/share/ament_index/resource_index/packages/kobuki_ros_interfaces
[22.307s] -- Symlinking: /home/igor/tb2_ros2_nav2/ros2_ws/install/kobuki_ros_interfaces/share/kobuki_ros_interfaces/cmake/rosidl_cmake-extras.cmake
[22.316s] -- Symlinking: /home/igor/tb2_ros2_nav2/ros2_ws/install/kobuki_ros_interfaces/share/kobuki_ros_interfaces/cmake/ament_cmake_export_dependencies-extras.cmake
[22.324s] -- Symlinking: /home/igor/tb2_ros2_nav2/ros2_ws/install/kobuki_ros_interfaces/share/kobuki_ros_interfaces/cmake/ament_cmake_export_libraries-extras.cmake
[22.331s] -- Symlinking: /home/igor/tb2_ros2_nav2/ros2_ws/install/kobuki_ros_interfaces/share/kobuki_ros_interfaces/cmake/ament_cmake_export_targets-extras.cmake
[22.339s] -- Symlinking: /home/igor/tb2_ros2_nav2/ros2_ws/install/kobuki_ros_interfaces/share/kobuki_ros_interfaces/cmake/ament_cmake_export_include_directories-extras.cmake
[22.346s] -- Symlinking: /home/igor/tb2_ros2_nav2/ros2_ws/install/kobuki_ros_interfaces/share/kobuki_ros_interfaces/cmake/rosidl_cmake_export_typesupport_libraries-extras.cmake
[22.353s] -- Symlinking: /home/igor/tb2_ros2_nav2/ros2_ws/install/kobuki_ros_interfaces/share/kobuki_ros_interfaces/cmake/rosidl_cmake_export_typesupport_targets-extras.cmake
[22.360s] -- Symlinking: /home/igor/tb2_ros2_nav2/ros2_ws/install/kobuki_ros_interfaces/share/kobuki_ros_interfaces/cmake/kobuki_ros_interfacesConfig.cmake
[22.369s] -- Symlinking: /home/igor/tb2_ros2_nav2/ros2_ws/install/kobuki_ros_interfaces/share/kobuki_ros_interfaces/cmake/kobuki_ros_interfacesConfig-version.cmake
[22.379s] -- Symlinking: /home/igor/tb2_ros2_nav2/ros2_ws/install/kobuki_ros_interfaces/share/kobuki_ros_interfaces/package.xml
[22.390s] -- Installing: /home/igor/tb2_ros2_nav2/ros2_ws/install/kobuki_ros_interfaces/lib/libkobuki_ros_interfaces__rosidl_generator_c.so
[22.390s] -- Set runtime path of "/home/igor/tb2_ros2_nav2/ros2_ws/install/kobuki_ros_interfaces/lib/libkobuki_ros_interfaces__rosidl_generator_c.so" to ""
[22.390s] -- Installing: /home/igor/tb2_ros2_nav2/ros2_ws/install/kobuki_ros_interfaces/lib/libkobuki_ros_interfaces__rosidl_typesupport_introspection_c.so
[22.391s] -- Set runtime path of "/home/igor/tb2_ros2_nav2/ros2_ws/install/kobuki_ros_interfaces/lib/libkobuki_ros_interfaces__rosidl_typesupport_introspection_c.so" to ""
[22.391s] -- Installing: /home/igor/tb2_ros2_nav2/ros2_ws/install/kobuki_ros_interfaces/lib/libkobuki_ros_interfaces__rosidl_typesupport_c.so
[22.391s] -- Set runtime path of "/home/igor/tb2_ros2_nav2/ros2_ws/install/kobuki_ros_interfaces/lib/libkobuki_ros_interfaces__rosidl_typesupport_c.so" to ""
[22.391s] -- Installing: /home/igor/tb2_ros2_nav2/ros2_ws/install/kobuki_ros_interfaces/lib/libkobuki_ros_interfaces__rosidl_typesupport_introspection_cpp.so
[22.392s] -- Set runtime path of "/home/igor/tb2_ros2_nav2/ros2_ws/install/kobuki_ros_interfaces/lib/libkobuki_ros_interfaces__rosidl_typesupport_introspection_cpp.so" to ""
[22.392s] -- Installing: /home/igor/tb2_ros2_nav2/ros2_ws/install/kobuki_ros_interfaces/lib/libkobuki_ros_interfaces__rosidl_typesupport_cpp.so
[22.393s] -- Set runtime path of "/home/igor/tb2_ros2_nav2/ros2_ws/install/kobuki_ros_interfaces/lib/libkobuki_ros_interfaces__rosidl_typesupport_cpp.so" to ""
[22.423s] Compiling '/home/igor/tb2_ros2_nav2/ros2_ws/install/kobuki_ros_interfaces/lib/python3.8/site-packages/kobuki_ros_interfaces/__init__.py'...
[22.428s] -- Installing: /home/igor/tb2_ros2_nav2/ros2_ws/install/kobuki_ros_interfaces/share/kobuki_ros_interfaces/cmake/kobuki_ros_interfaces__rosidl_generator_cExport.cmake
[22.428s] -- Installing: /home/igor/tb2_ros2_nav2/ros2_ws/install/kobuki_ros_interfaces/share/kobuki_ros_interfaces/cmake/kobuki_ros_interfaces__rosidl_generator_cExport-noconfig.cmake
[22.429s] -- Installing: /home/igor/tb2_ros2_nav2/ros2_ws/install/kobuki_ros_interfaces/share/kobuki_ros_interfaces/cmake/kobuki_ros_interfaces__rosidl_typesupport_introspection_cExport.cmake
[22.429s] -- Installing: /home/igor/tb2_ros2_nav2/ros2_ws/install/kobuki_ros_interfaces/share/kobuki_ros_interfaces/cmake/kobuki_ros_interfaces__rosidl_typesupport_introspection_cExport-noconfig.cmake
[22.429s] -- Installing: /home/igor/tb2_ros2_nav2/ros2_ws/install/kobuki_ros_interfaces/share/kobuki_ros_interfaces/cmake/kobuki_ros_interfaces__rosidl_typesupport_cExport.cmake
[22.429s] -- Installing: /home/igor/tb2_ros2_nav2/ros2_ws/install/kobuki_ros_interfaces/share/kobuki_ros_interfaces/cmake/kobuki_ros_interfaces__rosidl_typesupport_cExport-noconfig.cmake
[22.430s] -- Installing: /home/igor/tb2_ros2_nav2/ros2_ws/install/kobuki_ros_interfaces/share/kobuki_ros_interfaces/cmake/kobuki_ros_interfaces__rosidl_generator_cppExport.cmake
[22.430s] -- Installing: /home/igor/tb2_ros2_nav2/ros2_ws/install/kobuki_ros_interfaces/share/kobuki_ros_interfaces/cmake/kobuki_ros_interfaces__rosidl_typesupport_introspection_cppExport.cmake
[22.430s] -- Installing: /home/igor/tb2_ros2_nav2/ros2_ws/install/kobuki_ros_interfaces/share/kobuki_ros_interfaces/cmake/kobuki_ros_interfaces__rosidl_typesupport_introspection_cppExport-noconfig.cmake
[22.430s] -- Installing: /home/igor/tb2_ros2_nav2/ros2_ws/install/kobuki_ros_interfaces/share/kobuki_ros_interfaces/cmake/kobuki_ros_interfaces__rosidl_typesupport_cppExport.cmake
[22.430s] -- Installing: /home/igor/tb2_ros2_nav2/ros2_ws/install/kobuki_ros_interfaces/share/kobuki_ros_interfaces/cmake/kobuki_ros_interfaces__rosidl_typesupport_cppExport-noconfig.cmake
[22.434s] Invoked command in '/home/igor/tb2_ros2_nav2/ros2_ws/build/kobuki_ros_interfaces' returned '0': CMAKE_PREFIX_PATH=${CMAKE_PREFIX_PATH}:/opt/ros/galactic /usr/bin/cmake --install /home/igor/tb2_ros2_nav2/ros2_ws/build/kobuki_ros_interfaces
