[0.190s] DEBUG:colcon:Command line arguments: ['/usr/bin/colcon', 'build']
[0.190s] DEBUG:colcon:Parsed command line arguments: Namespace(allow_overriding=[], ament_cmake_args=None, base_paths=['.'], build_base='build', catkin_cmake_args=None, catkin_skip_building_tests=False, cmake_args=None, cmake_clean_cache=False, cmake_clean_first=False, cmake_force_configure=False, cmake_target=None, cmake_target_skip_unavailable=False, continue_on_error=False, event_handlers=None, executor='parallel', ignore_user_meta=False, install_base='install', log_base=None, log_level=None, main=<bound method BuildVerb.main of <colcon_core.verb.build.BuildVerb object at 0x7fbb36b79640>>, merge_install=False, metas=['./colcon.meta'], packages_above=None, packages_above_and_dependencies=None, packages_above_depth=None, packages_end=None, packages_ignore=None, packages_ignore_regex=None, packages_select=None, packages_select_build_failed=False, packages_select_by_dep=None, packages_select_regex=None, packages_select_test_failures=False, packages_skip=None, packages_skip_build_finished=False, packages_skip_by_dep=None, packages_skip_regex=None, packages_skip_test_passed=False, packages_skip_up_to=None, packages_start=None, packages_up_to=None, packages_up_to_regex=None, parallel_workers=16, paths=None, symlink_install=False, test_result_base=None, verb_extension=<colcon_core.verb.build.BuildVerb object at 0x7fbb36b79640>, verb_name='build', verb_parser=<colcon_defaults.argument_parser.defaults.DefaultArgumentsDecorator object at 0x7fbb36a153d0>)
[0.218s] Level 1:colcon.colcon_core.package_discovery:discover_packages(colcon_meta) check parameters
[0.218s] Level 1:colcon.colcon_core.package_discovery:discover_packages(recursive) check parameters
[0.218s] Level 1:colcon.colcon_core.package_discovery:discover_packages(ignore) check parameters
[0.218s] Level 1:colcon.colcon_core.package_discovery:discover_packages(path) check parameters
[0.218s] Level 1:colcon.colcon_core.package_discovery:discover_packages(colcon_meta) discover
[0.218s] Level 1:colcon.colcon_core.package_discovery:discover_packages(recursive) discover
[0.218s] INFO:colcon.colcon_core.package_discovery:Crawling recursively for packages in '/home/igor/tb2_ros2_nav2/ros2_ws'
[0.218s] Level 1:colcon.colcon_core.package_identification:_identify(.) by extensions ['ignore', 'ignore_ament_install']
[0.218s] Level 1:colcon.colcon_core.package_identification:_identify(.) by extension 'ignore'
[0.218s] Level 1:colcon.colcon_core.package_identification:_identify(.) by extension 'ignore_ament_install'
[0.218s] Level 1:colcon.colcon_core.package_identification:_identify(.) by extensions ['colcon_pkg']
[0.218s] Level 1:colcon.colcon_core.package_identification:_identify(.) by extension 'colcon_pkg'
[0.218s] Level 1:colcon.colcon_core.package_identification:_identify(.) by extensions ['colcon_meta']
[0.218s] Level 1:colcon.colcon_core.package_identification:_identify(.) by extension 'colcon_meta'
[0.218s] Level 1:colcon.colcon_core.package_identification:_identify(.) by extensions ['ros']
[0.218s] Level 1:colcon.colcon_core.package_identification:_identify(.) by extension 'ros'
[0.232s] Level 1:colcon.colcon_core.package_identification:_identify(.) by extensions ['cmake', 'python']
[0.232s] Level 1:colcon.colcon_core.package_identification:_identify(.) by extension 'cmake'
[0.232s] Level 1:colcon.colcon_core.package_identification:_identify(.) by extension 'python'
[0.232s] Level 1:colcon.colcon_core.package_identification:_identify(.) by extensions ['python_setup_py']
[0.232s] Level 1:colcon.colcon_core.package_identification:_identify(.) by extension 'python_setup_py'
[0.232s] Level 1:colcon.colcon_core.package_identification:_identify(build) by extensions ['ignore', 'ignore_ament_install']
[0.232s] Level 1:colcon.colcon_core.package_identification:_identify(build) by extension 'ignore'
[0.232s] Level 1:colcon.colcon_core.package_identification:_identify(build) ignored
[0.232s] Level 1:colcon.colcon_core.package_identification:_identify(install) by extensions ['ignore', 'ignore_ament_install']
[0.232s] Level 1:colcon.colcon_core.package_identification:_identify(install) by extension 'ignore'
[0.232s] Level 1:colcon.colcon_core.package_identification:_identify(install) ignored
[0.232s] Level 1:colcon.colcon_core.package_identification:_identify(log) by extensions ['ignore', 'ignore_ament_install']
[0.232s] Level 1:colcon.colcon_core.package_identification:_identify(log) by extension 'ignore'
[0.232s] Level 1:colcon.colcon_core.package_identification:_identify(log) ignored
[0.233s] Level 1:colcon.colcon_core.package_identification:_identify(src) by extensions ['ignore', 'ignore_ament_install']
[0.233s] Level 1:colcon.colcon_core.package_identification:_identify(src) by extension 'ignore'
[0.233s] Level 1:colcon.colcon_core.package_identification:_identify(src) by extension 'ignore_ament_install'
[0.233s] Level 1:colcon.colcon_core.package_identification:_identify(src) by extensions ['colcon_pkg']
[0.233s] Level 1:colcon.colcon_core.package_identification:_identify(src) by extension 'colcon_pkg'
[0.233s] Level 1:colcon.colcon_core.package_identification:_identify(src) by extensions ['colcon_meta']
[0.233s] Level 1:colcon.colcon_core.package_identification:_identify(src) by extension 'colcon_meta'
[0.233s] Level 1:colcon.colcon_core.package_identification:_identify(src) by extensions ['ros']
[0.233s] Level 1:colcon.colcon_core.package_identification:_identify(src) by extension 'ros'
[0.233s] Level 1:colcon.colcon_core.package_identification:_identify(src) by extensions ['cmake', 'python']
[0.233s] Level 1:colcon.colcon_core.package_identification:_identify(src) by extension 'cmake'
[0.233s] Level 1:colcon.colcon_core.package_identification:_identify(src) by extension 'python'
[0.233s] Level 1:colcon.colcon_core.package_identification:_identify(src) by extensions ['python_setup_py']
[0.233s] Level 1:colcon.colcon_core.package_identification:_identify(src) by extension 'python_setup_py'
[0.233s] Level 1:colcon.colcon_core.package_identification:_identify(src/cmd_vel_mux) by extensions ['ignore', 'ignore_ament_install']
[0.233s] Level 1:colcon.colcon_core.package_identification:_identify(src/cmd_vel_mux) by extension 'ignore'
[0.233s] Level 1:colcon.colcon_core.package_identification:_identify(src/cmd_vel_mux) by extension 'ignore_ament_install'
[0.233s] Level 1:colcon.colcon_core.package_identification:_identify(src/cmd_vel_mux) by extensions ['colcon_pkg']
[0.233s] Level 1:colcon.colcon_core.package_identification:_identify(src/cmd_vel_mux) by extension 'colcon_pkg'
[0.233s] Level 1:colcon.colcon_core.package_identification:_identify(src/cmd_vel_mux) by extensions ['colcon_meta']
[0.233s] Level 1:colcon.colcon_core.package_identification:_identify(src/cmd_vel_mux) by extension 'colcon_meta'
[0.233s] Level 1:colcon.colcon_core.package_identification:_identify(src/cmd_vel_mux) by extensions ['ros']
[0.233s] Level 1:colcon.colcon_core.package_identification:_identify(src/cmd_vel_mux) by extension 'ros'
[0.236s] DEBUG:colcon.colcon_core.package_identification:Package 'src/cmd_vel_mux' with type 'ros.ament_cmake' and name 'cmd_vel_mux'
[0.236s] Level 1:colcon.colcon_core.package_identification:_identify(src/kobuki_core) by extensions ['ignore', 'ignore_ament_install']
[0.236s] Level 1:colcon.colcon_core.package_identification:_identify(src/kobuki_core) by extension 'ignore'
[0.236s] Level 1:colcon.colcon_core.package_identification:_identify(src/kobuki_core) by extension 'ignore_ament_install'
[0.236s] Level 1:colcon.colcon_core.package_identification:_identify(src/kobuki_core) by extensions ['colcon_pkg']
[0.236s] Level 1:colcon.colcon_core.package_identification:_identify(src/kobuki_core) by extension 'colcon_pkg'
[0.236s] Level 1:colcon.colcon_core.package_identification:_identify(src/kobuki_core) by extensions ['colcon_meta']
[0.236s] Level 1:colcon.colcon_core.package_identification:_identify(src/kobuki_core) by extension 'colcon_meta'
[0.236s] Level 1:colcon.colcon_core.package_identification:_identify(src/kobuki_core) by extensions ['ros']
[0.236s] Level 1:colcon.colcon_core.package_identification:_identify(src/kobuki_core) by extension 'ros'
[0.237s] DEBUG:colcon.colcon_core.package_identification:Package 'src/kobuki_core' with type 'ros.ament_cmake' and name 'kobuki_core'
[0.237s] Level 1:colcon.colcon_core.package_identification:_identify(src/kobuki_ros) by extensions ['ignore', 'ignore_ament_install']
[0.237s] Level 1:colcon.colcon_core.package_identification:_identify(src/kobuki_ros) by extension 'ignore'
[0.237s] Level 1:colcon.colcon_core.package_identification:_identify(src/kobuki_ros) by extension 'ignore_ament_install'
[0.237s] Level 1:colcon.colcon_core.package_identification:_identify(src/kobuki_ros) by extensions ['colcon_pkg']
[0.237s] Level 1:colcon.colcon_core.package_identification:_identify(src/kobuki_ros) by extension 'colcon_pkg'
[0.237s] Level 1:colcon.colcon_core.package_identification:_identify(src/kobuki_ros) by extensions ['colcon_meta']
[0.237s] Level 1:colcon.colcon_core.package_identification:_identify(src/kobuki_ros) by extension 'colcon_meta'
[0.237s] Level 1:colcon.colcon_core.package_identification:_identify(src/kobuki_ros) by extensions ['ros']
[0.237s] Level 1:colcon.colcon_core.package_identification:_identify(src/kobuki_ros) by extension 'ros'
[0.237s] Level 1:colcon.colcon_core.package_identification:_identify(src/kobuki_ros) by extensions ['cmake', 'python']
[0.237s] Level 1:colcon.colcon_core.package_identification:_identify(src/kobuki_ros) by extension 'cmake'
[0.238s] Level 1:colcon.colcon_core.package_identification:_identify(src/kobuki_ros) by extension 'python'
[0.238s] Level 1:colcon.colcon_core.package_identification:_identify(src/kobuki_ros) by extensions ['python_setup_py']
[0.238s] Level 1:colcon.colcon_core.package_identification:_identify(src/kobuki_ros) by extension 'python_setup_py'
[0.238s] Level 1:colcon.colcon_core.package_identification:_identify(src/kobuki_ros/kobuki_auto_docking) by extensions ['ignore', 'ignore_ament_install']
[0.238s] Level 1:colcon.colcon_core.package_identification:_identify(src/kobuki_ros/kobuki_auto_docking) by extension 'ignore'
[0.238s] Level 1:colcon.colcon_core.package_identification:_identify(src/kobuki_ros/kobuki_auto_docking) by extension 'ignore_ament_install'
[0.238s] Level 1:colcon.colcon_core.package_identification:_identify(src/kobuki_ros/kobuki_auto_docking) by extensions ['colcon_pkg']
[0.238s] Level 1:colcon.colcon_core.package_identification:_identify(src/kobuki_ros/kobuki_auto_docking) by extension 'colcon_pkg'
[0.238s] Level 1:colcon.colcon_core.package_identification:_identify(src/kobuki_ros/kobuki_auto_docking) by extensions ['colcon_meta']
[0.238s] Level 1:colcon.colcon_core.package_identification:_identify(src/kobuki_ros/kobuki_auto_docking) by extension 'colcon_meta'
[0.238s] Level 1:colcon.colcon_core.package_identification:_identify(src/kobuki_ros/kobuki_auto_docking) by extensions ['ros']
[0.238s] Level 1:colcon.colcon_core.package_identification:_identify(src/kobuki_ros/kobuki_auto_docking) by extension 'ros'
[0.239s] DEBUG:colcon.colcon_core.package_identification:Package 'src/kobuki_ros/kobuki_auto_docking' with type 'ros.ament_cmake' and name 'kobuki_auto_docking'
[0.239s] Level 1:colcon.colcon_core.package_identification:_identify(src/kobuki_ros/kobuki_bumper2pc) by extensions ['ignore', 'ignore_ament_install']
[0.239s] Level 1:colcon.colcon_core.package_identification:_identify(src/kobuki_ros/kobuki_bumper2pc) by extension 'ignore'
[0.239s] Level 1:colcon.colcon_core.package_identification:_identify(src/kobuki_ros/kobuki_bumper2pc) by extension 'ignore_ament_install'
[0.240s] Level 1:colcon.colcon_core.package_identification:_identify(src/kobuki_ros/kobuki_bumper2pc) by extensions ['colcon_pkg']
[0.240s] Level 1:colcon.colcon_core.package_identification:_identify(src/kobuki_ros/kobuki_bumper2pc) by extension 'colcon_pkg'
[0.240s] Level 1:colcon.colcon_core.package_identification:_identify(src/kobuki_ros/kobuki_bumper2pc) by extensions ['colcon_meta']
[0.240s] Level 1:colcon.colcon_core.package_identification:_identify(src/kobuki_ros/kobuki_bumper2pc) by extension 'colcon_meta'
[0.240s] Level 1:colcon.colcon_core.package_identification:_identify(src/kobuki_ros/kobuki_bumper2pc) by extensions ['ros']
[0.240s] Level 1:colcon.colcon_core.package_identification:_identify(src/kobuki_ros/kobuki_bumper2pc) by extension 'ros'
[0.240s] DEBUG:colcon.colcon_core.package_identification:Package 'src/kobuki_ros/kobuki_bumper2pc' with type 'ros.ament_cmake' and name 'kobuki_bumper2pc'
[0.241s] Level 1:colcon.colcon_core.package_identification:_identify(src/kobuki_ros/kobuki_controller_tutorial) by extensions ['ignore', 'ignore_ament_install']
[0.241s] Level 1:colcon.colcon_core.package_identification:_identify(src/kobuki_ros/kobuki_controller_tutorial) by extension 'ignore'
[0.241s] Level 1:colcon.colcon_core.package_identification:_identify(src/kobuki_ros/kobuki_controller_tutorial) ignored
[0.241s] Level 1:colcon.colcon_core.package_identification:_identify(src/kobuki_ros/kobuki_description) by extensions ['ignore', 'ignore_ament_install']
[0.241s] Level 1:colcon.colcon_core.package_identification:_identify(src/kobuki_ros/kobuki_description) by extension 'ignore'
[0.241s] Level 1:colcon.colcon_core.package_identification:_identify(src/kobuki_ros/kobuki_description) by extension 'ignore_ament_install'
[0.241s] Level 1:colcon.colcon_core.package_identification:_identify(src/kobuki_ros/kobuki_description) by extensions ['colcon_pkg']
[0.241s] Level 1:colcon.colcon_core.package_identification:_identify(src/kobuki_ros/kobuki_description) by extension 'colcon_pkg'
[0.241s] Level 1:colcon.colcon_core.package_identification:_identify(src/kobuki_ros/kobuki_description) by extensions ['colcon_meta']
[0.241s] Level 1:colcon.colcon_core.package_identification:_identify(src/kobuki_ros/kobuki_description) by extension 'colcon_meta'
[0.241s] Level 1:colcon.colcon_core.package_identification:_identify(src/kobuki_ros/kobuki_description) by extensions ['ros']
[0.241s] Level 1:colcon.colcon_core.package_identification:_identify(src/kobuki_ros/kobuki_description) by extension 'ros'
[0.242s] DEBUG:colcon.colcon_core.package_identification:Package 'src/kobuki_ros/kobuki_description' with type 'ros.ament_cmake' and name 'kobuki_description'
[0.242s] Level 1:colcon.colcon_core.package_identification:_identify(src/kobuki_ros/kobuki_keyop) by extensions ['ignore', 'ignore_ament_install']
[0.242s] Level 1:colcon.colcon_core.package_identification:_identify(src/kobuki_ros/kobuki_keyop) by extension 'ignore'
[0.242s] Level 1:colcon.colcon_core.package_identification:_identify(src/kobuki_ros/kobuki_keyop) by extension 'ignore_ament_install'
[0.242s] Level 1:colcon.colcon_core.package_identification:_identify(src/kobuki_ros/kobuki_keyop) by extensions ['colcon_pkg']
[0.242s] Level 1:colcon.colcon_core.package_identification:_identify(src/kobuki_ros/kobuki_keyop) by extension 'colcon_pkg'
[0.242s] Level 1:colcon.colcon_core.package_identification:_identify(src/kobuki_ros/kobuki_keyop) by extensions ['colcon_meta']
[0.242s] Level 1:colcon.colcon_core.package_identification:_identify(src/kobuki_ros/kobuki_keyop) by extension 'colcon_meta'
[0.242s] Level 1:colcon.colcon_core.package_identification:_identify(src/kobuki_ros/kobuki_keyop) by extensions ['ros']
[0.242s] Level 1:colcon.colcon_core.package_identification:_identify(src/kobuki_ros/kobuki_keyop) by extension 'ros'
[0.243s] DEBUG:colcon.colcon_core.package_identification:Package 'src/kobuki_ros/kobuki_keyop' with type 'ros.ament_cmake' and name 'kobuki_keyop'
[0.243s] Level 1:colcon.colcon_core.package_identification:_identify(src/kobuki_ros/kobuki_node) by extensions ['ignore', 'ignore_ament_install']
[0.243s] Level 1:colcon.colcon_core.package_identification:_identify(src/kobuki_ros/kobuki_node) by extension 'ignore'
[0.243s] Level 1:colcon.colcon_core.package_identification:_identify(src/kobuki_ros/kobuki_node) by extension 'ignore_ament_install'
[0.243s] Level 1:colcon.colcon_core.package_identification:_identify(src/kobuki_ros/kobuki_node) by extensions ['colcon_pkg']
[0.243s] Level 1:colcon.colcon_core.package_identification:_identify(src/kobuki_ros/kobuki_node) by extension 'colcon_pkg'
[0.243s] Level 1:colcon.colcon_core.package_identification:_identify(src/kobuki_ros/kobuki_node) by extensions ['colcon_meta']
[0.243s] Level 1:colcon.colcon_core.package_identification:_identify(src/kobuki_ros/kobuki_node) by extension 'colcon_meta'
[0.243s] Level 1:colcon.colcon_core.package_identification:_identify(src/kobuki_ros/kobuki_node) by extensions ['ros']
[0.243s] Level 1:colcon.colcon_core.package_identification:_identify(src/kobuki_ros/kobuki_node) by extension 'ros'
[0.244s] DEBUG:colcon.colcon_core.package_identification:Package 'src/kobuki_ros/kobuki_node' with type 'ros.ament_cmake' and name 'kobuki_node'
[0.244s] Level 1:colcon.colcon_core.package_identification:_identify(src/kobuki_ros/kobuki_random_walker) by extensions ['ignore', 'ignore_ament_install']
[0.244s] Level 1:colcon.colcon_core.package_identification:_identify(src/kobuki_ros/kobuki_random_walker) by extension 'ignore'
[0.245s] Level 1:colcon.colcon_core.package_identification:_identify(src/kobuki_ros/kobuki_random_walker) by extension 'ignore_ament_install'
[0.245s] Level 1:colcon.colcon_core.package_identification:_identify(src/kobuki_ros/kobuki_random_walker) by extensions ['colcon_pkg']
[0.245s] Level 1:colcon.colcon_core.package_identification:_identify(src/kobuki_ros/kobuki_random_walker) by extension 'colcon_pkg'
[0.245s] Level 1:colcon.colcon_core.package_identification:_identify(src/kobuki_ros/kobuki_random_walker) by extensions ['colcon_meta']
[0.245s] Level 1:colcon.colcon_core.package_identification:_identify(src/kobuki_ros/kobuki_random_walker) by extension 'colcon_meta'
[0.245s] Level 1:colcon.colcon_core.package_identification:_identify(src/kobuki_ros/kobuki_random_walker) by extensions ['ros']
[0.245s] Level 1:colcon.colcon_core.package_identification:_identify(src/kobuki_ros/kobuki_random_walker) by extension 'ros'
[0.245s] DEBUG:colcon.colcon_core.package_identification:Package 'src/kobuki_ros/kobuki_random_walker' with type 'ros.ament_cmake' and name 'kobuki_random_walker'
[0.245s] Level 1:colcon.colcon_core.package_identification:_identify(src/kobuki_ros/kobuki_ros) by extensions ['ignore', 'ignore_ament_install']
[0.245s] Level 1:colcon.colcon_core.package_identification:_identify(src/kobuki_ros/kobuki_ros) by extension 'ignore'
[0.246s] Level 1:colcon.colcon_core.package_identification:_identify(src/kobuki_ros/kobuki_ros) by extension 'ignore_ament_install'
[0.246s] Level 1:colcon.colcon_core.package_identification:_identify(src/kobuki_ros/kobuki_ros) by extensions ['colcon_pkg']
[0.246s] Level 1:colcon.colcon_core.package_identification:_identify(src/kobuki_ros/kobuki_ros) by extension 'colcon_pkg'
[0.246s] Level 1:colcon.colcon_core.package_identification:_identify(src/kobuki_ros/kobuki_ros) by extensions ['colcon_meta']
[0.246s] Level 1:colcon.colcon_core.package_identification:_identify(src/kobuki_ros/kobuki_ros) by extension 'colcon_meta'
[0.246s] Level 1:colcon.colcon_core.package_identification:_identify(src/kobuki_ros/kobuki_ros) by extensions ['ros']
[0.246s] Level 1:colcon.colcon_core.package_identification:_identify(src/kobuki_ros/kobuki_ros) by extension 'ros'
[0.246s] DEBUG:colcon.colcon_core.package_identification:Package 'src/kobuki_ros/kobuki_ros' with type 'ros.ament_cmake' and name 'kobuki_ros'
[0.246s] Level 1:colcon.colcon_core.package_identification:_identify(src/kobuki_ros/kobuki_safety_controller) by extensions ['ignore', 'ignore_ament_install']
[0.246s] Level 1:colcon.colcon_core.package_identification:_identify(src/kobuki_ros/kobuki_safety_controller) by extension 'ignore'
[0.246s] Level 1:colcon.colcon_core.package_identification:_identify(src/kobuki_ros/kobuki_safety_controller) by extension 'ignore_ament_install'
[0.246s] Level 1:colcon.colcon_core.package_identification:_identify(src/kobuki_ros/kobuki_safety_controller) by extensions ['colcon_pkg']
[0.247s] Level 1:colcon.colcon_core.package_identification:_identify(src/kobuki_ros/kobuki_safety_controller) by extension 'colcon_pkg'
[0.247s] Level 1:colcon.colcon_core.package_identification:_identify(src/kobuki_ros/kobuki_safety_controller) by extensions ['colcon_meta']
[0.247s] Level 1:colcon.colcon_core.package_identification:_identify(src/kobuki_ros/kobuki_safety_controller) by extension 'colcon_meta'
[0.247s] Level 1:colcon.colcon_core.package_identification:_identify(src/kobuki_ros/kobuki_safety_controller) by extensions ['ros']
[0.247s] Level 1:colcon.colcon_core.package_identification:_identify(src/kobuki_ros/kobuki_safety_controller) by extension 'ros'
[0.248s] DEBUG:colcon.colcon_core.package_identification:Package 'src/kobuki_ros/kobuki_safety_controller' with type 'ros.ament_cmake' and name 'kobuki_safety_controller'
[0.248s] Level 1:colcon.colcon_core.package_identification:_identify(src/kobuki_ros/kobuki_testsuite) by extensions ['ignore', 'ignore_ament_install']
[0.248s] Level 1:colcon.colcon_core.package_identification:_identify(src/kobuki_ros/kobuki_testsuite) by extension 'ignore'
[0.248s] Level 1:colcon.colcon_core.package_identification:_identify(src/kobuki_ros/kobuki_testsuite) ignored
[0.248s] Level 1:colcon.colcon_core.package_identification:_identify(src/kobuki_ros_interfaces) by extensions ['ignore', 'ignore_ament_install']
[0.248s] Level 1:colcon.colcon_core.package_identification:_identify(src/kobuki_ros_interfaces) by extension 'ignore'
[0.248s] Level 1:colcon.colcon_core.package_identification:_identify(src/kobuki_ros_interfaces) by extension 'ignore_ament_install'
[0.248s] Level 1:colcon.colcon_core.package_identification:_identify(src/kobuki_ros_interfaces) by extensions ['colcon_pkg']
[0.248s] Level 1:colcon.colcon_core.package_identification:_identify(src/kobuki_ros_interfaces) by extension 'colcon_pkg'
[0.248s] Level 1:colcon.colcon_core.package_identification:_identify(src/kobuki_ros_interfaces) by extensions ['colcon_meta']
[0.248s] Level 1:colcon.colcon_core.package_identification:_identify(src/kobuki_ros_interfaces) by extension 'colcon_meta'
[0.248s] Level 1:colcon.colcon_core.package_identification:_identify(src/kobuki_ros_interfaces) by extensions ['ros']
[0.248s] Level 1:colcon.colcon_core.package_identification:_identify(src/kobuki_ros_interfaces) by extension 'ros'
[0.249s] DEBUG:colcon.colcon_core.package_identification:Package 'src/kobuki_ros_interfaces' with type 'ros.ament_cmake' and name 'kobuki_ros_interfaces'
[0.249s] Level 1:colcon.colcon_core.package_identification:_identify(src/urg_node) by extensions ['ignore', 'ignore_ament_install']
[0.249s] Level 1:colcon.colcon_core.package_identification:_identify(src/urg_node) by extension 'ignore'
[0.249s] Level 1:colcon.colcon_core.package_identification:_identify(src/urg_node) by extension 'ignore_ament_install'
[0.249s] Level 1:colcon.colcon_core.package_identification:_identify(src/urg_node) by extensions ['colcon_pkg']
[0.249s] Level 1:colcon.colcon_core.package_identification:_identify(src/urg_node) by extension 'colcon_pkg'
[0.249s] Level 1:colcon.colcon_core.package_identification:_identify(src/urg_node) by extensions ['colcon_meta']
[0.249s] Level 1:colcon.colcon_core.package_identification:_identify(src/urg_node) by extension 'colcon_meta'
[0.249s] Level 1:colcon.colcon_core.package_identification:_identify(src/urg_node) by extensions ['ros']
[0.249s] Level 1:colcon.colcon_core.package_identification:_identify(src/urg_node) by extension 'ros'
[0.250s] DEBUG:colcon.colcon_core.package_identification:Package 'src/urg_node' with type 'ros.catkin' and name 'urg_node'
[0.251s] Level 1:colcon.colcon_core.package_identification:_identify(src/velocity_smoother) by extensions ['ignore', 'ignore_ament_install']
[0.251s] Level 1:colcon.colcon_core.package_identification:_identify(src/velocity_smoother) by extension 'ignore'
[0.251s] Level 1:colcon.colcon_core.package_identification:_identify(src/velocity_smoother) by extension 'ignore_ament_install'
[0.251s] Level 1:colcon.colcon_core.package_identification:_identify(src/velocity_smoother) by extensions ['colcon_pkg']
[0.251s] Level 1:colcon.colcon_core.package_identification:_identify(src/velocity_smoother) by extension 'colcon_pkg'
[0.251s] Level 1:colcon.colcon_core.package_identification:_identify(src/velocity_smoother) by extensions ['colcon_meta']
[0.251s] Level 1:colcon.colcon_core.package_identification:_identify(src/velocity_smoother) by extension 'colcon_meta'
[0.251s] Level 1:colcon.colcon_core.package_identification:_identify(src/velocity_smoother) by extensions ['ros']
[0.251s] Level 1:colcon.colcon_core.package_identification:_identify(src/velocity_smoother) by extension 'ros'
[0.260s] DEBUG:colcon.colcon_core.package_identification:Package 'src/velocity_smoother' with type 'ros.ament_cmake' and name 'velocity_smoother'
[0.260s] Level 1:colcon.colcon_core.package_discovery:discover_packages(recursive) using defaults
[0.260s] Level 1:colcon.colcon_core.package_discovery:discover_packages(ignore) discover
[0.260s] Level 1:colcon.colcon_core.package_discovery:discover_packages(ignore) using defaults
[0.260s] Level 1:colcon.colcon_core.package_discovery:discover_packages(path) discover
[0.260s] Level 1:colcon.colcon_core.package_discovery:discover_packages(path) using defaults
[0.279s] Level 1:colcon.colcon_core.package_discovery:discover_packages(prefix_path) check parameters
[0.279s] Level 1:colcon.colcon_core.package_discovery:discover_packages(prefix_path) discover
[0.282s] DEBUG:colcon.colcon_installed_package_information.package_discovery:Found 359 installed packages in /opt/ros/galactic
[0.283s] Level 1:colcon.colcon_core.package_discovery:discover_packages(prefix_path) using defaults
[0.342s] Level 5:colcon.colcon_core.verb:set package 'cmd_vel_mux' build argument 'cmake_args' from command line to 'None'
[0.342s] Level 5:colcon.colcon_core.verb:set package 'cmd_vel_mux' build argument 'cmake_target' from command line to 'None'
[0.342s] Level 5:colcon.colcon_core.verb:set package 'cmd_vel_mux' build argument 'cmake_target_skip_unavailable' from command line to 'False'
[0.342s] Level 5:colcon.colcon_core.verb:set package 'cmd_vel_mux' build argument 'cmake_clean_cache' from command line to 'False'
[0.342s] Level 5:colcon.colcon_core.verb:set package 'cmd_vel_mux' build argument 'cmake_clean_first' from command line to 'False'
[0.342s] Level 5:colcon.colcon_core.verb:set package 'cmd_vel_mux' build argument 'cmake_force_configure' from command line to 'False'
[0.342s] Level 5:colcon.colcon_core.verb:set package 'cmd_vel_mux' build argument 'ament_cmake_args' from command line to 'None'
[0.342s] Level 5:colcon.colcon_core.verb:set package 'cmd_vel_mux' build argument 'catkin_cmake_args' from command line to 'None'
[0.342s] Level 5:colcon.colcon_core.verb:set package 'cmd_vel_mux' build argument 'catkin_skip_building_tests' from command line to 'False'
[0.342s] DEBUG:colcon.colcon_core.verb:Building package 'cmd_vel_mux' with the following arguments: {'ament_cmake_args': None, 'build_base': '/home/igor/tb2_ros2_nav2/ros2_ws/build/cmd_vel_mux', 'catkin_cmake_args': None, 'catkin_skip_building_tests': False, 'cmake_args': None, 'cmake_clean_cache': False, 'cmake_clean_first': False, 'cmake_force_configure': False, 'cmake_target': None, 'cmake_target_skip_unavailable': False, 'install_base': '/home/igor/tb2_ros2_nav2/ros2_ws/install/cmd_vel_mux', 'merge_install': False, 'path': '/home/igor/tb2_ros2_nav2/ros2_ws/src/cmd_vel_mux', 'symlink_install': False, 'test_result_base': None}
[0.343s] Level 5:colcon.colcon_core.verb:set package 'kobuki_core' build argument 'cmake_args' from command line to 'None'
[0.343s] Level 5:colcon.colcon_core.verb:set package 'kobuki_core' build argument 'cmake_target' from command line to 'None'
[0.343s] Level 5:colcon.colcon_core.verb:set package 'kobuki_core' build argument 'cmake_target_skip_unavailable' from command line to 'False'
[0.343s] Level 5:colcon.colcon_core.verb:set package 'kobuki_core' build argument 'cmake_clean_cache' from command line to 'False'
[0.343s] Level 5:colcon.colcon_core.verb:set package 'kobuki_core' build argument 'cmake_clean_first' from command line to 'False'
[0.343s] Level 5:colcon.colcon_core.verb:set package 'kobuki_core' build argument 'cmake_force_configure' from command line to 'False'
[0.343s] Level 5:colcon.colcon_core.verb:set package 'kobuki_core' build argument 'ament_cmake_args' from command line to 'None'
[0.343s] Level 5:colcon.colcon_core.verb:set package 'kobuki_core' build argument 'catkin_cmake_args' from command line to 'None'
[0.343s] Level 5:colcon.colcon_core.verb:set package 'kobuki_core' build argument 'catkin_skip_building_tests' from command line to 'False'
[0.343s] DEBUG:colcon.colcon_core.verb:Building package 'kobuki_core' with the following arguments: {'ament_cmake_args': None, 'build_base': '/home/igor/tb2_ros2_nav2/ros2_ws/build/kobuki_core', 'catkin_cmake_args': None, 'catkin_skip_building_tests': False, 'cmake_args': None, 'cmake_clean_cache': False, 'cmake_clean_first': False, 'cmake_force_configure': False, 'cmake_target': None, 'cmake_target_skip_unavailable': False, 'install_base': '/home/igor/tb2_ros2_nav2/ros2_ws/install/kobuki_core', 'merge_install': False, 'path': '/home/igor/tb2_ros2_nav2/ros2_ws/src/kobuki_core', 'symlink_install': False, 'test_result_base': None}
[0.344s] Level 5:colcon.colcon_core.verb:set package 'kobuki_description' build argument 'cmake_args' from command line to 'None'
[0.344s] Level 5:colcon.colcon_core.verb:set package 'kobuki_description' build argument 'cmake_target' from command line to 'None'
[0.344s] Level 5:colcon.colcon_core.verb:set package 'kobuki_description' build argument 'cmake_target_skip_unavailable' from command line to 'False'
[0.344s] Level 5:colcon.colcon_core.verb:set package 'kobuki_description' build argument 'cmake_clean_cache' from command line to 'False'
[0.344s] Level 5:colcon.colcon_core.verb:set package 'kobuki_description' build argument 'cmake_clean_first' from command line to 'False'
[0.344s] Level 5:colcon.colcon_core.verb:set package 'kobuki_description' build argument 'cmake_force_configure' from command line to 'False'
[0.344s] Level 5:colcon.colcon_core.verb:set package 'kobuki_description' build argument 'ament_cmake_args' from command line to 'None'
[0.344s] Level 5:colcon.colcon_core.verb:set package 'kobuki_description' build argument 'catkin_cmake_args' from command line to 'None'
[0.344s] Level 5:colcon.colcon_core.verb:set package 'kobuki_description' build argument 'catkin_skip_building_tests' from command line to 'False'
[0.344s] DEBUG:colcon.colcon_core.verb:Building package 'kobuki_description' with the following arguments: {'ament_cmake_args': None, 'build_base': '/home/igor/tb2_ros2_nav2/ros2_ws/build/kobuki_description', 'catkin_cmake_args': None, 'catkin_skip_building_tests': False, 'cmake_args': None, 'cmake_clean_cache': False, 'cmake_clean_first': False, 'cmake_force_configure': False, 'cmake_target': None, 'cmake_target_skip_unavailable': False, 'install_base': '/home/igor/tb2_ros2_nav2/ros2_ws/install/kobuki_description', 'merge_install': False, 'path': '/home/igor/tb2_ros2_nav2/ros2_ws/src/kobuki_ros/kobuki_description', 'symlink_install': False, 'test_result_base': None}
[0.345s] Level 5:colcon.colcon_core.verb:set package 'kobuki_ros_interfaces' build argument 'cmake_args' from command line to 'None'
[0.345s] Level 5:colcon.colcon_core.verb:set package 'kobuki_ros_interfaces' build argument 'cmake_target' from command line to 'None'
[0.345s] Level 5:colcon.colcon_core.verb:set package 'kobuki_ros_interfaces' build argument 'cmake_target_skip_unavailable' from command line to 'False'
[0.345s] Level 5:colcon.colcon_core.verb:set package 'kobuki_ros_interfaces' build argument 'cmake_clean_cache' from command line to 'False'
[0.345s] Level 5:colcon.colcon_core.verb:set package 'kobuki_ros_interfaces' build argument 'cmake_clean_first' from command line to 'False'
[0.345s] Level 5:colcon.colcon_core.verb:set package 'kobuki_ros_interfaces' build argument 'cmake_force_configure' from command line to 'False'
[0.345s] Level 5:colcon.colcon_core.verb:set package 'kobuki_ros_interfaces' build argument 'ament_cmake_args' from command line to 'None'
[0.345s] Level 5:colcon.colcon_core.verb:set package 'kobuki_ros_interfaces' build argument 'catkin_cmake_args' from command line to 'None'
[0.345s] Level 5:colcon.colcon_core.verb:set package 'kobuki_ros_interfaces' build argument 'catkin_skip_building_tests' from command line to 'False'
[0.345s] DEBUG:colcon.colcon_core.verb:Building package 'kobuki_ros_interfaces' with the following arguments: {'ament_cmake_args': None, 'build_base': '/home/igor/tb2_ros2_nav2/ros2_ws/build/kobuki_ros_interfaces', 'catkin_cmake_args': None, 'catkin_skip_building_tests': False, 'cmake_args': None, 'cmake_clean_cache': False, 'cmake_clean_first': False, 'cmake_force_configure': False, 'cmake_target': None, 'cmake_target_skip_unavailable': False, 'install_base': '/home/igor/tb2_ros2_nav2/ros2_ws/install/kobuki_ros_interfaces', 'merge_install': False, 'path': '/home/igor/tb2_ros2_nav2/ros2_ws/src/kobuki_ros_interfaces', 'symlink_install': False, 'test_result_base': None}
[0.345s] Level 5:colcon.colcon_core.verb:set package 'urg_node' build argument 'cmake_args' from command line to 'None'
[0.345s] Level 5:colcon.colcon_core.verb:set package 'urg_node' build argument 'cmake_target' from command line to 'None'
[0.345s] Level 5:colcon.colcon_core.verb:set package 'urg_node' build argument 'cmake_target_skip_unavailable' from command line to 'False'
[0.345s] Level 5:colcon.colcon_core.verb:set package 'urg_node' build argument 'cmake_clean_cache' from command line to 'False'
[0.345s] Level 5:colcon.colcon_core.verb:set package 'urg_node' build argument 'cmake_clean_first' from command line to 'False'
[0.345s] Level 5:colcon.colcon_core.verb:set package 'urg_node' build argument 'cmake_force_configure' from command line to 'False'
[0.345s] Level 5:colcon.colcon_core.verb:set package 'urg_node' build argument 'ament_cmake_args' from command line to 'None'
[0.345s] Level 5:colcon.colcon_core.verb:set package 'urg_node' build argument 'catkin_cmake_args' from command line to 'None'
[0.345s] Level 5:colcon.colcon_core.verb:set package 'urg_node' build argument 'catkin_skip_building_tests' from command line to 'False'
[0.345s] DEBUG:colcon.colcon_core.verb:Building package 'urg_node' with the following arguments: {'ament_cmake_args': None, 'build_base': '/home/igor/tb2_ros2_nav2/ros2_ws/build/urg_node', 'catkin_cmake_args': None, 'catkin_skip_building_tests': False, 'cmake_args': None, 'cmake_clean_cache': False, 'cmake_clean_first': False, 'cmake_force_configure': False, 'cmake_target': None, 'cmake_target_skip_unavailable': False, 'install_base': '/home/igor/tb2_ros2_nav2/ros2_ws/install/urg_node', 'merge_install': False, 'path': '/home/igor/tb2_ros2_nav2/ros2_ws/src/urg_node', 'symlink_install': False, 'test_result_base': None}
[0.346s] Level 5:colcon.colcon_core.verb:set package 'velocity_smoother' build argument 'cmake_args' from command line to 'None'
[0.346s] Level 5:colcon.colcon_core.verb:set package 'velocity_smoother' build argument 'cmake_target' from command line to 'None'
[0.346s] Level 5:colcon.colcon_core.verb:set package 'velocity_smoother' build argument 'cmake_target_skip_unavailable' from command line to 'False'
[0.346s] Level 5:colcon.colcon_core.verb:set package 'velocity_smoother' build argument 'cmake_clean_cache' from command line to 'False'
[0.346s] Level 5:colcon.colcon_core.verb:set package 'velocity_smoother' build argument 'cmake_clean_first' from command line to 'False'
[0.346s] Level 5:colcon.colcon_core.verb:set package 'velocity_smoother' build argument 'cmake_force_configure' from command line to 'False'
[0.346s] Level 5:colcon.colcon_core.verb:set package 'velocity_smoother' build argument 'ament_cmake_args' from command line to 'None'
[0.346s] Level 5:colcon.colcon_core.verb:set package 'velocity_smoother' build argument 'catkin_cmake_args' from command line to 'None'
[0.346s] Level 5:colcon.colcon_core.verb:set package 'velocity_smoother' build argument 'catkin_skip_building_tests' from command line to 'False'
[0.346s] DEBUG:colcon.colcon_core.verb:Building package 'velocity_smoother' with the following arguments: {'ament_cmake_args': None, 'build_base': '/home/igor/tb2_ros2_nav2/ros2_ws/build/velocity_smoother', 'catkin_cmake_args': None, 'catkin_skip_building_tests': False, 'cmake_args': None, 'cmake_clean_cache': False, 'cmake_clean_first': False, 'cmake_force_configure': False, 'cmake_target': None, 'cmake_target_skip_unavailable': False, 'install_base': '/home/igor/tb2_ros2_nav2/ros2_ws/install/velocity_smoother', 'merge_install': False, 'path': '/home/igor/tb2_ros2_nav2/ros2_ws/src/velocity_smoother', 'symlink_install': False, 'test_result_base': None}
[0.347s] Level 5:colcon.colcon_core.verb:set package 'kobuki_auto_docking' build argument 'cmake_args' from command line to 'None'
[0.347s] Level 5:colcon.colcon_core.verb:set package 'kobuki_auto_docking' build argument 'cmake_target' from command line to 'None'
[0.347s] Level 5:colcon.colcon_core.verb:set package 'kobuki_auto_docking' build argument 'cmake_target_skip_unavailable' from command line to 'False'
[0.347s] Level 5:colcon.colcon_core.verb:set package 'kobuki_auto_docking' build argument 'cmake_clean_cache' from command line to 'False'
[0.347s] Level 5:colcon.colcon_core.verb:set package 'kobuki_auto_docking' build argument 'cmake_clean_first' from command line to 'False'
[0.347s] Level 5:colcon.colcon_core.verb:set package 'kobuki_auto_docking' build argument 'cmake_force_configure' from command line to 'False'
[0.347s] Level 5:colcon.colcon_core.verb:set package 'kobuki_auto_docking' build argument 'ament_cmake_args' from command line to 'None'
[0.347s] Level 5:colcon.colcon_core.verb:set package 'kobuki_auto_docking' build argument 'catkin_cmake_args' from command line to 'None'
[0.347s] Level 5:colcon.colcon_core.verb:set package 'kobuki_auto_docking' build argument 'catkin_skip_building_tests' from command line to 'False'
[0.347s] DEBUG:colcon.colcon_core.verb:Building package 'kobuki_auto_docking' with the following arguments: {'ament_cmake_args': None, 'build_base': '/home/igor/tb2_ros2_nav2/ros2_ws/build/kobuki_auto_docking', 'catkin_cmake_args': None, 'catkin_skip_building_tests': False, 'cmake_args': None, 'cmake_clean_cache': False, 'cmake_clean_first': False, 'cmake_force_configure': False, 'cmake_target': None, 'cmake_target_skip_unavailable': False, 'install_base': '/home/igor/tb2_ros2_nav2/ros2_ws/install/kobuki_auto_docking', 'merge_install': False, 'path': '/home/igor/tb2_ros2_nav2/ros2_ws/src/kobuki_ros/kobuki_auto_docking', 'symlink_install': False, 'test_result_base': None}
[0.348s] Level 5:colcon.colcon_core.verb:set package 'kobuki_bumper2pc' build argument 'cmake_args' from command line to 'None'
[0.348s] Level 5:colcon.colcon_core.verb:set package 'kobuki_bumper2pc' build argument 'cmake_target' from command line to 'None'
[0.348s] Level 5:colcon.colcon_core.verb:set package 'kobuki_bumper2pc' build argument 'cmake_target_skip_unavailable' from command line to 'False'
[0.348s] Level 5:colcon.colcon_core.verb:set package 'kobuki_bumper2pc' build argument 'cmake_clean_cache' from command line to 'False'
[0.348s] Level 5:colcon.colcon_core.verb:set package 'kobuki_bumper2pc' build argument 'cmake_clean_first' from command line to 'False'
[0.348s] Level 5:colcon.colcon_core.verb:set package 'kobuki_bumper2pc' build argument 'cmake_force_configure' from command line to 'False'
[0.348s] Level 5:colcon.colcon_core.verb:set package 'kobuki_bumper2pc' build argument 'ament_cmake_args' from command line to 'None'
[0.348s] Level 5:colcon.colcon_core.verb:set package 'kobuki_bumper2pc' build argument 'catkin_cmake_args' from command line to 'None'
[0.348s] Level 5:colcon.colcon_core.verb:set package 'kobuki_bumper2pc' build argument 'catkin_skip_building_tests' from command line to 'False'
[0.348s] DEBUG:colcon.colcon_core.verb:Building package 'kobuki_bumper2pc' with the following arguments: {'ament_cmake_args': None, 'build_base': '/home/igor/tb2_ros2_nav2/ros2_ws/build/kobuki_bumper2pc', 'catkin_cmake_args': None, 'catkin_skip_building_tests': False, 'cmake_args': None, 'cmake_clean_cache': False, 'cmake_clean_first': False, 'cmake_force_configure': False, 'cmake_target': None, 'cmake_target_skip_unavailable': False, 'install_base': '/home/igor/tb2_ros2_nav2/ros2_ws/install/kobuki_bumper2pc', 'merge_install': False, 'path': '/home/igor/tb2_ros2_nav2/ros2_ws/src/kobuki_ros/kobuki_bumper2pc', 'symlink_install': False, 'test_result_base': None}
[0.349s] Level 5:colcon.colcon_core.verb:set package 'kobuki_keyop' build argument 'cmake_args' from command line to 'None'
[0.349s] Level 5:colcon.colcon_core.verb:set package 'kobuki_keyop' build argument 'cmake_target' from command line to 'None'
[0.349s] Level 5:colcon.colcon_core.verb:set package 'kobuki_keyop' build argument 'cmake_target_skip_unavailable' from command line to 'False'
[0.349s] Level 5:colcon.colcon_core.verb:set package 'kobuki_keyop' build argument 'cmake_clean_cache' from command line to 'False'
[0.349s] Level 5:colcon.colcon_core.verb:set package 'kobuki_keyop' build argument 'cmake_clean_first' from command line to 'False'
[0.349s] Level 5:colcon.colcon_core.verb:set package 'kobuki_keyop' build argument 'cmake_force_configure' from command line to 'False'
[0.349s] Level 5:colcon.colcon_core.verb:set package 'kobuki_keyop' build argument 'ament_cmake_args' from command line to 'None'
[0.349s] Level 5:colcon.colcon_core.verb:set package 'kobuki_keyop' build argument 'catkin_cmake_args' from command line to 'None'
[0.349s] Level 5:colcon.colcon_core.verb:set package 'kobuki_keyop' build argument 'catkin_skip_building_tests' from command line to 'False'
[0.349s] DEBUG:colcon.colcon_core.verb:Building package 'kobuki_keyop' with the following arguments: {'ament_cmake_args': None, 'build_base': '/home/igor/tb2_ros2_nav2/ros2_ws/build/kobuki_keyop', 'catkin_cmake_args': None, 'catkin_skip_building_tests': False, 'cmake_args': None, 'cmake_clean_cache': False, 'cmake_clean_first': False, 'cmake_force_configure': False, 'cmake_target': None, 'cmake_target_skip_unavailable': False, 'install_base': '/home/igor/tb2_ros2_nav2/ros2_ws/install/kobuki_keyop', 'merge_install': False, 'path': '/home/igor/tb2_ros2_nav2/ros2_ws/src/kobuki_ros/kobuki_keyop', 'symlink_install': False, 'test_result_base': None}
[0.349s] Level 5:colcon.colcon_core.verb:set package 'kobuki_node' build argument 'cmake_args' from command line to 'None'
[0.349s] Level 5:colcon.colcon_core.verb:set package 'kobuki_node' build argument 'cmake_target' from command line to 'None'
[0.349s] Level 5:colcon.colcon_core.verb:set package 'kobuki_node' build argument 'cmake_target_skip_unavailable' from command line to 'False'
[0.349s] Level 5:colcon.colcon_core.verb:set package 'kobuki_node' build argument 'cmake_clean_cache' from command line to 'False'
[0.349s] Level 5:colcon.colcon_core.verb:set package 'kobuki_node' build argument 'cmake_clean_first' from command line to 'False'
[0.349s] Level 5:colcon.colcon_core.verb:set package 'kobuki_node' build argument 'cmake_force_configure' from command line to 'False'
[0.349s] Level 5:colcon.colcon_core.verb:set package 'kobuki_node' build argument 'ament_cmake_args' from command line to 'None'
[0.349s] Level 5:colcon.colcon_core.verb:set package 'kobuki_node' build argument 'catkin_cmake_args' from command line to 'None'
[0.349s] Level 5:colcon.colcon_core.verb:set package 'kobuki_node' build argument 'catkin_skip_building_tests' from command line to 'False'
[0.349s] DEBUG:colcon.colcon_core.verb:Building package 'kobuki_node' with the following arguments: {'ament_cmake_args': None, 'build_base': '/home/igor/tb2_ros2_nav2/ros2_ws/build/kobuki_node', 'catkin_cmake_args': None, 'catkin_skip_building_tests': False, 'cmake_args': None, 'cmake_clean_cache': False, 'cmake_clean_first': False, 'cmake_force_configure': False, 'cmake_target': None, 'cmake_target_skip_unavailable': False, 'install_base': '/home/igor/tb2_ros2_nav2/ros2_ws/install/kobuki_node', 'merge_install': False, 'path': '/home/igor/tb2_ros2_nav2/ros2_ws/src/kobuki_ros/kobuki_node', 'symlink_install': False, 'test_result_base': None}
[0.350s] Level 5:colcon.colcon_core.verb:set package 'kobuki_random_walker' build argument 'cmake_args' from command line to 'None'
[0.350s] Level 5:colcon.colcon_core.verb:set package 'kobuki_random_walker' build argument 'cmake_target' from command line to 'None'
[0.350s] Level 5:colcon.colcon_core.verb:set package 'kobuki_random_walker' build argument 'cmake_target_skip_unavailable' from command line to 'False'
[0.350s] Level 5:colcon.colcon_core.verb:set package 'kobuki_random_walker' build argument 'cmake_clean_cache' from command line to 'False'
[0.350s] Level 5:colcon.colcon_core.verb:set package 'kobuki_random_walker' build argument 'cmake_clean_first' from command line to 'False'
[0.350s] Level 5:colcon.colcon_core.verb:set package 'kobuki_random_walker' build argument 'cmake_force_configure' from command line to 'False'
[0.350s] Level 5:colcon.colcon_core.verb:set package 'kobuki_random_walker' build argument 'ament_cmake_args' from command line to 'None'
[0.350s] Level 5:colcon.colcon_core.verb:set package 'kobuki_random_walker' build argument 'catkin_cmake_args' from command line to 'None'
[0.350s] Level 5:colcon.colcon_core.verb:set package 'kobuki_random_walker' build argument 'catkin_skip_building_tests' from command line to 'False'
[0.350s] DEBUG:colcon.colcon_core.verb:Building package 'kobuki_random_walker' with the following arguments: {'ament_cmake_args': None, 'build_base': '/home/igor/tb2_ros2_nav2/ros2_ws/build/kobuki_random_walker', 'catkin_cmake_args': None, 'catkin_skip_building_tests': False, 'cmake_args': None, 'cmake_clean_cache': False, 'cmake_clean_first': False, 'cmake_force_configure': False, 'cmake_target': None, 'cmake_target_skip_unavailable': False, 'install_base': '/home/igor/tb2_ros2_nav2/ros2_ws/install/kobuki_random_walker', 'merge_install': False, 'path': '/home/igor/tb2_ros2_nav2/ros2_ws/src/kobuki_ros/kobuki_random_walker', 'symlink_install': False, 'test_result_base': None}
[0.351s] Level 5:colcon.colcon_core.verb:set package 'kobuki_safety_controller' build argument 'cmake_args' from command line to 'None'
[0.351s] Level 5:colcon.colcon_core.verb:set package 'kobuki_safety_controller' build argument 'cmake_target' from command line to 'None'
[0.351s] Level 5:colcon.colcon_core.verb:set package 'kobuki_safety_controller' build argument 'cmake_target_skip_unavailable' from command line to 'False'
[0.351s] Level 5:colcon.colcon_core.verb:set package 'kobuki_safety_controller' build argument 'cmake_clean_cache' from command line to 'False'
[0.351s] Level 5:colcon.colcon_core.verb:set package 'kobuki_safety_controller' build argument 'cmake_clean_first' from command line to 'False'
[0.351s] Level 5:colcon.colcon_core.verb:set package 'kobuki_safety_controller' build argument 'cmake_force_configure' from command line to 'False'
[0.351s] Level 5:colcon.colcon_core.verb:set package 'kobuki_safety_controller' build argument 'ament_cmake_args' from command line to 'None'
[0.351s] Level 5:colcon.colcon_core.verb:set package 'kobuki_safety_controller' build argument 'catkin_cmake_args' from command line to 'None'
[0.351s] Level 5:colcon.colcon_core.verb:set package 'kobuki_safety_controller' build argument 'catkin_skip_building_tests' from command line to 'False'
[0.351s] DEBUG:colcon.colcon_core.verb:Building package 'kobuki_safety_controller' with the following arguments: {'ament_cmake_args': None, 'build_base': '/home/igor/tb2_ros2_nav2/ros2_ws/build/kobuki_safety_controller', 'catkin_cmake_args': None, 'catkin_skip_building_tests': False, 'cmake_args': None, 'cmake_clean_cache': False, 'cmake_clean_first': False, 'cmake_force_configure': False, 'cmake_target': None, 'cmake_target_skip_unavailable': False, 'install_base': '/home/igor/tb2_ros2_nav2/ros2_ws/install/kobuki_safety_controller', 'merge_install': False, 'path': '/home/igor/tb2_ros2_nav2/ros2_ws/src/kobuki_ros/kobuki_safety_controller', 'symlink_install': False, 'test_result_base': None}
[0.352s] Level 5:colcon.colcon_core.verb:set package 'kobuki_ros' build argument 'cmake_args' from command line to 'None'
[0.352s] Level 5:colcon.colcon_core.verb:set package 'kobuki_ros' build argument 'cmake_target' from command line to 'None'
[0.352s] Level 5:colcon.colcon_core.verb:set package 'kobuki_ros' build argument 'cmake_target_skip_unavailable' from command line to 'False'
[0.352s] Level 5:colcon.colcon_core.verb:set package 'kobuki_ros' build argument 'cmake_clean_cache' from command line to 'False'
[0.352s] Level 5:colcon.colcon_core.verb:set package 'kobuki_ros' build argument 'cmake_clean_first' from command line to 'False'
[0.352s] Level 5:colcon.colcon_core.verb:set package 'kobuki_ros' build argument 'cmake_force_configure' from command line to 'False'
[0.352s] Level 5:colcon.colcon_core.verb:set package 'kobuki_ros' build argument 'ament_cmake_args' from command line to 'None'
[0.352s] Level 5:colcon.colcon_core.verb:set package 'kobuki_ros' build argument 'catkin_cmake_args' from command line to 'None'
[0.352s] Level 5:colcon.colcon_core.verb:set package 'kobuki_ros' build argument 'catkin_skip_building_tests' from command line to 'False'
[0.352s] DEBUG:colcon.colcon_core.verb:Building package 'kobuki_ros' with the following arguments: {'ament_cmake_args': None, 'build_base': '/home/igor/tb2_ros2_nav2/ros2_ws/build/kobuki_ros', 'catkin_cmake_args': None, 'catkin_skip_building_tests': False, 'cmake_args': None, 'cmake_clean_cache': False, 'cmake_clean_first': False, 'cmake_force_configure': False, 'cmake_target': None, 'cmake_target_skip_unavailable': False, 'install_base': '/home/igor/tb2_ros2_nav2/ros2_ws/install/kobuki_ros', 'merge_install': False, 'path': '/home/igor/tb2_ros2_nav2/ros2_ws/src/kobuki_ros/kobuki_ros', 'symlink_install': False, 'test_result_base': None}
[0.352s] INFO:colcon.colcon_core.executor:Executing jobs using 'parallel' executor
[0.355s] DEBUG:colcon.colcon_parallel_executor.executor.parallel:run_until_complete
[0.356s] INFO:colcon.colcon_ros.task.ament_cmake.build:Building ROS package in '/home/igor/tb2_ros2_nav2/ros2_ws/src/kobuki_ros_interfaces' with build type 'ament_cmake'
[0.356s] INFO:colcon.colcon_cmake.task.cmake.build:Building CMake package in '/home/igor/tb2_ros2_nav2/ros2_ws/src/kobuki_ros_interfaces'
[0.360s] INFO:colcon.colcon_core.plugin_system:Skipping extension 'colcon_core.shell.bat': Not used on non-Windows systems
[0.360s] INFO:colcon.colcon_core.shell:Skip shell extension 'powershell' for command environment: Not usable outside of PowerShell
[0.360s] DEBUG:colcon.colcon_core.shell:Skip shell extension 'dsv' for command environment
[0.364s] INFO:colcon.colcon_ros.task.ament_cmake.build:Building ROS package in '/home/igor/tb2_ros2_nav2/ros2_ws/src/kobuki_core' with build type 'ament_cmake'
[0.365s] INFO:colcon.colcon_cmake.task.cmake.build:Building CMake package in '/home/igor/tb2_ros2_nav2/ros2_ws/src/kobuki_core'
[0.366s] INFO:colcon.colcon_core.shell:Skip shell extension 'powershell' for command environment: Not usable outside of PowerShell
[0.366s] DEBUG:colcon.colcon_core.shell:Skip shell extension 'dsv' for command environment
[0.370s] INFO:colcon.colcon_ros.task.ament_cmake.build:Building ROS package in '/home/igor/tb2_ros2_nav2/ros2_ws/src/cmd_vel_mux' with build type 'ament_cmake'
[0.370s] INFO:colcon.colcon_cmake.task.cmake.build:Building CMake package in '/home/igor/tb2_ros2_nav2/ros2_ws/src/cmd_vel_mux'
[0.371s] INFO:colcon.colcon_core.shell:Skip shell extension 'powershell' for command environment: Not usable outside of PowerShell
[0.372s] DEBUG:colcon.colcon_core.shell:Skip shell extension 'dsv' for command environment
[0.376s] INFO:colcon.colcon_ros.task.ament_cmake.build:Building ROS package in '/home/igor/tb2_ros2_nav2/ros2_ws/src/velocity_smoother' with build type 'ament_cmake'
[0.376s] INFO:colcon.colcon_cmake.task.cmake.build:Building CMake package in '/home/igor/tb2_ros2_nav2/ros2_ws/src/velocity_smoother'
[0.377s] INFO:colcon.colcon_core.shell:Skip shell extension 'powershell' for command environment: Not usable outside of PowerShell
[0.377s] DEBUG:colcon.colcon_core.shell:Skip shell extension 'dsv' for command environment
[0.381s] INFO:colcon.colcon_ros.task.ament_cmake.build:Building ROS package in '/home/igor/tb2_ros2_nav2/ros2_ws/src/kobuki_ros/kobuki_description' with build type 'ament_cmake'
[0.381s] INFO:colcon.colcon_cmake.task.cmake.build:Building CMake package in '/home/igor/tb2_ros2_nav2/ros2_ws/src/kobuki_ros/kobuki_description'
[0.382s] INFO:colcon.colcon_core.shell:Skip shell extension 'powershell' for command environment: Not usable outside of PowerShell
[0.383s] DEBUG:colcon.colcon_core.shell:Skip shell extension 'dsv' for command environment
[0.387s] INFO:colcon.colcon_ros.task.catkin.build:Building ROS package in '/home/igor/tb2_ros2_nav2/ros2_ws/src/urg_node' with build type 'catkin'
[0.387s] INFO:colcon.colcon_cmake.task.cmake.build:Building CMake package in '/home/igor/tb2_ros2_nav2/ros2_ws/src/urg_node'
[0.388s] INFO:colcon.colcon_core.shell:Skip shell extension 'powershell' for command environment: Not usable outside of PowerShell
[0.388s] DEBUG:colcon.colcon_core.shell:Skip shell extension 'dsv' for command environment
[0.399s] DEBUG:colcon.colcon_core.event_handler.log_command:Invoking command in '/home/igor/tb2_ros2_nav2/ros2_ws/build/kobuki_ros_interfaces': CMAKE_PREFIX_PATH=/opt/ros/galactic /usr/bin/cmake /home/igor/tb2_ros2_nav2/ros2_ws/src/kobuki_ros_interfaces -DCMAKE_INSTALL_PREFIX=/home/igor/tb2_ros2_nav2/ros2_ws/install/kobuki_ros_interfaces
[0.402s] DEBUG:colcon.colcon_core.event_handler.log_command:Invoking command in '/home/igor/tb2_ros2_nav2/ros2_ws/build/kobuki_core': CMAKE_PREFIX_PATH=/opt/ros/galactic /usr/bin/cmake /home/igor/tb2_ros2_nav2/ros2_ws/src/kobuki_core -DCMAKE_INSTALL_PREFIX=/home/igor/tb2_ros2_nav2/ros2_ws/install/kobuki_core
[0.406s] DEBUG:colcon.colcon_core.event_handler.log_command:Invoking command in '/home/igor/tb2_ros2_nav2/ros2_ws/build/cmd_vel_mux': CMAKE_PREFIX_PATH=/opt/ros/galactic /usr/bin/cmake /home/igor/tb2_ros2_nav2/ros2_ws/src/cmd_vel_mux -DCMAKE_INSTALL_PREFIX=/home/igor/tb2_ros2_nav2/ros2_ws/install/cmd_vel_mux
[0.410s] DEBUG:colcon.colcon_core.event_handler.log_command:Invoking command in '/home/igor/tb2_ros2_nav2/ros2_ws/build/velocity_smoother': CMAKE_PREFIX_PATH=/opt/ros/galactic /usr/bin/cmake /home/igor/tb2_ros2_nav2/ros2_ws/src/velocity_smoother -DCMAKE_INSTALL_PREFIX=/home/igor/tb2_ros2_nav2/ros2_ws/install/velocity_smoother
[0.417s] DEBUG:colcon.colcon_core.event_handler.log_command:Invoking command in '/home/igor/tb2_ros2_nav2/ros2_ws/build/kobuki_description': CMAKE_PREFIX_PATH=/opt/ros/galactic /usr/bin/cmake /home/igor/tb2_ros2_nav2/ros2_ws/src/kobuki_ros/kobuki_description -DCMAKE_INSTALL_PREFIX=/home/igor/tb2_ros2_nav2/ros2_ws/install/kobuki_description
[0.422s] DEBUG:colcon.colcon_core.event_handler.log_command:Invoking command in '/home/igor/tb2_ros2_nav2/ros2_ws/build/urg_node': /usr/bin/cmake /home/igor/tb2_ros2_nav2/ros2_ws/src/urg_node -DCATKIN_INSTALL_INTO_PREFIX_ROOT=0 -DCMAKE_INSTALL_PREFIX=/home/igor/tb2_ros2_nav2/ros2_ws/install/urg_node
[0.603s] DEBUG:colcon.colcon_core.event_handler.log_command:Invoked command in '/home/igor/tb2_ros2_nav2/ros2_ws/build/kobuki_description' returned '0': CMAKE_PREFIX_PATH=/opt/ros/galactic /usr/bin/cmake /home/igor/tb2_ros2_nav2/ros2_ws/src/kobuki_ros/kobuki_description -DCMAKE_INSTALL_PREFIX=/home/igor/tb2_ros2_nav2/ros2_ws/install/kobuki_description
[0.607s] DEBUG:colcon.colcon_core.event_handler.log_command:Invoking command in '/home/igor/tb2_ros2_nav2/ros2_ws/build/kobuki_description': CMAKE_PREFIX_PATH=/opt/ros/galactic /usr/bin/cmake --build /home/igor/tb2_ros2_nav2/ros2_ws/build/kobuki_description -- -j16 -l16
[0.651s] DEBUG:colcon.colcon_core.event_handler.log_command:Invoked command in '/home/igor/tb2_ros2_nav2/ros2_ws/build/kobuki_description' returned '0': CMAKE_PREFIX_PATH=/opt/ros/galactic /usr/bin/cmake --build /home/igor/tb2_ros2_nav2/ros2_ws/build/kobuki_description -- -j16 -l16
[0.680s] DEBUG:colcon.colcon_core.event_handler.log_command:Invoking command in '/home/igor/tb2_ros2_nav2/ros2_ws/build/kobuki_description': CMAKE_PREFIX_PATH=/opt/ros/galactic /usr/bin/cmake --install /home/igor/tb2_ros2_nav2/ros2_ws/build/kobuki_description
[0.706s] Level 1:colcon.colcon_core.environment:create_environment_scripts_only(kobuki_description)
[0.707s] DEBUG:colcon.colcon_core.event_handler.log_command:Invoked command in '/home/igor/tb2_ros2_nav2/ros2_ws/build/kobuki_description' returned '0': CMAKE_PREFIX_PATH=/opt/ros/galactic /usr/bin/cmake --install /home/igor/tb2_ros2_nav2/ros2_ws/build/kobuki_description
[0.713s] Level 1:colcon.colcon_core.environment:checking '/home/igor/tb2_ros2_nav2/ros2_ws/install/kobuki_description' for CMake module files
[0.713s] Level 1:colcon.colcon_core.environment:checking '/home/igor/tb2_ros2_nav2/ros2_ws/install/kobuki_description' for CMake config files
[0.714s] Level 1:colcon.colcon_core.shell:create_environment_hook('kobuki_description', 'cmake_prefix_path')
[0.716s] INFO:colcon.colcon_core.shell:Creating environment hook '/home/igor/tb2_ros2_nav2/ros2_ws/install/kobuki_description/share/kobuki_description/hook/cmake_prefix_path.ps1'
[0.717s] INFO:colcon.colcon_core.shell:Creating environment descriptor '/home/igor/tb2_ros2_nav2/ros2_ws/install/kobuki_description/share/kobuki_description/hook/cmake_prefix_path.dsv'
[0.718s] INFO:colcon.colcon_core.shell:Creating environment hook '/home/igor/tb2_ros2_nav2/ros2_ws/install/kobuki_description/share/kobuki_description/hook/cmake_prefix_path.sh'
[0.719s] Level 1:colcon.colcon_core.environment:checking '/home/igor/tb2_ros2_nav2/ros2_ws/install/kobuki_description/bin'
[0.719s] Level 1:colcon.colcon_core.environment:checking '/home/igor/tb2_ros2_nav2/ros2_ws/install/kobuki_description/lib/pkgconfig/kobuki_description.pc'
[0.719s] Level 1:colcon.colcon_core.environment:checking '/home/igor/tb2_ros2_nav2/ros2_ws/install/kobuki_description/lib/python3.8/site-packages'
[0.719s] Level 1:colcon.colcon_core.environment:checking '/home/igor/tb2_ros2_nav2/ros2_ws/install/kobuki_description/bin'
[0.721s] INFO:colcon.colcon_core.shell:Creating package script '/home/igor/tb2_ros2_nav2/ros2_ws/install/kobuki_description/share/kobuki_description/package.ps1'
[0.722s] INFO:colcon.colcon_core.shell:Creating package descriptor '/home/igor/tb2_ros2_nav2/ros2_ws/install/kobuki_description/share/kobuki_description/package.dsv'
[0.722s] INFO:colcon.colcon_core.shell:Creating package script '/home/igor/tb2_ros2_nav2/ros2_ws/install/kobuki_description/share/kobuki_description/package.sh'
[0.723s] INFO:colcon.colcon_core.shell:Creating package script '/home/igor/tb2_ros2_nav2/ros2_ws/install/kobuki_description/share/kobuki_description/package.bash'
[0.724s] INFO:colcon.colcon_core.shell:Creating package script '/home/igor/tb2_ros2_nav2/ros2_ws/install/kobuki_description/share/kobuki_description/package.zsh'
[0.725s] Level 1:colcon.colcon_core.environment:create_file_with_runtime_dependencies(/home/igor/tb2_ros2_nav2/ros2_ws/install/kobuki_description/share/colcon-core/packages/kobuki_description)
[0.729s] DEBUG:colcon.colcon_core.event_handler.log_command:Invoked command in '/home/igor/tb2_ros2_nav2/ros2_ws/build/kobuki_core' returned '0': CMAKE_PREFIX_PATH=/opt/ros/galactic /usr/bin/cmake /home/igor/tb2_ros2_nav2/ros2_ws/src/kobuki_core -DCMAKE_INSTALL_PREFIX=/home/igor/tb2_ros2_nav2/ros2_ws/install/kobuki_core
[0.732s] DEBUG:colcon.colcon_core.event_handler.log_command:Invoking command in '/home/igor/tb2_ros2_nav2/ros2_ws/build/kobuki_core': CMAKE_PREFIX_PATH=/opt/ros/galactic /usr/bin/cmake --build /home/igor/tb2_ros2_nav2/ros2_ws/build/kobuki_core -- -j16 -l16
[0.742s] Level 1:colcon.colcon_core.environment:create_environment_scripts_only(kobuki_description)
[0.743s] Level 1:colcon.colcon_core.environment:checking '/home/igor/tb2_ros2_nav2/ros2_ws/install/kobuki_description' for CMake module files
[0.744s] Level 1:colcon.colcon_core.environment:checking '/home/igor/tb2_ros2_nav2/ros2_ws/install/kobuki_description' for CMake config files
[0.744s] Level 1:colcon.colcon_core.shell:create_environment_hook('kobuki_description', 'cmake_prefix_path')
[0.745s] INFO:colcon.colcon_core.shell:Creating environment hook '/home/igor/tb2_ros2_nav2/ros2_ws/install/kobuki_description/share/kobuki_description/hook/cmake_prefix_path.ps1'
[0.745s] INFO:colcon.colcon_core.shell:Creating environment descriptor '/home/igor/tb2_ros2_nav2/ros2_ws/install/kobuki_description/share/kobuki_description/hook/cmake_prefix_path.dsv'
[0.746s] INFO:colcon.colcon_core.shell:Creating environment hook '/home/igor/tb2_ros2_nav2/ros2_ws/install/kobuki_description/share/kobuki_description/hook/cmake_prefix_path.sh'
[0.746s] Level 1:colcon.colcon_core.environment:checking '/home/igor/tb2_ros2_nav2/ros2_ws/install/kobuki_description/bin'
[0.746s] Level 1:colcon.colcon_core.environment:checking '/home/igor/tb2_ros2_nav2/ros2_ws/install/kobuki_description/lib/pkgconfig/kobuki_description.pc'
[0.746s] Level 1:colcon.colcon_core.environment:checking '/home/igor/tb2_ros2_nav2/ros2_ws/install/kobuki_description/lib/python3.8/site-packages'
[0.747s] Level 1:colcon.colcon_core.environment:checking '/home/igor/tb2_ros2_nav2/ros2_ws/install/kobuki_description/bin'
[0.748s] INFO:colcon.colcon_core.shell:Creating package script '/home/igor/tb2_ros2_nav2/ros2_ws/install/kobuki_description/share/kobuki_description/package.ps1'
[0.748s] INFO:colcon.colcon_core.shell:Creating package descriptor '/home/igor/tb2_ros2_nav2/ros2_ws/install/kobuki_description/share/kobuki_description/package.dsv'
[0.748s] INFO:colcon.colcon_core.shell:Creating package script '/home/igor/tb2_ros2_nav2/ros2_ws/install/kobuki_description/share/kobuki_description/package.sh'
[0.749s] INFO:colcon.colcon_core.shell:Creating package script '/home/igor/tb2_ros2_nav2/ros2_ws/install/kobuki_description/share/kobuki_description/package.bash'
[0.749s] INFO:colcon.colcon_core.shell:Creating package script '/home/igor/tb2_ros2_nav2/ros2_ws/install/kobuki_description/share/kobuki_description/package.zsh'
[0.749s] Level 1:colcon.colcon_core.environment:create_file_with_runtime_dependencies(/home/igor/tb2_ros2_nav2/ros2_ws/install/kobuki_description/share/colcon-core/packages/kobuki_description)
[3.489s] DEBUG:colcon.colcon_core.event_handler.log_command:Invoked command in '/home/igor/tb2_ros2_nav2/ros2_ws/build/urg_node' returned '1': /usr/bin/cmake /home/igor/tb2_ros2_nav2/ros2_ws/src/urg_node -DCATKIN_INSTALL_INTO_PREFIX_ROOT=0 -DCMAKE_INSTALL_PREFIX=/home/igor/tb2_ros2_nav2/ros2_ws/install/urg_node
[3.504s] Level 1:colcon.colcon_core.environment:create_environment_scripts_only(urg_node)
[3.506s] Level 1:colcon.colcon_core.environment:checking '/home/igor/tb2_ros2_nav2/ros2_ws/install/urg_node' for CMake module files
[3.507s] Level 1:colcon.colcon_core.environment:checking '/home/igor/tb2_ros2_nav2/ros2_ws/install/urg_node' for CMake config files
[3.507s] Level 1:colcon.colcon_core.environment:checking '/home/igor/tb2_ros2_nav2/ros2_ws/install/urg_node/bin'
[3.507s] Level 1:colcon.colcon_core.environment:checking '/home/igor/tb2_ros2_nav2/ros2_ws/install/urg_node/lib/pkgconfig/urg_node.pc'
[3.507s] Level 1:colcon.colcon_core.environment:checking '/home/igor/tb2_ros2_nav2/ros2_ws/install/urg_node/lib/python3.8/site-packages'
[3.508s] Level 1:colcon.colcon_core.environment:checking '/home/igor/tb2_ros2_nav2/ros2_ws/install/urg_node/bin'
[3.509s] INFO:colcon.colcon_core.shell:Creating package script '/home/igor/tb2_ros2_nav2/ros2_ws/install/urg_node/share/urg_node/package.ps1'
[3.510s] INFO:colcon.colcon_core.shell:Creating package descriptor '/home/igor/tb2_ros2_nav2/ros2_ws/install/urg_node/share/urg_node/package.dsv'
[3.510s] INFO:colcon.colcon_core.shell:Creating package script '/home/igor/tb2_ros2_nav2/ros2_ws/install/urg_node/share/urg_node/package.sh'
[3.510s] INFO:colcon.colcon_core.shell:Creating package script '/home/igor/tb2_ros2_nav2/ros2_ws/install/urg_node/share/urg_node/package.bash'
[3.511s] INFO:colcon.colcon_core.shell:Creating package script '/home/igor/tb2_ros2_nav2/ros2_ws/install/urg_node/share/urg_node/package.zsh'
[3.511s] Level 1:colcon.colcon_core.environment:create_file_with_runtime_dependencies(/home/igor/tb2_ros2_nav2/ros2_ws/install/urg_node/share/colcon-core/packages/urg_node)
[11.505s] DEBUG:colcon.colcon_parallel_executor.executor.parallel:closing loop
[11.505s] DEBUG:colcon.colcon_parallel_executor.executor.parallel:loop closed
[11.505s] DEBUG:colcon.colcon_parallel_executor.executor.parallel:run_until_complete finished with '1'
[11.506s] DEBUG:colcon.colcon_core.event_reactor:joining thread
[11.540s] INFO:colcon.colcon_core.plugin_system:Skipping extension 'colcon_notification.desktop_notification.notify_send': Could not find 'notify-send'
[11.540s] INFO:colcon.colcon_core.plugin_system:Skipping extension 'colcon_notification.desktop_notification.terminal_notifier': Not used on non-Darwin systems
[11.540s] INFO:colcon.colcon_core.plugin_system:Skipping extension 'colcon_notification.desktop_notification.win32': Not used on non-Windows systems
[11.540s] INFO:colcon.colcon_notification.desktop_notification:Sending desktop notification using 'notify2'
[11.550s] DEBUG:colcon.colcon_notification.desktop_notification.notify2:Failed to initialize notify2: org.freedesktop.DBus.Error.ServiceUnknown: The name org.freedesktop.Notifications was not provided by any .service files
[11.550s] DEBUG:colcon.colcon_core.event_reactor:joined thread
[11.552s] INFO:colcon.colcon_core.shell:Creating prefix script '/home/igor/tb2_ros2_nav2/ros2_ws/install/local_setup.ps1'
[11.553s] INFO:colcon.colcon_core.shell:Creating prefix util module '/home/igor/tb2_ros2_nav2/ros2_ws/install/_local_setup_util_ps1.py'
[11.554s] INFO:colcon.colcon_core.shell:Creating prefix chain script '/home/igor/tb2_ros2_nav2/ros2_ws/install/setup.ps1'
[11.555s] INFO:colcon.colcon_core.shell:Creating prefix script '/home/igor/tb2_ros2_nav2/ros2_ws/install/local_setup.sh'
[11.555s] INFO:colcon.colcon_core.shell:Creating prefix util module '/home/igor/tb2_ros2_nav2/ros2_ws/install/_local_setup_util_sh.py'
[11.556s] INFO:colcon.colcon_core.shell:Creating prefix chain script '/home/igor/tb2_ros2_nav2/ros2_ws/install/setup.sh'
[11.557s] INFO:colcon.colcon_core.shell:Creating prefix script '/home/igor/tb2_ros2_nav2/ros2_ws/install/local_setup.bash'
[11.557s] INFO:colcon.colcon_core.shell:Creating prefix chain script '/home/igor/tb2_ros2_nav2/ros2_ws/install/setup.bash'
[11.558s] INFO:colcon.colcon_core.shell:Creating prefix script '/home/igor/tb2_ros2_nav2/ros2_ws/install/local_setup.zsh'
[11.558s] INFO:colcon.colcon_core.shell:Creating prefix chain script '/home/igor/tb2_ros2_nav2/ros2_ws/install/setup.zsh'
