[0.031s] Invoking command in '/home/igor/tb2_ros2_nav2/ros2_ws/build/cmd_vel_mux': CMAKE_PREFIX_PATH=${CMAKE_PREFIX_PATH}:/opt/ros/galactic /usr/bin/cmake --build /home/igor/tb2_ros2_nav2/ros2_ws/build/cmd_vel_mux -- -j16 -l16
[0.056s] [35m[1mScanning dependencies of target cmd_vel_mux[0m
[0.195s] [ 25%] [32mBuilding CXX object CMakeFiles/cmd_vel_mux.dir/src/cmd_vel_mux.cpp.o[0m
[3.818s] In file included from [01m[K/opt/ros/galactic/include/rclcpp/client.hpp:40[m[K,
[3.818s]                  from [01m[K/opt/ros/galactic/include/rclcpp/callback_group.hpp:23[m[K,
[3.818s]                  from [01m[K/opt/ros/galactic/include/rclcpp/any_executable.hpp:20[m[K,
[3.818s]                  from [01m[K/opt/ros/galactic/include/rclcpp/memory_strategy.hpp:25[m[K,
[3.819s]                  from [01m[K/opt/ros/galactic/include/rclcpp/memory_strategies.hpp:18[m[K,
[3.819s]                  from [01m[K/opt/ros/galactic/include/rclcpp/executor_options.hpp:20[m[K,
[3.819s]                  from [01m[K/opt/ros/galactic/include/rclcpp/executor.hpp:36[m[K,
[3.819s]                  from [01m[K/opt/ros/galactic/include/rclcpp/executors/multi_threaded_executor.hpp:26[m[K,
[3.819s]                  from [01m[K/opt/ros/galactic/include/rclcpp/executors.hpp:21[m[K,
[3.819s]                  from [01m[K/opt/ros/galactic/include/rclcpp/rclcpp.hpp:156[m[K,
[3.819s]                  from [01m[K/home/igor/tb2_ros2_nav2/ros2_ws/src/cmd_vel_mux/include/cmd_vel_mux/cmd_vel_mux.hpp:46[m[K,
[3.819s]                  from [01m[K/home/igor/tb2_ros2_nav2/ros2_ws/src/cmd_vel_mux/src/cmd_vel_mux.cpp:37[m[K:
[3.819s] [01m[K/home/igor/tb2_ros2_nav2/ros2_ws/src/cmd_vel_mux/src/cmd_vel_mux.cpp:[m[K In member function ‘[01m[Kvoid cmd_vel_mux::CmdVelMux::configureFromParameters(const std::map<std::__cxx11::basic_string<char>, cmd_vel_mux::ParameterValues>&)[m[K’:
[3.820s] [01m[K/home/igor/tb2_ros2_nav2/ros2_ws/src/cmd_vel_mux/src/cmd_vel_mux.cpp:196:34:[m[K [01;35m[Kwarning: [m[Kformat ‘[01m[K%d[m[K’ expects argument of type ‘[01m[Kint[m[K’, but argument 7 has type ‘[01m[Kint64_t[m[K’ {aka ‘[01m[Klong int[m[K’} [[01;35m[K-Wformat=[m[K]
[3.820s]   196 |       RCLCPP_DEBUG(get_logger(), [01;35m[K"CmdVelMux : subscribed to '%s' on topic '%s'. pr: %d, to: %.2f"[m[K,
[3.820s]       |                                  [01;35m[K^~~~~~~~~~~~~~~~~~~~~~~~~~~~~~~~~~~~~~~~~~~~~~~~~~~~~~~~~~~~~~~~[m[K
[3.820s]   197 |         values->name_.c_str(), values->values_.topic.c_str(),
[3.820s]   198 |         [32m[Kvalues->values_.priority[m[K, values->values_.timeout);
[3.820s]       |         [32m[K~~~~~~~~~~~~~~~~~~~~~~~~[m[K  
[3.820s]       |                         [32m[K|[m[K
[3.820s]       |                         [32m[Kint64_t {aka long int}[m[K
[3.820s] [01m[K/home/igor/tb2_ros2_nav2/ros2_ws/src/cmd_vel_mux/src/cmd_vel_mux.cpp:196:86:[m[K [01;36m[Knote: [m[Kformat string is defined here
[3.820s]   196 |       RCLCPP_DEBUG(get_logger(), "CmdVelMux : subscribed to '%s' on topic '%s'. pr: [01;36m[K%d[m[K, to: %.2f",
[3.820s]       |                                                                                     [01;36m[K~^[m[K
[3.820s]       |                                                                                      [01;36m[K|[m[K
[3.821s]       |                                                                                      [01;36m[Kint[m[K
[3.821s]       |                                                                                     [32m[K%ld[m[K
[16.216s] [ 50%] [32m[1mLinking CXX shared library libcmd_vel_mux.so[0m
[16.850s] [ 50%] Built target cmd_vel_mux
[16.861s] [35m[1mScanning dependencies of target cmd_vel_mux_node[0m
[16.900s] [ 75%] [32mBuilding CXX object CMakeFiles/cmd_vel_mux_node.dir/src/cmd_vel_mux_node.cpp.o[0m
[20.381s] [100%] [32m[1mLinking CXX executable cmd_vel_mux_node[0m
[20.592s] [100%] Built target cmd_vel_mux_node
[20.600s] Invoked command in '/home/igor/tb2_ros2_nav2/ros2_ws/build/cmd_vel_mux' returned '0': CMAKE_PREFIX_PATH=${CMAKE_PREFIX_PATH}:/opt/ros/galactic /usr/bin/cmake --build /home/igor/tb2_ros2_nav2/ros2_ws/build/cmd_vel_mux -- -j16 -l16
[20.621s] Invoking command in '/home/igor/tb2_ros2_nav2/ros2_ws/build/cmd_vel_mux': CMAKE_PREFIX_PATH=${CMAKE_PREFIX_PATH}:/opt/ros/galactic /usr/bin/cmake --install /home/igor/tb2_ros2_nav2/ros2_ws/build/cmd_vel_mux
[20.625s] -- Install configuration: ""
[20.626s] -- Execute custom install script
[20.626s] -- Symlinking: /home/igor/tb2_ros2_nav2/ros2_ws/install/cmd_vel_mux/lib/libcmd_vel_mux.so
[20.634s] -- Symlinking: /home/igor/tb2_ros2_nav2/ros2_ws/install/cmd_vel_mux/include/cmd_vel_mux/cmd_vel_mux.hpp
[20.642s] -- Symlinking: /home/igor/tb2_ros2_nav2/ros2_ws/install/cmd_vel_mux/lib/cmd_vel_mux/cmd_vel_mux_node
[20.650s] -- Symlinking: /home/igor/tb2_ros2_nav2/ros2_ws/install/cmd_vel_mux/share/cmd_vel_mux/config/cmd_vel_mux_params.yaml
[20.657s] -- Symlinking: /home/igor/tb2_ros2_nav2/ros2_ws/install/cmd_vel_mux/share/cmd_vel_mux/launch/cmd_vel_mux-composed-launch.py
[20.664s] -- Symlinking: /home/igor/tb2_ros2_nav2/ros2_ws/install/cmd_vel_mux/share/cmd_vel_mux/launch/cmd_vel_mux-launch.py
[20.672s] -- Symlinking: /home/igor/tb2_ros2_nav2/ros2_ws/install/cmd_vel_mux/share/ament_index/resource_index/package_run_dependencies/cmd_vel_mux
[20.679s] -- Symlinking: /home/igor/tb2_ros2_nav2/ros2_ws/install/cmd_vel_mux/share/ament_index/resource_index/parent_prefix_path/cmd_vel_mux
[20.687s] -- Symlinking: /home/igor/tb2_ros2_nav2/ros2_ws/install/cmd_vel_mux/share/cmd_vel_mux/environment/ament_prefix_path.sh
[20.693s] -- Symlinking: /home/igor/tb2_ros2_nav2/ros2_ws/install/cmd_vel_mux/share/cmd_vel_mux/environment/ament_prefix_path.dsv
[20.700s] -- Symlinking: /home/igor/tb2_ros2_nav2/ros2_ws/install/cmd_vel_mux/share/cmd_vel_mux/environment/path.sh
[20.707s] -- Symlinking: /home/igor/tb2_ros2_nav2/ros2_ws/install/cmd_vel_mux/share/cmd_vel_mux/environment/path.dsv
[20.714s] -- Symlinking: /home/igor/tb2_ros2_nav2/ros2_ws/install/cmd_vel_mux/share/cmd_vel_mux/local_setup.bash
[20.722s] -- Symlinking: /home/igor/tb2_ros2_nav2/ros2_ws/install/cmd_vel_mux/share/cmd_vel_mux/local_setup.sh
[20.728s] -- Symlinking: /home/igor/tb2_ros2_nav2/ros2_ws/install/cmd_vel_mux/share/cmd_vel_mux/local_setup.zsh
[20.735s] -- Symlinking: /home/igor/tb2_ros2_nav2/ros2_ws/install/cmd_vel_mux/share/cmd_vel_mux/local_setup.dsv
[20.741s] -- Symlinking: /home/igor/tb2_ros2_nav2/ros2_ws/install/cmd_vel_mux/share/cmd_vel_mux/package.dsv
[20.748s] -- Symlinking: /home/igor/tb2_ros2_nav2/ros2_ws/install/cmd_vel_mux/share/ament_index/resource_index/packages/cmd_vel_mux
[20.755s] -- Symlinking: /home/igor/tb2_ros2_nav2/ros2_ws/install/cmd_vel_mux/share/ament_index/resource_index/rclcpp_components/cmd_vel_mux
[20.761s] -- Symlinking: /home/igor/tb2_ros2_nav2/ros2_ws/install/cmd_vel_mux/share/cmd_vel_mux/cmake/cmd_vel_muxConfig.cmake
[20.767s] -- Symlinking: /home/igor/tb2_ros2_nav2/ros2_ws/install/cmd_vel_mux/share/cmd_vel_mux/cmake/cmd_vel_muxConfig-version.cmake
[20.774s] -- Symlinking: /home/igor/tb2_ros2_nav2/ros2_ws/install/cmd_vel_mux/share/cmd_vel_mux/package.xml
[20.784s] Invoked command in '/home/igor/tb2_ros2_nav2/ros2_ws/build/cmd_vel_mux' returned '0': CMAKE_PREFIX_PATH=${CMAKE_PREFIX_PATH}:/opt/ros/galactic /usr/bin/cmake --install /home/igor/tb2_ros2_nav2/ros2_ws/build/cmd_vel_mux
