-- The C compiler identification is GNU 9.4.0
-- The CXX compiler identification is GNU 9.4.0
-- Check for working C compiler: /usr/bin/cc
-- Check for working C compiler: /usr/bin/cc -- works
-- Detecting C compiler ABI info
-- Detecting C compiler ABI info - done
-- Detecting C compile features
-- Detecting C compile features - done
-- Check for working CXX compiler: /usr/bin/c++
-- Check for working CXX compiler: /usr/bin/c++ -- works
-- Detecting CXX compiler ABI info
-- Detecting CXX compiler ABI info - done
-- Detecting CXX compile features
-- Detecting CXX compile features - done
-- Found action_msgs: 1.0.3 (/opt/ros/galactic/share/action_msgs/cmake)
-- Found PythonInterp: /usr/bin/python3 (found suitable version "3.8.10", minimum required is "3") 
-- Using PYTHON_EXECUTABLE: /usr/bin/python3
-- Override CMake install command with custom implementation using symlinks instead of copying resources
-- Using all available rosidl_typesupport_c: rosidl_typesupport_fastrtps_c;rosidl_typesupport_introspection_c
-- Found rosidl_adapter: 2.2.2 (/opt/ros/galactic/share/rosidl_adapter/cmake)
-- Found OpenSSL: /usr/lib/x86_64-linux-gnu/libcrypto.so (found version "1.1.1f")  
-- Found FastRTPS: /opt/ros/galactic/include  
-- Using all available rosidl_typesupport_cpp: rosidl_typesupport_fastrtps_cpp;rosidl_typesupport_introspection_cpp
-- Found rosidl_default_generators: 1.1.1 (/opt/ros/galactic/share/rosidl_default_generators/cmake)
-- Found std_msgs: 2.2.4 (/opt/ros/galactic/share/std_msgs/cmake)
-- Found PythonInterp: /usr/bin/python3 (found version "3.8.10") 
-- Found ament_cmake_ros: 0.9.2 (/opt/ros/galactic/share/ament_cmake_ros/cmake)
-- Using all available rosidl_typesupport_c: rosidl_typesupport_fastrtps_c;rosidl_typesupport_introspection_c
-- Using all available rosidl_typesupport_cpp: rosidl_typesupport_fastrtps_cpp;rosidl_typesupport_introspection_cpp
-- Found PythonInterp: /usr/bin/python3 (found suitable version "3.8.10", minimum required is "3.5") 
-- Found python_cmake_module: 0.8.1 (/opt/ros/galactic/share/python_cmake_module/cmake)
-- Found PythonLibs: /usr/lib/x86_64-linux-gnu/libpython3.8.so (found suitable version "3.8.10", minimum required is "3.5") 
-- Using PYTHON_EXECUTABLE: /usr/bin/python3
-- Using PYTHON_INCLUDE_DIRS: /usr/include/python3.8
-- Using PYTHON_LIBRARIES: /usr/lib/x86_64-linux-gnu/libpython3.8.so
-- Found PythonExtra: .so  
-- Configuring done
-- Generating done
-- Build files have been written to: /home/turtlebot5/tb2_ros2_nav2/ros2_ws/build/kobuki_ros_interfaces
[  1%] [34m[1mGenerating C code for ROS interfaces[0m
[35m[1mScanning dependencies of target kobuki_ros_interfaces__cpp[0m
[  1%] [34m[1mGenerating C++ code for ROS interfaces[0m
[  1%] Built target kobuki_ros_interfaces__cpp
[  1%] [34m[1mGenerating C++ introspection for ROS interfaces[0m
[  2%] [34m[1mGenerating C++ type support dispatch for ROS interfaces[0m
[  3%] [34m[1mGenerating C++ type support for eProsima Fast-RTPS[0m
[35m[1mScanning dependencies of target kobuki_ros_interfaces__rosidl_generator_c[0m
[  3%] [32mBuilding C object CMakeFiles/kobuki_ros_interfaces__rosidl_generator_c.dir/rosidl_generator_c/kobuki_ros_interfaces/msg/detail/bumper_event__functions.c.o[0m
[  4%] [32mBuilding C object CMakeFiles/kobuki_ros_interfaces__rosidl_generator_c.dir/rosidl_generator_c/kobuki_ros_interfaces/msg/detail/cliff_event__functions.c.o[0m
[  4%] [32mBuilding C object CMakeFiles/kobuki_ros_interfaces__rosidl_generator_c.dir/rosidl_generator_c/kobuki_ros_interfaces/msg/detail/digital_output__functions.c.o[0m
[  5%] [32mBuilding C object CMakeFiles/kobuki_ros_interfaces__rosidl_generator_c.dir/rosidl_generator_c/kobuki_ros_interfaces/msg/detail/external_power__functions.c.o[0m
[  6%] [32mBuilding C object CMakeFiles/kobuki_ros_interfaces__rosidl_generator_c.dir/rosidl_generator_c/kobuki_ros_interfaces/msg/detail/led__functions.c.o[0m
[  6%] [32mBuilding C object CMakeFiles/kobuki_ros_interfaces__rosidl_generator_c.dir/rosidl_generator_c/kobuki_ros_interfaces/msg/detail/power_system_event__functions.c.o[0m
[  7%] [32mBuilding C object CMakeFiles/kobuki_ros_interfaces__rosidl_generator_c.dir/rosidl_generator_c/kobuki_ros_interfaces/msg/detail/sensor_state__functions.c.o[0m
[  7%] [32mBuilding C object CMakeFiles/kobuki_ros_interfaces__rosidl_generator_c.dir/rosidl_generator_c/kobuki_ros_interfaces/msg/detail/version_info__functions.c.o[0m
[  8%] [32mBuilding C object CMakeFiles/kobuki_ros_interfaces__rosidl_generator_c.dir/rosidl_generator_c/kobuki_ros_interfaces/msg/detail/controller_info__functions.c.o[0m
[  8%] [32mBuilding C object CMakeFiles/kobuki_ros_interfaces__rosidl_generator_c.dir/rosidl_generator_c/kobuki_ros_interfaces/msg/detail/button_event__functions.c.o[0m
[  9%] [32mBuilding C object CMakeFiles/kobuki_ros_interfaces__rosidl_generator_c.dir/rosidl_generator_c/kobuki_ros_interfaces/msg/detail/digital_input_event__functions.c.o[0m
[35m[1mScanning dependencies of target kobuki_ros_interfaces__rosidl_typesupport_cpp[0m
[  9%] [32mBuilding CXX object CMakeFiles/kobuki_ros_interfaces__rosidl_typesupport_cpp.dir/rosidl_typesupport_cpp/kobuki_ros_interfaces/msg/bumper_event__type_support.cpp.o[0m
[ 10%] [32mBuilding C object CMakeFiles/kobuki_ros_interfaces__rosidl_generator_c.dir/rosidl_generator_c/kobuki_ros_interfaces/msg/detail/dock_infra_red__functions.c.o[0m
[ 10%] [32mBuilding C object CMakeFiles/kobuki_ros_interfaces__rosidl_generator_c.dir/rosidl_generator_c/kobuki_ros_interfaces/msg/detail/keyboard_input__functions.c.o[0m
[ 11%] [32mBuilding C object CMakeFiles/kobuki_ros_interfaces__rosidl_generator_c.dir/rosidl_generator_c/kobuki_ros_interfaces/msg/detail/motor_power__functions.c.o[0m
[ 11%] [32mBuilding C object CMakeFiles/kobuki_ros_interfaces__rosidl_generator_c.dir/rosidl_generator_c/kobuki_ros_interfaces/msg/detail/robot_state_event__functions.c.o[0m
[35m[1mScanning dependencies of target kobuki_ros_interfaces__rosidl_typesupport_introspection_cpp[0m
[ 12%] [32mBuilding CXX object CMakeFiles/kobuki_ros_interfaces__rosidl_typesupport_introspection_cpp.dir/rosidl_typesupport_introspection_cpp/kobuki_ros_interfaces/msg/detail/bumper_event__type_support.cpp.o[0m
[ 13%] [32mBuilding C object CMakeFiles/kobuki_ros_interfaces__rosidl_generator_c.dir/rosidl_generator_c/kobuki_ros_interfaces/msg/detail/sound__functions.c.o[0m
[ 14%] [32mBuilding CXX object CMakeFiles/kobuki_ros_interfaces__rosidl_typesupport_cpp.dir/rosidl_typesupport_cpp/kobuki_ros_interfaces/msg/cliff_event__type_support.cpp.o[0m
[ 14%] [32mBuilding C object CMakeFiles/kobuki_ros_interfaces__rosidl_generator_c.dir/rosidl_generator_c/kobuki_ros_interfaces/msg/detail/scan_angle__functions.c.o[0m
[ 15%] [32mBuilding C object CMakeFiles/kobuki_ros_interfaces__rosidl_generator_c.dir/rosidl_generator_c/kobuki_ros_interfaces/msg/detail/wheel_drop_event__functions.c.o[0m
[ 16%] [32mBuilding C object CMakeFiles/kobuki_ros_interfaces__rosidl_generator_c.dir/rosidl_generator_c/kobuki_ros_interfaces/action/detail/auto_docking__functions.c.o[0m
[ 16%] [32mBuilding CXX object CMakeFiles/kobuki_ros_interfaces__rosidl_typesupport_introspection_cpp.dir/rosidl_typesupport_introspection_cpp/kobuki_ros_interfaces/msg/detail/cliff_event__type_support.cpp.o[0m
[35m[1mScanning dependencies of target kobuki_ros_interfaces__rosidl_typesupport_fastrtps_cpp[0m
[ 17%] [32mBuilding CXX object CMakeFiles/kobuki_ros_interfaces__rosidl_typesupport_cpp.dir/rosidl_typesupport_cpp/kobuki_ros_interfaces/msg/digital_output__type_support.cpp.o[0m
[ 18%] [32mBuilding CXX object CMakeFiles/kobuki_ros_interfaces__rosidl_typesupport_fastrtps_cpp.dir/rosidl_typesupport_fastrtps_cpp/kobuki_ros_interfaces/msg/detail/dds_fastrtps/bumper_event__type_support.cpp.o[0m
[ 18%] [32m[1mLinking C shared library libkobuki_ros_interfaces__rosidl_generator_c.so[0m
[ 18%] Built target kobuki_ros_interfaces__rosidl_generator_c
[ 18%] [32mBuilding CXX object CMakeFiles/kobuki_ros_interfaces__rosidl_typesupport_fastrtps_cpp.dir/rosidl_typesupport_fastrtps_cpp/kobuki_ros_interfaces/msg/detail/dds_fastrtps/cliff_event__type_support.cpp.o[0m
[ 18%] [32mBuilding CXX object CMakeFiles/kobuki_ros_interfaces__rosidl_typesupport_cpp.dir/rosidl_typesupport_cpp/kobuki_ros_interfaces/msg/external_power__type_support.cpp.o[0m
[ 19%] [32mBuilding CXX object CMakeFiles/kobuki_ros_interfaces__rosidl_typesupport_introspection_cpp.dir/rosidl_typesupport_introspection_cpp/kobuki_ros_interfaces/msg/detail/digital_output__type_support.cpp.o[0m
[ 20%] [34m[1mGenerating C type support dispatch for ROS interfaces[0m
[ 21%] [32mBuilding CXX object CMakeFiles/kobuki_ros_interfaces__rosidl_typesupport_cpp.dir/rosidl_typesupport_cpp/kobuki_ros_interfaces/msg/led__type_support.cpp.o[0m
[ 21%] [32mBuilding CXX object CMakeFiles/kobuki_ros_interfaces__rosidl_typesupport_introspection_cpp.dir/rosidl_typesupport_introspection_cpp/kobuki_ros_interfaces/msg/detail/external_power__type_support.cpp.o[0m
[ 22%] [32mBuilding CXX object CMakeFiles/kobuki_ros_interfaces__rosidl_typesupport_fastrtps_cpp.dir/rosidl_typesupport_fastrtps_cpp/kobuki_ros_interfaces/msg/detail/dds_fastrtps/digital_output__type_support.cpp.o[0m
[ 22%] [32mBuilding CXX object CMakeFiles/kobuki_ros_interfaces__rosidl_typesupport_fastrtps_cpp.dir/rosidl_typesupport_fastrtps_cpp/kobuki_ros_interfaces/msg/detail/dds_fastrtps/external_power__type_support.cpp.o[0m
[ 22%] [32mBuilding CXX object CMakeFiles/kobuki_ros_interfaces__rosidl_typesupport_cpp.dir/rosidl_typesupport_cpp/kobuki_ros_interfaces/msg/power_system_event__type_support.cpp.o[0m
[ 23%] [32mBuilding CXX object CMakeFiles/kobuki_ros_interfaces__rosidl_typesupport_introspection_cpp.dir/rosidl_typesupport_introspection_cpp/kobuki_ros_interfaces/msg/detail/led__type_support.cpp.o[0m
[ 24%] [32mBuilding CXX object CMakeFiles/kobuki_ros_interfaces__rosidl_typesupport_cpp.dir/rosidl_typesupport_cpp/kobuki_ros_interfaces/msg/sensor_state__type_support.cpp.o[0m
[ 25%] [32mBuilding CXX object CMakeFiles/kobuki_ros_interfaces__rosidl_typesupport_introspection_cpp.dir/rosidl_typesupport_introspection_cpp/kobuki_ros_interfaces/msg/detail/power_system_event__type_support.cpp.o[0m
[ 26%] [32mBuilding CXX object CMakeFiles/kobuki_ros_interfaces__rosidl_typesupport_fastrtps_cpp.dir/rosidl_typesupport_fastrtps_cpp/kobuki_ros_interfaces/msg/detail/dds_fastrtps/led__type_support.cpp.o[0m
[ 26%] [32mBuilding CXX object CMakeFiles/kobuki_ros_interfaces__rosidl_typesupport_cpp.dir/rosidl_typesupport_cpp/kobuki_ros_interfaces/msg/version_info__type_support.cpp.o[0m
[ 26%] [32mBuilding CXX object CMakeFiles/kobuki_ros_interfaces__rosidl_typesupport_introspection_cpp.dir/rosidl_typesupport_introspection_cpp/kobuki_ros_interfaces/msg/detail/sensor_state__type_support.cpp.o[0m
[ 27%] [32mBuilding CXX object CMakeFiles/kobuki_ros_interfaces__rosidl_typesupport_cpp.dir/rosidl_typesupport_cpp/kobuki_ros_interfaces/msg/controller_info__type_support.cpp.o[0m
[ 27%] [32mBuilding CXX object CMakeFiles/kobuki_ros_interfaces__rosidl_typesupport_fastrtps_cpp.dir/rosidl_typesupport_fastrtps_cpp/kobuki_ros_interfaces/msg/detail/dds_fastrtps/power_system_event__type_support.cpp.o[0m
[35m[1mScanning dependencies of target kobuki_ros_interfaces__rosidl_typesupport_c[0m
[ 27%] [32mBuilding CXX object CMakeFiles/kobuki_ros_interfaces__rosidl_typesupport_c.dir/rosidl_typesupport_c/kobuki_ros_interfaces/msg/bumper_event__type_support.cpp.o[0m
[ 28%] [32mBuilding CXX object CMakeFiles/kobuki_ros_interfaces__rosidl_typesupport_c.dir/rosidl_typesupport_c/kobuki_ros_interfaces/msg/cliff_event__type_support.cpp.o[0m
[ 29%] [32mBuilding CXX object CMakeFiles/kobuki_ros_interfaces__rosidl_typesupport_introspection_cpp.dir/rosidl_typesupport_introspection_cpp/kobuki_ros_interfaces/msg/detail/version_info__type_support.cpp.o[0m
[ 30%] [32mBuilding CXX object CMakeFiles/kobuki_ros_interfaces__rosidl_typesupport_cpp.dir/rosidl_typesupport_cpp/kobuki_ros_interfaces/msg/button_event__type_support.cpp.o[0m
[ 30%] [32mBuilding CXX object CMakeFiles/kobuki_ros_interfaces__rosidl_typesupport_c.dir/rosidl_typesupport_c/kobuki_ros_interfaces/msg/digital_output__type_support.cpp.o[0m
[ 31%] [32mBuilding CXX object CMakeFiles/kobuki_ros_interfaces__rosidl_typesupport_c.dir/rosidl_typesupport_c/kobuki_ros_interfaces/msg/external_power__type_support.cpp.o[0m
[ 32%] [32mBuilding CXX object CMakeFiles/kobuki_ros_interfaces__rosidl_typesupport_c.dir/rosidl_typesupport_c/kobuki_ros_interfaces/msg/led__type_support.cpp.o[0m
[ 32%] [32mBuilding CXX object CMakeFiles/kobuki_ros_interfaces__rosidl_typesupport_c.dir/rosidl_typesupport_c/kobuki_ros_interfaces/msg/power_system_event__type_support.cpp.o[0m
[ 33%] [32mBuilding CXX object CMakeFiles/kobuki_ros_interfaces__rosidl_typesupport_c.dir/rosidl_typesupport_c/kobuki_ros_interfaces/msg/sensor_state__type_support.cpp.o[0m
[ 33%] [32mBuilding CXX object CMakeFiles/kobuki_ros_interfaces__rosidl_typesupport_c.dir/rosidl_typesupport_c/kobuki_ros_interfaces/msg/version_info__type_support.cpp.o[0m
[ 34%] [32mBuilding CXX object CMakeFiles/kobuki_ros_interfaces__rosidl_typesupport_c.dir/rosidl_typesupport_c/kobuki_ros_interfaces/msg/controller_info__type_support.cpp.o[0m
[ 35%] [32mBuilding CXX object CMakeFiles/kobuki_ros_interfaces__rosidl_typesupport_fastrtps_cpp.dir/rosidl_typesupport_fastrtps_cpp/kobuki_ros_interfaces/msg/detail/dds_fastrtps/sensor_state__type_support.cpp.o[0m
[ 35%] [32mBuilding CXX object CMakeFiles/kobuki_ros_interfaces__rosidl_typesupport_cpp.dir/rosidl_typesupport_cpp/kobuki_ros_interfaces/msg/digital_input_event__type_support.cpp.o[0m
[ 35%] [32mBuilding CXX object CMakeFiles/kobuki_ros_interfaces__rosidl_typesupport_c.dir/rosidl_typesupport_c/kobuki_ros_interfaces/msg/button_event__type_support.cpp.o[0m
[ 35%] [32mBuilding CXX object CMakeFiles/kobuki_ros_interfaces__rosidl_typesupport_introspection_cpp.dir/rosidl_typesupport_introspection_cpp/kobuki_ros_interfaces/msg/detail/controller_info__type_support.cpp.o[0m
[ 36%] [32mBuilding CXX object CMakeFiles/kobuki_ros_interfaces__rosidl_typesupport_c.dir/rosidl_typesupport_c/kobuki_ros_interfaces/msg/digital_input_event__type_support.cpp.o[0m
[ 37%] [32mBuilding CXX object CMakeFiles/kobuki_ros_interfaces__rosidl_typesupport_c.dir/rosidl_typesupport_c/kobuki_ros_interfaces/msg/dock_infra_red__type_support.cpp.o[0m
[ 37%] [32mBuilding CXX object CMakeFiles/kobuki_ros_interfaces__rosidl_typesupport_c.dir/rosidl_typesupport_c/kobuki_ros_interfaces/msg/keyboard_input__type_support.cpp.o[0m
[ 38%] [32mBuilding CXX object CMakeFiles/kobuki_ros_interfaces__rosidl_typesupport_c.dir/rosidl_typesupport_c/kobuki_ros_interfaces/msg/motor_power__type_support.cpp.o[0m
[ 38%] [32mBuilding CXX object CMakeFiles/kobuki_ros_interfaces__rosidl_typesupport_c.dir/rosidl_typesupport_c/kobuki_ros_interfaces/msg/robot_state_event__type_support.cpp.o[0m
[ 39%] [32mBuilding CXX object CMakeFiles/kobuki_ros_interfaces__rosidl_typesupport_cpp.dir/rosidl_typesupport_cpp/kobuki_ros_interfaces/msg/dock_infra_red__type_support.cpp.o[0m
[ 40%] [32mBuilding CXX object CMakeFiles/kobuki_ros_interfaces__rosidl_typesupport_c.dir/rosidl_typesupport_c/kobuki_ros_interfaces/msg/sound__type_support.cpp.o[0m
[ 40%] [32mBuilding CXX object CMakeFiles/kobuki_ros_interfaces__rosidl_typesupport_c.dir/rosidl_typesupport_c/kobuki_ros_interfaces/msg/scan_angle__type_support.cpp.o[0m
[ 41%] [32mBuilding CXX object CMakeFiles/kobuki_ros_interfaces__rosidl_typesupport_c.dir/rosidl_typesupport_c/kobuki_ros_interfaces/msg/wheel_drop_event__type_support.cpp.o[0m
[ 42%] [32mBuilding CXX object CMakeFiles/kobuki_ros_interfaces__rosidl_typesupport_introspection_cpp.dir/rosidl_typesupport_introspection_cpp/kobuki_ros_interfaces/msg/detail/button_event__type_support.cpp.o[0m
[ 43%] [32mBuilding CXX object CMakeFiles/kobuki_ros_interfaces__rosidl_typesupport_c.dir/rosidl_typesupport_c/kobuki_ros_interfaces/action/auto_docking__type_support.cpp.o[0m
[ 43%] [32m[1mLinking CXX shared library libkobuki_ros_interfaces__rosidl_typesupport_c.so[0m
[ 43%] [32mBuilding CXX object CMakeFiles/kobuki_ros_interfaces__rosidl_typesupport_cpp.dir/rosidl_typesupport_cpp/kobuki_ros_interfaces/msg/keyboard_input__type_support.cpp.o[0m
[ 43%] Built target kobuki_ros_interfaces__rosidl_typesupport_c
[ 43%] [32mBuilding CXX object CMakeFiles/kobuki_ros_interfaces__rosidl_typesupport_introspection_cpp.dir/rosidl_typesupport_introspection_cpp/kobuki_ros_interfaces/msg/detail/digital_input_event__type_support.cpp.o[0m
[ 44%] [34m[1mGenerating C introspection for ROS interfaces[0m
[ 45%] [32mBuilding CXX object CMakeFiles/kobuki_ros_interfaces__rosidl_typesupport_fastrtps_cpp.dir/rosidl_typesupport_fastrtps_cpp/kobuki_ros_interfaces/msg/detail/dds_fastrtps/version_info__type_support.cpp.o[0m
[ 46%] [32mBuilding CXX object CMakeFiles/kobuki_ros_interfaces__rosidl_typesupport_introspection_cpp.dir/rosidl_typesupport_introspection_cpp/kobuki_ros_interfaces/msg/detail/dock_infra_red__type_support.cpp.o[0m
[ 47%] [32mBuilding CXX object CMakeFiles/kobuki_ros_interfaces__rosidl_typesupport_cpp.dir/rosidl_typesupport_cpp/kobuki_ros_interfaces/msg/motor_power__type_support.cpp.o[0m
[ 47%] [32mBuilding CXX object CMakeFiles/kobuki_ros_interfaces__rosidl_typesupport_fastrtps_cpp.dir/rosidl_typesupport_fastrtps_cpp/kobuki_ros_interfaces/msg/detail/dds_fastrtps/controller_info__type_support.cpp.o[0m
[ 48%] [32mBuilding CXX object CMakeFiles/kobuki_ros_interfaces__rosidl_typesupport_introspection_cpp.dir/rosidl_typesupport_introspection_cpp/kobuki_ros_interfaces/msg/detail/keyboard_input__type_support.cpp.o[0m
[ 48%] [32mBuilding CXX object CMakeFiles/kobuki_ros_interfaces__rosidl_typesupport_cpp.dir/rosidl_typesupport_cpp/kobuki_ros_interfaces/msg/robot_state_event__type_support.cpp.o[0m
[ 48%] [32mBuilding CXX object CMakeFiles/kobuki_ros_interfaces__rosidl_typesupport_introspection_cpp.dir/rosidl_typesupport_introspection_cpp/kobuki_ros_interfaces/msg/detail/motor_power__type_support.cpp.o[0m
[ 49%] [32mBuilding CXX object CMakeFiles/kobuki_ros_interfaces__rosidl_typesupport_cpp.dir/rosidl_typesupport_cpp/kobuki_ros_interfaces/msg/sound__type_support.cpp.o[0m
[ 50%] [32mBuilding CXX object CMakeFiles/kobuki_ros_interfaces__rosidl_typesupport_fastrtps_cpp.dir/rosidl_typesupport_fastrtps_cpp/kobuki_ros_interfaces/msg/detail/dds_fastrtps/button_event__type_support.cpp.o[0m
[ 51%] [32mBuilding CXX object CMakeFiles/kobuki_ros_interfaces__rosidl_typesupport_introspection_cpp.dir/rosidl_typesupport_introspection_cpp/kobuki_ros_interfaces/msg/detail/robot_state_event__type_support.cpp.o[0m
[ 52%] [32mBuilding CXX object CMakeFiles/kobuki_ros_interfaces__rosidl_typesupport_cpp.dir/rosidl_typesupport_cpp/kobuki_ros_interfaces/msg/scan_angle__type_support.cpp.o[0m
[ 52%] [32mBuilding CXX object CMakeFiles/kobuki_ros_interfaces__rosidl_typesupport_fastrtps_cpp.dir/rosidl_typesupport_fastrtps_cpp/kobuki_ros_interfaces/msg/detail/dds_fastrtps/digital_input_event__type_support.cpp.o[0m
[ 52%] [32mBuilding CXX object CMakeFiles/kobuki_ros_interfaces__rosidl_typesupport_introspection_cpp.dir/rosidl_typesupport_introspection_cpp/kobuki_ros_interfaces/msg/detail/sound__type_support.cpp.o[0m
[ 52%] [32mBuilding CXX object CMakeFiles/kobuki_ros_interfaces__rosidl_typesupport_cpp.dir/rosidl_typesupport_cpp/kobuki_ros_interfaces/msg/wheel_drop_event__type_support.cpp.o[0m
[ 53%] [32mBuilding CXX object CMakeFiles/kobuki_ros_interfaces__rosidl_typesupport_introspection_cpp.dir/rosidl_typesupport_introspection_cpp/kobuki_ros_interfaces/msg/detail/scan_angle__type_support.cpp.o[0m
[ 54%] [32mBuilding CXX object CMakeFiles/kobuki_ros_interfaces__rosidl_typesupport_fastrtps_cpp.dir/rosidl_typesupport_fastrtps_cpp/kobuki_ros_interfaces/msg/detail/dds_fastrtps/dock_infra_red__type_support.cpp.o[0m
[ 54%] [32mBuilding CXX object CMakeFiles/kobuki_ros_interfaces__rosidl_typesupport_introspection_cpp.dir/rosidl_typesupport_introspection_cpp/kobuki_ros_interfaces/msg/detail/wheel_drop_event__type_support.cpp.o[0m
[ 55%] [32mBuilding CXX object CMakeFiles/kobuki_ros_interfaces__rosidl_typesupport_cpp.dir/rosidl_typesupport_cpp/kobuki_ros_interfaces/action/auto_docking__type_support.cpp.o[0m
[ 55%] [32mBuilding CXX object CMakeFiles/kobuki_ros_interfaces__rosidl_typesupport_fastrtps_cpp.dir/rosidl_typesupport_fastrtps_cpp/kobuki_ros_interfaces/msg/detail/dds_fastrtps/keyboard_input__type_support.cpp.o[0m
[ 56%] [32mBuilding CXX object CMakeFiles/kobuki_ros_interfaces__rosidl_typesupport_introspection_cpp.dir/rosidl_typesupport_introspection_cpp/kobuki_ros_interfaces/action/detail/auto_docking__type_support.cpp.o[0m
[35m[1mScanning dependencies of target kobuki_ros_interfaces__rosidl_typesupport_introspection_c[0m
[ 57%] [32mBuilding C object CMakeFiles/kobuki_ros_interfaces__rosidl_typesupport_introspection_c.dir/rosidl_typesupport_introspection_c/kobuki_ros_interfaces/msg/detail/bumper_event__type_support.c.o[0m
[ 58%] [32mBuilding CXX object CMakeFiles/kobuki_ros_interfaces__rosidl_typesupport_fastrtps_cpp.dir/rosidl_typesupport_fastrtps_cpp/kobuki_ros_interfaces/msg/detail/dds_fastrtps/motor_power__type_support.cpp.o[0m
[ 58%] [32mBuilding C object CMakeFiles/kobuki_ros_interfaces__rosidl_typesupport_introspection_c.dir/rosidl_typesupport_introspection_c/kobuki_ros_interfaces/msg/detail/cliff_event__type_support.c.o[0m
[ 59%] [32mBuilding C object CMakeFiles/kobuki_ros_interfaces__rosidl_typesupport_introspection_c.dir/rosidl_typesupport_introspection_c/kobuki_ros_interfaces/msg/detail/digital_output__type_support.c.o[0m
[ 59%] [32m[1mLinking CXX shared library libkobuki_ros_interfaces__rosidl_typesupport_cpp.so[0m
[ 59%] [32mBuilding C object CMakeFiles/kobuki_ros_interfaces__rosidl_typesupport_introspection_c.dir/rosidl_typesupport_introspection_c/kobuki_ros_interfaces/msg/detail/external_power__type_support.c.o[0m
[ 59%] Built target kobuki_ros_interfaces__rosidl_typesupport_cpp
[ 60%] [32mBuilding C object CMakeFiles/kobuki_ros_interfaces__rosidl_typesupport_introspection_c.dir/rosidl_typesupport_introspection_c/kobuki_ros_interfaces/msg/detail/led__type_support.c.o[0m
[ 61%] [32m[1mLinking CXX shared library libkobuki_ros_interfaces__rosidl_typesupport_introspection_cpp.so[0m
[ 61%] [32mBuilding C object CMakeFiles/kobuki_ros_interfaces__rosidl_typesupport_introspection_c.dir/rosidl_typesupport_introspection_c/kobuki_ros_interfaces/msg/detail/power_system_event__type_support.c.o[0m
[ 62%] [32mBuilding C object CMakeFiles/kobuki_ros_interfaces__rosidl_typesupport_introspection_c.dir/rosidl_typesupport_introspection_c/kobuki_ros_interfaces/msg/detail/sensor_state__type_support.c.o[0m
[ 63%] [32mBuilding C object CMakeFiles/kobuki_ros_interfaces__rosidl_typesupport_introspection_c.dir/rosidl_typesupport_introspection_c/kobuki_ros_interfaces/msg/detail/version_info__type_support.c.o[0m
[ 63%] [32mBuilding C object CMakeFiles/kobuki_ros_interfaces__rosidl_typesupport_introspection_c.dir/rosidl_typesupport_introspection_c/kobuki_ros_interfaces/msg/detail/controller_info__type_support.c.o[0m
[ 64%] [32mBuilding CXX object CMakeFiles/kobuki_ros_interfaces__rosidl_typesupport_fastrtps_cpp.dir/rosidl_typesupport_fastrtps_cpp/kobuki_ros_interfaces/msg/detail/dds_fastrtps/robot_state_event__type_support.cpp.o[0m
[ 64%] Built target kobuki_ros_interfaces__rosidl_typesupport_introspection_cpp
[ 65%] [32mBuilding C object CMakeFiles/kobuki_ros_interfaces__rosidl_typesupport_introspection_c.dir/rosidl_typesupport_introspection_c/kobuki_ros_interfaces/msg/detail/button_event__type_support.c.o[0m
[ 65%] [32mBuilding C object CMakeFiles/kobuki_ros_interfaces__rosidl_typesupport_introspection_c.dir/rosidl_typesupport_introspection_c/kobuki_ros_interfaces/msg/detail/digital_input_event__type_support.c.o[0m
[ 66%] [32mBuilding C object CMakeFiles/kobuki_ros_interfaces__rosidl_typesupport_introspection_c.dir/rosidl_typesupport_introspection_c/kobuki_ros_interfaces/msg/detail/dock_infra_red__type_support.c.o[0m
[ 66%] [32mBuilding C object CMakeFiles/kobuki_ros_interfaces__rosidl_typesupport_introspection_c.dir/rosidl_typesupport_introspection_c/kobuki_ros_interfaces/msg/detail/keyboard_input__type_support.c.o[0m
[ 67%] [32mBuilding C object CMakeFiles/kobuki_ros_interfaces__rosidl_typesupport_introspection_c.dir/rosidl_typesupport_introspection_c/kobuki_ros_interfaces/msg/detail/motor_power__type_support.c.o[0m
[ 68%] [32mBuilding CXX object CMakeFiles/kobuki_ros_interfaces__rosidl_typesupport_fastrtps_cpp.dir/rosidl_typesupport_fastrtps_cpp/kobuki_ros_interfaces/msg/detail/dds_fastrtps/scan_angle__type_support.cpp.o[0m
[ 69%] [32mBuilding C object CMakeFiles/kobuki_ros_interfaces__rosidl_typesupport_introspection_c.dir/rosidl_typesupport_introspection_c/kobuki_ros_interfaces/msg/detail/robot_state_event__type_support.c.o[0m
[ 69%] [32mBuilding C object CMakeFiles/kobuki_ros_interfaces__rosidl_typesupport_introspection_c.dir/rosidl_typesupport_introspection_c/kobuki_ros_interfaces/msg/detail/sound__type_support.c.o[0m
[ 70%] [32mBuilding C object CMakeFiles/kobuki_ros_interfaces__rosidl_typesupport_introspection_c.dir/rosidl_typesupport_introspection_c/kobuki_ros_interfaces/msg/detail/scan_angle__type_support.c.o[0m
[ 70%] [32mBuilding C object CMakeFiles/kobuki_ros_interfaces__rosidl_typesupport_introspection_c.dir/rosidl_typesupport_introspection_c/kobuki_ros_interfaces/msg/detail/wheel_drop_event__type_support.c.o[0m
[ 71%] [32mBuilding C object CMakeFiles/kobuki_ros_interfaces__rosidl_typesupport_introspection_c.dir/rosidl_typesupport_introspection_c/kobuki_ros_interfaces/action/detail/auto_docking__type_support.c.o[0m
[ 71%] [32mBuilding CXX object CMakeFiles/kobuki_ros_interfaces__rosidl_typesupport_fastrtps_cpp.dir/rosidl_typesupport_fastrtps_cpp/kobuki_ros_interfaces/msg/detail/dds_fastrtps/wheel_drop_event__type_support.cpp.o[0m
[ 71%] [32m[1mLinking C shared library libkobuki_ros_interfaces__rosidl_typesupport_introspection_c.so[0m
[ 71%] Built target kobuki_ros_interfaces__rosidl_typesupport_introspection_c
[ 72%] [32mBuilding CXX object CMakeFiles/kobuki_ros_interfaces__rosidl_typesupport_fastrtps_cpp.dir/rosidl_typesupport_fastrtps_cpp/kobuki_ros_interfaces/action/detail/dds_fastrtps/auto_docking__type_support.cpp.o[0m
[ 72%] [32mBuilding CXX object CMakeFiles/kobuki_ros_interfaces__rosidl_typesupport_fastrtps_cpp.dir/rosidl_typesupport_fastrtps_cpp/kobuki_ros_interfaces/msg/detail/dds_fastrtps/sound__type_support.cpp.o[0m
[ 72%] [32m[1mLinking CXX shared library libkobuki_ros_interfaces__rosidl_typesupport_fastrtps_cpp.so[0m
[ 72%] Built target kobuki_ros_interfaces__rosidl_typesupport_fastrtps_cpp
[ 73%] [34m[1mGenerating C type support for eProsima Fast-RTPS[0m
[35m[1mScanning dependencies of target kobuki_ros_interfaces__rosidl_typesupport_fastrtps_c[0m
[ 73%] [32mBuilding CXX object CMakeFiles/kobuki_ros_interfaces__rosidl_typesupport_fastrtps_c.dir/rosidl_typesupport_fastrtps_c/kobuki_ros_interfaces/msg/detail/bumper_event__type_support_c.cpp.o[0m
[ 73%] [32mBuilding CXX object CMakeFiles/kobuki_ros_interfaces__rosidl_typesupport_fastrtps_c.dir/rosidl_typesupport_fastrtps_c/kobuki_ros_interfaces/msg/detail/external_power__type_support_c.cpp.o[0m
[ 74%] [32mBuilding CXX object CMakeFiles/kobuki_ros_interfaces__rosidl_typesupport_fastrtps_c.dir/rosidl_typesupport_fastrtps_c/kobuki_ros_interfaces/msg/detail/led__type_support_c.cpp.o[0m
[ 74%] [32mBuilding CXX object CMakeFiles/kobuki_ros_interfaces__rosidl_typesupport_fastrtps_c.dir/rosidl_typesupport_fastrtps_c/kobuki_ros_interfaces/msg/detail/power_system_event__type_support_c.cpp.o[0m
[ 75%] [32mBuilding CXX object CMakeFiles/kobuki_ros_interfaces__rosidl_typesupport_fastrtps_c.dir/rosidl_typesupport_fastrtps_c/kobuki_ros_interfaces/msg/detail/sensor_state__type_support_c.cpp.o[0m
[ 75%] [32mBuilding CXX object CMakeFiles/kobuki_ros_interfaces__rosidl_typesupport_fastrtps_c.dir/rosidl_typesupport_fastrtps_c/kobuki_ros_interfaces/msg/detail/version_info__type_support_c.cpp.o[0m
[ 76%] [32mBuilding CXX object CMakeFiles/kobuki_ros_interfaces__rosidl_typesupport_fastrtps_c.dir/rosidl_typesupport_fastrtps_c/kobuki_ros_interfaces/msg/detail/controller_info__type_support_c.cpp.o[0m
[ 77%] [32mBuilding CXX object CMakeFiles/kobuki_ros_interfaces__rosidl_typesupport_fastrtps_c.dir/rosidl_typesupport_fastrtps_c/kobuki_ros_interfaces/msg/detail/button_event__type_support_c.cpp.o[0m
[ 77%] [32mBuilding CXX object CMakeFiles/kobuki_ros_interfaces__rosidl_typesupport_fastrtps_c.dir/rosidl_typesupport_fastrtps_c/kobuki_ros_interfaces/msg/detail/digital_input_event__type_support_c.cpp.o[0m
[ 78%] [32mBuilding CXX object CMakeFiles/kobuki_ros_interfaces__rosidl_typesupport_fastrtps_c.dir/rosidl_typesupport_fastrtps_c/kobuki_ros_interfaces/msg/detail/dock_infra_red__type_support_c.cpp.o[0m
[ 78%] [32mBuilding CXX object CMakeFiles/kobuki_ros_interfaces__rosidl_typesupport_fastrtps_c.dir/rosidl_typesupport_fastrtps_c/kobuki_ros_interfaces/msg/detail/keyboard_input__type_support_c.cpp.o[0m
[ 79%] [32mBuilding CXX object CMakeFiles/kobuki_ros_interfaces__rosidl_typesupport_fastrtps_c.dir/rosidl_typesupport_fastrtps_c/kobuki_ros_interfaces/msg/detail/motor_power__type_support_c.cpp.o[0m
[ 79%] [32mBuilding CXX object CMakeFiles/kobuki_ros_interfaces__rosidl_typesupport_fastrtps_c.dir/rosidl_typesupport_fastrtps_c/kobuki_ros_interfaces/msg/detail/robot_state_event__type_support_c.cpp.o[0m
[ 80%] [32mBuilding CXX object CMakeFiles/kobuki_ros_interfaces__rosidl_typesupport_fastrtps_c.dir/rosidl_typesupport_fastrtps_c/kobuki_ros_interfaces/msg/detail/sound__type_support_c.cpp.o[0m
[ 81%] [32mBuilding CXX object CMakeFiles/kobuki_ros_interfaces__rosidl_typesupport_fastrtps_c.dir/rosidl_typesupport_fastrtps_c/kobuki_ros_interfaces/msg/detail/scan_angle__type_support_c.cpp.o[0m
[ 81%] [32mBuilding CXX object CMakeFiles/kobuki_ros_interfaces__rosidl_typesupport_fastrtps_c.dir/rosidl_typesupport_fastrtps_c/kobuki_ros_interfaces/msg/detail/wheel_drop_event__type_support_c.cpp.o[0m
[ 82%] [32mBuilding CXX object CMakeFiles/kobuki_ros_interfaces__rosidl_typesupport_fastrtps_c.dir/rosidl_typesupport_fastrtps_c/kobuki_ros_interfaces/action/detail/auto_docking__type_support_c.cpp.o[0m
[ 83%] [32mBuilding CXX object CMakeFiles/kobuki_ros_interfaces__rosidl_typesupport_fastrtps_c.dir/rosidl_typesupport_fastrtps_c/kobuki_ros_interfaces/msg/detail/digital_output__type_support_c.cpp.o[0m
[ 84%] [32mBuilding CXX object CMakeFiles/kobuki_ros_interfaces__rosidl_typesupport_fastrtps_c.dir/rosidl_typesupport_fastrtps_c/kobuki_ros_interfaces/msg/detail/cliff_event__type_support_c.cpp.o[0m
[ 84%] [32m[1mLinking CXX shared library libkobuki_ros_interfaces__rosidl_typesupport_fastrtps_c.so[0m
[ 84%] Built target kobuki_ros_interfaces__rosidl_typesupport_fastrtps_c
[35m[1mScanning dependencies of target kobuki_ros_interfaces[0m
[ 84%] Built target kobuki_ros_interfaces
[35m[1mScanning dependencies of target kobuki_ros_interfaces__py[0m
[ 85%] [34m[1mGenerating Python code for ROS interfaces[0m
[ 85%] Built target kobuki_ros_interfaces__py
[35m[1mScanning dependencies of target kobuki_ros_interfaces__python[0m
[ 85%] [32mBuilding C object CMakeFiles/kobuki_ros_interfaces__python.dir/rosidl_generator_py/kobuki_ros_interfaces/msg/_bumper_event_s.c.o[0m
[ 86%] [32mBuilding C object CMakeFiles/kobuki_ros_interfaces__python.dir/rosidl_generator_py/kobuki_ros_interfaces/msg/_external_power_s.c.o[0m
[ 87%] [32mBuilding C object CMakeFiles/kobuki_ros_interfaces__python.dir/rosidl_generator_py/kobuki_ros_interfaces/msg/_led_s.c.o[0m
[ 87%] [32mBuilding C object CMakeFiles/kobuki_ros_interfaces__python.dir/rosidl_generator_py/kobuki_ros_interfaces/msg/_power_system_event_s.c.o[0m
[ 88%] [32mBuilding C object CMakeFiles/kobuki_ros_interfaces__python.dir/rosidl_generator_py/kobuki_ros_interfaces/msg/_sensor_state_s.c.o[0m
[ 88%] [32mBuilding C object CMakeFiles/kobuki_ros_interfaces__python.dir/rosidl_generator_py/kobuki_ros_interfaces/msg/_version_info_s.c.o[0m
[ 89%] [32mBuilding C object CMakeFiles/kobuki_ros_interfaces__python.dir/rosidl_generator_py/kobuki_ros_interfaces/msg/_controller_info_s.c.o[0m
[ 89%] [32mBuilding C object CMakeFiles/kobuki_ros_interfaces__python.dir/rosidl_generator_py/kobuki_ros_interfaces/msg/_button_event_s.c.o[0m
[ 90%] [32mBuilding C object CMakeFiles/kobuki_ros_interfaces__python.dir/rosidl_generator_py/kobuki_ros_interfaces/msg/_digital_input_event_s.c.o[0m
[ 91%] [32mBuilding C object CMakeFiles/kobuki_ros_interfaces__python.dir/rosidl_generator_py/kobuki_ros_interfaces/msg/_dock_infra_red_s.c.o[0m
[ 91%] [32mBuilding C object CMakeFiles/kobuki_ros_interfaces__python.dir/rosidl_generator_py/kobuki_ros_interfaces/msg/_keyboard_input_s.c.o[0m
[ 92%] [32mBuilding C object CMakeFiles/kobuki_ros_interfaces__python.dir/rosidl_generator_py/kobuki_ros_interfaces/msg/_motor_power_s.c.o[0m
[ 92%] [32mBuilding C object CMakeFiles/kobuki_ros_interfaces__python.dir/rosidl_generator_py/kobuki_ros_interfaces/msg/_robot_state_event_s.c.o[0m
[ 93%] [32mBuilding C object CMakeFiles/kobuki_ros_interfaces__python.dir/rosidl_generator_py/kobuki_ros_interfaces/msg/_sound_s.c.o[0m
[ 93%] [32mBuilding C object CMakeFiles/kobuki_ros_interfaces__python.dir/rosidl_generator_py/kobuki_ros_interfaces/msg/_scan_angle_s.c.o[0m
[ 94%] [32mBuilding C object CMakeFiles/kobuki_ros_interfaces__python.dir/rosidl_generator_py/kobuki_ros_interfaces/msg/_wheel_drop_event_s.c.o[0m
[ 95%] [32mBuilding C object CMakeFiles/kobuki_ros_interfaces__python.dir/rosidl_generator_py/kobuki_ros_interfaces/action/_auto_docking_s.c.o[0m
[ 95%] [32mBuilding C object CMakeFiles/kobuki_ros_interfaces__python.dir/rosidl_generator_py/kobuki_ros_interfaces/msg/_digital_output_s.c.o[0m
[ 96%] [32mBuilding C object CMakeFiles/kobuki_ros_interfaces__python.dir/rosidl_generator_py/kobuki_ros_interfaces/msg/_cliff_event_s.c.o[0m
[ 96%] [32m[1mLinking C shared library rosidl_generator_py/kobuki_ros_interfaces/libkobuki_ros_interfaces__python.so[0m
[ 96%] Built target kobuki_ros_interfaces__python
[35m[1mScanning dependencies of target kobuki_ros_interfaces__rosidl_typesupport_introspection_c__pyext[0m
[ 97%] [32mBuilding C object CMakeFiles/kobuki_ros_interfaces__rosidl_typesupport_introspection_c__pyext.dir/rosidl_generator_py/kobuki_ros_interfaces/_kobuki_ros_interfaces_s.ep.rosidl_typesupport_introspection_c.c.o[0m
[ 98%] [32m[1mLinking C shared library rosidl_generator_py/kobuki_ros_interfaces/kobuki_ros_interfaces_s__rosidl_typesupport_introspection_c.cpython-38-x86_64-linux-gnu.so[0m
[ 98%] Built target kobuki_ros_interfaces__rosidl_typesupport_introspection_c__pyext
[35m[1mScanning dependencies of target kobuki_ros_interfaces__rosidl_typesupport_fastrtps_c__pyext[0m
[ 99%] [32mBuilding C object CMakeFiles/kobuki_ros_interfaces__rosidl_typesupport_fastrtps_c__pyext.dir/rosidl_generator_py/kobuki_ros_interfaces/_kobuki_ros_interfaces_s.ep.rosidl_typesupport_fastrtps_c.c.o[0m
[ 99%] [32m[1mLinking CXX shared library rosidl_generator_py/kobuki_ros_interfaces/kobuki_ros_interfaces_s__rosidl_typesupport_fastrtps_c.cpython-38-x86_64-linux-gnu.so[0m
[ 99%] Built target kobuki_ros_interfaces__rosidl_typesupport_fastrtps_c__pyext
[35m[1mScanning dependencies of target kobuki_ros_interfaces__rosidl_typesupport_c__pyext[0m
[100%] [32mBuilding C object CMakeFiles/kobuki_ros_interfaces__rosidl_typesupport_c__pyext.dir/rosidl_generator_py/kobuki_ros_interfaces/_kobuki_ros_interfaces_s.ep.rosidl_typesupport_c.c.o[0m
[100%] [32m[1mLinking C shared library rosidl_generator_py/kobuki_ros_interfaces/kobuki_ros_interfaces_s__rosidl_typesupport_c.cpython-38-x86_64-linux-gnu.so[0m
[100%] Built target kobuki_ros_interfaces__rosidl_typesupport_c__pyext
-- Install configuration: ""
-- Execute custom install script
-- Symlinking: /home/turtlebot5/tb2_ros2_nav2/ros2_ws/install/kobuki_ros_interfaces/share/ament_index/resource_index/rosidl_interfaces/kobuki_ros_interfaces
-- Symlinking: /home/turtlebot5/tb2_ros2_nav2/ros2_ws/install/kobuki_ros_interfaces/include/kobuki_ros_interfaces/action/auto_docking.h
-- Symlinking: /home/turtlebot5/tb2_ros2_nav2/ros2_ws/install/kobuki_ros_interfaces/include/kobuki_ros_interfaces/action/detail/auto_docking__functions.h
-- Symlinking: /home/turtlebot5/tb2_ros2_nav2/ros2_ws/install/kobuki_ros_interfaces/include/kobuki_ros_interfaces/action/detail/auto_docking__struct.h
-- Symlinking: /home/turtlebot5/tb2_ros2_nav2/ros2_ws/install/kobuki_ros_interfaces/include/kobuki_ros_interfaces/action/detail/auto_docking__type_support.h
-- Symlinking: /home/turtlebot5/tb2_ros2_nav2/ros2_ws/install/kobuki_ros_interfaces/include/kobuki_ros_interfaces/msg/bumper_event.h
-- Symlinking: /home/turtlebot5/tb2_ros2_nav2/ros2_ws/install/kobuki_ros_interfaces/include/kobuki_ros_interfaces/msg/button_event.h
-- Symlinking: /home/turtlebot5/tb2_ros2_nav2/ros2_ws/install/kobuki_ros_interfaces/include/kobuki_ros_interfaces/msg/cliff_event.h
-- Symlinking: /home/turtlebot5/tb2_ros2_nav2/ros2_ws/install/kobuki_ros_interfaces/include/kobuki_ros_interfaces/msg/controller_info.h
-- Symlinking: /home/turtlebot5/tb2_ros2_nav2/ros2_ws/install/kobuki_ros_interfaces/include/kobuki_ros_interfaces/msg/detail/bumper_event__functions.h
-- Symlinking: /home/turtlebot5/tb2_ros2_nav2/ros2_ws/install/kobuki_ros_interfaces/include/kobuki_ros_interfaces/msg/detail/bumper_event__struct.h
-- Symlinking: /home/turtlebot5/tb2_ros2_nav2/ros2_ws/install/kobuki_ros_interfaces/include/kobuki_ros_interfaces/msg/detail/bumper_event__type_support.h
-- Symlinking: /home/turtlebot5/tb2_ros2_nav2/ros2_ws/install/kobuki_ros_interfaces/include/kobuki_ros_interfaces/msg/detail/button_event__functions.h
-- Symlinking: /home/turtlebot5/tb2_ros2_nav2/ros2_ws/install/kobuki_ros_interfaces/include/kobuki_ros_interfaces/msg/detail/button_event__struct.h
-- Symlinking: /home/turtlebot5/tb2_ros2_nav2/ros2_ws/install/kobuki_ros_interfaces/include/kobuki_ros_interfaces/msg/detail/button_event__type_support.h
-- Symlinking: /home/turtlebot5/tb2_ros2_nav2/ros2_ws/install/kobuki_ros_interfaces/include/kobuki_ros_interfaces/msg/detail/cliff_event__functions.h
-- Symlinking: /home/turtlebot5/tb2_ros2_nav2/ros2_ws/install/kobuki_ros_interfaces/include/kobuki_ros_interfaces/msg/detail/cliff_event__struct.h
-- Symlinking: /home/turtlebot5/tb2_ros2_nav2/ros2_ws/install/kobuki_ros_interfaces/include/kobuki_ros_interfaces/msg/detail/cliff_event__type_support.h
-- Symlinking: /home/turtlebot5/tb2_ros2_nav2/ros2_ws/install/kobuki_ros_interfaces/include/kobuki_ros_interfaces/msg/detail/controller_info__functions.h
-- Symlinking: /home/turtlebot5/tb2_ros2_nav2/ros2_ws/install/kobuki_ros_interfaces/include/kobuki_ros_interfaces/msg/detail/controller_info__struct.h
-- Symlinking: /home/turtlebot5/tb2_ros2_nav2/ros2_ws/install/kobuki_ros_interfaces/include/kobuki_ros_interfaces/msg/detail/controller_info__type_support.h
-- Symlinking: /home/turtlebot5/tb2_ros2_nav2/ros2_ws/install/kobuki_ros_interfaces/include/kobuki_ros_interfaces/msg/detail/digital_input_event__functions.h
-- Symlinking: /home/turtlebot5/tb2_ros2_nav2/ros2_ws/install/kobuki_ros_interfaces/include/kobuki_ros_interfaces/msg/detail/digital_input_event__struct.h
-- Symlinking: /home/turtlebot5/tb2_ros2_nav2/ros2_ws/install/kobuki_ros_interfaces/include/kobuki_ros_interfaces/msg/detail/digital_input_event__type_support.h
-- Symlinking: /home/turtlebot5/tb2_ros2_nav2/ros2_ws/install/kobuki_ros_interfaces/include/kobuki_ros_interfaces/msg/detail/digital_output__functions.h
-- Symlinking: /home/turtlebot5/tb2_ros2_nav2/ros2_ws/install/kobuki_ros_interfaces/include/kobuki_ros_interfaces/msg/detail/digital_output__struct.h
-- Symlinking: /home/turtlebot5/tb2_ros2_nav2/ros2_ws/install/kobuki_ros_interfaces/include/kobuki_ros_interfaces/msg/detail/digital_output__type_support.h
-- Symlinking: /home/turtlebot5/tb2_ros2_nav2/ros2_ws/install/kobuki_ros_interfaces/include/kobuki_ros_interfaces/msg/detail/dock_infra_red__functions.h
-- Symlinking: /home/turtlebot5/tb2_ros2_nav2/ros2_ws/install/kobuki_ros_interfaces/include/kobuki_ros_interfaces/msg/detail/dock_infra_red__struct.h
-- Symlinking: /home/turtlebot5/tb2_ros2_nav2/ros2_ws/install/kobuki_ros_interfaces/include/kobuki_ros_interfaces/msg/detail/dock_infra_red__type_support.h
-- Symlinking: /home/turtlebot5/tb2_ros2_nav2/ros2_ws/install/kobuki_ros_interfaces/include/kobuki_ros_interfaces/msg/detail/external_power__functions.h
-- Symlinking: /home/turtlebot5/tb2_ros2_nav2/ros2_ws/install/kobuki_ros_interfaces/include/kobuki_ros_interfaces/msg/detail/external_power__struct.h
-- Symlinking: /home/turtlebot5/tb2_ros2_nav2/ros2_ws/install/kobuki_ros_interfaces/include/kobuki_ros_interfaces/msg/detail/external_power__type_support.h
-- Symlinking: /home/turtlebot5/tb2_ros2_nav2/ros2_ws/install/kobuki_ros_interfaces/include/kobuki_ros_interfaces/msg/detail/keyboard_input__functions.h
-- Symlinking: /home/turtlebot5/tb2_ros2_nav2/ros2_ws/install/kobuki_ros_interfaces/include/kobuki_ros_interfaces/msg/detail/keyboard_input__struct.h
-- Symlinking: /home/turtlebot5/tb2_ros2_nav2/ros2_ws/install/kobuki_ros_interfaces/include/kobuki_ros_interfaces/msg/detail/keyboard_input__type_support.h
-- Symlinking: /home/turtlebot5/tb2_ros2_nav2/ros2_ws/install/kobuki_ros_interfaces/include/kobuki_ros_interfaces/msg/detail/led__functions.h
-- Symlinking: /home/turtlebot5/tb2_ros2_nav2/ros2_ws/install/kobuki_ros_interfaces/include/kobuki_ros_interfaces/msg/detail/led__struct.h
-- Symlinking: /home/turtlebot5/tb2_ros2_nav2/ros2_ws/install/kobuki_ros_interfaces/include/kobuki_ros_interfaces/msg/detail/led__type_support.h
-- Symlinking: /home/turtlebot5/tb2_ros2_nav2/ros2_ws/install/kobuki_ros_interfaces/include/kobuki_ros_interfaces/msg/detail/motor_power__functions.h
-- Symlinking: /home/turtlebot5/tb2_ros2_nav2/ros2_ws/install/kobuki_ros_interfaces/include/kobuki_ros_interfaces/msg/detail/motor_power__struct.h
-- Symlinking: /home/turtlebot5/tb2_ros2_nav2/ros2_ws/install/kobuki_ros_interfaces/include/kobuki_ros_interfaces/msg/detail/motor_power__type_support.h
-- Symlinking: /home/turtlebot5/tb2_ros2_nav2/ros2_ws/install/kobuki_ros_interfaces/include/kobuki_ros_interfaces/msg/detail/power_system_event__functions.h
-- Symlinking: /home/turtlebot5/tb2_ros2_nav2/ros2_ws/install/kobuki_ros_interfaces/include/kobuki_ros_interfaces/msg/detail/power_system_event__struct.h
-- Symlinking: /home/turtlebot5/tb2_ros2_nav2/ros2_ws/install/kobuki_ros_interfaces/include/kobuki_ros_interfaces/msg/detail/power_system_event__type_support.h
-- Symlinking: /home/turtlebot5/tb2_ros2_nav2/ros2_ws/install/kobuki_ros_interfaces/include/kobuki_ros_interfaces/msg/detail/robot_state_event__functions.h
-- Symlinking: /home/turtlebot5/tb2_ros2_nav2/ros2_ws/install/kobuki_ros_interfaces/include/kobuki_ros_interfaces/msg/detail/robot_state_event__struct.h
-- Symlinking: /home/turtlebot5/tb2_ros2_nav2/ros2_ws/install/kobuki_ros_interfaces/include/kobuki_ros_interfaces/msg/detail/robot_state_event__type_support.h
-- Symlinking: /home/turtlebot5/tb2_ros2_nav2/ros2_ws/install/kobuki_ros_interfaces/include/kobuki_ros_interfaces/msg/detail/scan_angle__functions.h
-- Symlinking: /home/turtlebot5/tb2_ros2_nav2/ros2_ws/install/kobuki_ros_interfaces/include/kobuki_ros_interfaces/msg/detail/scan_angle__struct.h
-- Symlinking: /home/turtlebot5/tb2_ros2_nav2/ros2_ws/install/kobuki_ros_interfaces/include/kobuki_ros_interfaces/msg/detail/scan_angle__type_support.h
-- Symlinking: /home/turtlebot5/tb2_ros2_nav2/ros2_ws/install/kobuki_ros_interfaces/include/kobuki_ros_interfaces/msg/detail/sensor_state__functions.h
-- Symlinking: /home/turtlebot5/tb2_ros2_nav2/ros2_ws/install/kobuki_ros_interfaces/include/kobuki_ros_interfaces/msg/detail/sensor_state__struct.h
-- Symlinking: /home/turtlebot5/tb2_ros2_nav2/ros2_ws/install/kobuki_ros_interfaces/include/kobuki_ros_interfaces/msg/detail/sensor_state__type_support.h
-- Symlinking: /home/turtlebot5/tb2_ros2_nav2/ros2_ws/install/kobuki_ros_interfaces/include/kobuki_ros_interfaces/msg/detail/sound__functions.h
-- Symlinking: /home/turtlebot5/tb2_ros2_nav2/ros2_ws/install/kobuki_ros_interfaces/include/kobuki_ros_interfaces/msg/detail/sound__struct.h
-- Symlinking: /home/turtlebot5/tb2_ros2_nav2/ros2_ws/install/kobuki_ros_interfaces/include/kobuki_ros_interfaces/msg/detail/sound__type_support.h
-- Symlinking: /home/turtlebot5/tb2_ros2_nav2/ros2_ws/install/kobuki_ros_interfaces/include/kobuki_ros_interfaces/msg/detail/version_info__functions.h
-- Symlinking: /home/turtlebot5/tb2_ros2_nav2/ros2_ws/install/kobuki_ros_interfaces/include/kobuki_ros_interfaces/msg/detail/version_info__struct.h
-- Symlinking: /home/turtlebot5/tb2_ros2_nav2/ros2_ws/install/kobuki_ros_interfaces/include/kobuki_ros_interfaces/msg/detail/version_info__type_support.h
-- Symlinking: /home/turtlebot5/tb2_ros2_nav2/ros2_ws/install/kobuki_ros_interfaces/include/kobuki_ros_interfaces/msg/detail/wheel_drop_event__functions.h
-- Symlinking: /home/turtlebot5/tb2_ros2_nav2/ros2_ws/install/kobuki_ros_interfaces/include/kobuki_ros_interfaces/msg/detail/wheel_drop_event__struct.h
-- Symlinking: /home/turtlebot5/tb2_ros2_nav2/ros2_ws/install/kobuki_ros_interfaces/include/kobuki_ros_interfaces/msg/detail/wheel_drop_event__type_support.h
-- Symlinking: /home/turtlebot5/tb2_ros2_nav2/ros2_ws/install/kobuki_ros_interfaces/include/kobuki_ros_interfaces/msg/digital_input_event.h
-- Symlinking: /home/turtlebot5/tb2_ros2_nav2/ros2_ws/install/kobuki_ros_interfaces/include/kobuki_ros_interfaces/msg/digital_output.h
-- Symlinking: /home/turtlebot5/tb2_ros2_nav2/ros2_ws/install/kobuki_ros_interfaces/include/kobuki_ros_interfaces/msg/dock_infra_red.h
-- Symlinking: /home/turtlebot5/tb2_ros2_nav2/ros2_ws/install/kobuki_ros_interfaces/include/kobuki_ros_interfaces/msg/external_power.h
-- Symlinking: /home/turtlebot5/tb2_ros2_nav2/ros2_ws/install/kobuki_ros_interfaces/include/kobuki_ros_interfaces/msg/keyboard_input.h
-- Symlinking: /home/turtlebot5/tb2_ros2_nav2/ros2_ws/install/kobuki_ros_interfaces/include/kobuki_ros_interfaces/msg/led.h
-- Symlinking: /home/turtlebot5/tb2_ros2_nav2/ros2_ws/install/kobuki_ros_interfaces/include/kobuki_ros_interfaces/msg/motor_power.h
-- Symlinking: /home/turtlebot5/tb2_ros2_nav2/ros2_ws/install/kobuki_ros_interfaces/include/kobuki_ros_interfaces/msg/power_system_event.h
-- Symlinking: /home/turtlebot5/tb2_ros2_nav2/ros2_ws/install/kobuki_ros_interfaces/include/kobuki_ros_interfaces/msg/robot_state_event.h
-- Symlinking: /home/turtlebot5/tb2_ros2_nav2/ros2_ws/install/kobuki_ros_interfaces/include/kobuki_ros_interfaces/msg/rosidl_generator_c__visibility_control.h
-- Symlinking: /home/turtlebot5/tb2_ros2_nav2/ros2_ws/install/kobuki_ros_interfaces/include/kobuki_ros_interfaces/msg/scan_angle.h
-- Symlinking: /home/turtlebot5/tb2_ros2_nav2/ros2_ws/install/kobuki_ros_interfaces/include/kobuki_ros_interfaces/msg/sensor_state.h
-- Symlinking: /home/turtlebot5/tb2_ros2_nav2/ros2_ws/install/kobuki_ros_interfaces/include/kobuki_ros_interfaces/msg/sound.h
-- Symlinking: /home/turtlebot5/tb2_ros2_nav2/ros2_ws/install/kobuki_ros_interfaces/include/kobuki_ros_interfaces/msg/version_info.h
-- Symlinking: /home/turtlebot5/tb2_ros2_nav2/ros2_ws/install/kobuki_ros_interfaces/include/kobuki_ros_interfaces/msg/wheel_drop_event.h
-- Symlinking: /home/turtlebot5/tb2_ros2_nav2/ros2_ws/install/kobuki_ros_interfaces/share/kobuki_ros_interfaces/environment/library_path.sh
-- Symlinking: /home/turtlebot5/tb2_ros2_nav2/ros2_ws/install/kobuki_ros_interfaces/share/kobuki_ros_interfaces/environment/library_path.dsv
-- Symlinking: /home/turtlebot5/tb2_ros2_nav2/ros2_ws/install/kobuki_ros_interfaces/include/kobuki_ros_interfaces/action/detail/auto_docking__rosidl_typesupport_fastrtps_c.h
-- Symlinking: /home/turtlebot5/tb2_ros2_nav2/ros2_ws/install/kobuki_ros_interfaces/include/kobuki_ros_interfaces/msg/detail/bumper_event__rosidl_typesupport_fastrtps_c.h
-- Symlinking: /home/turtlebot5/tb2_ros2_nav2/ros2_ws/install/kobuki_ros_interfaces/include/kobuki_ros_interfaces/msg/detail/button_event__rosidl_typesupport_fastrtps_c.h
-- Symlinking: /home/turtlebot5/tb2_ros2_nav2/ros2_ws/install/kobuki_ros_interfaces/include/kobuki_ros_interfaces/msg/detail/cliff_event__rosidl_typesupport_fastrtps_c.h
-- Symlinking: /home/turtlebot5/tb2_ros2_nav2/ros2_ws/install/kobuki_ros_interfaces/include/kobuki_ros_interfaces/msg/detail/controller_info__rosidl_typesupport_fastrtps_c.h
-- Symlinking: /home/turtlebot5/tb2_ros2_nav2/ros2_ws/install/kobuki_ros_interfaces/include/kobuki_ros_interfaces/msg/detail/digital_input_event__rosidl_typesupport_fastrtps_c.h
-- Symlinking: /home/turtlebot5/tb2_ros2_nav2/ros2_ws/install/kobuki_ros_interfaces/include/kobuki_ros_interfaces/msg/detail/digital_output__rosidl_typesupport_fastrtps_c.h
-- Symlinking: /home/turtlebot5/tb2_ros2_nav2/ros2_ws/install/kobuki_ros_interfaces/include/kobuki_ros_interfaces/msg/detail/dock_infra_red__rosidl_typesupport_fastrtps_c.h
-- Symlinking: /home/turtlebot5/tb2_ros2_nav2/ros2_ws/install/kobuki_ros_interfaces/include/kobuki_ros_interfaces/msg/detail/external_power__rosidl_typesupport_fastrtps_c.h
-- Symlinking: /home/turtlebot5/tb2_ros2_nav2/ros2_ws/install/kobuki_ros_interfaces/include/kobuki_ros_interfaces/msg/detail/keyboard_input__rosidl_typesupport_fastrtps_c.h
-- Symlinking: /home/turtlebot5/tb2_ros2_nav2/ros2_ws/install/kobuki_ros_interfaces/include/kobuki_ros_interfaces/msg/detail/led__rosidl_typesupport_fastrtps_c.h
-- Symlinking: /home/turtlebot5/tb2_ros2_nav2/ros2_ws/install/kobuki_ros_interfaces/include/kobuki_ros_interfaces/msg/detail/motor_power__rosidl_typesupport_fastrtps_c.h
-- Symlinking: /home/turtlebot5/tb2_ros2_nav2/ros2_ws/install/kobuki_ros_interfaces/include/kobuki_ros_interfaces/msg/detail/power_system_event__rosidl_typesupport_fastrtps_c.h
-- Symlinking: /home/turtlebot5/tb2_ros2_nav2/ros2_ws/install/kobuki_ros_interfaces/include/kobuki_ros_interfaces/msg/detail/robot_state_event__rosidl_typesupport_fastrtps_c.h
-- Symlinking: /home/turtlebot5/tb2_ros2_nav2/ros2_ws/install/kobuki_ros_interfaces/include/kobuki_ros_interfaces/msg/detail/scan_angle__rosidl_typesupport_fastrtps_c.h
-- Symlinking: /home/turtlebot5/tb2_ros2_nav2/ros2_ws/install/kobuki_ros_interfaces/include/kobuki_ros_interfaces/msg/detail/sensor_state__rosidl_typesupport_fastrtps_c.h
-- Symlinking: /home/turtlebot5/tb2_ros2_nav2/ros2_ws/install/kobuki_ros_interfaces/include/kobuki_ros_interfaces/msg/detail/sound__rosidl_typesupport_fastrtps_c.h
-- Symlinking: /home/turtlebot5/tb2_ros2_nav2/ros2_ws/install/kobuki_ros_interfaces/include/kobuki_ros_interfaces/msg/detail/version_info__rosidl_typesupport_fastrtps_c.h
-- Symlinking: /home/turtlebot5/tb2_ros2_nav2/ros2_ws/install/kobuki_ros_interfaces/include/kobuki_ros_interfaces/msg/detail/wheel_drop_event__rosidl_typesupport_fastrtps_c.h
-- Symlinking: /home/turtlebot5/tb2_ros2_nav2/ros2_ws/install/kobuki_ros_interfaces/include/kobuki_ros_interfaces/msg/rosidl_typesupport_fastrtps_c__visibility_control.h
-- Symlinking: /home/turtlebot5/tb2_ros2_nav2/ros2_ws/install/kobuki_ros_interfaces/lib/libkobuki_ros_interfaces__rosidl_typesupport_fastrtps_c.so
-- Symlinking: /home/turtlebot5/tb2_ros2_nav2/ros2_ws/install/kobuki_ros_interfaces/include/kobuki_ros_interfaces/action/detail/auto_docking__rosidl_typesupport_fastrtps_cpp.hpp
-- Symlinking: /home/turtlebot5/tb2_ros2_nav2/ros2_ws/install/kobuki_ros_interfaces/include/kobuki_ros_interfaces/msg/detail/bumper_event__rosidl_typesupport_fastrtps_cpp.hpp
-- Symlinking: /home/turtlebot5/tb2_ros2_nav2/ros2_ws/install/kobuki_ros_interfaces/include/kobuki_ros_interfaces/msg/detail/button_event__rosidl_typesupport_fastrtps_cpp.hpp
-- Symlinking: /home/turtlebot5/tb2_ros2_nav2/ros2_ws/install/kobuki_ros_interfaces/include/kobuki_ros_interfaces/msg/detail/cliff_event__rosidl_typesupport_fastrtps_cpp.hpp
-- Symlinking: /home/turtlebot5/tb2_ros2_nav2/ros2_ws/install/kobuki_ros_interfaces/include/kobuki_ros_interfaces/msg/detail/controller_info__rosidl_typesupport_fastrtps_cpp.hpp
-- Symlinking: /home/turtlebot5/tb2_ros2_nav2/ros2_ws/install/kobuki_ros_interfaces/include/kobuki_ros_interfaces/msg/detail/digital_input_event__rosidl_typesupport_fastrtps_cpp.hpp
-- Symlinking: /home/turtlebot5/tb2_ros2_nav2/ros2_ws/install/kobuki_ros_interfaces/include/kobuki_ros_interfaces/msg/detail/digital_output__rosidl_typesupport_fastrtps_cpp.hpp
-- Symlinking: /home/turtlebot5/tb2_ros2_nav2/ros2_ws/install/kobuki_ros_interfaces/include/kobuki_ros_interfaces/msg/detail/dock_infra_red__rosidl_typesupport_fastrtps_cpp.hpp
-- Symlinking: /home/turtlebot5/tb2_ros2_nav2/ros2_ws/install/kobuki_ros_interfaces/include/kobuki_ros_interfaces/msg/detail/external_power__rosidl_typesupport_fastrtps_cpp.hpp
-- Symlinking: /home/turtlebot5/tb2_ros2_nav2/ros2_ws/install/kobuki_ros_interfaces/include/kobuki_ros_interfaces/msg/detail/keyboard_input__rosidl_typesupport_fastrtps_cpp.hpp
-- Symlinking: /home/turtlebot5/tb2_ros2_nav2/ros2_ws/install/kobuki_ros_interfaces/include/kobuki_ros_interfaces/msg/detail/led__rosidl_typesupport_fastrtps_cpp.hpp
-- Symlinking: /home/turtlebot5/tb2_ros2_nav2/ros2_ws/install/kobuki_ros_interfaces/include/kobuki_ros_interfaces/msg/detail/motor_power__rosidl_typesupport_fastrtps_cpp.hpp
-- Symlinking: /home/turtlebot5/tb2_ros2_nav2/ros2_ws/install/kobuki_ros_interfaces/include/kobuki_ros_interfaces/msg/detail/power_system_event__rosidl_typesupport_fastrtps_cpp.hpp
-- Symlinking: /home/turtlebot5/tb2_ros2_nav2/ros2_ws/install/kobuki_ros_interfaces/include/kobuki_ros_interfaces/msg/detail/robot_state_event__rosidl_typesupport_fastrtps_cpp.hpp
-- Symlinking: /home/turtlebot5/tb2_ros2_nav2/ros2_ws/install/kobuki_ros_interfaces/include/kobuki_ros_interfaces/msg/detail/scan_angle__rosidl_typesupport_fastrtps_cpp.hpp
-- Symlinking: /home/turtlebot5/tb2_ros2_nav2/ros2_ws/install/kobuki_ros_interfaces/include/kobuki_ros_interfaces/msg/detail/sensor_state__rosidl_typesupport_fastrtps_cpp.hpp
-- Symlinking: /home/turtlebot5/tb2_ros2_nav2/ros2_ws/install/kobuki_ros_interfaces/include/kobuki_ros_interfaces/msg/detail/sound__rosidl_typesupport_fastrtps_cpp.hpp
-- Symlinking: /home/turtlebot5/tb2_ros2_nav2/ros2_ws/install/kobuki_ros_interfaces/include/kobuki_ros_interfaces/msg/detail/version_info__rosidl_typesupport_fastrtps_cpp.hpp
-- Symlinking: /home/turtlebot5/tb2_ros2_nav2/ros2_ws/install/kobuki_ros_interfaces/include/kobuki_ros_interfaces/msg/detail/wheel_drop_event__rosidl_typesupport_fastrtps_cpp.hpp
-- Symlinking: /home/turtlebot5/tb2_ros2_nav2/ros2_ws/install/kobuki_ros_interfaces/include/kobuki_ros_interfaces/msg/rosidl_typesupport_fastrtps_cpp__visibility_control.h
-- Symlinking: /home/turtlebot5/tb2_ros2_nav2/ros2_ws/install/kobuki_ros_interfaces/lib/libkobuki_ros_interfaces__rosidl_typesupport_fastrtps_cpp.so
-- Symlinking: /home/turtlebot5/tb2_ros2_nav2/ros2_ws/install/kobuki_ros_interfaces/include/kobuki_ros_interfaces/action/detail/auto_docking__rosidl_typesupport_introspection_c.h
-- Symlinking: /home/turtlebot5/tb2_ros2_nav2/ros2_ws/install/kobuki_ros_interfaces/include/kobuki_ros_interfaces/msg/detail/bumper_event__rosidl_typesupport_introspection_c.h
-- Symlinking: /home/turtlebot5/tb2_ros2_nav2/ros2_ws/install/kobuki_ros_interfaces/include/kobuki_ros_interfaces/msg/detail/button_event__rosidl_typesupport_introspection_c.h
-- Symlinking: /home/turtlebot5/tb2_ros2_nav2/ros2_ws/install/kobuki_ros_interfaces/include/kobuki_ros_interfaces/msg/detail/cliff_event__rosidl_typesupport_introspection_c.h
-- Symlinking: /home/turtlebot5/tb2_ros2_nav2/ros2_ws/install/kobuki_ros_interfaces/include/kobuki_ros_interfaces/msg/detail/controller_info__rosidl_typesupport_introspection_c.h
-- Symlinking: /home/turtlebot5/tb2_ros2_nav2/ros2_ws/install/kobuki_ros_interfaces/include/kobuki_ros_interfaces/msg/detail/digital_input_event__rosidl_typesupport_introspection_c.h
-- Symlinking: /home/turtlebot5/tb2_ros2_nav2/ros2_ws/install/kobuki_ros_interfaces/include/kobuki_ros_interfaces/msg/detail/digital_output__rosidl_typesupport_introspection_c.h
-- Symlinking: /home/turtlebot5/tb2_ros2_nav2/ros2_ws/install/kobuki_ros_interfaces/include/kobuki_ros_interfaces/msg/detail/dock_infra_red__rosidl_typesupport_introspection_c.h
-- Symlinking: /home/turtlebot5/tb2_ros2_nav2/ros2_ws/install/kobuki_ros_interfaces/include/kobuki_ros_interfaces/msg/detail/external_power__rosidl_typesupport_introspection_c.h
-- Symlinking: /home/turtlebot5/tb2_ros2_nav2/ros2_ws/install/kobuki_ros_interfaces/include/kobuki_ros_interfaces/msg/detail/keyboard_input__rosidl_typesupport_introspection_c.h
-- Symlinking: /home/turtlebot5/tb2_ros2_nav2/ros2_ws/install/kobuki_ros_interfaces/include/kobuki_ros_interfaces/msg/detail/led__rosidl_typesupport_introspection_c.h
-- Symlinking: /home/turtlebot5/tb2_ros2_nav2/ros2_ws/install/kobuki_ros_interfaces/include/kobuki_ros_interfaces/msg/detail/motor_power__rosidl_typesupport_introspection_c.h
-- Symlinking: /home/turtlebot5/tb2_ros2_nav2/ros2_ws/install/kobuki_ros_interfaces/include/kobuki_ros_interfaces/msg/detail/power_system_event__rosidl_typesupport_introspection_c.h
-- Symlinking: /home/turtlebot5/tb2_ros2_nav2/ros2_ws/install/kobuki_ros_interfaces/include/kobuki_ros_interfaces/msg/detail/robot_state_event__rosidl_typesupport_introspection_c.h
-- Symlinking: /home/turtlebot5/tb2_ros2_nav2/ros2_ws/install/kobuki_ros_interfaces/include/kobuki_ros_interfaces/msg/detail/scan_angle__rosidl_typesupport_introspection_c.h
-- Symlinking: /home/turtlebot5/tb2_ros2_nav2/ros2_ws/install/kobuki_ros_interfaces/include/kobuki_ros_interfaces/msg/detail/sensor_state__rosidl_typesupport_introspection_c.h
-- Symlinking: /home/turtlebot5/tb2_ros2_nav2/ros2_ws/install/kobuki_ros_interfaces/include/kobuki_ros_interfaces/msg/detail/sound__rosidl_typesupport_introspection_c.h
-- Symlinking: /home/turtlebot5/tb2_ros2_nav2/ros2_ws/install/kobuki_ros_interfaces/include/kobuki_ros_interfaces/msg/detail/version_info__rosidl_typesupport_introspection_c.h
-- Symlinking: /home/turtlebot5/tb2_ros2_nav2/ros2_ws/install/kobuki_ros_interfaces/include/kobuki_ros_interfaces/msg/detail/wheel_drop_event__rosidl_typesupport_introspection_c.h
-- Symlinking: /home/turtlebot5/tb2_ros2_nav2/ros2_ws/install/kobuki_ros_interfaces/include/kobuki_ros_interfaces/msg/rosidl_typesupport_introspection_c__visibility_control.h
-- Symlinking: /home/turtlebot5/tb2_ros2_nav2/ros2_ws/install/kobuki_ros_interfaces/include/kobuki_ros_interfaces/action/auto_docking.hpp
-- Symlinking: /home/turtlebot5/tb2_ros2_nav2/ros2_ws/install/kobuki_ros_interfaces/include/kobuki_ros_interfaces/action/detail/auto_docking__builder.hpp
-- Symlinking: /home/turtlebot5/tb2_ros2_nav2/ros2_ws/install/kobuki_ros_interfaces/include/kobuki_ros_interfaces/action/detail/auto_docking__struct.hpp
-- Symlinking: /home/turtlebot5/tb2_ros2_nav2/ros2_ws/install/kobuki_ros_interfaces/include/kobuki_ros_interfaces/action/detail/auto_docking__traits.hpp
-- Symlinking: /home/turtlebot5/tb2_ros2_nav2/ros2_ws/install/kobuki_ros_interfaces/include/kobuki_ros_interfaces/msg/bumper_event.hpp
-- Symlinking: /home/turtlebot5/tb2_ros2_nav2/ros2_ws/install/kobuki_ros_interfaces/include/kobuki_ros_interfaces/msg/button_event.hpp
-- Symlinking: /home/turtlebot5/tb2_ros2_nav2/ros2_ws/install/kobuki_ros_interfaces/include/kobuki_ros_interfaces/msg/cliff_event.hpp
-- Symlinking: /home/turtlebot5/tb2_ros2_nav2/ros2_ws/install/kobuki_ros_interfaces/include/kobuki_ros_interfaces/msg/controller_info.hpp
-- Symlinking: /home/turtlebot5/tb2_ros2_nav2/ros2_ws/install/kobuki_ros_interfaces/include/kobuki_ros_interfaces/msg/detail/bumper_event__builder.hpp
-- Symlinking: /home/turtlebot5/tb2_ros2_nav2/ros2_ws/install/kobuki_ros_interfaces/include/kobuki_ros_interfaces/msg/detail/bumper_event__struct.hpp
-- Symlinking: /home/turtlebot5/tb2_ros2_nav2/ros2_ws/install/kobuki_ros_interfaces/include/kobuki_ros_interfaces/msg/detail/bumper_event__traits.hpp
-- Symlinking: /home/turtlebot5/tb2_ros2_nav2/ros2_ws/install/kobuki_ros_interfaces/include/kobuki_ros_interfaces/msg/detail/button_event__builder.hpp
-- Symlinking: /home/turtlebot5/tb2_ros2_nav2/ros2_ws/install/kobuki_ros_interfaces/include/kobuki_ros_interfaces/msg/detail/button_event__struct.hpp
-- Symlinking: /home/turtlebot5/tb2_ros2_nav2/ros2_ws/install/kobuki_ros_interfaces/include/kobuki_ros_interfaces/msg/detail/button_event__traits.hpp
-- Symlinking: /home/turtlebot5/tb2_ros2_nav2/ros2_ws/install/kobuki_ros_interfaces/include/kobuki_ros_interfaces/msg/detail/cliff_event__builder.hpp
-- Symlinking: /home/turtlebot5/tb2_ros2_nav2/ros2_ws/install/kobuki_ros_interfaces/include/kobuki_ros_interfaces/msg/detail/cliff_event__struct.hpp
-- Symlinking: /home/turtlebot5/tb2_ros2_nav2/ros2_ws/install/kobuki_ros_interfaces/include/kobuki_ros_interfaces/msg/detail/cliff_event__traits.hpp
-- Symlinking: /home/turtlebot5/tb2_ros2_nav2/ros2_ws/install/kobuki_ros_interfaces/include/kobuki_ros_interfaces/msg/detail/controller_info__builder.hpp
-- Symlinking: /home/turtlebot5/tb2_ros2_nav2/ros2_ws/install/kobuki_ros_interfaces/include/kobuki_ros_interfaces/msg/detail/controller_info__struct.hpp
-- Symlinking: /home/turtlebot5/tb2_ros2_nav2/ros2_ws/install/kobuki_ros_interfaces/include/kobuki_ros_interfaces/msg/detail/controller_info__traits.hpp
-- Symlinking: /home/turtlebot5/tb2_ros2_nav2/ros2_ws/install/kobuki_ros_interfaces/include/kobuki_ros_interfaces/msg/detail/digital_input_event__builder.hpp
-- Symlinking: /home/turtlebot5/tb2_ros2_nav2/ros2_ws/install/kobuki_ros_interfaces/include/kobuki_ros_interfaces/msg/detail/digital_input_event__struct.hpp
-- Symlinking: /home/turtlebot5/tb2_ros2_nav2/ros2_ws/install/kobuki_ros_interfaces/include/kobuki_ros_interfaces/msg/detail/digital_input_event__traits.hpp
-- Symlinking: /home/turtlebot5/tb2_ros2_nav2/ros2_ws/install/kobuki_ros_interfaces/include/kobuki_ros_interfaces/msg/detail/digital_output__builder.hpp
-- Symlinking: /home/turtlebot5/tb2_ros2_nav2/ros2_ws/install/kobuki_ros_interfaces/include/kobuki_ros_interfaces/msg/detail/digital_output__struct.hpp
-- Symlinking: /home/turtlebot5/tb2_ros2_nav2/ros2_ws/install/kobuki_ros_interfaces/include/kobuki_ros_interfaces/msg/detail/digital_output__traits.hpp
-- Symlinking: /home/turtlebot5/tb2_ros2_nav2/ros2_ws/install/kobuki_ros_interfaces/include/kobuki_ros_interfaces/msg/detail/dock_infra_red__builder.hpp
-- Symlinking: /home/turtlebot5/tb2_ros2_nav2/ros2_ws/install/kobuki_ros_interfaces/include/kobuki_ros_interfaces/msg/detail/dock_infra_red__struct.hpp
-- Symlinking: /home/turtlebot5/tb2_ros2_nav2/ros2_ws/install/kobuki_ros_interfaces/include/kobuki_ros_interfaces/msg/detail/dock_infra_red__traits.hpp
-- Symlinking: /home/turtlebot5/tb2_ros2_nav2/ros2_ws/install/kobuki_ros_interfaces/include/kobuki_ros_interfaces/msg/detail/external_power__builder.hpp
-- Symlinking: /home/turtlebot5/tb2_ros2_nav2/ros2_ws/install/kobuki_ros_interfaces/include/kobuki_ros_interfaces/msg/detail/external_power__struct.hpp
-- Symlinking: /home/turtlebot5/tb2_ros2_nav2/ros2_ws/install/kobuki_ros_interfaces/include/kobuki_ros_interfaces/msg/detail/external_power__traits.hpp
-- Symlinking: /home/turtlebot5/tb2_ros2_nav2/ros2_ws/install/kobuki_ros_interfaces/include/kobuki_ros_interfaces/msg/detail/keyboard_input__builder.hpp
-- Symlinking: /home/turtlebot5/tb2_ros2_nav2/ros2_ws/install/kobuki_ros_interfaces/include/kobuki_ros_interfaces/msg/detail/keyboard_input__struct.hpp
-- Symlinking: /home/turtlebot5/tb2_ros2_nav2/ros2_ws/install/kobuki_ros_interfaces/include/kobuki_ros_interfaces/msg/detail/keyboard_input__traits.hpp
-- Symlinking: /home/turtlebot5/tb2_ros2_nav2/ros2_ws/install/kobuki_ros_interfaces/include/kobuki_ros_interfaces/msg/detail/led__builder.hpp
-- Symlinking: /home/turtlebot5/tb2_ros2_nav2/ros2_ws/install/kobuki_ros_interfaces/include/kobuki_ros_interfaces/msg/detail/led__struct.hpp
-- Symlinking: /home/turtlebot5/tb2_ros2_nav2/ros2_ws/install/kobuki_ros_interfaces/include/kobuki_ros_interfaces/msg/detail/led__traits.hpp
-- Symlinking: /home/turtlebot5/tb2_ros2_nav2/ros2_ws/install/kobuki_ros_interfaces/include/kobuki_ros_interfaces/msg/detail/motor_power__builder.hpp
-- Symlinking: /home/turtlebot5/tb2_ros2_nav2/ros2_ws/install/kobuki_ros_interfaces/include/kobuki_ros_interfaces/msg/detail/motor_power__struct.hpp
-- Symlinking: /home/turtlebot5/tb2_ros2_nav2/ros2_ws/install/kobuki_ros_interfaces/include/kobuki_ros_interfaces/msg/detail/motor_power__traits.hpp
-- Symlinking: /home/turtlebot5/tb2_ros2_nav2/ros2_ws/install/kobuki_ros_interfaces/include/kobuki_ros_interfaces/msg/detail/power_system_event__builder.hpp
-- Symlinking: /home/turtlebot5/tb2_ros2_nav2/ros2_ws/install/kobuki_ros_interfaces/include/kobuki_ros_interfaces/msg/detail/power_system_event__struct.hpp
-- Symlinking: /home/turtlebot5/tb2_ros2_nav2/ros2_ws/install/kobuki_ros_interfaces/include/kobuki_ros_interfaces/msg/detail/power_system_event__traits.hpp
-- Symlinking: /home/turtlebot5/tb2_ros2_nav2/ros2_ws/install/kobuki_ros_interfaces/include/kobuki_ros_interfaces/msg/detail/robot_state_event__builder.hpp
-- Symlinking: /home/turtlebot5/tb2_ros2_nav2/ros2_ws/install/kobuki_ros_interfaces/include/kobuki_ros_interfaces/msg/detail/robot_state_event__struct.hpp
-- Symlinking: /home/turtlebot5/tb2_ros2_nav2/ros2_ws/install/kobuki_ros_interfaces/include/kobuki_ros_interfaces/msg/detail/robot_state_event__traits.hpp
-- Symlinking: /home/turtlebot5/tb2_ros2_nav2/ros2_ws/install/kobuki_ros_interfaces/include/kobuki_ros_interfaces/msg/detail/scan_angle__builder.hpp
-- Symlinking: /home/turtlebot5/tb2_ros2_nav2/ros2_ws/install/kobuki_ros_interfaces/include/kobuki_ros_interfaces/msg/detail/scan_angle__struct.hpp
-- Symlinking: /home/turtlebot5/tb2_ros2_nav2/ros2_ws/install/kobuki_ros_interfaces/include/kobuki_ros_interfaces/msg/detail/scan_angle__traits.hpp
-- Symlinking: /home/turtlebot5/tb2_ros2_nav2/ros2_ws/install/kobuki_ros_interfaces/include/kobuki_ros_interfaces/msg/detail/sensor_state__builder.hpp
-- Symlinking: /home/turtlebot5/tb2_ros2_nav2/ros2_ws/install/kobuki_ros_interfaces/include/kobuki_ros_interfaces/msg/detail/sensor_state__struct.hpp
-- Symlinking: /home/turtlebot5/tb2_ros2_nav2/ros2_ws/install/kobuki_ros_interfaces/include/kobuki_ros_interfaces/msg/detail/sensor_state__traits.hpp
-- Symlinking: /home/turtlebot5/tb2_ros2_nav2/ros2_ws/install/kobuki_ros_interfaces/include/kobuki_ros_interfaces/msg/detail/sound__builder.hpp
-- Symlinking: /home/turtlebot5/tb2_ros2_nav2/ros2_ws/install/kobuki_ros_interfaces/include/kobuki_ros_interfaces/msg/detail/sound__struct.hpp
-- Symlinking: /home/turtlebot5/tb2_ros2_nav2/ros2_ws/install/kobuki_ros_interfaces/include/kobuki_ros_interfaces/msg/detail/sound__traits.hpp
-- Symlinking: /home/turtlebot5/tb2_ros2_nav2/ros2_ws/install/kobuki_ros_interfaces/include/kobuki_ros_interfaces/msg/detail/version_info__builder.hpp
-- Symlinking: /home/turtlebot5/tb2_ros2_nav2/ros2_ws/install/kobuki_ros_interfaces/include/kobuki_ros_interfaces/msg/detail/version_info__struct.hpp
-- Symlinking: /home/turtlebot5/tb2_ros2_nav2/ros2_ws/install/kobuki_ros_interfaces/include/kobuki_ros_interfaces/msg/detail/version_info__traits.hpp
-- Symlinking: /home/turtlebot5/tb2_ros2_nav2/ros2_ws/install/kobuki_ros_interfaces/include/kobuki_ros_interfaces/msg/detail/wheel_drop_event__builder.hpp
-- Symlinking: /home/turtlebot5/tb2_ros2_nav2/ros2_ws/install/kobuki_ros_interfaces/include/kobuki_ros_interfaces/msg/detail/wheel_drop_event__struct.hpp
-- Symlinking: /home/turtlebot5/tb2_ros2_nav2/ros2_ws/install/kobuki_ros_interfaces/include/kobuki_ros_interfaces/msg/detail/wheel_drop_event__traits.hpp
-- Symlinking: /home/turtlebot5/tb2_ros2_nav2/ros2_ws/install/kobuki_ros_interfaces/include/kobuki_ros_interfaces/msg/digital_input_event.hpp
-- Symlinking: /home/turtlebot5/tb2_ros2_nav2/ros2_ws/install/kobuki_ros_interfaces/include/kobuki_ros_interfaces/msg/digital_output.hpp
-- Symlinking: /home/turtlebot5/tb2_ros2_nav2/ros2_ws/install/kobuki_ros_interfaces/include/kobuki_ros_interfaces/msg/dock_infra_red.hpp
-- Symlinking: /home/turtlebot5/tb2_ros2_nav2/ros2_ws/install/kobuki_ros_interfaces/include/kobuki_ros_interfaces/msg/external_power.hpp
-- Symlinking: /home/turtlebot5/tb2_ros2_nav2/ros2_ws/install/kobuki_ros_interfaces/include/kobuki_ros_interfaces/msg/keyboard_input.hpp
-- Symlinking: /home/turtlebot5/tb2_ros2_nav2/ros2_ws/install/kobuki_ros_interfaces/include/kobuki_ros_interfaces/msg/led.hpp
-- Symlinking: /home/turtlebot5/tb2_ros2_nav2/ros2_ws/install/kobuki_ros_interfaces/include/kobuki_ros_interfaces/msg/motor_power.hpp
-- Symlinking: /home/turtlebot5/tb2_ros2_nav2/ros2_ws/install/kobuki_ros_interfaces/include/kobuki_ros_interfaces/msg/power_system_event.hpp
-- Symlinking: /home/turtlebot5/tb2_ros2_nav2/ros2_ws/install/kobuki_ros_interfaces/include/kobuki_ros_interfaces/msg/robot_state_event.hpp
-- Symlinking: /home/turtlebot5/tb2_ros2_nav2/ros2_ws/install/kobuki_ros_interfaces/include/kobuki_ros_interfaces/msg/scan_angle.hpp
-- Symlinking: /home/turtlebot5/tb2_ros2_nav2/ros2_ws/install/kobuki_ros_interfaces/include/kobuki_ros_interfaces/msg/sensor_state.hpp
-- Symlinking: /home/turtlebot5/tb2_ros2_nav2/ros2_ws/install/kobuki_ros_interfaces/include/kobuki_ros_interfaces/msg/sound.hpp
-- Symlinking: /home/turtlebot5/tb2_ros2_nav2/ros2_ws/install/kobuki_ros_interfaces/include/kobuki_ros_interfaces/msg/version_info.hpp
-- Symlinking: /home/turtlebot5/tb2_ros2_nav2/ros2_ws/install/kobuki_ros_interfaces/include/kobuki_ros_interfaces/msg/wheel_drop_event.hpp
-- Symlinking: /home/turtlebot5/tb2_ros2_nav2/ros2_ws/install/kobuki_ros_interfaces/include/kobuki_ros_interfaces/action/detail/auto_docking__rosidl_typesupport_introspection_cpp.hpp
-- Symlinking: /home/turtlebot5/tb2_ros2_nav2/ros2_ws/install/kobuki_ros_interfaces/include/kobuki_ros_interfaces/msg/detail/bumper_event__rosidl_typesupport_introspection_cpp.hpp
-- Symlinking: /home/turtlebot5/tb2_ros2_nav2/ros2_ws/install/kobuki_ros_interfaces/include/kobuki_ros_interfaces/msg/detail/button_event__rosidl_typesupport_introspection_cpp.hpp
-- Symlinking: /home/turtlebot5/tb2_ros2_nav2/ros2_ws/install/kobuki_ros_interfaces/include/kobuki_ros_interfaces/msg/detail/cliff_event__rosidl_typesupport_introspection_cpp.hpp
-- Symlinking: /home/turtlebot5/tb2_ros2_nav2/ros2_ws/install/kobuki_ros_interfaces/include/kobuki_ros_interfaces/msg/detail/controller_info__rosidl_typesupport_introspection_cpp.hpp
-- Symlinking: /home/turtlebot5/tb2_ros2_nav2/ros2_ws/install/kobuki_ros_interfaces/include/kobuki_ros_interfaces/msg/detail/digital_input_event__rosidl_typesupport_introspection_cpp.hpp
-- Symlinking: /home/turtlebot5/tb2_ros2_nav2/ros2_ws/install/kobuki_ros_interfaces/include/kobuki_ros_interfaces/msg/detail/digital_output__rosidl_typesupport_introspection_cpp.hpp
-- Symlinking: /home/turtlebot5/tb2_ros2_nav2/ros2_ws/install/kobuki_ros_interfaces/include/kobuki_ros_interfaces/msg/detail/dock_infra_red__rosidl_typesupport_introspection_cpp.hpp
-- Symlinking: /home/turtlebot5/tb2_ros2_nav2/ros2_ws/install/kobuki_ros_interfaces/include/kobuki_ros_interfaces/msg/detail/external_power__rosidl_typesupport_introspection_cpp.hpp
-- Symlinking: /home/turtlebot5/tb2_ros2_nav2/ros2_ws/install/kobuki_ros_interfaces/include/kobuki_ros_interfaces/msg/detail/keyboard_input__rosidl_typesupport_introspection_cpp.hpp
-- Symlinking: /home/turtlebot5/tb2_ros2_nav2/ros2_ws/install/kobuki_ros_interfaces/include/kobuki_ros_interfaces/msg/detail/led__rosidl_typesupport_introspection_cpp.hpp
-- Symlinking: /home/turtlebot5/tb2_ros2_nav2/ros2_ws/install/kobuki_ros_interfaces/include/kobuki_ros_interfaces/msg/detail/motor_power__rosidl_typesupport_introspection_cpp.hpp
-- Symlinking: /home/turtlebot5/tb2_ros2_nav2/ros2_ws/install/kobuki_ros_interfaces/include/kobuki_ros_interfaces/msg/detail/power_system_event__rosidl_typesupport_introspection_cpp.hpp
-- Symlinking: /home/turtlebot5/tb2_ros2_nav2/ros2_ws/install/kobuki_ros_interfaces/include/kobuki_ros_interfaces/msg/detail/robot_state_event__rosidl_typesupport_introspection_cpp.hpp
-- Symlinking: /home/turtlebot5/tb2_ros2_nav2/ros2_ws/install/kobuki_ros_interfaces/include/kobuki_ros_interfaces/msg/detail/scan_angle__rosidl_typesupport_introspection_cpp.hpp
-- Symlinking: /home/turtlebot5/tb2_ros2_nav2/ros2_ws/install/kobuki_ros_interfaces/include/kobuki_ros_interfaces/msg/detail/sensor_state__rosidl_typesupport_introspection_cpp.hpp
-- Symlinking: /home/turtlebot5/tb2_ros2_nav2/ros2_ws/install/kobuki_ros_interfaces/include/kobuki_ros_interfaces/msg/detail/sound__rosidl_typesupport_introspection_cpp.hpp
-- Symlinking: /home/turtlebot5/tb2_ros2_nav2/ros2_ws/install/kobuki_ros_interfaces/include/kobuki_ros_interfaces/msg/detail/version_info__rosidl_typesupport_introspection_cpp.hpp
-- Symlinking: /home/turtlebot5/tb2_ros2_nav2/ros2_ws/install/kobuki_ros_interfaces/include/kobuki_ros_interfaces/msg/detail/wheel_drop_event__rosidl_typesupport_introspection_cpp.hpp
-- Symlinking: /home/turtlebot5/tb2_ros2_nav2/ros2_ws/install/kobuki_ros_interfaces/share/kobuki_ros_interfaces/environment/pythonpath.sh
-- Symlinking: /home/turtlebot5/tb2_ros2_nav2/ros2_ws/install/kobuki_ros_interfaces/share/kobuki_ros_interfaces/environment/pythonpath.dsv
-- Symlinking: /home/turtlebot5/tb2_ros2_nav2/ros2_ws/install/kobuki_ros_interfaces/lib/python3.8/site-packages/kobuki_ros_interfaces/__init__.py
-- Symlinking: /home/turtlebot5/tb2_ros2_nav2/ros2_ws/install/kobuki_ros_interfaces/lib/python3.8/site-packages/kobuki_ros_interfaces/msg/__init__.py
-- Symlinking: /home/turtlebot5/tb2_ros2_nav2/ros2_ws/install/kobuki_ros_interfaces/lib/python3.8/site-packages/kobuki_ros_interfaces/msg/_bumper_event.py
-- Symlinking: /home/turtlebot5/tb2_ros2_nav2/ros2_ws/install/kobuki_ros_interfaces/lib/python3.8/site-packages/kobuki_ros_interfaces/msg/_button_event.py
-- Symlinking: /home/turtlebot5/tb2_ros2_nav2/ros2_ws/install/kobuki_ros_interfaces/lib/python3.8/site-packages/kobuki_ros_interfaces/msg/_cliff_event.py
-- Symlinking: /home/turtlebot5/tb2_ros2_nav2/ros2_ws/install/kobuki_ros_interfaces/lib/python3.8/site-packages/kobuki_ros_interfaces/msg/_controller_info.py
-- Symlinking: /home/turtlebot5/tb2_ros2_nav2/ros2_ws/install/kobuki_ros_interfaces/lib/python3.8/site-packages/kobuki_ros_interfaces/msg/_digital_input_event.py
-- Symlinking: /home/turtlebot5/tb2_ros2_nav2/ros2_ws/install/kobuki_ros_interfaces/lib/python3.8/site-packages/kobuki_ros_interfaces/msg/_digital_output.py
-- Symlinking: /home/turtlebot5/tb2_ros2_nav2/ros2_ws/install/kobuki_ros_interfaces/lib/python3.8/site-packages/kobuki_ros_interfaces/msg/_dock_infra_red.py
-- Symlinking: /home/turtlebot5/tb2_ros2_nav2/ros2_ws/install/kobuki_ros_interfaces/lib/python3.8/site-packages/kobuki_ros_interfaces/msg/_external_power.py
-- Symlinking: /home/turtlebot5/tb2_ros2_nav2/ros2_ws/install/kobuki_ros_interfaces/lib/python3.8/site-packages/kobuki_ros_interfaces/msg/_keyboard_input.py
-- Symlinking: /home/turtlebot5/tb2_ros2_nav2/ros2_ws/install/kobuki_ros_interfaces/lib/python3.8/site-packages/kobuki_ros_interfaces/msg/_led.py
-- Symlinking: /home/turtlebot5/tb2_ros2_nav2/ros2_ws/install/kobuki_ros_interfaces/lib/python3.8/site-packages/kobuki_ros_interfaces/msg/_motor_power.py
-- Symlinking: /home/turtlebot5/tb2_ros2_nav2/ros2_ws/install/kobuki_ros_interfaces/lib/python3.8/site-packages/kobuki_ros_interfaces/msg/_power_system_event.py
-- Symlinking: /home/turtlebot5/tb2_ros2_nav2/ros2_ws/install/kobuki_ros_interfaces/lib/python3.8/site-packages/kobuki_ros_interfaces/msg/_robot_state_event.py
-- Symlinking: /home/turtlebot5/tb2_ros2_nav2/ros2_ws/install/kobuki_ros_interfaces/lib/python3.8/site-packages/kobuki_ros_interfaces/msg/_scan_angle.py
-- Symlinking: /home/turtlebot5/tb2_ros2_nav2/ros2_ws/install/kobuki_ros_interfaces/lib/python3.8/site-packages/kobuki_ros_interfaces/msg/_sensor_state.py
-- Symlinking: /home/turtlebot5/tb2_ros2_nav2/ros2_ws/install/kobuki_ros_interfaces/lib/python3.8/site-packages/kobuki_ros_interfaces/msg/_sound.py
-- Symlinking: /home/turtlebot5/tb2_ros2_nav2/ros2_ws/install/kobuki_ros_interfaces/lib/python3.8/site-packages/kobuki_ros_interfaces/msg/_version_info.py
-- Symlinking: /home/turtlebot5/tb2_ros2_nav2/ros2_ws/install/kobuki_ros_interfaces/lib/python3.8/site-packages/kobuki_ros_interfaces/msg/_wheel_drop_event.py
-- Symlinking: /home/turtlebot5/tb2_ros2_nav2/ros2_ws/install/kobuki_ros_interfaces/lib/python3.8/site-packages/kobuki_ros_interfaces/action/__init__.py
-- Symlinking: /home/turtlebot5/tb2_ros2_nav2/ros2_ws/install/kobuki_ros_interfaces/lib/python3.8/site-packages/kobuki_ros_interfaces/action/_auto_docking.py
-- Symlinking: /home/turtlebot5/tb2_ros2_nav2/ros2_ws/install/kobuki_ros_interfaces/lib/python3.8/site-packages/kobuki_ros_interfaces/kobuki_ros_interfaces_s__rosidl_typesupport_fastrtps_c.cpython-38-x86_64-linux-gnu.so
-- Symlinking: /home/turtlebot5/tb2_ros2_nav2/ros2_ws/install/kobuki_ros_interfaces/lib/python3.8/site-packages/kobuki_ros_interfaces/kobuki_ros_interfaces_s__rosidl_typesupport_introspection_c.cpython-38-x86_64-linux-gnu.so
-- Symlinking: /home/turtlebot5/tb2_ros2_nav2/ros2_ws/install/kobuki_ros_interfaces/lib/python3.8/site-packages/kobuki_ros_interfaces/kobuki_ros_interfaces_s__rosidl_typesupport_c.cpython-38-x86_64-linux-gnu.so
-- Symlinking: /home/turtlebot5/tb2_ros2_nav2/ros2_ws/install/kobuki_ros_interfaces/lib/libkobuki_ros_interfaces__python.so
-- Symlinking: /home/turtlebot5/tb2_ros2_nav2/ros2_ws/install/kobuki_ros_interfaces/share/kobuki_ros_interfaces/msg/BumperEvent.idl
-- Symlinking: /home/turtlebot5/tb2_ros2_nav2/ros2_ws/install/kobuki_ros_interfaces/share/kobuki_ros_interfaces/msg/CliffEvent.idl
-- Symlinking: /home/turtlebot5/tb2_ros2_nav2/ros2_ws/install/kobuki_ros_interfaces/share/kobuki_ros_interfaces/msg/DigitalOutput.idl
-- Symlinking: /home/turtlebot5/tb2_ros2_nav2/ros2_ws/install/kobuki_ros_interfaces/share/kobuki_ros_interfaces/msg/ExternalPower.idl
-- Symlinking: /home/turtlebot5/tb2_ros2_nav2/ros2_ws/install/kobuki_ros_interfaces/share/kobuki_ros_interfaces/msg/Led.idl
-- Symlinking: /home/turtlebot5/tb2_ros2_nav2/ros2_ws/install/kobuki_ros_interfaces/share/kobuki_ros_interfaces/msg/PowerSystemEvent.idl
-- Symlinking: /home/turtlebot5/tb2_ros2_nav2/ros2_ws/install/kobuki_ros_interfaces/share/kobuki_ros_interfaces/msg/SensorState.idl
-- Symlinking: /home/turtlebot5/tb2_ros2_nav2/ros2_ws/install/kobuki_ros_interfaces/share/kobuki_ros_interfaces/msg/VersionInfo.idl
-- Symlinking: /home/turtlebot5/tb2_ros2_nav2/ros2_ws/install/kobuki_ros_interfaces/share/kobuki_ros_interfaces/msg/ControllerInfo.idl
-- Symlinking: /home/turtlebot5/tb2_ros2_nav2/ros2_ws/install/kobuki_ros_interfaces/share/kobuki_ros_interfaces/msg/ButtonEvent.idl
-- Symlinking: /home/turtlebot5/tb2_ros2_nav2/ros2_ws/install/kobuki_ros_interfaces/share/kobuki_ros_interfaces/msg/DigitalInputEvent.idl
-- Symlinking: /home/turtlebot5/tb2_ros2_nav2/ros2_ws/install/kobuki_ros_interfaces/share/kobuki_ros_interfaces/msg/DockInfraRed.idl
-- Symlinking: /home/turtlebot5/tb2_ros2_nav2/ros2_ws/install/kobuki_ros_interfaces/share/kobuki_ros_interfaces/msg/KeyboardInput.idl
-- Symlinking: /home/turtlebot5/tb2_ros2_nav2/ros2_ws/install/kobuki_ros_interfaces/share/kobuki_ros_interfaces/msg/MotorPower.idl
-- Symlinking: /home/turtlebot5/tb2_ros2_nav2/ros2_ws/install/kobuki_ros_interfaces/share/kobuki_ros_interfaces/msg/RobotStateEvent.idl
-- Symlinking: /home/turtlebot5/tb2_ros2_nav2/ros2_ws/install/kobuki_ros_interfaces/share/kobuki_ros_interfaces/msg/Sound.idl
-- Symlinking: /home/turtlebot5/tb2_ros2_nav2/ros2_ws/install/kobuki_ros_interfaces/share/kobuki_ros_interfaces/msg/ScanAngle.idl
-- Symlinking: /home/turtlebot5/tb2_ros2_nav2/ros2_ws/install/kobuki_ros_interfaces/share/kobuki_ros_interfaces/msg/WheelDropEvent.idl
-- Symlinking: /home/turtlebot5/tb2_ros2_nav2/ros2_ws/install/kobuki_ros_interfaces/share/kobuki_ros_interfaces/action/AutoDocking.idl
-- Symlinking: /home/turtlebot5/tb2_ros2_nav2/ros2_ws/install/kobuki_ros_interfaces/share/kobuki_ros_interfaces/msg/BumperEvent.msg
-- Symlinking: /home/turtlebot5/tb2_ros2_nav2/ros2_ws/install/kobuki_ros_interfaces/share/kobuki_ros_interfaces/msg/CliffEvent.msg
-- Symlinking: /home/turtlebot5/tb2_ros2_nav2/ros2_ws/install/kobuki_ros_interfaces/share/kobuki_ros_interfaces/msg/DigitalOutput.msg
-- Symlinking: /home/turtlebot5/tb2_ros2_nav2/ros2_ws/install/kobuki_ros_interfaces/share/kobuki_ros_interfaces/msg/ExternalPower.msg
-- Symlinking: /home/turtlebot5/tb2_ros2_nav2/ros2_ws/install/kobuki_ros_interfaces/share/kobuki_ros_interfaces/msg/Led.msg
-- Symlinking: /home/turtlebot5/tb2_ros2_nav2/ros2_ws/install/kobuki_ros_interfaces/share/kobuki_ros_interfaces/msg/PowerSystemEvent.msg
-- Symlinking: /home/turtlebot5/tb2_ros2_nav2/ros2_ws/install/kobuki_ros_interfaces/share/kobuki_ros_interfaces/msg/SensorState.msg
-- Symlinking: /home/turtlebot5/tb2_ros2_nav2/ros2_ws/install/kobuki_ros_interfaces/share/kobuki_ros_interfaces/msg/VersionInfo.msg
-- Symlinking: /home/turtlebot5/tb2_ros2_nav2/ros2_ws/install/kobuki_ros_interfaces/share/kobuki_ros_interfaces/msg/ControllerInfo.msg
-- Symlinking: /home/turtlebot5/tb2_ros2_nav2/ros2_ws/install/kobuki_ros_interfaces/share/kobuki_ros_interfaces/msg/ButtonEvent.msg
-- Symlinking: /home/turtlebot5/tb2_ros2_nav2/ros2_ws/install/kobuki_ros_interfaces/share/kobuki_ros_interfaces/msg/DigitalInputEvent.msg
-- Symlinking: /home/turtlebot5/tb2_ros2_nav2/ros2_ws/install/kobuki_ros_interfaces/share/kobuki_ros_interfaces/msg/DockInfraRed.msg
-- Symlinking: /home/turtlebot5/tb2_ros2_nav2/ros2_ws/install/kobuki_ros_interfaces/share/kobuki_ros_interfaces/msg/KeyboardInput.msg
-- Symlinking: /home/turtlebot5/tb2_ros2_nav2/ros2_ws/install/kobuki_ros_interfaces/share/kobuki_ros_interfaces/msg/MotorPower.msg
-- Symlinking: /home/turtlebot5/tb2_ros2_nav2/ros2_ws/install/kobuki_ros_interfaces/share/kobuki_ros_interfaces/msg/RobotStateEvent.msg
-- Symlinking: /home/turtlebot5/tb2_ros2_nav2/ros2_ws/install/kobuki_ros_interfaces/share/kobuki_ros_interfaces/msg/Sound.msg
-- Symlinking: /home/turtlebot5/tb2_ros2_nav2/ros2_ws/install/kobuki_ros_interfaces/share/kobuki_ros_interfaces/msg/ScanAngle.msg
-- Symlinking: /home/turtlebot5/tb2_ros2_nav2/ros2_ws/install/kobuki_ros_interfaces/share/kobuki_ros_interfaces/msg/WheelDropEvent.msg
-- Symlinking: /home/turtlebot5/tb2_ros2_nav2/ros2_ws/install/kobuki_ros_interfaces/share/kobuki_ros_interfaces/action/AutoDocking.action
-- Symlinking: /home/turtlebot5/tb2_ros2_nav2/ros2_ws/install/kobuki_ros_interfaces/share/ament_index/resource_index/package_run_dependencies/kobuki_ros_interfaces
-- Symlinking: /home/turtlebot5/tb2_ros2_nav2/ros2_ws/install/kobuki_ros_interfaces/share/ament_index/resource_index/parent_prefix_path/kobuki_ros_interfaces
-- Symlinking: /home/turtlebot5/tb2_ros2_nav2/ros2_ws/install/kobuki_ros_interfaces/share/kobuki_ros_interfaces/environment/ament_prefix_path.sh
-- Symlinking: /home/turtlebot5/tb2_ros2_nav2/ros2_ws/install/kobuki_ros_interfaces/share/kobuki_ros_interfaces/environment/ament_prefix_path.dsv
-- Symlinking: /home/turtlebot5/tb2_ros2_nav2/ros2_ws/install/kobuki_ros_interfaces/share/kobuki_ros_interfaces/environment/path.sh
-- Symlinking: /home/turtlebot5/tb2_ros2_nav2/ros2_ws/install/kobuki_ros_interfaces/share/kobuki_ros_interfaces/environment/path.dsv
-- Symlinking: /home/turtlebot5/tb2_ros2_nav2/ros2_ws/install/kobuki_ros_interfaces/share/kobuki_ros_interfaces/local_setup.bash
-- Symlinking: /home/turtlebot5/tb2_ros2_nav2/ros2_ws/install/kobuki_ros_interfaces/share/kobuki_ros_interfaces/local_setup.sh
-- Symlinking: /home/turtlebot5/tb2_ros2_nav2/ros2_ws/install/kobuki_ros_interfaces/share/kobuki_ros_interfaces/local_setup.zsh
-- Symlinking: /home/turtlebot5/tb2_ros2_nav2/ros2_ws/install/kobuki_ros_interfaces/share/kobuki_ros_interfaces/local_setup.dsv
-- Symlinking: /home/turtlebot5/tb2_ros2_nav2/ros2_ws/install/kobuki_ros_interfaces/share/kobuki_ros_interfaces/package.dsv
-- Symlinking: /home/turtlebot5/tb2_ros2_nav2/ros2_ws/install/kobuki_ros_interfaces/share/ament_index/resource_index/packages/kobuki_ros_interfaces
-- Symlinking: /home/turtlebot5/tb2_ros2_nav2/ros2_ws/install/kobuki_ros_interfaces/share/kobuki_ros_interfaces/cmake/rosidl_cmake-extras.cmake
-- Symlinking: /home/turtlebot5/tb2_ros2_nav2/ros2_ws/install/kobuki_ros_interfaces/share/kobuki_ros_interfaces/cmake/ament_cmake_export_dependencies-extras.cmake
-- Symlinking: /home/turtlebot5/tb2_ros2_nav2/ros2_ws/install/kobuki_ros_interfaces/share/kobuki_ros_interfaces/cmake/ament_cmake_export_libraries-extras.cmake
-- Symlinking: /home/turtlebot5/tb2_ros2_nav2/ros2_ws/install/kobuki_ros_interfaces/share/kobuki_ros_interfaces/cmake/ament_cmake_export_targets-extras.cmake
-- Symlinking: /home/turtlebot5/tb2_ros2_nav2/ros2_ws/install/kobuki_ros_interfaces/share/kobuki_ros_interfaces/cmake/ament_cmake_export_include_directories-extras.cmake
-- Symlinking: /home/turtlebot5/tb2_ros2_nav2/ros2_ws/install/kobuki_ros_interfaces/share/kobuki_ros_interfaces/cmake/rosidl_cmake_export_typesupport_libraries-extras.cmake
-- Symlinking: /home/turtlebot5/tb2_ros2_nav2/ros2_ws/install/kobuki_ros_interfaces/share/kobuki_ros_interfaces/cmake/rosidl_cmake_export_typesupport_targets-extras.cmake
-- Symlinking: /home/turtlebot5/tb2_ros2_nav2/ros2_ws/install/kobuki_ros_interfaces/share/kobuki_ros_interfaces/cmake/kobuki_ros_interfacesConfig.cmake
-- Symlinking: /home/turtlebot5/tb2_ros2_nav2/ros2_ws/install/kobuki_ros_interfaces/share/kobuki_ros_interfaces/cmake/kobuki_ros_interfacesConfig-version.cmake
-- Symlinking: /home/turtlebot5/tb2_ros2_nav2/ros2_ws/install/kobuki_ros_interfaces/share/kobuki_ros_interfaces/package.xml
-- Installing: /home/turtlebot5/tb2_ros2_nav2/ros2_ws/install/kobuki_ros_interfaces/lib/libkobuki_ros_interfaces__rosidl_generator_c.so
-- Set runtime path of "/home/turtlebot5/tb2_ros2_nav2/ros2_ws/install/kobuki_ros_interfaces/lib/libkobuki_ros_interfaces__rosidl_generator_c.so" to ""
-- Installing: /home/turtlebot5/tb2_ros2_nav2/ros2_ws/install/kobuki_ros_interfaces/lib/libkobuki_ros_interfaces__rosidl_typesupport_introspection_c.so
-- Set runtime path of "/home/turtlebot5/tb2_ros2_nav2/ros2_ws/install/kobuki_ros_interfaces/lib/libkobuki_ros_interfaces__rosidl_typesupport_introspection_c.so" to ""
-- Installing: /home/turtlebot5/tb2_ros2_nav2/ros2_ws/install/kobuki_ros_interfaces/lib/libkobuki_ros_interfaces__rosidl_typesupport_c.so
-- Set runtime path of "/home/turtlebot5/tb2_ros2_nav2/ros2_ws/install/kobuki_ros_interfaces/lib/libkobuki_ros_interfaces__rosidl_typesupport_c.so" to ""
-- Installing: /home/turtlebot5/tb2_ros2_nav2/ros2_ws/install/kobuki_ros_interfaces/lib/libkobuki_ros_interfaces__rosidl_typesupport_introspection_cpp.so
-- Set runtime path of "/home/turtlebot5/tb2_ros2_nav2/ros2_ws/install/kobuki_ros_interfaces/lib/libkobuki_ros_interfaces__rosidl_typesupport_introspection_cpp.so" to ""
-- Installing: /home/turtlebot5/tb2_ros2_nav2/ros2_ws/install/kobuki_ros_interfaces/lib/libkobuki_ros_interfaces__rosidl_typesupport_cpp.so
-- Set runtime path of "/home/turtlebot5/tb2_ros2_nav2/ros2_ws/install/kobuki_ros_interfaces/lib/libkobuki_ros_interfaces__rosidl_typesupport_cpp.so" to ""
Compiling '/home/turtlebot5/tb2_ros2_nav2/ros2_ws/install/kobuki_ros_interfaces/lib/python3.8/site-packages/kobuki_ros_interfaces/__init__.py'...
-- Installing: /home/turtlebot5/tb2_ros2_nav2/ros2_ws/install/kobuki_ros_interfaces/share/kobuki_ros_interfaces/cmake/kobuki_ros_interfaces__rosidl_generator_cExport.cmake
-- Installing: /home/turtlebot5/tb2_ros2_nav2/ros2_ws/install/kobuki_ros_interfaces/share/kobuki_ros_interfaces/cmake/kobuki_ros_interfaces__rosidl_generator_cExport-noconfig.cmake
-- Installing: /home/turtlebot5/tb2_ros2_nav2/ros2_ws/install/kobuki_ros_interfaces/share/kobuki_ros_interfaces/cmake/kobuki_ros_interfaces__rosidl_typesupport_introspection_cExport.cmake
-- Installing: /home/turtlebot5/tb2_ros2_nav2/ros2_ws/install/kobuki_ros_interfaces/share/kobuki_ros_interfaces/cmake/kobuki_ros_interfaces__rosidl_typesupport_introspection_cExport-noconfig.cmake
-- Installing: /home/turtlebot5/tb2_ros2_nav2/ros2_ws/install/kobuki_ros_interfaces/share/kobuki_ros_interfaces/cmake/kobuki_ros_interfaces__rosidl_typesupport_cExport.cmake
-- Installing: /home/turtlebot5/tb2_ros2_nav2/ros2_ws/install/kobuki_ros_interfaces/share/kobuki_ros_interfaces/cmake/kobuki_ros_interfaces__rosidl_typesupport_cExport-noconfig.cmake
-- Installing: /home/turtlebot5/tb2_ros2_nav2/ros2_ws/install/kobuki_ros_interfaces/share/kobuki_ros_interfaces/cmake/kobuki_ros_interfaces__rosidl_generator_cppExport.cmake
-- Installing: /home/turtlebot5/tb2_ros2_nav2/ros2_ws/install/kobuki_ros_interfaces/share/kobuki_ros_interfaces/cmake/kobuki_ros_interfaces__rosidl_typesupport_introspection_cppExport.cmake
-- Installing: /home/turtlebot5/tb2_ros2_nav2/ros2_ws/install/kobuki_ros_interfaces/share/kobuki_ros_interfaces/cmake/kobuki_ros_interfaces__rosidl_typesupport_introspection_cppExport-noconfig.cmake
-- Installing: /home/turtlebot5/tb2_ros2_nav2/ros2_ws/install/kobuki_ros_interfaces/share/kobuki_ros_interfaces/cmake/kobuki_ros_interfaces__rosidl_typesupport_cppExport.cmake
-- Installing: /home/turtlebot5/tb2_ros2_nav2/ros2_ws/install/kobuki_ros_interfaces/share/kobuki_ros_interfaces/cmake/kobuki_ros_interfaces__rosidl_typesupport_cppExport-noconfig.cmake
