-- The C compiler identification is GNU 9.4.0
-- The CXX compiler identification is GNU 9.4.0
-- Check for working C compiler: /usr/bin/cc
-- Check for working C compiler: /usr/bin/cc -- works
-- Detecting C compiler ABI info
-- Detecting C compiler ABI info - done
-- Detecting C compile features
-- Detecting C compile features - done
-- Check for working CXX compiler: /usr/bin/c++
-- Check for working CXX compiler: /usr/bin/c++ -- works
-- Detecting CXX compiler ABI info
-- Detecting CXX compiler ABI info - done
-- Detecting CXX compile features
-- Detecting CXX compile features - done
-- Found ament_cmake_ros: 0.9.2 (/opt/ros/galactic/share/ament_cmake_ros/cmake)
-- Found PythonInterp: /usr/bin/python3 (found suitable version "3.8.10", minimum required is "3") 
-- Using PYTHON_EXECUTABLE: /usr/bin/python3
-- Override CMake install command with custom implementation using symlinks instead of copying resources
-- Found ecl_linear_algebra: 1.2.0 (/opt/ros/galactic/share/ecl_linear_algebra/cmake)
-- Found geometry_msgs: 2.2.4 (/opt/ros/galactic/share/geometry_msgs/cmake)
-- Using all available rosidl_typesupport_c: rosidl_typesupport_fastrtps_c;rosidl_typesupport_introspection_c
-- Found rosidl_adapter: 2.2.2 (/opt/ros/galactic/share/rosidl_adapter/cmake)
-- Found OpenSSL: /usr/lib/x86_64-linux-gnu/libcrypto.so (found version "1.1.1f")  
-- Found FastRTPS: /opt/ros/galactic/include  
-- Using all available rosidl_typesupport_cpp: rosidl_typesupport_fastrtps_cpp;rosidl_typesupport_introspection_cpp
-- Found kobuki_core: 1.3.1 (/home/igor/tb2_ros2_nav2/ros2_ws/install/kobuki_core/share/kobuki_core/cmake)
-- Found ecl_build: 1.0.2 (/opt/ros/galactic/share/ecl_build/cmake)
-- Looking for pthread.h
-- Looking for pthread.h - found
-- Performing Test CMAKE_HAVE_LIBC_PTHREAD
-- Performing Test CMAKE_HAVE_LIBC_PTHREAD - Failed
-- Looking for pthread_create in pthreads
-- Looking for pthread_create in pthreads - not found
-- Looking for pthread_create in pthread
-- Looking for pthread_create in pthread - found
-- Found Threads: TRUE  
-- Check if compiler accepts -pthread
-- Check if compiler accepts -pthread - yes
-- Found kobuki_ros_interfaces: 1.0.0 (/home/igor/tb2_ros2_nav2/ros2_ws/install/kobuki_ros_interfaces/share/kobuki_ros_interfaces/cmake)
-- Found message_filters: 3.2.6 (/opt/ros/galactic/share/message_filters/cmake)
-- Found rmw_implementation_cmake: 3.3.1 (/opt/ros/galactic/share/rmw_implementation_cmake/cmake)
-- Found rmw_cyclonedds_cpp: 0.22.5 (/opt/ros/galactic/share/rmw_cyclonedds_cpp/cmake)
-- Using RMW implementation 'rmw_cyclonedds_cpp' as default
-- Found nav_msgs: 2.2.4 (/opt/ros/galactic/share/nav_msgs/cmake)
-- Found rclcpp_components: 9.2.1 (/opt/ros/galactic/share/rclcpp_components/cmake)
-- Found rclcpp_action: 9.2.1 (/opt/ros/galactic/share/rclcpp_action/cmake)
-- Found tf2_geometry_msgs: 0.17.3 (/opt/ros/galactic/share/tf2_geometry_msgs/cmake)
-- Found eigen3_cmake_module: 0.1.1 (/opt/ros/galactic/share/eigen3_cmake_module/cmake)
-- Found Eigen3: TRUE (found version "3.3.7") 
-- Configuring done
-- Generating done
-- Build files have been written to: /home/igor/tb2_ros2_nav2/ros2_ws/build/kobuki_auto_docking
[35m[1mScanning dependencies of target kobuki_auto_docking_node[0m
[35m[1mScanning dependencies of target kobuki_auto_docking[0m
[ 25%] [32mBuilding CXX object CMakeFiles/kobuki_auto_docking_node.dir/rclcpp_components/node_main_kobuki_auto_docking_node.cpp.o[0m
[ 50%] [32mBuilding CXX object CMakeFiles/kobuki_auto_docking.dir/src/auto_docking_ros.cpp.o[0m
[ 75%] [32m[1mLinking CXX executable kobuki_auto_docking_node[0m
[ 75%] Built target kobuki_auto_docking_node
[100%] [32m[1mLinking CXX shared library libkobuki_auto_docking.so[0m
[100%] Built target kobuki_auto_docking
-- Install configuration: ""
-- Execute custom install script
-- Symlinking: /home/igor/tb2_ros2_nav2/ros2_ws/install/kobuki_auto_docking/lib/kobuki_auto_docking/kobuki_auto_docking_node
-- Symlinking: /home/igor/tb2_ros2_nav2/ros2_ws/install/kobuki_auto_docking/lib/libkobuki_auto_docking.so
-- Symlinking: /home/igor/tb2_ros2_nav2/ros2_ws/install/kobuki_auto_docking/include/kobuki_auto_docking/auto_docking_ros.hpp
-- Symlinking: /home/igor/tb2_ros2_nav2/ros2_ws/install/kobuki_auto_docking/share/kobuki_auto_docking/launch/compact.launch.py
-- Symlinking: /home/igor/tb2_ros2_nav2/ros2_ws/install/kobuki_auto_docking/share/kobuki_auto_docking/config/auto_docking.yaml
-- Symlinking: /home/igor/tb2_ros2_nav2/ros2_ws/install/kobuki_auto_docking/share/kobuki_auto_docking/config/kobuki_node_params.yaml
-- Symlinking: /home/igor/tb2_ros2_nav2/ros2_ws/install/kobuki_auto_docking/lib/kobuki_auto_docking/activate.sh
-- Symlinking: /home/igor/tb2_ros2_nav2/ros2_ws/install/kobuki_auto_docking/share/ament_index/resource_index/package_run_dependencies/kobuki_auto_docking
-- Symlinking: /home/igor/tb2_ros2_nav2/ros2_ws/install/kobuki_auto_docking/share/ament_index/resource_index/parent_prefix_path/kobuki_auto_docking
-- Symlinking: /home/igor/tb2_ros2_nav2/ros2_ws/install/kobuki_auto_docking/share/kobuki_auto_docking/environment/ament_prefix_path.sh
-- Symlinking: /home/igor/tb2_ros2_nav2/ros2_ws/install/kobuki_auto_docking/share/kobuki_auto_docking/environment/ament_prefix_path.dsv
-- Symlinking: /home/igor/tb2_ros2_nav2/ros2_ws/install/kobuki_auto_docking/share/kobuki_auto_docking/environment/path.sh
-- Symlinking: /home/igor/tb2_ros2_nav2/ros2_ws/install/kobuki_auto_docking/share/kobuki_auto_docking/environment/path.dsv
-- Symlinking: /home/igor/tb2_ros2_nav2/ros2_ws/install/kobuki_auto_docking/share/kobuki_auto_docking/local_setup.bash
-- Symlinking: /home/igor/tb2_ros2_nav2/ros2_ws/install/kobuki_auto_docking/share/kobuki_auto_docking/local_setup.sh
-- Symlinking: /home/igor/tb2_ros2_nav2/ros2_ws/install/kobuki_auto_docking/share/kobuki_auto_docking/local_setup.zsh
-- Symlinking: /home/igor/tb2_ros2_nav2/ros2_ws/install/kobuki_auto_docking/share/kobuki_auto_docking/local_setup.dsv
-- Symlinking: /home/igor/tb2_ros2_nav2/ros2_ws/install/kobuki_auto_docking/share/kobuki_auto_docking/package.dsv
-- Symlinking: /home/igor/tb2_ros2_nav2/ros2_ws/install/kobuki_auto_docking/share/ament_index/resource_index/packages/kobuki_auto_docking
-- Symlinking: /home/igor/tb2_ros2_nav2/ros2_ws/install/kobuki_auto_docking/share/ament_index/resource_index/rclcpp_components/kobuki_auto_docking
-- Symlinking: /home/igor/tb2_ros2_nav2/ros2_ws/install/kobuki_auto_docking/share/kobuki_auto_docking/cmake/kobuki_auto_dockingConfig.cmake
-- Symlinking: /home/igor/tb2_ros2_nav2/ros2_ws/install/kobuki_auto_docking/share/kobuki_auto_docking/cmake/kobuki_auto_dockingConfig-version.cmake
-- Symlinking: /home/igor/tb2_ros2_nav2/ros2_ws/install/kobuki_auto_docking/share/kobuki_auto_docking/package.xml
