[0.220s] Invoking command in '/home/igor/tb2_ros2_nav2/ros2_ws/build/kobuki_auto_docking': AMENT_PREFIX_PATH=/home/igor/tb2_ros2_nav2/ros2_ws/install/kobuki_ros_interfaces:/home/igor/tb2_ros2_nav2/ros2_ws/install/kobuki_core:${AMENT_PREFIX_PATH} CMAKE_PREFIX_PATH=/home/igor/tb2_ros2_nav2/ros2_ws/install/kobuki_ros_interfaces:/home/igor/tb2_ros2_nav2/ros2_ws/install/kobuki_core:/home/igor/tb2_ros2_nav2/ros2_ws/install/kobuki_ros:/home/igor/tb2_ros2_nav2/ros2_ws/install/kobuki_keyop:/home/igor/tb2_ros2_nav2/ros2_ws/install/velocity_smoother:/home/igor/tb2_ros2_nav2/ros2_ws/install/kobuki_safety_controller:/home/igor/tb2_ros2_nav2/ros2_ws/install/kobuki_random_walker:/home/igor/tb2_ros2_nav2/ros2_ws/install/kobuki_node:/home/igor/tb2_ros2_nav2/ros2_ws/install/kobuki_bumper2pc:/home/igor/tb2_ros2_nav2/ros2_ws/install/kobuki_auto_docking:/home/igor/tb2_ros2_nav2/ros2_ws/install/kobuki_description:/home/igor/tb2_ros2_nav2/ros2_ws/install/cmd_vel_mux:/opt/ros/galactic LD_LIBRARY_PATH=/home/igor/tb2_ros2_nav2/ros2_ws/install/kobuki_ros_interfaces/lib:/home/igor/tb2_ros2_nav2/ros2_ws/install/kobuki_core/lib:/home/igor/tb2_ros2_nav2/ros2_ws/install/kobuki_keyop/lib:/home/igor/tb2_ros2_nav2/ros2_ws/install/velocity_smoother/lib:/home/igor/tb2_ros2_nav2/ros2_ws/install/kobuki_safety_controller/lib:/home/igor/tb2_ros2_nav2/ros2_ws/install/kobuki_random_walker/lib:/home/igor/tb2_ros2_nav2/ros2_ws/install/kobuki_node/lib:/home/igor/tb2_ros2_nav2/ros2_ws/install/kobuki_bumper2pc/lib:/home/igor/tb2_ros2_nav2/ros2_ws/install/kobuki_auto_docking/lib:/home/igor/tb2_ros2_nav2/ros2_ws/install/cmd_vel_mux/lib:/usr/lib/x86_64-linux-gnu/gazebo-11/plugins:/opt/ros/galactic/opt/yaml_cpp_vendor/lib:/opt/ros/galactic/opt/rviz_ogre_vendor/lib:/opt/ros/galactic/lib/x86_64-linux-gnu:/opt/ros/galactic/lib /usr/bin/cmake /home/igor/tb2_ros2_nav2/ros2_ws/src/kobuki_ros/kobuki_auto_docking -DAMENT_CMAKE_SYMLINK_INSTALL=1 -DCMAKE_INSTALL_PREFIX=/home/igor/tb2_ros2_nav2/ros2_ws/install/kobuki_auto_docking
[0.371s] -- The C compiler identification is GNU 9.4.0
[0.664s] -- The CXX compiler identification is GNU 9.4.0
[0.772s] -- Check for working C compiler: /usr/bin/cc
[0.950s] -- Check for working C compiler: /usr/bin/cc -- works
[0.951s] -- Detecting C compiler ABI info
[1.109s] -- Detecting C compiler ABI info - done
[1.124s] -- Detecting C compile features
[1.124s] -- Detecting C compile features - done
[1.128s] -- Check for working CXX compiler: /usr/bin/c++
[1.265s] -- Check for working CXX compiler: /usr/bin/c++ -- works
[1.266s] -- Detecting CXX compiler ABI info
[1.414s] -- Detecting CXX compiler ABI info - done
[1.426s] -- Detecting CXX compile features
[1.427s] -- Detecting CXX compile features - done
[1.430s] -- Found ament_cmake_ros: 0.9.2 (/opt/ros/galactic/share/ament_cmake_ros/cmake)
[1.470s] -- Found PythonInterp: /usr/bin/python3 (found suitable version "3.8.10", minimum required is "3") 
[1.470s] -- Using PYTHON_EXECUTABLE: /usr/bin/python3
[1.558s] -- Override CMake install command with custom implementation using symlinks instead of copying resources
[1.589s] -- Found ecl_linear_algebra: 1.2.0 (/opt/ros/galactic/share/ecl_linear_algebra/cmake)
[1.646s] -- Found geometry_msgs: 2.2.4 (/opt/ros/galactic/share/geometry_msgs/cmake)
[1.847s] -- Using all available rosidl_typesupport_c: rosidl_typesupport_fastrtps_c;rosidl_typesupport_introspection_c
[1.856s] -- Found rosidl_adapter: 2.2.2 (/opt/ros/galactic/share/rosidl_adapter/cmake)
[3.441s] -- Found OpenSSL: /usr/lib/x86_64-linux-gnu/libcrypto.so (found version "1.1.1f")  
[4.302s] -- Found FastRTPS: /opt/ros/galactic/include  
[5.756s] -- Using all available rosidl_typesupport_cpp: rosidl_typesupport_fastrtps_cpp;rosidl_typesupport_introspection_cpp
[5.894s] -- Found kobuki_core: 1.3.1 (/home/igor/tb2_ros2_nav2/ros2_ws/install/kobuki_core/share/kobuki_core/cmake)
[5.921s] -- Found ecl_build: 1.0.2 (/opt/ros/galactic/share/ecl_build/cmake)
[5.929s] -- Looking for pthread.h
[6.141s] -- Looking for pthread.h - found
[6.141s] -- Performing Test CMAKE_HAVE_LIBC_PTHREAD
[6.279s] -- Performing Test CMAKE_HAVE_LIBC_PTHREAD - Failed
[6.280s] -- Looking for pthread_create in pthreads
[6.393s] -- Looking for pthread_create in pthreads - not found
[6.393s] -- Looking for pthread_create in pthread
[6.538s] -- Looking for pthread_create in pthread - found
[6.540s] -- Found Threads: TRUE  
[6.542s] -- Check if compiler accepts -pthread
[6.723s] -- Check if compiler accepts -pthread - yes
[6.795s] -- Found kobuki_ros_interfaces: 1.0.0 (/home/igor/tb2_ros2_nav2/ros2_ws/install/kobuki_ros_interfaces/share/kobuki_ros_interfaces/cmake)
[6.994s] -- Found message_filters: 3.2.6 (/opt/ros/galactic/share/message_filters/cmake)
[7.077s] -- Found rmw_implementation_cmake: 3.3.1 (/opt/ros/galactic/share/rmw_implementation_cmake/cmake)
[7.082s] -- Found rmw_cyclonedds_cpp: 0.22.5 (/opt/ros/galactic/share/rmw_cyclonedds_cpp/cmake)
[7.104s] -- Using RMW implementation 'rmw_cyclonedds_cpp' as default
[7.344s] -- Found nav_msgs: 2.2.4 (/opt/ros/galactic/share/nav_msgs/cmake)
[7.455s] -- Found rclcpp_components: 9.2.1 (/opt/ros/galactic/share/rclcpp_components/cmake)
[7.553s] -- Found rclcpp_action: 9.2.1 (/opt/ros/galactic/share/rclcpp_action/cmake)
[7.614s] -- Found tf2_geometry_msgs: 0.17.3 (/opt/ros/galactic/share/tf2_geometry_msgs/cmake)
[7.628s] -- Found eigen3_cmake_module: 0.1.1 (/opt/ros/galactic/share/eigen3_cmake_module/cmake)
[7.630s] -- Found Eigen3: TRUE (found version "3.3.7") 
[8.167s] -- Configuring done
[8.200s] -- Generating done
[8.205s] -- Build files have been written to: /home/igor/tb2_ros2_nav2/ros2_ws/build/kobuki_auto_docking
[8.240s] Invoked command in '/home/igor/tb2_ros2_nav2/ros2_ws/build/kobuki_auto_docking' returned '0': AMENT_PREFIX_PATH=/home/igor/tb2_ros2_nav2/ros2_ws/install/kobuki_ros_interfaces:/home/igor/tb2_ros2_nav2/ros2_ws/install/kobuki_core:${AMENT_PREFIX_PATH} CMAKE_PREFIX_PATH=/home/igor/tb2_ros2_nav2/ros2_ws/install/kobuki_ros_interfaces:/home/igor/tb2_ros2_nav2/ros2_ws/install/kobuki_core:/home/igor/tb2_ros2_nav2/ros2_ws/install/kobuki_ros:/home/igor/tb2_ros2_nav2/ros2_ws/install/kobuki_keyop:/home/igor/tb2_ros2_nav2/ros2_ws/install/velocity_smoother:/home/igor/tb2_ros2_nav2/ros2_ws/install/kobuki_safety_controller:/home/igor/tb2_ros2_nav2/ros2_ws/install/kobuki_random_walker:/home/igor/tb2_ros2_nav2/ros2_ws/install/kobuki_node:/home/igor/tb2_ros2_nav2/ros2_ws/install/kobuki_bumper2pc:/home/igor/tb2_ros2_nav2/ros2_ws/install/kobuki_auto_docking:/home/igor/tb2_ros2_nav2/ros2_ws/install/kobuki_description:/home/igor/tb2_ros2_nav2/ros2_ws/install/cmd_vel_mux:/opt/ros/galactic LD_LIBRARY_PATH=/home/igor/tb2_ros2_nav2/ros2_ws/install/kobuki_ros_interfaces/lib:/home/igor/tb2_ros2_nav2/ros2_ws/install/kobuki_core/lib:/home/igor/tb2_ros2_nav2/ros2_ws/install/kobuki_keyop/lib:/home/igor/tb2_ros2_nav2/ros2_ws/install/velocity_smoother/lib:/home/igor/tb2_ros2_nav2/ros2_ws/install/kobuki_safety_controller/lib:/home/igor/tb2_ros2_nav2/ros2_ws/install/kobuki_random_walker/lib:/home/igor/tb2_ros2_nav2/ros2_ws/install/kobuki_node/lib:/home/igor/tb2_ros2_nav2/ros2_ws/install/kobuki_bumper2pc/lib:/home/igor/tb2_ros2_nav2/ros2_ws/install/kobuki_auto_docking/lib:/home/igor/tb2_ros2_nav2/ros2_ws/install/cmd_vel_mux/lib:/usr/lib/x86_64-linux-gnu/gazebo-11/plugins:/opt/ros/galactic/opt/yaml_cpp_vendor/lib:/opt/ros/galactic/opt/rviz_ogre_vendor/lib:/opt/ros/galactic/lib/x86_64-linux-gnu:/opt/ros/galactic/lib /usr/bin/cmake /home/igor/tb2_ros2_nav2/ros2_ws/src/kobuki_ros/kobuki_auto_docking -DAMENT_CMAKE_SYMLINK_INSTALL=1 -DCMAKE_INSTALL_PREFIX=/home/igor/tb2_ros2_nav2/ros2_ws/install/kobuki_auto_docking
[8.246s] Invoking command in '/home/igor/tb2_ros2_nav2/ros2_ws/build/kobuki_auto_docking': AMENT_PREFIX_PATH=/home/igor/tb2_ros2_nav2/ros2_ws/install/kobuki_ros_interfaces:/home/igor/tb2_ros2_nav2/ros2_ws/install/kobuki_core:${AMENT_PREFIX_PATH} CMAKE_PREFIX_PATH=/home/igor/tb2_ros2_nav2/ros2_ws/install/kobuki_ros_interfaces:/home/igor/tb2_ros2_nav2/ros2_ws/install/kobuki_core:/home/igor/tb2_ros2_nav2/ros2_ws/install/kobuki_ros:/home/igor/tb2_ros2_nav2/ros2_ws/install/kobuki_keyop:/home/igor/tb2_ros2_nav2/ros2_ws/install/velocity_smoother:/home/igor/tb2_ros2_nav2/ros2_ws/install/kobuki_safety_controller:/home/igor/tb2_ros2_nav2/ros2_ws/install/kobuki_random_walker:/home/igor/tb2_ros2_nav2/ros2_ws/install/kobuki_node:/home/igor/tb2_ros2_nav2/ros2_ws/install/kobuki_bumper2pc:/home/igor/tb2_ros2_nav2/ros2_ws/install/kobuki_auto_docking:/home/igor/tb2_ros2_nav2/ros2_ws/install/kobuki_description:/home/igor/tb2_ros2_nav2/ros2_ws/install/cmd_vel_mux:/opt/ros/galactic LD_LIBRARY_PATH=/home/igor/tb2_ros2_nav2/ros2_ws/install/kobuki_ros_interfaces/lib:/home/igor/tb2_ros2_nav2/ros2_ws/install/kobuki_core/lib:/home/igor/tb2_ros2_nav2/ros2_ws/install/kobuki_keyop/lib:/home/igor/tb2_ros2_nav2/ros2_ws/install/velocity_smoother/lib:/home/igor/tb2_ros2_nav2/ros2_ws/install/kobuki_safety_controller/lib:/home/igor/tb2_ros2_nav2/ros2_ws/install/kobuki_random_walker/lib:/home/igor/tb2_ros2_nav2/ros2_ws/install/kobuki_node/lib:/home/igor/tb2_ros2_nav2/ros2_ws/install/kobuki_bumper2pc/lib:/home/igor/tb2_ros2_nav2/ros2_ws/install/kobuki_auto_docking/lib:/home/igor/tb2_ros2_nav2/ros2_ws/install/cmd_vel_mux/lib:/usr/lib/x86_64-linux-gnu/gazebo-11/plugins:/opt/ros/galactic/opt/yaml_cpp_vendor/lib:/opt/ros/galactic/opt/rviz_ogre_vendor/lib:/opt/ros/galactic/lib/x86_64-linux-gnu:/opt/ros/galactic/lib /usr/bin/cmake --build /home/igor/tb2_ros2_nav2/ros2_ws/build/kobuki_auto_docking -- -j16 -l16
[8.307s] [35m[1mScanning dependencies of target kobuki_auto_docking_node[0m
[8.307s] [35m[1mScanning dependencies of target kobuki_auto_docking[0m
[8.370s] [ 25%] [32mBuilding CXX object CMakeFiles/kobuki_auto_docking_node.dir/rclcpp_components/node_main_kobuki_auto_docking_node.cpp.o[0m
[8.520s] [ 50%] [32mBuilding CXX object CMakeFiles/kobuki_auto_docking.dir/src/auto_docking_ros.cpp.o[0m
[14.406s] [ 75%] [32m[1mLinking CXX executable kobuki_auto_docking_node[0m
[14.742s] [ 75%] Built target kobuki_auto_docking_node
[36.280s] [100%] [32m[1mLinking CXX shared library libkobuki_auto_docking.so[0m
[37.503s] [100%] Built target kobuki_auto_docking
[37.512s] Invoked command in '/home/igor/tb2_ros2_nav2/ros2_ws/build/kobuki_auto_docking' returned '0': AMENT_PREFIX_PATH=/home/igor/tb2_ros2_nav2/ros2_ws/install/kobuki_ros_interfaces:/home/igor/tb2_ros2_nav2/ros2_ws/install/kobuki_core:${AMENT_PREFIX_PATH} CMAKE_PREFIX_PATH=/home/igor/tb2_ros2_nav2/ros2_ws/install/kobuki_ros_interfaces:/home/igor/tb2_ros2_nav2/ros2_ws/install/kobuki_core:/home/igor/tb2_ros2_nav2/ros2_ws/install/kobuki_ros:/home/igor/tb2_ros2_nav2/ros2_ws/install/kobuki_keyop:/home/igor/tb2_ros2_nav2/ros2_ws/install/velocity_smoother:/home/igor/tb2_ros2_nav2/ros2_ws/install/kobuki_safety_controller:/home/igor/tb2_ros2_nav2/ros2_ws/install/kobuki_random_walker:/home/igor/tb2_ros2_nav2/ros2_ws/install/kobuki_node:/home/igor/tb2_ros2_nav2/ros2_ws/install/kobuki_bumper2pc:/home/igor/tb2_ros2_nav2/ros2_ws/install/kobuki_auto_docking:/home/igor/tb2_ros2_nav2/ros2_ws/install/kobuki_description:/home/igor/tb2_ros2_nav2/ros2_ws/install/cmd_vel_mux:/opt/ros/galactic LD_LIBRARY_PATH=/home/igor/tb2_ros2_nav2/ros2_ws/install/kobuki_ros_interfaces/lib:/home/igor/tb2_ros2_nav2/ros2_ws/install/kobuki_core/lib:/home/igor/tb2_ros2_nav2/ros2_ws/install/kobuki_keyop/lib:/home/igor/tb2_ros2_nav2/ros2_ws/install/velocity_smoother/lib:/home/igor/tb2_ros2_nav2/ros2_ws/install/kobuki_safety_controller/lib:/home/igor/tb2_ros2_nav2/ros2_ws/install/kobuki_random_walker/lib:/home/igor/tb2_ros2_nav2/ros2_ws/install/kobuki_node/lib:/home/igor/tb2_ros2_nav2/ros2_ws/install/kobuki_bumper2pc/lib:/home/igor/tb2_ros2_nav2/ros2_ws/install/kobuki_auto_docking/lib:/home/igor/tb2_ros2_nav2/ros2_ws/install/cmd_vel_mux/lib:/usr/lib/x86_64-linux-gnu/gazebo-11/plugins:/opt/ros/galactic/opt/yaml_cpp_vendor/lib:/opt/ros/galactic/opt/rviz_ogre_vendor/lib:/opt/ros/galactic/lib/x86_64-linux-gnu:/opt/ros/galactic/lib /usr/bin/cmake --build /home/igor/tb2_ros2_nav2/ros2_ws/build/kobuki_auto_docking -- -j16 -l16
[37.532s] Invoking command in '/home/igor/tb2_ros2_nav2/ros2_ws/build/kobuki_auto_docking': AMENT_PREFIX_PATH=/home/igor/tb2_ros2_nav2/ros2_ws/install/kobuki_ros_interfaces:/home/igor/tb2_ros2_nav2/ros2_ws/install/kobuki_core:${AMENT_PREFIX_PATH} CMAKE_PREFIX_PATH=/home/igor/tb2_ros2_nav2/ros2_ws/install/kobuki_ros_interfaces:/home/igor/tb2_ros2_nav2/ros2_ws/install/kobuki_core:/home/igor/tb2_ros2_nav2/ros2_ws/install/kobuki_ros:/home/igor/tb2_ros2_nav2/ros2_ws/install/kobuki_keyop:/home/igor/tb2_ros2_nav2/ros2_ws/install/velocity_smoother:/home/igor/tb2_ros2_nav2/ros2_ws/install/kobuki_safety_controller:/home/igor/tb2_ros2_nav2/ros2_ws/install/kobuki_random_walker:/home/igor/tb2_ros2_nav2/ros2_ws/install/kobuki_node:/home/igor/tb2_ros2_nav2/ros2_ws/install/kobuki_bumper2pc:/home/igor/tb2_ros2_nav2/ros2_ws/install/kobuki_auto_docking:/home/igor/tb2_ros2_nav2/ros2_ws/install/kobuki_description:/home/igor/tb2_ros2_nav2/ros2_ws/install/cmd_vel_mux:/opt/ros/galactic LD_LIBRARY_PATH=/home/igor/tb2_ros2_nav2/ros2_ws/install/kobuki_ros_interfaces/lib:/home/igor/tb2_ros2_nav2/ros2_ws/install/kobuki_core/lib:/home/igor/tb2_ros2_nav2/ros2_ws/install/kobuki_keyop/lib:/home/igor/tb2_ros2_nav2/ros2_ws/install/velocity_smoother/lib:/home/igor/tb2_ros2_nav2/ros2_ws/install/kobuki_safety_controller/lib:/home/igor/tb2_ros2_nav2/ros2_ws/install/kobuki_random_walker/lib:/home/igor/tb2_ros2_nav2/ros2_ws/install/kobuki_node/lib:/home/igor/tb2_ros2_nav2/ros2_ws/install/kobuki_bumper2pc/lib:/home/igor/tb2_ros2_nav2/ros2_ws/install/kobuki_auto_docking/lib:/home/igor/tb2_ros2_nav2/ros2_ws/install/cmd_vel_mux/lib:/usr/lib/x86_64-linux-gnu/gazebo-11/plugins:/opt/ros/galactic/opt/yaml_cpp_vendor/lib:/opt/ros/galactic/opt/rviz_ogre_vendor/lib:/opt/ros/galactic/lib/x86_64-linux-gnu:/opt/ros/galactic/lib /usr/bin/cmake --install /home/igor/tb2_ros2_nav2/ros2_ws/build/kobuki_auto_docking
[37.538s] -- Install configuration: ""
[37.538s] -- Execute custom install script
[37.538s] -- Symlinking: /home/igor/tb2_ros2_nav2/ros2_ws/install/kobuki_auto_docking/lib/kobuki_auto_docking/kobuki_auto_docking_node
[37.545s] -- Symlinking: /home/igor/tb2_ros2_nav2/ros2_ws/install/kobuki_auto_docking/lib/libkobuki_auto_docking.so
[37.552s] -- Symlinking: /home/igor/tb2_ros2_nav2/ros2_ws/install/kobuki_auto_docking/include/kobuki_auto_docking/auto_docking_ros.hpp
[37.559s] -- Symlinking: /home/igor/tb2_ros2_nav2/ros2_ws/install/kobuki_auto_docking/share/kobuki_auto_docking/launch/compact.launch.py
[37.565s] -- Symlinking: /home/igor/tb2_ros2_nav2/ros2_ws/install/kobuki_auto_docking/share/kobuki_auto_docking/config/auto_docking.yaml
[37.571s] -- Symlinking: /home/igor/tb2_ros2_nav2/ros2_ws/install/kobuki_auto_docking/share/kobuki_auto_docking/config/kobuki_node_params.yaml
[37.577s] -- Symlinking: /home/igor/tb2_ros2_nav2/ros2_ws/install/kobuki_auto_docking/lib/kobuki_auto_docking/activate.sh
[37.583s] -- Symlinking: /home/igor/tb2_ros2_nav2/ros2_ws/install/kobuki_auto_docking/share/ament_index/resource_index/package_run_dependencies/kobuki_auto_docking
[37.589s] -- Symlinking: /home/igor/tb2_ros2_nav2/ros2_ws/install/kobuki_auto_docking/share/ament_index/resource_index/parent_prefix_path/kobuki_auto_docking
[37.595s] -- Symlinking: /home/igor/tb2_ros2_nav2/ros2_ws/install/kobuki_auto_docking/share/kobuki_auto_docking/environment/ament_prefix_path.sh
[37.602s] -- Symlinking: /home/igor/tb2_ros2_nav2/ros2_ws/install/kobuki_auto_docking/share/kobuki_auto_docking/environment/ament_prefix_path.dsv
[37.608s] -- Symlinking: /home/igor/tb2_ros2_nav2/ros2_ws/install/kobuki_auto_docking/share/kobuki_auto_docking/environment/path.sh
[37.614s] -- Symlinking: /home/igor/tb2_ros2_nav2/ros2_ws/install/kobuki_auto_docking/share/kobuki_auto_docking/environment/path.dsv
[37.621s] -- Symlinking: /home/igor/tb2_ros2_nav2/ros2_ws/install/kobuki_auto_docking/share/kobuki_auto_docking/local_setup.bash
[37.628s] -- Symlinking: /home/igor/tb2_ros2_nav2/ros2_ws/install/kobuki_auto_docking/share/kobuki_auto_docking/local_setup.sh
[37.634s] -- Symlinking: /home/igor/tb2_ros2_nav2/ros2_ws/install/kobuki_auto_docking/share/kobuki_auto_docking/local_setup.zsh
[37.641s] -- Symlinking: /home/igor/tb2_ros2_nav2/ros2_ws/install/kobuki_auto_docking/share/kobuki_auto_docking/local_setup.dsv
[37.647s] -- Symlinking: /home/igor/tb2_ros2_nav2/ros2_ws/install/kobuki_auto_docking/share/kobuki_auto_docking/package.dsv
[37.653s] -- Symlinking: /home/igor/tb2_ros2_nav2/ros2_ws/install/kobuki_auto_docking/share/ament_index/resource_index/packages/kobuki_auto_docking
[37.659s] -- Symlinking: /home/igor/tb2_ros2_nav2/ros2_ws/install/kobuki_auto_docking/share/ament_index/resource_index/rclcpp_components/kobuki_auto_docking
[37.665s] -- Symlinking: /home/igor/tb2_ros2_nav2/ros2_ws/install/kobuki_auto_docking/share/kobuki_auto_docking/cmake/kobuki_auto_dockingConfig.cmake
[37.671s] -- Symlinking: /home/igor/tb2_ros2_nav2/ros2_ws/install/kobuki_auto_docking/share/kobuki_auto_docking/cmake/kobuki_auto_dockingConfig-version.cmake
[37.677s] -- Symlinking: /home/igor/tb2_ros2_nav2/ros2_ws/install/kobuki_auto_docking/share/kobuki_auto_docking/package.xml
[37.687s] Invoked command in '/home/igor/tb2_ros2_nav2/ros2_ws/build/kobuki_auto_docking' returned '0': AMENT_PREFIX_PATH=/home/igor/tb2_ros2_nav2/ros2_ws/install/kobuki_ros_interfaces:/home/igor/tb2_ros2_nav2/ros2_ws/install/kobuki_core:${AMENT_PREFIX_PATH} CMAKE_PREFIX_PATH=/home/igor/tb2_ros2_nav2/ros2_ws/install/kobuki_ros_interfaces:/home/igor/tb2_ros2_nav2/ros2_ws/install/kobuki_core:/home/igor/tb2_ros2_nav2/ros2_ws/install/kobuki_ros:/home/igor/tb2_ros2_nav2/ros2_ws/install/kobuki_keyop:/home/igor/tb2_ros2_nav2/ros2_ws/install/velocity_smoother:/home/igor/tb2_ros2_nav2/ros2_ws/install/kobuki_safety_controller:/home/igor/tb2_ros2_nav2/ros2_ws/install/kobuki_random_walker:/home/igor/tb2_ros2_nav2/ros2_ws/install/kobuki_node:/home/igor/tb2_ros2_nav2/ros2_ws/install/kobuki_bumper2pc:/home/igor/tb2_ros2_nav2/ros2_ws/install/kobuki_auto_docking:/home/igor/tb2_ros2_nav2/ros2_ws/install/kobuki_description:/home/igor/tb2_ros2_nav2/ros2_ws/install/cmd_vel_mux:/opt/ros/galactic LD_LIBRARY_PATH=/home/igor/tb2_ros2_nav2/ros2_ws/install/kobuki_ros_interfaces/lib:/home/igor/tb2_ros2_nav2/ros2_ws/install/kobuki_core/lib:/home/igor/tb2_ros2_nav2/ros2_ws/install/kobuki_keyop/lib:/home/igor/tb2_ros2_nav2/ros2_ws/install/velocity_smoother/lib:/home/igor/tb2_ros2_nav2/ros2_ws/install/kobuki_safety_controller/lib:/home/igor/tb2_ros2_nav2/ros2_ws/install/kobuki_random_walker/lib:/home/igor/tb2_ros2_nav2/ros2_ws/install/kobuki_node/lib:/home/igor/tb2_ros2_nav2/ros2_ws/install/kobuki_bumper2pc/lib:/home/igor/tb2_ros2_nav2/ros2_ws/install/kobuki_auto_docking/lib:/home/igor/tb2_ros2_nav2/ros2_ws/install/cmd_vel_mux/lib:/usr/lib/x86_64-linux-gnu/gazebo-11/plugins:/opt/ros/galactic/opt/yaml_cpp_vendor/lib:/opt/ros/galactic/opt/rviz_ogre_vendor/lib:/opt/ros/galactic/lib/x86_64-linux-gnu:/opt/ros/galactic/lib /usr/bin/cmake --install /home/igor/tb2_ros2_nav2/ros2_ws/build/kobuki_auto_docking
