[0.025s] Invoking command in '/home/turtlebot5/tb2_ros2_nav2/ros2_ws/build/kobuki_safety_controller': AMENT_PREFIX_PATH=/home/turtlebot5/tb2_ros2_nav2/ros2_ws/install/kobuki_ros_interfaces:${AMENT_PREFIX_PATH} CMAKE_PREFIX_PATH=/home/turtlebot5/tb2_ros2_nav2/ros2_ws/install/kobuki_ros_interfaces:/opt/ros/galactic LD_LIBRARY_PATH=/home/turtlebot5/tb2_ros2_nav2/ros2_ws/install/kobuki_ros_interfaces/lib:${LD_LIBRARY_PATH} PYTHONPATH=/home/turtlebot5/tb2_ros2_nav2/ros2_ws/install/kobuki_ros_interfaces/lib/python3.8/site-packages:${PYTHONPATH} /usr/bin/cmake /home/turtlebot5/tb2_ros2_nav2/ros2_ws/src/kobuki_ros/kobuki_safety_controller -DAMENT_CMAKE_SYMLINK_INSTALL=1 -DCMAKE_INSTALL_PREFIX=/home/turtlebot5/tb2_ros2_nav2/ros2_ws/install/kobuki_safety_controller
[0.106s] -- The C compiler identification is GNU 9.4.0
[0.180s] -- The CXX compiler identification is GNU 9.4.0
[0.187s] -- Check for working C compiler: /usr/bin/cc
[0.274s] -- Check for working C compiler: /usr/bin/cc -- works
[0.276s] -- Detecting C compiler ABI info
[0.365s] -- Detecting C compiler ABI info - done
[0.384s] -- Detecting C compile features
[0.385s] -- Detecting C compile features - done
[0.389s] -- Check for working CXX compiler: /usr/bin/c++
[0.493s] -- Check for working CXX compiler: /usr/bin/c++ -- works
[0.495s] -- Detecting CXX compiler ABI info
[0.599s] -- Detecting CXX compiler ABI info - done
[0.620s] -- Detecting CXX compile features
[0.621s] -- Detecting CXX compile features - done
[0.624s] -- Found ament_cmake_ros: 0.9.2 (/opt/ros/galactic/share/ament_cmake_ros/cmake)
[0.667s] -- Found PythonInterp: /usr/bin/python3 (found suitable version "3.8.10", minimum required is "3") 
[0.668s] -- Using PYTHON_EXECUTABLE: /usr/bin/python3
[0.746s] -- Override CMake install command with custom implementation using symlinks instead of copying resources
[0.785s] -- Found ecl_build: 1.0.2 (/opt/ros/galactic/share/ecl_build/cmake)
[0.797s] -- Found geometry_msgs: 2.2.4 (/opt/ros/galactic/share/geometry_msgs/cmake)
[0.842s] -- Using all available rosidl_typesupport_c: rosidl_typesupport_fastrtps_c;rosidl_typesupport_introspection_c
[0.853s] -- Found rosidl_adapter: 2.2.2 (/opt/ros/galactic/share/rosidl_adapter/cmake)
[0.965s] -- Found OpenSSL: /usr/lib/x86_64-linux-gnu/libcrypto.so (found version "1.1.1f")  
[1.008s] -- Found FastRTPS: /opt/ros/galactic/include  
[1.127s] -- Using all available rosidl_typesupport_cpp: rosidl_typesupport_fastrtps_cpp;rosidl_typesupport_introspection_cpp
[1.275s] -- Found kobuki_ros_interfaces: 1.0.0 (/home/turtlebot5/tb2_ros2_nav2/ros2_ws/install/kobuki_ros_interfaces/share/kobuki_ros_interfaces/cmake)
[1.535s] -- Found rclcpp: 9.2.1 (/opt/ros/galactic/share/rclcpp/cmake)
[1.621s] -- Found rmw_implementation_cmake: 3.3.1 (/opt/ros/galactic/share/rmw_implementation_cmake/cmake)
[1.626s] -- Found rmw_cyclonedds_cpp: 0.22.5 (/opt/ros/galactic/share/rmw_cyclonedds_cpp/cmake)
[1.660s] -- Using RMW implementation 'rmw_cyclonedds_cpp' as default
[1.661s] -- Looking for pthread.h
[1.755s] -- Looking for pthread.h - found
[1.756s] -- Performing Test CMAKE_HAVE_LIBC_PTHREAD
[1.851s] -- Performing Test CMAKE_HAVE_LIBC_PTHREAD - Failed
[1.851s] -- Looking for pthread_create in pthreads
[1.928s] -- Looking for pthread_create in pthreads - not found
[1.929s] -- Looking for pthread_create in pthread
[2.019s] -- Looking for pthread_create in pthread - found
[2.021s] -- Found Threads: TRUE  
[2.267s] -- Found rclcpp_components: 9.2.1 (/opt/ros/galactic/share/rclcpp_components/cmake)
[2.460s] -- Configuring done
[2.483s] -- Generating done
[2.486s] -- Build files have been written to: /home/turtlebot5/tb2_ros2_nav2/ros2_ws/build/kobuki_safety_controller
[2.501s] Invoked command in '/home/turtlebot5/tb2_ros2_nav2/ros2_ws/build/kobuki_safety_controller' returned '0': AMENT_PREFIX_PATH=/home/turtlebot5/tb2_ros2_nav2/ros2_ws/install/kobuki_ros_interfaces:${AMENT_PREFIX_PATH} CMAKE_PREFIX_PATH=/home/turtlebot5/tb2_ros2_nav2/ros2_ws/install/kobuki_ros_interfaces:/opt/ros/galactic LD_LIBRARY_PATH=/home/turtlebot5/tb2_ros2_nav2/ros2_ws/install/kobuki_ros_interfaces/lib:${LD_LIBRARY_PATH} PYTHONPATH=/home/turtlebot5/tb2_ros2_nav2/ros2_ws/install/kobuki_ros_interfaces/lib/python3.8/site-packages:${PYTHONPATH} /usr/bin/cmake /home/turtlebot5/tb2_ros2_nav2/ros2_ws/src/kobuki_ros/kobuki_safety_controller -DAMENT_CMAKE_SYMLINK_INSTALL=1 -DCMAKE_INSTALL_PREFIX=/home/turtlebot5/tb2_ros2_nav2/ros2_ws/install/kobuki_safety_controller
[2.502s] Invoking command in '/home/turtlebot5/tb2_ros2_nav2/ros2_ws/build/kobuki_safety_controller': AMENT_PREFIX_PATH=/home/turtlebot5/tb2_ros2_nav2/ros2_ws/install/kobuki_ros_interfaces:${AMENT_PREFIX_PATH} CMAKE_PREFIX_PATH=/home/turtlebot5/tb2_ros2_nav2/ros2_ws/install/kobuki_ros_interfaces:/opt/ros/galactic LD_LIBRARY_PATH=/home/turtlebot5/tb2_ros2_nav2/ros2_ws/install/kobuki_ros_interfaces/lib:${LD_LIBRARY_PATH} PYTHONPATH=/home/turtlebot5/tb2_ros2_nav2/ros2_ws/install/kobuki_ros_interfaces/lib/python3.8/site-packages:${PYTHONPATH} /usr/bin/cmake --build /home/turtlebot5/tb2_ros2_nav2/ros2_ws/build/kobuki_safety_controller -- -j4 -l4
[2.561s] [35m[1mScanning dependencies of target kobuki_safety_controller_node[0m
[2.618s] [ 25%] [32mBuilding CXX object CMakeFiles/kobuki_safety_controller_node.dir/rclcpp_components/node_main_kobuki_safety_controller_node.cpp.o[0m
[6.447s] [ 50%] [32m[1mLinking CXX executable kobuki_safety_controller_node[0m
[6.620s] [ 50%] Built target kobuki_safety_controller_node
[6.633s] [35m[1mScanning dependencies of target kobuki_safety_controller[0m
[6.689s] [ 75%] [32mBuilding CXX object CMakeFiles/kobuki_safety_controller.dir/src/safety_controller.cpp.o[0m
[25.731s] [100%] [32m[1mLinking CXX shared library libkobuki_safety_controller.so[0m
[26.417s] [100%] Built target kobuki_safety_controller
[26.427s] Invoked command in '/home/turtlebot5/tb2_ros2_nav2/ros2_ws/build/kobuki_safety_controller' returned '0': AMENT_PREFIX_PATH=/home/turtlebot5/tb2_ros2_nav2/ros2_ws/install/kobuki_ros_interfaces:${AMENT_PREFIX_PATH} CMAKE_PREFIX_PATH=/home/turtlebot5/tb2_ros2_nav2/ros2_ws/install/kobuki_ros_interfaces:/opt/ros/galactic LD_LIBRARY_PATH=/home/turtlebot5/tb2_ros2_nav2/ros2_ws/install/kobuki_ros_interfaces/lib:${LD_LIBRARY_PATH} PYTHONPATH=/home/turtlebot5/tb2_ros2_nav2/ros2_ws/install/kobuki_ros_interfaces/lib/python3.8/site-packages:${PYTHONPATH} /usr/bin/cmake --build /home/turtlebot5/tb2_ros2_nav2/ros2_ws/build/kobuki_safety_controller -- -j4 -l4
[26.450s] Invoking command in '/home/turtlebot5/tb2_ros2_nav2/ros2_ws/build/kobuki_safety_controller': AMENT_PREFIX_PATH=/home/turtlebot5/tb2_ros2_nav2/ros2_ws/install/kobuki_ros_interfaces:${AMENT_PREFIX_PATH} CMAKE_PREFIX_PATH=/home/turtlebot5/tb2_ros2_nav2/ros2_ws/install/kobuki_ros_interfaces:/opt/ros/galactic LD_LIBRARY_PATH=/home/turtlebot5/tb2_ros2_nav2/ros2_ws/install/kobuki_ros_interfaces/lib:${LD_LIBRARY_PATH} PYTHONPATH=/home/turtlebot5/tb2_ros2_nav2/ros2_ws/install/kobuki_ros_interfaces/lib/python3.8/site-packages:${PYTHONPATH} /usr/bin/cmake --install /home/turtlebot5/tb2_ros2_nav2/ros2_ws/build/kobuki_safety_controller
[26.458s] -- Install configuration: ""
[26.459s] -- Execute custom install script
[26.459s] -- Symlinking: /home/turtlebot5/tb2_ros2_nav2/ros2_ws/install/kobuki_safety_controller/lib/kobuki_safety_controller/kobuki_safety_controller_node
[26.468s] -- Symlinking: /home/turtlebot5/tb2_ros2_nav2/ros2_ws/install/kobuki_safety_controller/lib/libkobuki_safety_controller.so
[26.475s] -- Symlinking: /home/turtlebot5/tb2_ros2_nav2/ros2_ws/install/kobuki_safety_controller/include/kobuki_safety_controller/safety_controller.hpp
[26.483s] -- Symlinking: /home/turtlebot5/tb2_ros2_nav2/ros2_ws/install/kobuki_safety_controller/share/kobuki_safety_controller/config/safety_controller_params.yaml
[26.491s] -- Symlinking: /home/turtlebot5/tb2_ros2_nav2/ros2_ws/install/kobuki_safety_controller/share/kobuki_safety_controller/launch/safety_controller-composed-launch.py
[26.499s] -- Symlinking: /home/turtlebot5/tb2_ros2_nav2/ros2_ws/install/kobuki_safety_controller/share/kobuki_safety_controller/launch/safety_controller-launch.py
[26.506s] -- Symlinking: /home/turtlebot5/tb2_ros2_nav2/ros2_ws/install/kobuki_safety_controller/share/ament_index/resource_index/package_run_dependencies/kobuki_safety_controller
[26.515s] -- Symlinking: /home/turtlebot5/tb2_ros2_nav2/ros2_ws/install/kobuki_safety_controller/share/ament_index/resource_index/parent_prefix_path/kobuki_safety_controller
[26.523s] -- Symlinking: /home/turtlebot5/tb2_ros2_nav2/ros2_ws/install/kobuki_safety_controller/share/kobuki_safety_controller/environment/ament_prefix_path.sh
[26.530s] -- Symlinking: /home/turtlebot5/tb2_ros2_nav2/ros2_ws/install/kobuki_safety_controller/share/kobuki_safety_controller/environment/ament_prefix_path.dsv
[26.538s] -- Symlinking: /home/turtlebot5/tb2_ros2_nav2/ros2_ws/install/kobuki_safety_controller/share/kobuki_safety_controller/environment/path.sh
[26.546s] -- Symlinking: /home/turtlebot5/tb2_ros2_nav2/ros2_ws/install/kobuki_safety_controller/share/kobuki_safety_controller/environment/path.dsv
[26.554s] -- Symlinking: /home/turtlebot5/tb2_ros2_nav2/ros2_ws/install/kobuki_safety_controller/share/kobuki_safety_controller/local_setup.bash
[26.562s] -- Symlinking: /home/turtlebot5/tb2_ros2_nav2/ros2_ws/install/kobuki_safety_controller/share/kobuki_safety_controller/local_setup.sh
[26.570s] -- Symlinking: /home/turtlebot5/tb2_ros2_nav2/ros2_ws/install/kobuki_safety_controller/share/kobuki_safety_controller/local_setup.zsh
[26.577s] -- Symlinking: /home/turtlebot5/tb2_ros2_nav2/ros2_ws/install/kobuki_safety_controller/share/kobuki_safety_controller/local_setup.dsv
[26.585s] -- Symlinking: /home/turtlebot5/tb2_ros2_nav2/ros2_ws/install/kobuki_safety_controller/share/kobuki_safety_controller/package.dsv
[26.593s] -- Symlinking: /home/turtlebot5/tb2_ros2_nav2/ros2_ws/install/kobuki_safety_controller/share/ament_index/resource_index/packages/kobuki_safety_controller
[26.600s] -- Symlinking: /home/turtlebot5/tb2_ros2_nav2/ros2_ws/install/kobuki_safety_controller/share/ament_index/resource_index/rclcpp_components/kobuki_safety_controller
[26.608s] -- Symlinking: /home/turtlebot5/tb2_ros2_nav2/ros2_ws/install/kobuki_safety_controller/share/kobuki_safety_controller/cmake/kobuki_safety_controllerConfig.cmake
[26.616s] -- Symlinking: /home/turtlebot5/tb2_ros2_nav2/ros2_ws/install/kobuki_safety_controller/share/kobuki_safety_controller/cmake/kobuki_safety_controllerConfig-version.cmake
[26.624s] -- Symlinking: /home/turtlebot5/tb2_ros2_nav2/ros2_ws/install/kobuki_safety_controller/share/kobuki_safety_controller/package.xml
[26.633s] Invoked command in '/home/turtlebot5/tb2_ros2_nav2/ros2_ws/build/kobuki_safety_controller' returned '0': AMENT_PREFIX_PATH=/home/turtlebot5/tb2_ros2_nav2/ros2_ws/install/kobuki_ros_interfaces:${AMENT_PREFIX_PATH} CMAKE_PREFIX_PATH=/home/turtlebot5/tb2_ros2_nav2/ros2_ws/install/kobuki_ros_interfaces:/opt/ros/galactic LD_LIBRARY_PATH=/home/turtlebot5/tb2_ros2_nav2/ros2_ws/install/kobuki_ros_interfaces/lib:${LD_LIBRARY_PATH} PYTHONPATH=/home/turtlebot5/tb2_ros2_nav2/ros2_ws/install/kobuki_ros_interfaces/lib/python3.8/site-packages:${PYTHONPATH} /usr/bin/cmake --install /home/turtlebot5/tb2_ros2_nav2/ros2_ws/build/kobuki_safety_controller
