[0.029s] Invoking command in '/home/turtlebot5/tb2_ros2_nav2/ros2_ws/build/kobuki_description': CMAKE_PREFIX_PATH=/opt/ros/galactic /usr/bin/cmake /home/turtlebot5/tb2_ros2_nav2/ros2_ws/src/kobuki_ros/kobuki_description -DAMENT_CMAKE_SYMLINK_INSTALL=1 -DCMAKE_INSTALL_PREFIX=/home/turtlebot5/tb2_ros2_nav2/ros2_ws/install/kobuki_description
[0.101s] -- The C compiler identification is GNU 9.4.0
[0.172s] -- The CXX compiler identification is GNU 9.4.0
[0.179s] -- Check for working C compiler: /usr/bin/cc
[0.269s] -- Check for working C compiler: /usr/bin/cc -- works
[0.271s] -- Detecting C compiler ABI info
[0.361s] -- Detecting C compiler ABI info - done
[0.379s] -- Detecting C compile features
[0.379s] -- Detecting C compile features - done
[0.383s] -- Check for working CXX compiler: /usr/bin/c++
[0.483s] -- Check for working CXX compiler: /usr/bin/c++ -- works
[0.485s] -- Detecting CXX compiler ABI info
[0.587s] -- Detecting CXX compiler ABI info - done
[0.607s] -- Detecting CXX compile features
[0.608s] -- Detecting CXX compile features - done
[0.611s] -- Found ament_cmake: 1.1.5 (/opt/ros/galactic/share/ament_cmake/cmake)
[0.644s] -- Found PythonInterp: /usr/bin/python3 (found suitable version "3.8.10", minimum required is "3") 
[0.645s] -- Using PYTHON_EXECUTABLE: /usr/bin/python3
[0.721s] -- Override CMake install command with custom implementation using symlinks instead of copying resources
[0.758s] -- Found ament_lint_auto: 0.10.7 (/opt/ros/galactic/share/ament_lint_auto/cmake)
[0.865s] -- Added test 'copyright' to check source files copyright and LICENSE
[0.869s] -- Added test 'flake8' to check Python code syntax and style conventions
[0.871s] -- Added test 'lint_cmake' to check CMake code style
[0.871s] -- Added test 'pep257' to check Python code against some of the style conventions in PEP 257
[0.874s] -- Added test 'xmllint' to check XML markup files
[0.877s] -- Configuring done
[0.880s] -- Generating done
[0.881s] -- Build files have been written to: /home/turtlebot5/tb2_ros2_nav2/ros2_ws/build/kobuki_description
[0.887s] Invoked command in '/home/turtlebot5/tb2_ros2_nav2/ros2_ws/build/kobuki_description' returned '0': CMAKE_PREFIX_PATH=/opt/ros/galactic /usr/bin/cmake /home/turtlebot5/tb2_ros2_nav2/ros2_ws/src/kobuki_ros/kobuki_description -DAMENT_CMAKE_SYMLINK_INSTALL=1 -DCMAKE_INSTALL_PREFIX=/home/turtlebot5/tb2_ros2_nav2/ros2_ws/install/kobuki_description
[0.891s] Invoking command in '/home/turtlebot5/tb2_ros2_nav2/ros2_ws/build/kobuki_description': CMAKE_PREFIX_PATH=/opt/ros/galactic /usr/bin/cmake --build /home/turtlebot5/tb2_ros2_nav2/ros2_ws/build/kobuki_description -- -j4 -l4
[0.943s] Invoked command in '/home/turtlebot5/tb2_ros2_nav2/ros2_ws/build/kobuki_description' returned '0': CMAKE_PREFIX_PATH=/opt/ros/galactic /usr/bin/cmake --build /home/turtlebot5/tb2_ros2_nav2/ros2_ws/build/kobuki_description -- -j4 -l4
[0.978s] Invoking command in '/home/turtlebot5/tb2_ros2_nav2/ros2_ws/build/kobuki_description': CMAKE_PREFIX_PATH=/opt/ros/galactic /usr/bin/cmake --install /home/turtlebot5/tb2_ros2_nav2/ros2_ws/build/kobuki_description
[0.992s] -- Install configuration: ""
[0.993s] -- Execute custom install script
[0.993s] -- Symlinking: /home/turtlebot5/tb2_ros2_nav2/ros2_ws/install/kobuki_description/share/kobuki_description/launch/robot_description.launch.py
[1.008s] -- Symlinking: /home/turtlebot5/tb2_ros2_nav2/ros2_ws/install/kobuki_description/share/kobuki_description/meshes/images/main_body.jpg
[1.020s] -- Symlinking: /home/turtlebot5/tb2_ros2_nav2/ros2_ws/install/kobuki_description/share/kobuki_description/meshes/images/wheel.jpg
[1.033s] -- Symlinking: /home/turtlebot5/tb2_ros2_nav2/ros2_ws/install/kobuki_description/share/kobuki_description/meshes/main_body.dae
[1.044s] -- Symlinking: /home/turtlebot5/tb2_ros2_nav2/ros2_ws/install/kobuki_description/share/kobuki_description/meshes/wheel.dae
[1.056s] -- Symlinking: /home/turtlebot5/tb2_ros2_nav2/ros2_ws/install/kobuki_description/share/kobuki_description/rviz/model.rviz
[1.069s] -- Symlinking: /home/turtlebot5/tb2_ros2_nav2/ros2_ws/install/kobuki_description/share/kobuki_description/urdf/common_properties.urdf.xacro
[1.082s] -- Symlinking: /home/turtlebot5/tb2_ros2_nav2/ros2_ws/install/kobuki_description/share/kobuki_description/urdf/kobuki.urdf.xacro
[1.095s] -- Symlinking: /home/turtlebot5/tb2_ros2_nav2/ros2_ws/install/kobuki_description/share/kobuki_description/urdf/kobuki_gazebo.urdf.xacro
[1.108s] -- Symlinking: /home/turtlebot5/tb2_ros2_nav2/ros2_ws/install/kobuki_description/share/kobuki_description/urdf/kobuki_standalone.urdf.xacro
[1.121s] -- Symlinking: /home/turtlebot5/tb2_ros2_nav2/ros2_ws/install/kobuki_description/share/ament_index/resource_index/package_run_dependencies/kobuki_description
[1.134s] -- Symlinking: /home/turtlebot5/tb2_ros2_nav2/ros2_ws/install/kobuki_description/share/ament_index/resource_index/parent_prefix_path/kobuki_description
[1.146s] -- Symlinking: /home/turtlebot5/tb2_ros2_nav2/ros2_ws/install/kobuki_description/share/kobuki_description/environment/ament_prefix_path.sh
[1.160s] -- Symlinking: /home/turtlebot5/tb2_ros2_nav2/ros2_ws/install/kobuki_description/share/kobuki_description/environment/ament_prefix_path.dsv
[1.173s] -- Symlinking: /home/turtlebot5/tb2_ros2_nav2/ros2_ws/install/kobuki_description/share/kobuki_description/environment/path.sh
[1.187s] -- Symlinking: /home/turtlebot5/tb2_ros2_nav2/ros2_ws/install/kobuki_description/share/kobuki_description/environment/path.dsv
[1.199s] -- Symlinking: /home/turtlebot5/tb2_ros2_nav2/ros2_ws/install/kobuki_description/share/kobuki_description/local_setup.bash
[1.212s] -- Symlinking: /home/turtlebot5/tb2_ros2_nav2/ros2_ws/install/kobuki_description/share/kobuki_description/local_setup.sh
[1.223s] -- Symlinking: /home/turtlebot5/tb2_ros2_nav2/ros2_ws/install/kobuki_description/share/kobuki_description/local_setup.zsh
[1.235s] -- Symlinking: /home/turtlebot5/tb2_ros2_nav2/ros2_ws/install/kobuki_description/share/kobuki_description/local_setup.dsv
[1.248s] -- Symlinking: /home/turtlebot5/tb2_ros2_nav2/ros2_ws/install/kobuki_description/share/kobuki_description/package.dsv
[1.260s] -- Symlinking: /home/turtlebot5/tb2_ros2_nav2/ros2_ws/install/kobuki_description/share/ament_index/resource_index/packages/kobuki_description
[1.273s] -- Symlinking: /home/turtlebot5/tb2_ros2_nav2/ros2_ws/install/kobuki_description/share/kobuki_description/cmake/kobuki_descriptionConfig.cmake
[1.284s] -- Symlinking: /home/turtlebot5/tb2_ros2_nav2/ros2_ws/install/kobuki_description/share/kobuki_description/cmake/kobuki_descriptionConfig-version.cmake
[1.296s] -- Symlinking: /home/turtlebot5/tb2_ros2_nav2/ros2_ws/install/kobuki_description/share/kobuki_description/package.xml
[1.316s] Invoked command in '/home/turtlebot5/tb2_ros2_nav2/ros2_ws/build/kobuki_description' returned '0': CMAKE_PREFIX_PATH=/opt/ros/galactic /usr/bin/cmake --install /home/turtlebot5/tb2_ros2_nav2/ros2_ws/build/kobuki_description
