-- Found ament_cmake_ros: 0.9.2 (/opt/ros/galactic/share/ament_cmake_ros/cmake)
-- Using PYTHON_EXECUTABLE: /usr/bin/python3
-- Override CMake install command with custom implementation using symlinks instead of copying resources
-- Found ecl_build: 1.0.2 (/opt/ros/galactic/share/ecl_build/cmake)
-- Found geometry_msgs: 2.2.4 (/opt/ros/galactic/share/geometry_msgs/cmake)
-- Using all available rosidl_typesupport_c: rosidl_typesupport_fastrtps_c;rosidl_typesupport_introspection_c
-- Found rosidl_adapter: 2.2.2 (/opt/ros/galactic/share/rosidl_adapter/cmake)
-- Using all available rosidl_typesupport_cpp: rosidl_typesupport_fastrtps_cpp;rosidl_typesupport_introspection_cpp
-- Found kobuki_ros_interfaces: 1.0.0 (/home/igor/tb2_ros2_nav2/ros2_ws/install/kobuki_ros_interfaces/share/kobuki_ros_interfaces/cmake)
-- Found rclcpp: 9.2.1 (/opt/ros/galactic/share/rclcpp/cmake)
-- Found rmw_implementation_cmake: 3.3.1 (/opt/ros/galactic/share/rmw_implementation_cmake/cmake)
-- Found rmw_cyclonedds_cpp: 0.22.5 (/opt/ros/galactic/share/rmw_cyclonedds_cpp/cmake)
-- Using RMW implementation 'rmw_cyclonedds_cpp' as default
-- Found rclcpp_components: 9.2.1 (/opt/ros/galactic/share/rclcpp_components/cmake)
-- Configuring done
-- Generating done
-- Build files have been written to: /home/igor/tb2_ros2_nav2/ros2_ws/build/kobuki_keyop
[100%] Built target kobuki_keyop
[100%] Built target kobuki_keyop_node
-- Install configuration: ""
-- Execute custom install script
-- Up-to-date symlink: /home/igor/tb2_ros2_nav2/ros2_ws/install/kobuki_keyop/lib/kobuki_keyop/kobuki_keyop_node
-- Up-to-date symlink: /home/igor/tb2_ros2_nav2/ros2_ws/install/kobuki_keyop/lib/libkobuki_keyop.so
-- Up-to-date symlink: /home/igor/tb2_ros2_nav2/ros2_ws/install/kobuki_keyop/include/kobuki_keyop/keyop.hpp
-- Up-to-date symlink: /home/igor/tb2_ros2_nav2/ros2_ws/install/kobuki_keyop/share/kobuki_keyop/config/keyop_params.yaml
-- Up-to-date symlink: /home/igor/tb2_ros2_nav2/ros2_ws/install/kobuki_keyop/share/ament_index/resource_index/package_run_dependencies/kobuki_keyop
-- Up-to-date symlink: /home/igor/tb2_ros2_nav2/ros2_ws/install/kobuki_keyop/share/ament_index/resource_index/parent_prefix_path/kobuki_keyop
-- Up-to-date symlink: /home/igor/tb2_ros2_nav2/ros2_ws/install/kobuki_keyop/share/kobuki_keyop/environment/ament_prefix_path.sh
-- Up-to-date symlink: /home/igor/tb2_ros2_nav2/ros2_ws/install/kobuki_keyop/share/kobuki_keyop/environment/ament_prefix_path.dsv
-- Up-to-date symlink: /home/igor/tb2_ros2_nav2/ros2_ws/install/kobuki_keyop/share/kobuki_keyop/environment/path.sh
-- Up-to-date symlink: /home/igor/tb2_ros2_nav2/ros2_ws/install/kobuki_keyop/share/kobuki_keyop/environment/path.dsv
-- Up-to-date symlink: /home/igor/tb2_ros2_nav2/ros2_ws/install/kobuki_keyop/share/kobuki_keyop/local_setup.bash
-- Up-to-date symlink: /home/igor/tb2_ros2_nav2/ros2_ws/install/kobuki_keyop/share/kobuki_keyop/local_setup.sh
-- Up-to-date symlink: /home/igor/tb2_ros2_nav2/ros2_ws/install/kobuki_keyop/share/kobuki_keyop/local_setup.zsh
-- Up-to-date symlink: /home/igor/tb2_ros2_nav2/ros2_ws/install/kobuki_keyop/share/kobuki_keyop/local_setup.dsv
-- Symlinking: /home/igor/tb2_ros2_nav2/ros2_ws/install/kobuki_keyop/share/kobuki_keyop/package.dsv
-- Up-to-date symlink: /home/igor/tb2_ros2_nav2/ros2_ws/install/kobuki_keyop/share/ament_index/resource_index/packages/kobuki_keyop
-- Up-to-date symlink: /home/igor/tb2_ros2_nav2/ros2_ws/install/kobuki_keyop/share/ament_index/resource_index/rclcpp_components/kobuki_keyop
-- Up-to-date symlink: /home/igor/tb2_ros2_nav2/ros2_ws/install/kobuki_keyop/share/kobuki_keyop/cmake/kobuki_keyopConfig.cmake
-- Up-to-date symlink: /home/igor/tb2_ros2_nav2/ros2_ws/install/kobuki_keyop/share/kobuki_keyop/cmake/kobuki_keyopConfig-version.cmake
-- Up-to-date symlink: /home/igor/tb2_ros2_nav2/ros2_ws/install/kobuki_keyop/share/kobuki_keyop/package.xml
