[0.032s] Invoking command in '/home/turtlebot5/tb2_ros2_nav2/ros2_ws/build/kobuki_keyop': AMENT_PREFIX_PATH=/home/turtlebot5/tb2_ros2_nav2/ros2_ws/install/velocity_smoother:/home/turtlebot5/tb2_ros2_nav2/ros2_ws/install/kobuki_ros_interfaces:/home/turtlebot5/tb2_ros2_nav2/ros2_ws/install/cmd_vel_mux:${AMENT_PREFIX_PATH} CMAKE_PREFIX_PATH=/home/turtlebot5/tb2_ros2_nav2/ros2_ws/install/velocity_smoother:/home/turtlebot5/tb2_ros2_nav2/ros2_ws/install/kobuki_ros_interfaces:/home/turtlebot5/tb2_ros2_nav2/ros2_ws/install/cmd_vel_mux:/opt/ros/galactic LD_LIBRARY_PATH=/home/turtlebot5/tb2_ros2_nav2/ros2_ws/install/velocity_smoother/lib:/home/turtlebot5/tb2_ros2_nav2/ros2_ws/install/kobuki_ros_interfaces/lib:/home/turtlebot5/tb2_ros2_nav2/ros2_ws/install/cmd_vel_mux/lib:${LD_LIBRARY_PATH} PYTHONPATH=/home/turtlebot5/tb2_ros2_nav2/ros2_ws/install/kobuki_ros_interfaces/lib/python3.8/site-packages:${PYTHONPATH} /usr/bin/cmake /home/turtlebot5/tb2_ros2_nav2/ros2_ws/src/kobuki_ros/kobuki_keyop -DAMENT_CMAKE_SYMLINK_INSTALL=1 -DCMAKE_INSTALL_PREFIX=/home/turtlebot5/tb2_ros2_nav2/ros2_ws/install/kobuki_keyop
[0.116s] -- The C compiler identification is GNU 9.4.0
[0.185s] -- The CXX compiler identification is GNU 9.4.0
[0.191s] -- Check for working C compiler: /usr/bin/cc
[0.292s] -- Check for working C compiler: /usr/bin/cc -- works
[0.292s] -- Detecting C compiler ABI info
[0.380s] -- Detecting C compiler ABI info - done
[0.398s] -- Detecting C compile features
[0.398s] -- Detecting C compile features - done
[0.403s] -- Check for working CXX compiler: /usr/bin/c++
[0.511s] -- Check for working CXX compiler: /usr/bin/c++ -- works
[0.512s] -- Detecting CXX compiler ABI info
[0.622s] -- Detecting CXX compiler ABI info - done
[0.643s] -- Detecting CXX compile features
[0.644s] -- Detecting CXX compile features - done
[0.647s] -- Found ament_cmake_ros: 0.9.2 (/opt/ros/galactic/share/ament_cmake_ros/cmake)
[0.691s] -- Found PythonInterp: /usr/bin/python3 (found suitable version "3.8.10", minimum required is "3") 
[0.691s] -- Using PYTHON_EXECUTABLE: /usr/bin/python3
[0.767s] -- Override CMake install command with custom implementation using symlinks instead of copying resources
[0.808s] -- Found ecl_build: 1.0.2 (/opt/ros/galactic/share/ecl_build/cmake)
[0.819s] -- Found geometry_msgs: 2.2.4 (/opt/ros/galactic/share/geometry_msgs/cmake)
[0.867s] -- Using all available rosidl_typesupport_c: rosidl_typesupport_fastrtps_c;rosidl_typesupport_introspection_c
[0.878s] -- Found rosidl_adapter: 2.2.2 (/opt/ros/galactic/share/rosidl_adapter/cmake)
[0.992s] -- Found OpenSSL: /usr/lib/x86_64-linux-gnu/libcrypto.so (found version "1.1.1f")  
[1.035s] -- Found FastRTPS: /opt/ros/galactic/include  
[1.155s] -- Using all available rosidl_typesupport_cpp: rosidl_typesupport_fastrtps_cpp;rosidl_typesupport_introspection_cpp
[1.305s] -- Found kobuki_ros_interfaces: 1.0.0 (/home/turtlebot5/tb2_ros2_nav2/ros2_ws/install/kobuki_ros_interfaces/share/kobuki_ros_interfaces/cmake)
[1.582s] -- Found rclcpp: 9.2.1 (/opt/ros/galactic/share/rclcpp/cmake)
[1.671s] -- Found rmw_implementation_cmake: 3.3.1 (/opt/ros/galactic/share/rmw_implementation_cmake/cmake)
[1.677s] -- Found rmw_cyclonedds_cpp: 0.22.5 (/opt/ros/galactic/share/rmw_cyclonedds_cpp/cmake)
[1.713s] -- Using RMW implementation 'rmw_cyclonedds_cpp' as default
[1.715s] -- Looking for pthread.h
[1.810s] -- Looking for pthread.h - found
[1.810s] -- Performing Test CMAKE_HAVE_LIBC_PTHREAD
[1.908s] -- Performing Test CMAKE_HAVE_LIBC_PTHREAD - Failed
[1.909s] -- Looking for pthread_create in pthreads
[1.984s] -- Looking for pthread_create in pthreads - not found
[1.984s] -- Looking for pthread_create in pthread
[2.074s] -- Looking for pthread_create in pthread - found
[2.076s] -- Found Threads: TRUE  
[2.323s] -- Found rclcpp_components: 9.2.1 (/opt/ros/galactic/share/rclcpp_components/cmake)
[2.515s] -- Configuring done
[2.537s] -- Generating done
[2.539s] -- Build files have been written to: /home/turtlebot5/tb2_ros2_nav2/ros2_ws/build/kobuki_keyop
[2.555s] Invoked command in '/home/turtlebot5/tb2_ros2_nav2/ros2_ws/build/kobuki_keyop' returned '0': AMENT_PREFIX_PATH=/home/turtlebot5/tb2_ros2_nav2/ros2_ws/install/velocity_smoother:/home/turtlebot5/tb2_ros2_nav2/ros2_ws/install/kobuki_ros_interfaces:/home/turtlebot5/tb2_ros2_nav2/ros2_ws/install/cmd_vel_mux:${AMENT_PREFIX_PATH} CMAKE_PREFIX_PATH=/home/turtlebot5/tb2_ros2_nav2/ros2_ws/install/velocity_smoother:/home/turtlebot5/tb2_ros2_nav2/ros2_ws/install/kobuki_ros_interfaces:/home/turtlebot5/tb2_ros2_nav2/ros2_ws/install/cmd_vel_mux:/opt/ros/galactic LD_LIBRARY_PATH=/home/turtlebot5/tb2_ros2_nav2/ros2_ws/install/velocity_smoother/lib:/home/turtlebot5/tb2_ros2_nav2/ros2_ws/install/kobuki_ros_interfaces/lib:/home/turtlebot5/tb2_ros2_nav2/ros2_ws/install/cmd_vel_mux/lib:${LD_LIBRARY_PATH} PYTHONPATH=/home/turtlebot5/tb2_ros2_nav2/ros2_ws/install/kobuki_ros_interfaces/lib/python3.8/site-packages:${PYTHONPATH} /usr/bin/cmake /home/turtlebot5/tb2_ros2_nav2/ros2_ws/src/kobuki_ros/kobuki_keyop -DAMENT_CMAKE_SYMLINK_INSTALL=1 -DCMAKE_INSTALL_PREFIX=/home/turtlebot5/tb2_ros2_nav2/ros2_ws/install/kobuki_keyop
[2.556s] Invoking command in '/home/turtlebot5/tb2_ros2_nav2/ros2_ws/build/kobuki_keyop': AMENT_PREFIX_PATH=/home/turtlebot5/tb2_ros2_nav2/ros2_ws/install/velocity_smoother:/home/turtlebot5/tb2_ros2_nav2/ros2_ws/install/kobuki_ros_interfaces:/home/turtlebot5/tb2_ros2_nav2/ros2_ws/install/cmd_vel_mux:${AMENT_PREFIX_PATH} CMAKE_PREFIX_PATH=/home/turtlebot5/tb2_ros2_nav2/ros2_ws/install/velocity_smoother:/home/turtlebot5/tb2_ros2_nav2/ros2_ws/install/kobuki_ros_interfaces:/home/turtlebot5/tb2_ros2_nav2/ros2_ws/install/cmd_vel_mux:/opt/ros/galactic LD_LIBRARY_PATH=/home/turtlebot5/tb2_ros2_nav2/ros2_ws/install/velocity_smoother/lib:/home/turtlebot5/tb2_ros2_nav2/ros2_ws/install/kobuki_ros_interfaces/lib:/home/turtlebot5/tb2_ros2_nav2/ros2_ws/install/cmd_vel_mux/lib:${LD_LIBRARY_PATH} PYTHONPATH=/home/turtlebot5/tb2_ros2_nav2/ros2_ws/install/kobuki_ros_interfaces/lib/python3.8/site-packages:${PYTHONPATH} /usr/bin/cmake --build /home/turtlebot5/tb2_ros2_nav2/ros2_ws/build/kobuki_keyop -- -j4 -l4
[2.616s] [35m[1mScanning dependencies of target kobuki_keyop[0m
[2.638s] [35m[1mScanning dependencies of target kobuki_keyop_node[0m
[2.674s] [ 25%] [32mBuilding CXX object CMakeFiles/kobuki_keyop.dir/src/keyop.cpp.o[0m
[2.735s] [ 50%] [32mBuilding CXX object CMakeFiles/kobuki_keyop_node.dir/rclcpp_components/node_main_kobuki_keyop_node.cpp.o[0m
[11.598s] [ 75%] [32m[1mLinking CXX executable kobuki_keyop_node[0m
[12.056s] [ 75%] Built target kobuki_keyop_node
[18.439s] [100%] [32m[1mLinking CXX shared library libkobuki_keyop.so[0m
[19.015s] [100%] Built target kobuki_keyop
[19.032s] Invoked command in '/home/turtlebot5/tb2_ros2_nav2/ros2_ws/build/kobuki_keyop' returned '0': AMENT_PREFIX_PATH=/home/turtlebot5/tb2_ros2_nav2/ros2_ws/install/velocity_smoother:/home/turtlebot5/tb2_ros2_nav2/ros2_ws/install/kobuki_ros_interfaces:/home/turtlebot5/tb2_ros2_nav2/ros2_ws/install/cmd_vel_mux:${AMENT_PREFIX_PATH} CMAKE_PREFIX_PATH=/home/turtlebot5/tb2_ros2_nav2/ros2_ws/install/velocity_smoother:/home/turtlebot5/tb2_ros2_nav2/ros2_ws/install/kobuki_ros_interfaces:/home/turtlebot5/tb2_ros2_nav2/ros2_ws/install/cmd_vel_mux:/opt/ros/galactic LD_LIBRARY_PATH=/home/turtlebot5/tb2_ros2_nav2/ros2_ws/install/velocity_smoother/lib:/home/turtlebot5/tb2_ros2_nav2/ros2_ws/install/kobuki_ros_interfaces/lib:/home/turtlebot5/tb2_ros2_nav2/ros2_ws/install/cmd_vel_mux/lib:${LD_LIBRARY_PATH} PYTHONPATH=/home/turtlebot5/tb2_ros2_nav2/ros2_ws/install/kobuki_ros_interfaces/lib/python3.8/site-packages:${PYTHONPATH} /usr/bin/cmake --build /home/turtlebot5/tb2_ros2_nav2/ros2_ws/build/kobuki_keyop -- -j4 -l4
[19.069s] Invoking command in '/home/turtlebot5/tb2_ros2_nav2/ros2_ws/build/kobuki_keyop': AMENT_PREFIX_PATH=/home/turtlebot5/tb2_ros2_nav2/ros2_ws/install/velocity_smoother:/home/turtlebot5/tb2_ros2_nav2/ros2_ws/install/kobuki_ros_interfaces:/home/turtlebot5/tb2_ros2_nav2/ros2_ws/install/cmd_vel_mux:${AMENT_PREFIX_PATH} CMAKE_PREFIX_PATH=/home/turtlebot5/tb2_ros2_nav2/ros2_ws/install/velocity_smoother:/home/turtlebot5/tb2_ros2_nav2/ros2_ws/install/kobuki_ros_interfaces:/home/turtlebot5/tb2_ros2_nav2/ros2_ws/install/cmd_vel_mux:/opt/ros/galactic LD_LIBRARY_PATH=/home/turtlebot5/tb2_ros2_nav2/ros2_ws/install/velocity_smoother/lib:/home/turtlebot5/tb2_ros2_nav2/ros2_ws/install/kobuki_ros_interfaces/lib:/home/turtlebot5/tb2_ros2_nav2/ros2_ws/install/cmd_vel_mux/lib:${LD_LIBRARY_PATH} PYTHONPATH=/home/turtlebot5/tb2_ros2_nav2/ros2_ws/install/kobuki_ros_interfaces/lib/python3.8/site-packages:${PYTHONPATH} /usr/bin/cmake --install /home/turtlebot5/tb2_ros2_nav2/ros2_ws/build/kobuki_keyop
[19.084s] -- Install configuration: ""
[19.084s] -- Execute custom install script
[19.085s] -- Symlinking: /home/turtlebot5/tb2_ros2_nav2/ros2_ws/install/kobuki_keyop/lib/kobuki_keyop/kobuki_keyop_node
[19.098s] -- Symlinking: /home/turtlebot5/tb2_ros2_nav2/ros2_ws/install/kobuki_keyop/lib/libkobuki_keyop.so
[19.111s] -- Symlinking: /home/turtlebot5/tb2_ros2_nav2/ros2_ws/install/kobuki_keyop/include/kobuki_keyop/keyop.hpp
[19.123s] -- Symlinking: /home/turtlebot5/tb2_ros2_nav2/ros2_ws/install/kobuki_keyop/share/kobuki_keyop/config/keyop_params.yaml
[19.136s] -- Symlinking: /home/turtlebot5/tb2_ros2_nav2/ros2_ws/install/kobuki_keyop/share/ament_index/resource_index/package_run_dependencies/kobuki_keyop
[19.149s] -- Symlinking: /home/turtlebot5/tb2_ros2_nav2/ros2_ws/install/kobuki_keyop/share/ament_index/resource_index/parent_prefix_path/kobuki_keyop
[19.162s] -- Symlinking: /home/turtlebot5/tb2_ros2_nav2/ros2_ws/install/kobuki_keyop/share/kobuki_keyop/environment/ament_prefix_path.sh
[19.174s] -- Symlinking: /home/turtlebot5/tb2_ros2_nav2/ros2_ws/install/kobuki_keyop/share/kobuki_keyop/environment/ament_prefix_path.dsv
[19.187s] -- Symlinking: /home/turtlebot5/tb2_ros2_nav2/ros2_ws/install/kobuki_keyop/share/kobuki_keyop/environment/path.sh
[19.200s] -- Symlinking: /home/turtlebot5/tb2_ros2_nav2/ros2_ws/install/kobuki_keyop/share/kobuki_keyop/environment/path.dsv
[19.212s] -- Symlinking: /home/turtlebot5/tb2_ros2_nav2/ros2_ws/install/kobuki_keyop/share/kobuki_keyop/local_setup.bash
[19.224s] -- Symlinking: /home/turtlebot5/tb2_ros2_nav2/ros2_ws/install/kobuki_keyop/share/kobuki_keyop/local_setup.sh
[19.237s] -- Symlinking: /home/turtlebot5/tb2_ros2_nav2/ros2_ws/install/kobuki_keyop/share/kobuki_keyop/local_setup.zsh
[19.250s] -- Symlinking: /home/turtlebot5/tb2_ros2_nav2/ros2_ws/install/kobuki_keyop/share/kobuki_keyop/local_setup.dsv
[19.262s] -- Symlinking: /home/turtlebot5/tb2_ros2_nav2/ros2_ws/install/kobuki_keyop/share/kobuki_keyop/package.dsv
[19.275s] -- Symlinking: /home/turtlebot5/tb2_ros2_nav2/ros2_ws/install/kobuki_keyop/share/ament_index/resource_index/packages/kobuki_keyop
[19.288s] -- Symlinking: /home/turtlebot5/tb2_ros2_nav2/ros2_ws/install/kobuki_keyop/share/ament_index/resource_index/rclcpp_components/kobuki_keyop
[19.301s] -- Symlinking: /home/turtlebot5/tb2_ros2_nav2/ros2_ws/install/kobuki_keyop/share/kobuki_keyop/cmake/kobuki_keyopConfig.cmake
[19.313s] -- Symlinking: /home/turtlebot5/tb2_ros2_nav2/ros2_ws/install/kobuki_keyop/share/kobuki_keyop/cmake/kobuki_keyopConfig-version.cmake
[19.326s] -- Symlinking: /home/turtlebot5/tb2_ros2_nav2/ros2_ws/install/kobuki_keyop/share/kobuki_keyop/package.xml
[19.344s] Invoked command in '/home/turtlebot5/tb2_ros2_nav2/ros2_ws/build/kobuki_keyop' returned '0': AMENT_PREFIX_PATH=/home/turtlebot5/tb2_ros2_nav2/ros2_ws/install/velocity_smoother:/home/turtlebot5/tb2_ros2_nav2/ros2_ws/install/kobuki_ros_interfaces:/home/turtlebot5/tb2_ros2_nav2/ros2_ws/install/cmd_vel_mux:${AMENT_PREFIX_PATH} CMAKE_PREFIX_PATH=/home/turtlebot5/tb2_ros2_nav2/ros2_ws/install/velocity_smoother:/home/turtlebot5/tb2_ros2_nav2/ros2_ws/install/kobuki_ros_interfaces:/home/turtlebot5/tb2_ros2_nav2/ros2_ws/install/cmd_vel_mux:/opt/ros/galactic LD_LIBRARY_PATH=/home/turtlebot5/tb2_ros2_nav2/ros2_ws/install/velocity_smoother/lib:/home/turtlebot5/tb2_ros2_nav2/ros2_ws/install/kobuki_ros_interfaces/lib:/home/turtlebot5/tb2_ros2_nav2/ros2_ws/install/cmd_vel_mux/lib:${LD_LIBRARY_PATH} PYTHONPATH=/home/turtlebot5/tb2_ros2_nav2/ros2_ws/install/kobuki_ros_interfaces/lib/python3.8/site-packages:${PYTHONPATH} /usr/bin/cmake --install /home/turtlebot5/tb2_ros2_nav2/ros2_ws/build/kobuki_keyop
