[0.117s] Invoking command in '/home/igor/tb2_ros2_nav2/ros2_ws/build/kobuki_random_walker': AMENT_PREFIX_PATH=/home/igor/tb2_ros2_nav2/ros2_ws/install/kobuki_ros_interfaces:${AMENT_PREFIX_PATH} CMAKE_PREFIX_PATH=/home/igor/tb2_ros2_nav2/ros2_ws/install/kobuki_ros_interfaces:/home/igor/tb2_ros2_nav2/ros2_ws/install/kobuki_ros:/home/igor/tb2_ros2_nav2/ros2_ws/install/kobuki_keyop:/home/igor/tb2_ros2_nav2/ros2_ws/install/velocity_smoother:/home/igor/tb2_ros2_nav2/ros2_ws/install/kobuki_safety_controller:/home/igor/tb2_ros2_nav2/ros2_ws/install/kobuki_random_walker:/home/igor/tb2_ros2_nav2/ros2_ws/install/kobuki_node:/home/igor/tb2_ros2_nav2/ros2_ws/install/kobuki_bumper2pc:/home/igor/tb2_ros2_nav2/ros2_ws/install/kobuki_auto_docking:/home/igor/tb2_ros2_nav2/ros2_ws/install/kobuki_description:/home/igor/tb2_ros2_nav2/ros2_ws/install/kobuki_core:/home/igor/tb2_ros2_nav2/ros2_ws/install/cmd_vel_mux:/opt/ros/galactic LD_LIBRARY_PATH=/home/igor/tb2_ros2_nav2/ros2_ws/install/kobuki_ros_interfaces/lib:/home/igor/tb2_ros2_nav2/ros2_ws/install/kobuki_keyop/lib:/home/igor/tb2_ros2_nav2/ros2_ws/install/velocity_smoother/lib:/home/igor/tb2_ros2_nav2/ros2_ws/install/kobuki_safety_controller/lib:/home/igor/tb2_ros2_nav2/ros2_ws/install/kobuki_random_walker/lib:/home/igor/tb2_ros2_nav2/ros2_ws/install/kobuki_node/lib:/home/igor/tb2_ros2_nav2/ros2_ws/install/kobuki_bumper2pc/lib:/home/igor/tb2_ros2_nav2/ros2_ws/install/kobuki_auto_docking/lib:/home/igor/tb2_ros2_nav2/ros2_ws/install/kobuki_core/lib:/home/igor/tb2_ros2_nav2/ros2_ws/install/cmd_vel_mux/lib:/usr/lib/x86_64-linux-gnu/gazebo-11/plugins:/opt/ros/galactic/opt/yaml_cpp_vendor/lib:/opt/ros/galactic/opt/rviz_ogre_vendor/lib:/opt/ros/galactic/lib/x86_64-linux-gnu:/opt/ros/galactic/lib /usr/bin/cmake /home/igor/tb2_ros2_nav2/ros2_ws/src/kobuki_ros/kobuki_random_walker -DAMENT_CMAKE_SYMLINK_INSTALL=1 -DCMAKE_INSTALL_PREFIX=/home/igor/tb2_ros2_nav2/ros2_ws/install/kobuki_random_walker
[0.264s] -- The C compiler identification is GNU 9.4.0
[0.523s] -- The CXX compiler identification is GNU 9.4.0
[0.654s] -- Check for working C compiler: /usr/bin/cc
[0.831s] -- Check for working C compiler: /usr/bin/cc -- works
[0.832s] -- Detecting C compiler ABI info
[1.073s] -- Detecting C compiler ABI info - done
[1.085s] -- Detecting C compile features
[1.085s] -- Detecting C compile features - done
[1.087s] -- Check for working CXX compiler: /usr/bin/c++
[1.236s] -- Check for working CXX compiler: /usr/bin/c++ -- works
[1.237s] -- Detecting CXX compiler ABI info
[1.419s] -- Detecting CXX compiler ABI info - done
[1.435s] -- Detecting CXX compile features
[1.436s] -- Detecting CXX compile features - done
[1.439s] -- Found ament_cmake_ros: 0.9.2 (/opt/ros/galactic/share/ament_cmake_ros/cmake)
[1.475s] -- Found PythonInterp: /usr/bin/python3 (found suitable version "3.8.10", minimum required is "3") 
[1.475s] -- Using PYTHON_EXECUTABLE: /usr/bin/python3
[1.562s] -- Override CMake install command with custom implementation using symlinks instead of copying resources
[1.590s] -- Found geometry_msgs: 2.2.4 (/opt/ros/galactic/share/geometry_msgs/cmake)
[1.827s] -- Using all available rosidl_typesupport_c: rosidl_typesupport_fastrtps_c;rosidl_typesupport_introspection_c
[1.857s] -- Found rosidl_adapter: 2.2.2 (/opt/ros/galactic/share/rosidl_adapter/cmake)
[3.453s] -- Found OpenSSL: /usr/lib/x86_64-linux-gnu/libcrypto.so (found version "1.1.1f")  
[4.268s] -- Found FastRTPS: /opt/ros/galactic/include  
[5.682s] -- Using all available rosidl_typesupport_cpp: rosidl_typesupport_fastrtps_cpp;rosidl_typesupport_introspection_cpp
[5.790s] -- Found kobuki_ros_interfaces: 1.0.0 (/home/igor/tb2_ros2_nav2/ros2_ws/install/kobuki_ros_interfaces/share/kobuki_ros_interfaces/cmake)
[6.013s] -- Found rclcpp: 9.2.1 (/opt/ros/galactic/share/rclcpp/cmake)
[6.078s] -- Found rmw_implementation_cmake: 3.3.1 (/opt/ros/galactic/share/rmw_implementation_cmake/cmake)
[6.083s] -- Found rmw_cyclonedds_cpp: 0.22.5 (/opt/ros/galactic/share/rmw_cyclonedds_cpp/cmake)
[6.117s] -- Using RMW implementation 'rmw_cyclonedds_cpp' as default
[6.118s] -- Looking for pthread.h
[6.241s] -- Looking for pthread.h - found
[6.241s] -- Performing Test CMAKE_HAVE_LIBC_PTHREAD
[6.380s] -- Performing Test CMAKE_HAVE_LIBC_PTHREAD - Failed
[6.381s] -- Looking for pthread_create in pthreads
[6.550s] -- Looking for pthread_create in pthreads - not found
[6.551s] -- Looking for pthread_create in pthread
[6.743s] -- Looking for pthread_create in pthread - found
[6.745s] -- Found Threads: TRUE  
[6.916s] -- Found rclcpp_components: 9.2.1 (/opt/ros/galactic/share/rclcpp_components/cmake)
[7.147s] -- Configuring done
[7.173s] -- Generating done
[7.177s] -- Build files have been written to: /home/igor/tb2_ros2_nav2/ros2_ws/build/kobuki_random_walker
[7.206s] Invoked command in '/home/igor/tb2_ros2_nav2/ros2_ws/build/kobuki_random_walker' returned '0': AMENT_PREFIX_PATH=/home/igor/tb2_ros2_nav2/ros2_ws/install/kobuki_ros_interfaces:${AMENT_PREFIX_PATH} CMAKE_PREFIX_PATH=/home/igor/tb2_ros2_nav2/ros2_ws/install/kobuki_ros_interfaces:/home/igor/tb2_ros2_nav2/ros2_ws/install/kobuki_ros:/home/igor/tb2_ros2_nav2/ros2_ws/install/kobuki_keyop:/home/igor/tb2_ros2_nav2/ros2_ws/install/velocity_smoother:/home/igor/tb2_ros2_nav2/ros2_ws/install/kobuki_safety_controller:/home/igor/tb2_ros2_nav2/ros2_ws/install/kobuki_random_walker:/home/igor/tb2_ros2_nav2/ros2_ws/install/kobuki_node:/home/igor/tb2_ros2_nav2/ros2_ws/install/kobuki_bumper2pc:/home/igor/tb2_ros2_nav2/ros2_ws/install/kobuki_auto_docking:/home/igor/tb2_ros2_nav2/ros2_ws/install/kobuki_description:/home/igor/tb2_ros2_nav2/ros2_ws/install/kobuki_core:/home/igor/tb2_ros2_nav2/ros2_ws/install/cmd_vel_mux:/opt/ros/galactic LD_LIBRARY_PATH=/home/igor/tb2_ros2_nav2/ros2_ws/install/kobuki_ros_interfaces/lib:/home/igor/tb2_ros2_nav2/ros2_ws/install/kobuki_keyop/lib:/home/igor/tb2_ros2_nav2/ros2_ws/install/velocity_smoother/lib:/home/igor/tb2_ros2_nav2/ros2_ws/install/kobuki_safety_controller/lib:/home/igor/tb2_ros2_nav2/ros2_ws/install/kobuki_random_walker/lib:/home/igor/tb2_ros2_nav2/ros2_ws/install/kobuki_node/lib:/home/igor/tb2_ros2_nav2/ros2_ws/install/kobuki_bumper2pc/lib:/home/igor/tb2_ros2_nav2/ros2_ws/install/kobuki_auto_docking/lib:/home/igor/tb2_ros2_nav2/ros2_ws/install/kobuki_core/lib:/home/igor/tb2_ros2_nav2/ros2_ws/install/cmd_vel_mux/lib:/usr/lib/x86_64-linux-gnu/gazebo-11/plugins:/opt/ros/galactic/opt/yaml_cpp_vendor/lib:/opt/ros/galactic/opt/rviz_ogre_vendor/lib:/opt/ros/galactic/lib/x86_64-linux-gnu:/opt/ros/galactic/lib /usr/bin/cmake /home/igor/tb2_ros2_nav2/ros2_ws/src/kobuki_ros/kobuki_random_walker -DAMENT_CMAKE_SYMLINK_INSTALL=1 -DCMAKE_INSTALL_PREFIX=/home/igor/tb2_ros2_nav2/ros2_ws/install/kobuki_random_walker
[7.212s] Invoking command in '/home/igor/tb2_ros2_nav2/ros2_ws/build/kobuki_random_walker': AMENT_PREFIX_PATH=/home/igor/tb2_ros2_nav2/ros2_ws/install/kobuki_ros_interfaces:${AMENT_PREFIX_PATH} CMAKE_PREFIX_PATH=/home/igor/tb2_ros2_nav2/ros2_ws/install/kobuki_ros_interfaces:/home/igor/tb2_ros2_nav2/ros2_ws/install/kobuki_ros:/home/igor/tb2_ros2_nav2/ros2_ws/install/kobuki_keyop:/home/igor/tb2_ros2_nav2/ros2_ws/install/velocity_smoother:/home/igor/tb2_ros2_nav2/ros2_ws/install/kobuki_safety_controller:/home/igor/tb2_ros2_nav2/ros2_ws/install/kobuki_random_walker:/home/igor/tb2_ros2_nav2/ros2_ws/install/kobuki_node:/home/igor/tb2_ros2_nav2/ros2_ws/install/kobuki_bumper2pc:/home/igor/tb2_ros2_nav2/ros2_ws/install/kobuki_auto_docking:/home/igor/tb2_ros2_nav2/ros2_ws/install/kobuki_description:/home/igor/tb2_ros2_nav2/ros2_ws/install/kobuki_core:/home/igor/tb2_ros2_nav2/ros2_ws/install/cmd_vel_mux:/opt/ros/galactic LD_LIBRARY_PATH=/home/igor/tb2_ros2_nav2/ros2_ws/install/kobuki_ros_interfaces/lib:/home/igor/tb2_ros2_nav2/ros2_ws/install/kobuki_keyop/lib:/home/igor/tb2_ros2_nav2/ros2_ws/install/velocity_smoother/lib:/home/igor/tb2_ros2_nav2/ros2_ws/install/kobuki_safety_controller/lib:/home/igor/tb2_ros2_nav2/ros2_ws/install/kobuki_random_walker/lib:/home/igor/tb2_ros2_nav2/ros2_ws/install/kobuki_node/lib:/home/igor/tb2_ros2_nav2/ros2_ws/install/kobuki_bumper2pc/lib:/home/igor/tb2_ros2_nav2/ros2_ws/install/kobuki_auto_docking/lib:/home/igor/tb2_ros2_nav2/ros2_ws/install/kobuki_core/lib:/home/igor/tb2_ros2_nav2/ros2_ws/install/cmd_vel_mux/lib:/usr/lib/x86_64-linux-gnu/gazebo-11/plugins:/opt/ros/galactic/opt/yaml_cpp_vendor/lib:/opt/ros/galactic/opt/rviz_ogre_vendor/lib:/opt/ros/galactic/lib/x86_64-linux-gnu:/opt/ros/galactic/lib /usr/bin/cmake --build /home/igor/tb2_ros2_nav2/ros2_ws/build/kobuki_random_walker -- -j16 -l16
[7.268s] [35m[1mScanning dependencies of target kobuki_random_walker_node[0m
[7.269s] [35m[1mScanning dependencies of target kobuki_random_walker[0m
[7.311s] [ 25%] [32mBuilding CXX object CMakeFiles/kobuki_random_walker_node.dir/rclcpp_components/node_main_kobuki_random_walker_node.cpp.o[0m
[7.368s] [ 50%] [32mBuilding CXX object CMakeFiles/kobuki_random_walker.dir/src/random_walker.cpp.o[0m
[13.377s] [ 75%] [32m[1mLinking CXX executable kobuki_random_walker_node[0m
[13.799s] [ 75%] Built target kobuki_random_walker_node
[29.017s] [100%] [32m[1mLinking CXX shared library libkobuki_random_walker.so[0m
[29.863s] [100%] Built target kobuki_random_walker
[29.874s] Invoked command in '/home/igor/tb2_ros2_nav2/ros2_ws/build/kobuki_random_walker' returned '0': AMENT_PREFIX_PATH=/home/igor/tb2_ros2_nav2/ros2_ws/install/kobuki_ros_interfaces:${AMENT_PREFIX_PATH} CMAKE_PREFIX_PATH=/home/igor/tb2_ros2_nav2/ros2_ws/install/kobuki_ros_interfaces:/home/igor/tb2_ros2_nav2/ros2_ws/install/kobuki_ros:/home/igor/tb2_ros2_nav2/ros2_ws/install/kobuki_keyop:/home/igor/tb2_ros2_nav2/ros2_ws/install/velocity_smoother:/home/igor/tb2_ros2_nav2/ros2_ws/install/kobuki_safety_controller:/home/igor/tb2_ros2_nav2/ros2_ws/install/kobuki_random_walker:/home/igor/tb2_ros2_nav2/ros2_ws/install/kobuki_node:/home/igor/tb2_ros2_nav2/ros2_ws/install/kobuki_bumper2pc:/home/igor/tb2_ros2_nav2/ros2_ws/install/kobuki_auto_docking:/home/igor/tb2_ros2_nav2/ros2_ws/install/kobuki_description:/home/igor/tb2_ros2_nav2/ros2_ws/install/kobuki_core:/home/igor/tb2_ros2_nav2/ros2_ws/install/cmd_vel_mux:/opt/ros/galactic LD_LIBRARY_PATH=/home/igor/tb2_ros2_nav2/ros2_ws/install/kobuki_ros_interfaces/lib:/home/igor/tb2_ros2_nav2/ros2_ws/install/kobuki_keyop/lib:/home/igor/tb2_ros2_nav2/ros2_ws/install/velocity_smoother/lib:/home/igor/tb2_ros2_nav2/ros2_ws/install/kobuki_safety_controller/lib:/home/igor/tb2_ros2_nav2/ros2_ws/install/kobuki_random_walker/lib:/home/igor/tb2_ros2_nav2/ros2_ws/install/kobuki_node/lib:/home/igor/tb2_ros2_nav2/ros2_ws/install/kobuki_bumper2pc/lib:/home/igor/tb2_ros2_nav2/ros2_ws/install/kobuki_auto_docking/lib:/home/igor/tb2_ros2_nav2/ros2_ws/install/kobuki_core/lib:/home/igor/tb2_ros2_nav2/ros2_ws/install/cmd_vel_mux/lib:/usr/lib/x86_64-linux-gnu/gazebo-11/plugins:/opt/ros/galactic/opt/yaml_cpp_vendor/lib:/opt/ros/galactic/opt/rviz_ogre_vendor/lib:/opt/ros/galactic/lib/x86_64-linux-gnu:/opt/ros/galactic/lib /usr/bin/cmake --build /home/igor/tb2_ros2_nav2/ros2_ws/build/kobuki_random_walker -- -j16 -l16
[29.893s] Invoking command in '/home/igor/tb2_ros2_nav2/ros2_ws/build/kobuki_random_walker': AMENT_PREFIX_PATH=/home/igor/tb2_ros2_nav2/ros2_ws/install/kobuki_ros_interfaces:${AMENT_PREFIX_PATH} CMAKE_PREFIX_PATH=/home/igor/tb2_ros2_nav2/ros2_ws/install/kobuki_ros_interfaces:/home/igor/tb2_ros2_nav2/ros2_ws/install/kobuki_ros:/home/igor/tb2_ros2_nav2/ros2_ws/install/kobuki_keyop:/home/igor/tb2_ros2_nav2/ros2_ws/install/velocity_smoother:/home/igor/tb2_ros2_nav2/ros2_ws/install/kobuki_safety_controller:/home/igor/tb2_ros2_nav2/ros2_ws/install/kobuki_random_walker:/home/igor/tb2_ros2_nav2/ros2_ws/install/kobuki_node:/home/igor/tb2_ros2_nav2/ros2_ws/install/kobuki_bumper2pc:/home/igor/tb2_ros2_nav2/ros2_ws/install/kobuki_auto_docking:/home/igor/tb2_ros2_nav2/ros2_ws/install/kobuki_description:/home/igor/tb2_ros2_nav2/ros2_ws/install/kobuki_core:/home/igor/tb2_ros2_nav2/ros2_ws/install/cmd_vel_mux:/opt/ros/galactic LD_LIBRARY_PATH=/home/igor/tb2_ros2_nav2/ros2_ws/install/kobuki_ros_interfaces/lib:/home/igor/tb2_ros2_nav2/ros2_ws/install/kobuki_keyop/lib:/home/igor/tb2_ros2_nav2/ros2_ws/install/velocity_smoother/lib:/home/igor/tb2_ros2_nav2/ros2_ws/install/kobuki_safety_controller/lib:/home/igor/tb2_ros2_nav2/ros2_ws/install/kobuki_random_walker/lib:/home/igor/tb2_ros2_nav2/ros2_ws/install/kobuki_node/lib:/home/igor/tb2_ros2_nav2/ros2_ws/install/kobuki_bumper2pc/lib:/home/igor/tb2_ros2_nav2/ros2_ws/install/kobuki_auto_docking/lib:/home/igor/tb2_ros2_nav2/ros2_ws/install/kobuki_core/lib:/home/igor/tb2_ros2_nav2/ros2_ws/install/cmd_vel_mux/lib:/usr/lib/x86_64-linux-gnu/gazebo-11/plugins:/opt/ros/galactic/opt/yaml_cpp_vendor/lib:/opt/ros/galactic/opt/rviz_ogre_vendor/lib:/opt/ros/galactic/lib/x86_64-linux-gnu:/opt/ros/galactic/lib /usr/bin/cmake --install /home/igor/tb2_ros2_nav2/ros2_ws/build/kobuki_random_walker
[29.899s] -- Install configuration: ""
[29.899s] -- Execute custom install script
[29.900s] -- Symlinking: /home/igor/tb2_ros2_nav2/ros2_ws/install/kobuki_random_walker/lib/kobuki_random_walker/kobuki_random_walker_node
[29.907s] -- Symlinking: /home/igor/tb2_ros2_nav2/ros2_ws/install/kobuki_random_walker/lib/libkobuki_random_walker.so
[29.914s] -- Symlinking: /home/igor/tb2_ros2_nav2/ros2_ws/install/kobuki_random_walker/include/kobuki_random_walker/random_walker.hpp
[29.921s] -- Symlinking: /home/igor/tb2_ros2_nav2/ros2_ws/install/kobuki_random_walker/share/kobuki_random_walker/launch/random_walker_app.launch
[29.928s] -- Symlinking: /home/igor/tb2_ros2_nav2/ros2_ws/install/kobuki_random_walker/share/kobuki_random_walker/launch/safe_random_walker_app.launch
[29.934s] -- Symlinking: /home/igor/tb2_ros2_nav2/ros2_ws/install/kobuki_random_walker/share/kobuki_random_walker/launch/standalone.launch
[29.941s] -- Symlinking: /home/igor/tb2_ros2_nav2/ros2_ws/install/kobuki_random_walker/share/ament_index/resource_index/package_run_dependencies/kobuki_random_walker
[29.949s] -- Symlinking: /home/igor/tb2_ros2_nav2/ros2_ws/install/kobuki_random_walker/share/ament_index/resource_index/parent_prefix_path/kobuki_random_walker
[29.956s] -- Symlinking: /home/igor/tb2_ros2_nav2/ros2_ws/install/kobuki_random_walker/share/kobuki_random_walker/environment/ament_prefix_path.sh
[29.962s] -- Symlinking: /home/igor/tb2_ros2_nav2/ros2_ws/install/kobuki_random_walker/share/kobuki_random_walker/environment/ament_prefix_path.dsv
[29.969s] -- Symlinking: /home/igor/tb2_ros2_nav2/ros2_ws/install/kobuki_random_walker/share/kobuki_random_walker/environment/path.sh
[29.976s] -- Symlinking: /home/igor/tb2_ros2_nav2/ros2_ws/install/kobuki_random_walker/share/kobuki_random_walker/environment/path.dsv
[29.983s] -- Symlinking: /home/igor/tb2_ros2_nav2/ros2_ws/install/kobuki_random_walker/share/kobuki_random_walker/local_setup.bash
[29.989s] -- Symlinking: /home/igor/tb2_ros2_nav2/ros2_ws/install/kobuki_random_walker/share/kobuki_random_walker/local_setup.sh
[29.996s] -- Symlinking: /home/igor/tb2_ros2_nav2/ros2_ws/install/kobuki_random_walker/share/kobuki_random_walker/local_setup.zsh
[30.003s] -- Symlinking: /home/igor/tb2_ros2_nav2/ros2_ws/install/kobuki_random_walker/share/kobuki_random_walker/local_setup.dsv
[30.010s] -- Symlinking: /home/igor/tb2_ros2_nav2/ros2_ws/install/kobuki_random_walker/share/kobuki_random_walker/package.dsv
[30.017s] -- Symlinking: /home/igor/tb2_ros2_nav2/ros2_ws/install/kobuki_random_walker/share/ament_index/resource_index/packages/kobuki_random_walker
[30.026s] -- Symlinking: /home/igor/tb2_ros2_nav2/ros2_ws/install/kobuki_random_walker/share/ament_index/resource_index/rclcpp_components/kobuki_random_walker
[30.033s] -- Symlinking: /home/igor/tb2_ros2_nav2/ros2_ws/install/kobuki_random_walker/share/kobuki_random_walker/cmake/kobuki_random_walkerConfig.cmake
[30.040s] -- Symlinking: /home/igor/tb2_ros2_nav2/ros2_ws/install/kobuki_random_walker/share/kobuki_random_walker/cmake/kobuki_random_walkerConfig-version.cmake
[30.047s] -- Symlinking: /home/igor/tb2_ros2_nav2/ros2_ws/install/kobuki_random_walker/share/kobuki_random_walker/package.xml
[30.059s] Invoked command in '/home/igor/tb2_ros2_nav2/ros2_ws/build/kobuki_random_walker' returned '0': AMENT_PREFIX_PATH=/home/igor/tb2_ros2_nav2/ros2_ws/install/kobuki_ros_interfaces:${AMENT_PREFIX_PATH} CMAKE_PREFIX_PATH=/home/igor/tb2_ros2_nav2/ros2_ws/install/kobuki_ros_interfaces:/home/igor/tb2_ros2_nav2/ros2_ws/install/kobuki_ros:/home/igor/tb2_ros2_nav2/ros2_ws/install/kobuki_keyop:/home/igor/tb2_ros2_nav2/ros2_ws/install/velocity_smoother:/home/igor/tb2_ros2_nav2/ros2_ws/install/kobuki_safety_controller:/home/igor/tb2_ros2_nav2/ros2_ws/install/kobuki_random_walker:/home/igor/tb2_ros2_nav2/ros2_ws/install/kobuki_node:/home/igor/tb2_ros2_nav2/ros2_ws/install/kobuki_bumper2pc:/home/igor/tb2_ros2_nav2/ros2_ws/install/kobuki_auto_docking:/home/igor/tb2_ros2_nav2/ros2_ws/install/kobuki_description:/home/igor/tb2_ros2_nav2/ros2_ws/install/kobuki_core:/home/igor/tb2_ros2_nav2/ros2_ws/install/cmd_vel_mux:/opt/ros/galactic LD_LIBRARY_PATH=/home/igor/tb2_ros2_nav2/ros2_ws/install/kobuki_ros_interfaces/lib:/home/igor/tb2_ros2_nav2/ros2_ws/install/kobuki_keyop/lib:/home/igor/tb2_ros2_nav2/ros2_ws/install/velocity_smoother/lib:/home/igor/tb2_ros2_nav2/ros2_ws/install/kobuki_safety_controller/lib:/home/igor/tb2_ros2_nav2/ros2_ws/install/kobuki_random_walker/lib:/home/igor/tb2_ros2_nav2/ros2_ws/install/kobuki_node/lib:/home/igor/tb2_ros2_nav2/ros2_ws/install/kobuki_bumper2pc/lib:/home/igor/tb2_ros2_nav2/ros2_ws/install/kobuki_auto_docking/lib:/home/igor/tb2_ros2_nav2/ros2_ws/install/kobuki_core/lib:/home/igor/tb2_ros2_nav2/ros2_ws/install/cmd_vel_mux/lib:/usr/lib/x86_64-linux-gnu/gazebo-11/plugins:/opt/ros/galactic/opt/yaml_cpp_vendor/lib:/opt/ros/galactic/opt/rviz_ogre_vendor/lib:/opt/ros/galactic/lib/x86_64-linux-gnu:/opt/ros/galactic/lib /usr/bin/cmake --install /home/igor/tb2_ros2_nav2/ros2_ws/build/kobuki_random_walker
