[0.029s] Invoking command in '/home/igor/tb2_ros2_nav2/ros2_ws/build/velocity_smoother': CMAKE_PREFIX_PATH=${CMAKE_PREFIX_PATH}:/opt/ros/galactic /usr/bin/cmake /home/igor/tb2_ros2_nav2/ros2_ws/src/velocity_smoother -DAMENT_CMAKE_SYMLINK_INSTALL=1 -DCMAKE_INSTALL_PREFIX=/home/igor/tb2_ros2_nav2/ros2_ws/install/velocity_smoother
[0.145s] -- The C compiler identification is GNU 9.4.0
[0.288s] -- The CXX compiler identification is GNU 9.4.0
[0.376s] -- Check for working C compiler: /usr/bin/cc
[0.473s] -- Check for working C compiler: /usr/bin/cc -- works
[0.473s] -- Detecting C compiler ABI info
[0.573s] -- Detecting C compiler ABI info - done
[0.584s] -- Detecting C compile features
[0.584s] -- Detecting C compile features - done
[0.586s] -- Check for working CXX compiler: /usr/bin/c++
[0.737s] -- Check for working CXX compiler: /usr/bin/c++ -- works
[0.738s] -- Detecting CXX compiler ABI info
[0.842s] -- Detecting CXX compiler ABI info - done
[0.850s] -- Detecting CXX compile features
[0.851s] -- Detecting CXX compile features - done
[0.852s] -- Found ament_cmake_ros: 0.9.2 (/opt/ros/galactic/share/ament_cmake_ros/cmake)
[0.880s] -- Found PythonInterp: /usr/bin/python3 (found suitable version "3.8.10", minimum required is "3") 
[0.881s] -- Using PYTHON_EXECUTABLE: /usr/bin/python3
[0.935s] -- Override CMake install command with custom implementation using symlinks instead of copying resources
[0.955s] -- Found ecl_build: 1.0.2 (/opt/ros/galactic/share/ecl_build/cmake)
[0.961s] -- Found geometry_msgs: 2.2.4 (/opt/ros/galactic/share/geometry_msgs/cmake)
[1.092s] -- Using all available rosidl_typesupport_c: rosidl_typesupport_fastrtps_c;rosidl_typesupport_introspection_c
[1.102s] -- Found rosidl_adapter: 2.2.2 (/opt/ros/galactic/share/rosidl_adapter/cmake)
[1.715s] -- Found OpenSSL: /usr/lib/x86_64-linux-gnu/libcrypto.so (found version "1.1.1f")  
[2.599s] -- Found FastRTPS: /opt/ros/galactic/include  
[4.040s] -- Using all available rosidl_typesupport_cpp: rosidl_typesupport_fastrtps_cpp;rosidl_typesupport_introspection_cpp
[4.172s] -- Found nav_msgs: 2.2.4 (/opt/ros/galactic/share/nav_msgs/cmake)
[4.380s] -- Found rcl_interfaces: 1.0.3 (/opt/ros/galactic/share/rcl_interfaces/cmake)
[4.413s] -- Found rclcpp: 9.2.1 (/opt/ros/galactic/share/rclcpp/cmake)
[4.514s] -- Found rmw_implementation_cmake: 3.3.1 (/opt/ros/galactic/share/rmw_implementation_cmake/cmake)
[4.519s] -- Found rmw_cyclonedds_cpp: 0.22.5 (/opt/ros/galactic/share/rmw_cyclonedds_cpp/cmake)
[4.557s] -- Using RMW implementation 'rmw_cyclonedds_cpp' as default
[4.559s] -- Looking for pthread.h
[4.821s] -- Looking for pthread.h - found
[4.822s] -- Performing Test CMAKE_HAVE_LIBC_PTHREAD
[5.012s] -- Performing Test CMAKE_HAVE_LIBC_PTHREAD - Failed
[5.012s] -- Looking for pthread_create in pthreads
[5.156s] -- Looking for pthread_create in pthreads - not found
[5.156s] -- Looking for pthread_create in pthread
[5.284s] -- Looking for pthread_create in pthread - found
[5.285s] -- Found Threads: TRUE  
[5.422s] -- Found rclcpp_components: 9.2.1 (/opt/ros/galactic/share/rclcpp_components/cmake)
[5.496s] -- Found launch_testing_ament_cmake: 0.17.1 (/opt/ros/galactic/share/launch_testing_ament_cmake/cmake)
[5.498s] -- Found python_cmake_module: 0.8.1 (/opt/ros/galactic/share/python_cmake_module/cmake)
[5.519s] -- Found PythonInterp: /usr/bin/python3 (found suitable version "3.8.10", minimum required is "3.5") 
[5.802s] -- Found PythonLibs: /usr/lib/x86_64-linux-gnu/libpython3.8.so (found suitable version "3.8.10", minimum required is "3.5") 
[5.803s] -- Using PYTHON_EXECUTABLE: /usr/bin/python3
[5.803s] -- Using PYTHON_INCLUDE_DIRS: /usr/include/python3.8
[5.803s] -- Using PYTHON_LIBRARIES: /usr/lib/x86_64-linux-gnu/libpython3.8.so
[5.830s] -- Found PythonExtra: .so  
[5.999s] -- Configuring done
[6.017s] -- Generating done
[6.019s] -- Build files have been written to: /home/igor/tb2_ros2_nav2/ros2_ws/build/velocity_smoother
[6.039s] Invoked command in '/home/igor/tb2_ros2_nav2/ros2_ws/build/velocity_smoother' returned '0': CMAKE_PREFIX_PATH=${CMAKE_PREFIX_PATH}:/opt/ros/galactic /usr/bin/cmake /home/igor/tb2_ros2_nav2/ros2_ws/src/velocity_smoother -DAMENT_CMAKE_SYMLINK_INSTALL=1 -DCMAKE_INSTALL_PREFIX=/home/igor/tb2_ros2_nav2/ros2_ws/install/velocity_smoother
[6.045s] Invoking command in '/home/igor/tb2_ros2_nav2/ros2_ws/build/velocity_smoother': CMAKE_PREFIX_PATH=${CMAKE_PREFIX_PATH}:/opt/ros/galactic /usr/bin/cmake --build /home/igor/tb2_ros2_nav2/ros2_ws/build/velocity_smoother -- -j16 -l16
[6.086s] [35m[1mScanning dependencies of target velocity_smoother[0m
[6.131s] [ 25%] [32mBuilding CXX object CMakeFiles/velocity_smoother.dir/src/velocity_smoother.cpp.o[0m
[22.964s] [ 50%] [32m[1mLinking CXX shared library libvelocity_smoother.so[0m
[23.446s] [ 50%] Built target velocity_smoother
[23.454s] [35m[1mScanning dependencies of target velocity_smoother_node[0m
[23.482s] [ 75%] [32mBuilding CXX object CMakeFiles/velocity_smoother_node.dir/src/velocity_smoother_node.cpp.o[0m
[25.914s] [100%] [32m[1mLinking CXX executable velocity_smoother[0m
[26.145s] [100%] Built target velocity_smoother_node
[26.157s] Invoked command in '/home/igor/tb2_ros2_nav2/ros2_ws/build/velocity_smoother' returned '0': CMAKE_PREFIX_PATH=${CMAKE_PREFIX_PATH}:/opt/ros/galactic /usr/bin/cmake --build /home/igor/tb2_ros2_nav2/ros2_ws/build/velocity_smoother -- -j16 -l16
[26.181s] Invoking command in '/home/igor/tb2_ros2_nav2/ros2_ws/build/velocity_smoother': CMAKE_PREFIX_PATH=${CMAKE_PREFIX_PATH}:/opt/ros/galactic /usr/bin/cmake --install /home/igor/tb2_ros2_nav2/ros2_ws/build/velocity_smoother
[26.187s] -- Install configuration: ""
[26.188s] -- Execute custom install script
[26.188s] -- Symlinking: /home/igor/tb2_ros2_nav2/ros2_ws/install/velocity_smoother/lib/libvelocity_smoother.so
[26.196s] -- Symlinking: /home/igor/tb2_ros2_nav2/ros2_ws/install/velocity_smoother/include/velocity_smoother/velocity_smoother.hpp
[26.202s] -- Symlinking: /home/igor/tb2_ros2_nav2/ros2_ws/install/velocity_smoother/lib/velocity_smoother/velocity_smoother
[26.210s] -- Symlinking: /home/igor/tb2_ros2_nav2/ros2_ws/install/velocity_smoother/share/velocity_smoother/config/velocity_smoother_params.yaml
[26.219s] -- Symlinking: /home/igor/tb2_ros2_nav2/ros2_ws/install/velocity_smoother/share/velocity_smoother/launch/velocity_smoother-composed-launch.py
[26.226s] -- Symlinking: /home/igor/tb2_ros2_nav2/ros2_ws/install/velocity_smoother/share/velocity_smoother/launch/velocity_smoother-launch.py
[26.233s] -- Symlinking: /home/igor/tb2_ros2_nav2/ros2_ws/install/velocity_smoother/lib/velocity_smoother/translational_command_profile.py
[26.241s] -- Symlinking: /home/igor/tb2_ros2_nav2/ros2_ws/install/velocity_smoother/share/velocity_smoother/launch_test/test_translational_smoothing.py
[26.248s] -- Symlinking: /home/igor/tb2_ros2_nav2/ros2_ws/install/velocity_smoother/share/ament_index/resource_index/package_run_dependencies/velocity_smoother
[26.256s] -- Symlinking: /home/igor/tb2_ros2_nav2/ros2_ws/install/velocity_smoother/share/ament_index/resource_index/parent_prefix_path/velocity_smoother
[26.263s] -- Symlinking: /home/igor/tb2_ros2_nav2/ros2_ws/install/velocity_smoother/share/velocity_smoother/environment/ament_prefix_path.sh
[26.271s] -- Symlinking: /home/igor/tb2_ros2_nav2/ros2_ws/install/velocity_smoother/share/velocity_smoother/environment/ament_prefix_path.dsv
[26.278s] -- Symlinking: /home/igor/tb2_ros2_nav2/ros2_ws/install/velocity_smoother/share/velocity_smoother/environment/path.sh
[26.284s] -- Symlinking: /home/igor/tb2_ros2_nav2/ros2_ws/install/velocity_smoother/share/velocity_smoother/environment/path.dsv
[26.292s] -- Symlinking: /home/igor/tb2_ros2_nav2/ros2_ws/install/velocity_smoother/share/velocity_smoother/local_setup.bash
[26.299s] -- Symlinking: /home/igor/tb2_ros2_nav2/ros2_ws/install/velocity_smoother/share/velocity_smoother/local_setup.sh
[26.307s] -- Symlinking: /home/igor/tb2_ros2_nav2/ros2_ws/install/velocity_smoother/share/velocity_smoother/local_setup.zsh
[26.317s] -- Symlinking: /home/igor/tb2_ros2_nav2/ros2_ws/install/velocity_smoother/share/velocity_smoother/local_setup.dsv
[26.330s] -- Symlinking: /home/igor/tb2_ros2_nav2/ros2_ws/install/velocity_smoother/share/velocity_smoother/package.dsv
[26.341s] -- Symlinking: /home/igor/tb2_ros2_nav2/ros2_ws/install/velocity_smoother/share/ament_index/resource_index/packages/velocity_smoother
[26.348s] -- Symlinking: /home/igor/tb2_ros2_nav2/ros2_ws/install/velocity_smoother/share/ament_index/resource_index/rclcpp_components/velocity_smoother
[26.356s] -- Symlinking: /home/igor/tb2_ros2_nav2/ros2_ws/install/velocity_smoother/share/velocity_smoother/cmake/velocity_smootherConfig.cmake
[26.363s] -- Symlinking: /home/igor/tb2_ros2_nav2/ros2_ws/install/velocity_smoother/share/velocity_smoother/cmake/velocity_smootherConfig-version.cmake
[26.370s] -- Symlinking: /home/igor/tb2_ros2_nav2/ros2_ws/install/velocity_smoother/share/velocity_smoother/package.xml
[26.382s] Invoked command in '/home/igor/tb2_ros2_nav2/ros2_ws/build/velocity_smoother' returned '0': CMAKE_PREFIX_PATH=${CMAKE_PREFIX_PATH}:/opt/ros/galactic /usr/bin/cmake --install /home/igor/tb2_ros2_nav2/ros2_ws/build/velocity_smoother
