-- Found ament_cmake_ros: 0.9.2 (/opt/ros/galactic/share/ament_cmake_ros/cmake)
-- Using PYTHON_EXECUTABLE: /usr/bin/python3
-- Override CMake install command with custom implementation using symlinks instead of copying resources
-- Found ecl_build: 1.0.2 (/opt/ros/galactic/share/ecl_build/cmake)
-- Found geometry_msgs: 2.2.4 (/opt/ros/galactic/share/geometry_msgs/cmake)
-- Using all available rosidl_typesupport_c: rosidl_typesupport_fastrtps_c;rosidl_typesupport_introspection_c
-- Found rosidl_adapter: 2.2.2 (/opt/ros/galactic/share/rosidl_adapter/cmake)
-- Found OpenSSL: /usr/lib/x86_64-linux-gnu/libcrypto.so (found version "1.1.1f")  
-- Found FastRTPS: /opt/ros/galactic/include  
-- Using all available rosidl_typesupport_cpp: rosidl_typesupport_fastrtps_cpp;rosidl_typesupport_introspection_cpp
-- Found nav_msgs: 2.2.4 (/opt/ros/galactic/share/nav_msgs/cmake)
-- Found rcl_interfaces: 1.0.3 (/opt/ros/galactic/share/rcl_interfaces/cmake)
-- Found rclcpp: 9.2.1 (/opt/ros/galactic/share/rclcpp/cmake)
-- Found rmw_implementation_cmake: 3.3.1 (/opt/ros/galactic/share/rmw_implementation_cmake/cmake)
-- Found rmw_cyclonedds_cpp: 0.22.5 (/opt/ros/galactic/share/rmw_cyclonedds_cpp/cmake)
-- Using RMW implementation 'rmw_cyclonedds_cpp' as default
-- Looking for pthread.h
-- Looking for pthread.h - found
-- Performing Test CMAKE_HAVE_LIBC_PTHREAD
-- Performing Test CMAKE_HAVE_LIBC_PTHREAD - Failed
-- Looking for pthread_create in pthreads
-- Looking for pthread_create in pthreads - not found
-- Looking for pthread_create in pthread
-- Looking for pthread_create in pthread - found
-- Found Threads: TRUE  
-- Found rclcpp_components: 9.2.1 (/opt/ros/galactic/share/rclcpp_components/cmake)
-- Found launch_testing_ament_cmake: 0.17.1 (/opt/ros/galactic/share/launch_testing_ament_cmake/cmake)
-- Found python_cmake_module: 0.8.1 (/opt/ros/galactic/share/python_cmake_module/cmake)
-- Found PythonInterp: /usr/bin/python3 (found suitable version "3.8.10", minimum required is "3.5") 
-- Found PythonLibs: /usr/lib/x86_64-linux-gnu/libpython3.8.so (found suitable version "3.8.10", minimum required is "3.5") 
-- Using PYTHON_EXECUTABLE: /usr/bin/python3
-- Using PYTHON_INCLUDE_DIRS: /usr/include/python3.8
-- Using PYTHON_LIBRARIES: /usr/lib/x86_64-linux-gnu/libpython3.8.so
-- Found PythonExtra: .so  
-- Configuring done
-- Generating done
-- Build files have been written to: /home/igor/tb2_ros2_nav2/ros2_ws/build/velocity_smoother
[35m[1mScanning dependencies of target velocity_smoother[0m
[ 25%] [32mBuilding CXX object CMakeFiles/velocity_smoother.dir/src/velocity_smoother.cpp.o[0m
[ 50%] [32m[1mLinking CXX shared library libvelocity_smoother.so[0m
[ 50%] Built target velocity_smoother
[35m[1mScanning dependencies of target velocity_smoother_node[0m
[ 75%] [32mBuilding CXX object CMakeFiles/velocity_smoother_node.dir/src/velocity_smoother_node.cpp.o[0m
[100%] [32m[1mLinking CXX executable velocity_smoother[0m
[100%] Built target velocity_smoother_node
-- Install configuration: ""
-- Execute custom install script
-- Symlinking: /home/igor/tb2_ros2_nav2/ros2_ws/install/velocity_smoother/lib/libvelocity_smoother.so
-- Symlinking: /home/igor/tb2_ros2_nav2/ros2_ws/install/velocity_smoother/include/velocity_smoother/velocity_smoother.hpp
-- Symlinking: /home/igor/tb2_ros2_nav2/ros2_ws/install/velocity_smoother/lib/velocity_smoother/velocity_smoother
-- Symlinking: /home/igor/tb2_ros2_nav2/ros2_ws/install/velocity_smoother/share/velocity_smoother/config/velocity_smoother_params.yaml
-- Symlinking: /home/igor/tb2_ros2_nav2/ros2_ws/install/velocity_smoother/share/velocity_smoother/launch/velocity_smoother-composed-launch.py
-- Symlinking: /home/igor/tb2_ros2_nav2/ros2_ws/install/velocity_smoother/share/velocity_smoother/launch/velocity_smoother-launch.py
-- Symlinking: /home/igor/tb2_ros2_nav2/ros2_ws/install/velocity_smoother/lib/velocity_smoother/translational_command_profile.py
-- Symlinking: /home/igor/tb2_ros2_nav2/ros2_ws/install/velocity_smoother/share/velocity_smoother/launch_test/test_translational_smoothing.py
-- Symlinking: /home/igor/tb2_ros2_nav2/ros2_ws/install/velocity_smoother/share/ament_index/resource_index/package_run_dependencies/velocity_smoother
-- Symlinking: /home/igor/tb2_ros2_nav2/ros2_ws/install/velocity_smoother/share/ament_index/resource_index/parent_prefix_path/velocity_smoother
-- Symlinking: /home/igor/tb2_ros2_nav2/ros2_ws/install/velocity_smoother/share/velocity_smoother/environment/ament_prefix_path.sh
-- Symlinking: /home/igor/tb2_ros2_nav2/ros2_ws/install/velocity_smoother/share/velocity_smoother/environment/ament_prefix_path.dsv
-- Symlinking: /home/igor/tb2_ros2_nav2/ros2_ws/install/velocity_smoother/share/velocity_smoother/environment/path.sh
-- Symlinking: /home/igor/tb2_ros2_nav2/ros2_ws/install/velocity_smoother/share/velocity_smoother/environment/path.dsv
-- Symlinking: /home/igor/tb2_ros2_nav2/ros2_ws/install/velocity_smoother/share/velocity_smoother/local_setup.bash
-- Symlinking: /home/igor/tb2_ros2_nav2/ros2_ws/install/velocity_smoother/share/velocity_smoother/local_setup.sh
-- Symlinking: /home/igor/tb2_ros2_nav2/ros2_ws/install/velocity_smoother/share/velocity_smoother/local_setup.zsh
-- Symlinking: /home/igor/tb2_ros2_nav2/ros2_ws/install/velocity_smoother/share/velocity_smoother/local_setup.dsv
-- Symlinking: /home/igor/tb2_ros2_nav2/ros2_ws/install/velocity_smoother/share/velocity_smoother/package.dsv
-- Symlinking: /home/igor/tb2_ros2_nav2/ros2_ws/install/velocity_smoother/share/ament_index/resource_index/packages/velocity_smoother
-- Symlinking: /home/igor/tb2_ros2_nav2/ros2_ws/install/velocity_smoother/share/ament_index/resource_index/rclcpp_components/velocity_smoother
-- Symlinking: /home/igor/tb2_ros2_nav2/ros2_ws/install/velocity_smoother/share/velocity_smoother/cmake/velocity_smootherConfig.cmake
-- Symlinking: /home/igor/tb2_ros2_nav2/ros2_ws/install/velocity_smoother/share/velocity_smoother/cmake/velocity_smootherConfig-version.cmake
-- Symlinking: /home/igor/tb2_ros2_nav2/ros2_ws/install/velocity_smoother/share/velocity_smoother/package.xml
