[0.030s] Invoking command in '/home/igor/tb2_ros2_nav2/ros2_ws/build/velocity_smoother': CMAKE_PREFIX_PATH=${CMAKE_PREFIX_PATH}:/opt/ros/galactic /usr/bin/cmake /home/igor/tb2_ros2_nav2/ros2_ws/src/velocity_smoother -DAMENT_CMAKE_SYMLINK_INSTALL=1 -DCMAKE_INSTALL_PREFIX=/home/igor/tb2_ros2_nav2/ros2_ws/install/velocity_smoother
[0.036s] -- Found ament_cmake_ros: 0.9.2 (/opt/ros/galactic/share/ament_cmake_ros/cmake)
[0.051s] -- Using PYTHON_EXECUTABLE: /usr/bin/python3
[0.094s] -- Override CMake install command with custom implementation using symlinks instead of copying resources
[0.101s] -- Found ecl_build: 1.0.2 (/opt/ros/galactic/share/ecl_build/cmake)
[0.109s] -- Found geometry_msgs: 2.2.4 (/opt/ros/galactic/share/geometry_msgs/cmake)
[0.220s] -- Using all available rosidl_typesupport_c: rosidl_typesupport_fastrtps_c;rosidl_typesupport_introspection_c
[0.225s] -- Found rosidl_adapter: 2.2.2 (/opt/ros/galactic/share/rosidl_adapter/cmake)
[1.050s] -- Found OpenSSL: /usr/lib/x86_64-linux-gnu/libcrypto.so (found version "1.1.1f")  
[2.375s] -- Found FastRTPS: /opt/ros/galactic/include  
[4.616s] -- Using all available rosidl_typesupport_cpp: rosidl_typesupport_fastrtps_cpp;rosidl_typesupport_introspection_cpp
[4.736s] -- Found nav_msgs: 2.2.4 (/opt/ros/galactic/share/nav_msgs/cmake)
[4.852s] -- Found rcl_interfaces: 1.0.3 (/opt/ros/galactic/share/rcl_interfaces/cmake)
[4.879s] -- Found rclcpp: 9.2.1 (/opt/ros/galactic/share/rclcpp/cmake)
[4.940s] -- Found rmw_implementation_cmake: 3.3.1 (/opt/ros/galactic/share/rmw_implementation_cmake/cmake)
[4.946s] -- Found rmw_cyclonedds_cpp: 0.22.5 (/opt/ros/galactic/share/rmw_cyclonedds_cpp/cmake)
[4.982s] -- Using RMW implementation 'rmw_cyclonedds_cpp' as default
[4.985s] -- Looking for pthread.h
[5.301s] -- Looking for pthread.h - found
[5.301s] -- Performing Test CMAKE_HAVE_LIBC_PTHREAD
[5.550s] -- Performing Test CMAKE_HAVE_LIBC_PTHREAD - Failed
[5.550s] -- Looking for pthread_create in pthreads
[5.766s] -- Looking for pthread_create in pthreads - not found
[5.767s] -- Looking for pthread_create in pthread
[6.070s] -- Looking for pthread_create in pthread - found
[6.070s] -- Found Threads: TRUE  
[6.348s] -- Found rclcpp_components: 9.2.1 (/opt/ros/galactic/share/rclcpp_components/cmake)
[6.472s] -- Found launch_testing_ament_cmake: 0.17.1 (/opt/ros/galactic/share/launch_testing_ament_cmake/cmake)
[6.475s] -- Found python_cmake_module: 0.8.1 (/opt/ros/galactic/share/python_cmake_module/cmake)
[6.541s] -- Found PythonInterp: /usr/bin/python3 (found suitable version "3.8.10", minimum required is "3.5") 
[6.953s] -- Found PythonLibs: /usr/lib/x86_64-linux-gnu/libpython3.8.so (found suitable version "3.8.10", minimum required is "3.5") 
[6.954s] -- Using PYTHON_EXECUTABLE: /usr/bin/python3
[6.954s] -- Using PYTHON_INCLUDE_DIRS: /usr/include/python3.8
[6.954s] -- Using PYTHON_LIBRARIES: /usr/lib/x86_64-linux-gnu/libpython3.8.so
[7.022s] -- Found PythonExtra: .so  
[7.174s] -- Configuring done
[7.209s] -- Generating done
[7.220s] -- Build files have been written to: /home/igor/tb2_ros2_nav2/ros2_ws/build/velocity_smoother
[7.240s] Invoked command in '/home/igor/tb2_ros2_nav2/ros2_ws/build/velocity_smoother' returned '0': CMAKE_PREFIX_PATH=${CMAKE_PREFIX_PATH}:/opt/ros/galactic /usr/bin/cmake /home/igor/tb2_ros2_nav2/ros2_ws/src/velocity_smoother -DAMENT_CMAKE_SYMLINK_INSTALL=1 -DCMAKE_INSTALL_PREFIX=/home/igor/tb2_ros2_nav2/ros2_ws/install/velocity_smoother
[7.242s] Invoking command in '/home/igor/tb2_ros2_nav2/ros2_ws/build/velocity_smoother': CMAKE_PREFIX_PATH=${CMAKE_PREFIX_PATH}:/opt/ros/galactic /usr/bin/cmake --build /home/igor/tb2_ros2_nav2/ros2_ws/build/velocity_smoother -- -j16 -l16
[7.365s] [35m[1mScanning dependencies of target velocity_smoother[0m
[7.533s] [ 25%] [32mBuilding CXX object CMakeFiles/velocity_smoother.dir/src/velocity_smoother.cpp.o[0m
[22.527s] [ 50%] [32m[1mLinking CXX shared library libvelocity_smoother.so[0m
[23.174s] [ 50%] Built target velocity_smoother
[23.189s] [35m[1mScanning dependencies of target velocity_smoother_node[0m
[23.237s] [ 75%] [32mBuilding CXX object CMakeFiles/velocity_smoother_node.dir/src/velocity_smoother_node.cpp.o[0m
[28.170s] [100%] [32m[1mLinking CXX executable velocity_smoother[0m
[28.656s] [100%] Built target velocity_smoother_node
[28.674s] Invoked command in '/home/igor/tb2_ros2_nav2/ros2_ws/build/velocity_smoother' returned '0': CMAKE_PREFIX_PATH=${CMAKE_PREFIX_PATH}:/opt/ros/galactic /usr/bin/cmake --build /home/igor/tb2_ros2_nav2/ros2_ws/build/velocity_smoother -- -j16 -l16
[28.708s] Invoking command in '/home/igor/tb2_ros2_nav2/ros2_ws/build/velocity_smoother': CMAKE_PREFIX_PATH=${CMAKE_PREFIX_PATH}:/opt/ros/galactic /usr/bin/cmake --install /home/igor/tb2_ros2_nav2/ros2_ws/build/velocity_smoother
[28.717s] -- Install configuration: ""
[28.717s] -- Execute custom install script
[28.718s] -- Symlinking: /home/igor/tb2_ros2_nav2/ros2_ws/install/velocity_smoother/lib/libvelocity_smoother.so
[28.731s] -- Symlinking: /home/igor/tb2_ros2_nav2/ros2_ws/install/velocity_smoother/include/velocity_smoother/velocity_smoother.hpp
[28.764s] -- Symlinking: /home/igor/tb2_ros2_nav2/ros2_ws/install/velocity_smoother/lib/velocity_smoother/velocity_smoother
[28.774s] -- Symlinking: /home/igor/tb2_ros2_nav2/ros2_ws/install/velocity_smoother/share/velocity_smoother/config/velocity_smoother_params.yaml
[28.784s] -- Symlinking: /home/igor/tb2_ros2_nav2/ros2_ws/install/velocity_smoother/share/velocity_smoother/launch/velocity_smoother-composed-launch.py
[28.795s] -- Symlinking: /home/igor/tb2_ros2_nav2/ros2_ws/install/velocity_smoother/share/velocity_smoother/launch/velocity_smoother-launch.py
[28.805s] -- Symlinking: /home/igor/tb2_ros2_nav2/ros2_ws/install/velocity_smoother/lib/velocity_smoother/translational_command_profile.py
[28.814s] -- Symlinking: /home/igor/tb2_ros2_nav2/ros2_ws/install/velocity_smoother/share/velocity_smoother/launch_test/test_translational_smoothing.py
[28.824s] -- Symlinking: /home/igor/tb2_ros2_nav2/ros2_ws/install/velocity_smoother/share/ament_index/resource_index/package_run_dependencies/velocity_smoother
[28.838s] -- Symlinking: /home/igor/tb2_ros2_nav2/ros2_ws/install/velocity_smoother/share/ament_index/resource_index/parent_prefix_path/velocity_smoother
[28.848s] -- Symlinking: /home/igor/tb2_ros2_nav2/ros2_ws/install/velocity_smoother/share/velocity_smoother/environment/ament_prefix_path.sh
[28.857s] -- Symlinking: /home/igor/tb2_ros2_nav2/ros2_ws/install/velocity_smoother/share/velocity_smoother/environment/ament_prefix_path.dsv
[28.868s] -- Symlinking: /home/igor/tb2_ros2_nav2/ros2_ws/install/velocity_smoother/share/velocity_smoother/environment/path.sh
[28.882s] -- Symlinking: /home/igor/tb2_ros2_nav2/ros2_ws/install/velocity_smoother/share/velocity_smoother/environment/path.dsv
[28.892s] -- Symlinking: /home/igor/tb2_ros2_nav2/ros2_ws/install/velocity_smoother/share/velocity_smoother/local_setup.bash
[28.907s] -- Symlinking: /home/igor/tb2_ros2_nav2/ros2_ws/install/velocity_smoother/share/velocity_smoother/local_setup.sh
[28.916s] -- Symlinking: /home/igor/tb2_ros2_nav2/ros2_ws/install/velocity_smoother/share/velocity_smoother/local_setup.zsh
[28.929s] -- Symlinking: /home/igor/tb2_ros2_nav2/ros2_ws/install/velocity_smoother/share/velocity_smoother/local_setup.dsv
[28.939s] -- Symlinking: /home/igor/tb2_ros2_nav2/ros2_ws/install/velocity_smoother/share/velocity_smoother/package.dsv
[28.953s] -- Symlinking: /home/igor/tb2_ros2_nav2/ros2_ws/install/velocity_smoother/share/ament_index/resource_index/packages/velocity_smoother
[28.966s] -- Symlinking: /home/igor/tb2_ros2_nav2/ros2_ws/install/velocity_smoother/share/ament_index/resource_index/rclcpp_components/velocity_smoother
[28.978s] -- Symlinking: /home/igor/tb2_ros2_nav2/ros2_ws/install/velocity_smoother/share/velocity_smoother/cmake/velocity_smootherConfig.cmake
[28.993s] -- Symlinking: /home/igor/tb2_ros2_nav2/ros2_ws/install/velocity_smoother/share/velocity_smoother/cmake/velocity_smootherConfig-version.cmake
[29.004s] -- Symlinking: /home/igor/tb2_ros2_nav2/ros2_ws/install/velocity_smoother/share/velocity_smoother/package.xml
[29.035s] Invoked command in '/home/igor/tb2_ros2_nav2/ros2_ws/build/velocity_smoother' returned '0': CMAKE_PREFIX_PATH=${CMAKE_PREFIX_PATH}:/opt/ros/galactic /usr/bin/cmake --install /home/igor/tb2_ros2_nav2/ros2_ws/build/velocity_smoother
