[0.031s] Invoking command in '/home/turtlebot5/tb2_ros2_nav2/ros2_ws/build/kobuki_core': CMAKE_PREFIX_PATH=/opt/ros/galactic /usr/bin/cmake /home/turtlebot5/tb2_ros2_nav2/ros2_ws/src/kobuki_core -DAMENT_CMAKE_SYMLINK_INSTALL=1 -DCMAKE_INSTALL_PREFIX=/home/turtlebot5/tb2_ros2_nav2/ros2_ws/install/kobuki_core
[0.178s] -- The C compiler identification is GNU 9.4.0
[0.246s] -- The CXX compiler identification is GNU 9.4.0
[0.253s] -- Check for working C compiler: /usr/bin/cc
[0.346s] -- Check for working C compiler: /usr/bin/cc -- works
[0.347s] -- Detecting C compiler ABI info
[0.433s] -- Detecting C compiler ABI info - done
[0.452s] -- Detecting C compile features
[0.452s] -- Detecting C compile features - done
[0.456s] -- Check for working CXX compiler: /usr/bin/c++
[0.556s] -- Check for working CXX compiler: /usr/bin/c++ -- works
[0.557s] -- Detecting CXX compiler ABI info
[0.662s] -- Detecting CXX compiler ABI info - done
[0.680s] -- Detecting CXX compile features
[0.680s] -- Detecting CXX compile features - done
[0.686s] -- Found ament_cmake_ros: 0.9.2 (/opt/ros/galactic/share/ament_cmake_ros/cmake)
[0.722s] -- Found PythonInterp: /usr/bin/python3 (found suitable version "3.8.10", minimum required is "3") 
[0.722s] -- Using PYTHON_EXECUTABLE: /usr/bin/python3
[0.795s] -- Override CMake install command with custom implementation using symlinks instead of copying resources
[0.830s] -- Found ecl_build: 1.0.2 (/opt/ros/galactic/share/ecl_build/cmake)
[0.841s] -- Found ecl_command_line: 1.2.0 (/opt/ros/galactic/share/ecl_command_line/cmake)
[0.846s] -- Found ecl_config: 1.1.0 (/opt/ros/galactic/share/ecl_config/cmake)
[0.850s] -- Found ecl_console: 1.1.0 (/opt/ros/galactic/share/ecl_console/cmake)
[0.856s] -- Found ecl_converters: 1.2.0 (/opt/ros/galactic/share/ecl_converters/cmake)
[0.892s] -- Found ecl_devices: 1.2.0 (/opt/ros/galactic/share/ecl_devices/cmake)
[0.922s] -- Looking for pthread.h
[1.009s] -- Looking for pthread.h - found
[1.009s] -- Performing Test CMAKE_HAVE_LIBC_PTHREAD
[1.096s] -- Performing Test CMAKE_HAVE_LIBC_PTHREAD - Failed
[1.096s] -- Looking for pthread_create in pthreads
[1.177s] -- Looking for pthread_create in pthreads - not found
[1.177s] -- Looking for pthread_create in pthread
[1.262s] -- Looking for pthread_create in pthread - found
[1.264s] -- Found Threads: TRUE  
[1.265s] -- Check if compiler accepts -pthread
[1.360s] -- Check if compiler accepts -pthread - yes
[1.388s] -- Found ecl_geometry: 1.2.0 (/opt/ros/galactic/share/ecl_geometry/cmake)
[1.427s] -- Found ecl_mobile_robot: 1.2.0 (/opt/ros/galactic/share/ecl_mobile_robot/cmake)
[1.437s] -- Found ecl_sigslots: 1.2.0 (/opt/ros/galactic/share/ecl_sigslots/cmake)
[1.545s] -- Configuring done
[1.584s] -- Generating done
[1.587s] -- Build files have been written to: /home/turtlebot5/tb2_ros2_nav2/ros2_ws/build/kobuki_core
[1.598s] Invoked command in '/home/turtlebot5/tb2_ros2_nav2/ros2_ws/build/kobuki_core' returned '0': CMAKE_PREFIX_PATH=/opt/ros/galactic /usr/bin/cmake /home/turtlebot5/tb2_ros2_nav2/ros2_ws/src/kobuki_core -DAMENT_CMAKE_SYMLINK_INSTALL=1 -DCMAKE_INSTALL_PREFIX=/home/turtlebot5/tb2_ros2_nav2/ros2_ws/install/kobuki_core
[1.599s] Invoking command in '/home/turtlebot5/tb2_ros2_nav2/ros2_ws/build/kobuki_core': CMAKE_PREFIX_PATH=/opt/ros/galactic /usr/bin/cmake --build /home/turtlebot5/tb2_ros2_nav2/ros2_ws/build/kobuki_core -- -j4 -l4
[1.651s] [35m[1mScanning dependencies of target kobuki_core[0m
[1.772s] [  2%] [32mBuilding CXX object src/driver/CMakeFiles/kobuki_core.dir/battery.cpp.o[0m
[1.774s] [  5%] [32mBuilding CXX object src/driver/CMakeFiles/kobuki_core.dir/command.cpp.o[0m
[1.782s] [  8%] [32mBuilding CXX object src/driver/CMakeFiles/kobuki_core.dir/core_sensors.cpp.o[0m
[1.814s] [ 11%] [32mBuilding CXX object src/driver/CMakeFiles/kobuki_core.dir/diff_drive.cpp.o[0m
[2.711s] [ 14%] [32mBuilding CXX object src/driver/CMakeFiles/kobuki_core.dir/dock_drive.cpp.o[0m
[2.725s] [ 17%] [32mBuilding CXX object src/driver/CMakeFiles/kobuki_core.dir/dock_drive_debug.cpp.o[0m
[6.419s] [ 20%] [32mBuilding CXX object src/driver/CMakeFiles/kobuki_core.dir/dock_drive_states.cpp.o[0m
[6.852s] [ 23%] [32mBuilding CXX object src/driver/CMakeFiles/kobuki_core.dir/event_manager.cpp.o[0m
[7.273s] [ 26%] [32mBuilding CXX object src/driver/CMakeFiles/kobuki_core.dir/firmware.cpp.o[0m
[7.738s] [ 29%] [32mBuilding CXX object src/driver/CMakeFiles/kobuki_core.dir/kobuki.cpp.o[0m
[8.544s] [ 32%] [32mBuilding CXX object src/driver/CMakeFiles/kobuki_core.dir/logging.cpp.o[0m
[9.399s] [ 35%] [32mBuilding CXX object src/driver/CMakeFiles/kobuki_core.dir/packet_finder.cpp.o[0m
[10.862s] [ 38%] [32mBuilding CXX object src/driver/CMakeFiles/kobuki_core.dir/__/__/version_info.cpp.o[0m
[19.888s] [ 41%] [32m[1mLinking CXX shared library libkobuki_core.so[0m
[20.519s] [ 41%] Built target kobuki_core
[20.555s] [35m[1mScanning dependencies of target kobuki_core_demo_raw_data_stream[0m
[20.573s] [35m[1mScanning dependencies of target kobuki_core_demo_log_levels[0m
[20.588s] [35m[1mScanning dependencies of target kobuki_core_demo_buttons[0m
[20.592s] [35m[1mScanning dependencies of target kobuki_core_demo_custom_logging[0m
[20.731s] [ 44%] [32mBuilding CXX object src/demos/CMakeFiles/kobuki_core_demo_raw_data_stream.dir/raw_data_stream.cpp.o[0m
[20.744s] [ 47%] [32mBuilding CXX object src/demos/CMakeFiles/kobuki_core_demo_custom_logging.dir/custom_logging.cpp.o[0m
[20.760s] [ 50%] [32mBuilding CXX object src/demos/CMakeFiles/kobuki_core_demo_log_levels.dir/log_levels.cpp.o[0m
[20.807s] [ 52%] [32mBuilding CXX object src/demos/CMakeFiles/kobuki_core_demo_buttons.dir/buttons.cpp.o[0m
[30.142s] [ 55%] [32m[1mLinking CXX executable demo_log_levels[0m
[30.426s] [ 58%] [32m[1mLinking CXX executable demo_custom_logging[0m
[30.607s] [ 61%] [32m[1mLinking CXX executable demo_buttons[0m
[30.647s] [ 61%] Built target kobuki_core_demo_log_levels
[30.658s] [ 64%] [32m[1mLinking CXX executable demo_raw_data_stream[0m
[30.713s] [ 64%] Built target kobuki_core_demo_custom_logging
[30.964s] [ 64%] Built target kobuki_core_demo_buttons
[30.996s] [ 64%] Built target kobuki_core_demo_raw_data_stream
[31.020s] [35m[1mScanning dependencies of target kobuki_core_demo_velocity_commands[0m
[31.035s] [ 67%] [32mBuilding CXX object src/demos/CMakeFiles/kobuki_core_demo_velocity_commands.dir/velocity_commands.cpp.o[0m
[31.663s] [ 70%] [32m[1mLinking CXX executable demo_velocity_commands[0m
[31.976s] [ 70%] Built target kobuki_core_demo_velocity_commands
[31.992s] [35m[1mScanning dependencies of target kobuki_core_demo_chirp[0m
[32.136s] [ 73%] [32mBuilding CXX object src/demos/CMakeFiles/kobuki_core_demo_chirp.dir/chirp.cpp.o[0m
[36.170s] [ 76%] [32m[1mLinking CXX executable demo_chirp[0m
[36.321s] [ 76%] Built target kobuki_core_demo_chirp
[36.335s] [35m[1mScanning dependencies of target kobuki_core_tool_simple_keyop[0m
[36.428s] [ 79%] [32mBuilding CXX object src/tools/CMakeFiles/kobuki_core_tool_simple_keyop.dir/simple_keyop.cpp.o[0m
[39.323s] [ 82%] [32m[1mLinking CXX executable kobuki-simple-keyop[0m
[39.430s] [ 82%] Built target kobuki_core_tool_simple_keyop
[39.438s] [35m[1mScanning dependencies of target kobuki_core_tool_version_info[0m
[39.488s] [ 85%] [32mBuilding CXX object src/tools/CMakeFiles/kobuki_core_tool_version_info.dir/version_info.cpp.o[0m
[42.014s] [ 88%] [32m[1mLinking CXX executable kobuki-version-info[0m
[42.116s] [ 88%] Built target kobuki_core_tool_version_info
[42.125s] [35m[1mScanning dependencies of target kobuki_core_demo_simple_loop[0m
[42.175s] [ 91%] [32mBuilding CXX object src/demos/CMakeFiles/kobuki_core_demo_simple_loop.dir/simple_loop.cpp.o[0m
[44.711s] [ 94%] [32m[1mLinking CXX executable demo_simple_loop[0m
[44.819s] [ 94%] Built target kobuki_core_demo_simple_loop
[44.828s] [35m[1mScanning dependencies of target kobuki_core_demo_data_stream[0m
[44.879s] [ 97%] [32mBuilding CXX object src/demos/CMakeFiles/kobuki_core_demo_data_stream.dir/data_stream.cpp.o[0m
[47.316s] [100%] [32m[1mLinking CXX executable demo_data_stream[0m
[47.416s] [100%] Built target kobuki_core_demo_data_stream
[47.426s] Invoked command in '/home/turtlebot5/tb2_ros2_nav2/ros2_ws/build/kobuki_core' returned '0': CMAKE_PREFIX_PATH=/opt/ros/galactic /usr/bin/cmake --build /home/turtlebot5/tb2_ros2_nav2/ros2_ws/build/kobuki_core -- -j4 -l4
[47.451s] Invoking command in '/home/turtlebot5/tb2_ros2_nav2/ros2_ws/build/kobuki_core': CMAKE_PREFIX_PATH=/opt/ros/galactic /usr/bin/cmake --install /home/turtlebot5/tb2_ros2_nav2/ros2_ws/build/kobuki_core
[47.459s] -- Install configuration: ""
[47.459s] -- Execute custom install script
[47.460s] -- Symlinking: /home/turtlebot5/tb2_ros2_nav2/ros2_ws/install/kobuki_core/include/kobuki_core/command.hpp
[47.467s] -- Symlinking: /home/turtlebot5/tb2_ros2_nav2/ros2_ws/install/kobuki_core/include/kobuki_core/dock_drive.hpp
[47.474s] -- Symlinking: /home/turtlebot5/tb2_ros2_nav2/ros2_ws/install/kobuki_core/include/kobuki_core/event_manager.hpp
[47.482s] -- Symlinking: /home/turtlebot5/tb2_ros2_nav2/ros2_ws/install/kobuki_core/include/kobuki_core/kobuki.hpp
[47.489s] -- Symlinking: /home/turtlebot5/tb2_ros2_nav2/ros2_ws/install/kobuki_core/include/kobuki_core/logging.hpp
[47.496s] -- Symlinking: /home/turtlebot5/tb2_ros2_nav2/ros2_ws/install/kobuki_core/include/kobuki_core/macros.hpp
[47.504s] -- Symlinking: /home/turtlebot5/tb2_ros2_nav2/ros2_ws/install/kobuki_core/include/kobuki_core/modules.hpp
[47.511s] -- Symlinking: /home/turtlebot5/tb2_ros2_nav2/ros2_ws/install/kobuki_core/include/kobuki_core/modules/acceleration_limiter.hpp
[47.518s] -- Symlinking: /home/turtlebot5/tb2_ros2_nav2/ros2_ws/install/kobuki_core/include/kobuki_core/modules/battery.hpp
[47.526s] -- Symlinking: /home/turtlebot5/tb2_ros2_nav2/ros2_ws/install/kobuki_core/include/kobuki_core/modules/diff_drive.hpp
[47.533s] -- Symlinking: /home/turtlebot5/tb2_ros2_nav2/ros2_ws/install/kobuki_core/include/kobuki_core/modules/digital_output.hpp
[47.540s] -- Symlinking: /home/turtlebot5/tb2_ros2_nav2/ros2_ws/install/kobuki_core/include/kobuki_core/modules/led_array.hpp
[47.547s] -- Symlinking: /home/turtlebot5/tb2_ros2_nav2/ros2_ws/install/kobuki_core/include/kobuki_core/modules/sound.hpp
[47.554s] -- Symlinking: /home/turtlebot5/tb2_ros2_nav2/ros2_ws/install/kobuki_core/include/kobuki_core/packet_handler/packet_finder.hpp
[47.562s] -- Symlinking: /home/turtlebot5/tb2_ros2_nav2/ros2_ws/install/kobuki_core/include/kobuki_core/packet_handler/payload_base.hpp
[47.569s] -- Symlinking: /home/turtlebot5/tb2_ros2_nav2/ros2_ws/install/kobuki_core/include/kobuki_core/packet_handler/payload_headers.hpp
[47.577s] -- Symlinking: /home/turtlebot5/tb2_ros2_nav2/ros2_ws/install/kobuki_core/include/kobuki_core/packets.hpp
[47.584s] -- Symlinking: /home/turtlebot5/tb2_ros2_nav2/ros2_ws/install/kobuki_core/include/kobuki_core/packets/cliff.hpp
[47.592s] -- Symlinking: /home/turtlebot5/tb2_ros2_nav2/ros2_ws/install/kobuki_core/include/kobuki_core/packets/controller_info.hpp
[47.599s] -- Symlinking: /home/turtlebot5/tb2_ros2_nav2/ros2_ws/install/kobuki_core/include/kobuki_core/packets/core_sensors.hpp
[47.607s] -- Symlinking: /home/turtlebot5/tb2_ros2_nav2/ros2_ws/install/kobuki_core/include/kobuki_core/packets/current.hpp
[47.614s] -- Symlinking: /home/turtlebot5/tb2_ros2_nav2/ros2_ws/install/kobuki_core/include/kobuki_core/packets/dock_ir.hpp
[47.622s] -- Symlinking: /home/turtlebot5/tb2_ros2_nav2/ros2_ws/install/kobuki_core/include/kobuki_core/packets/eeprom.hpp
[47.629s] -- Symlinking: /home/turtlebot5/tb2_ros2_nav2/ros2_ws/install/kobuki_core/include/kobuki_core/packets/firmware.hpp
[47.637s] -- Symlinking: /home/turtlebot5/tb2_ros2_nav2/ros2_ws/install/kobuki_core/include/kobuki_core/packets/gp_input.hpp
[47.644s] -- Symlinking: /home/turtlebot5/tb2_ros2_nav2/ros2_ws/install/kobuki_core/include/kobuki_core/packets/hardware.hpp
[47.652s] -- Symlinking: /home/turtlebot5/tb2_ros2_nav2/ros2_ws/install/kobuki_core/include/kobuki_core/packets/inertia.hpp
[47.660s] -- Symlinking: /home/turtlebot5/tb2_ros2_nav2/ros2_ws/install/kobuki_core/include/kobuki_core/packets/three_axis_gyro.hpp
[47.667s] -- Symlinking: /home/turtlebot5/tb2_ros2_nav2/ros2_ws/install/kobuki_core/include/kobuki_core/packets/unique_device_id.hpp
[47.675s] -- Symlinking: /home/turtlebot5/tb2_ros2_nav2/ros2_ws/install/kobuki_core/include/kobuki_core/parameters.hpp
[47.683s] -- Symlinking: /home/turtlebot5/tb2_ros2_nav2/ros2_ws/install/kobuki_core/include/kobuki_core/version_info.hpp
[47.691s] -- Symlinking: /home/turtlebot5/tb2_ros2_nav2/ros2_ws/install/kobuki_core/lib/kobuki_core/demo_buttons
[47.699s] -- Symlinking: /home/turtlebot5/tb2_ros2_nav2/ros2_ws/install/kobuki_core/lib/kobuki_core/demo_chirp
[47.706s] -- Symlinking: /home/turtlebot5/tb2_ros2_nav2/ros2_ws/install/kobuki_core/lib/kobuki_core/demo_custom_logging
[47.714s] -- Symlinking: /home/turtlebot5/tb2_ros2_nav2/ros2_ws/install/kobuki_core/lib/kobuki_core/demo_data_stream
[47.722s] -- Symlinking: /home/turtlebot5/tb2_ros2_nav2/ros2_ws/install/kobuki_core/lib/kobuki_core/demo_log_levels
[47.730s] -- Symlinking: /home/turtlebot5/tb2_ros2_nav2/ros2_ws/install/kobuki_core/lib/kobuki_core/demo_raw_data_stream
[47.738s] -- Symlinking: /home/turtlebot5/tb2_ros2_nav2/ros2_ws/install/kobuki_core/lib/kobuki_core/demo_simple_loop
[47.746s] -- Symlinking: /home/turtlebot5/tb2_ros2_nav2/ros2_ws/install/kobuki_core/lib/kobuki_core/demo_velocity_commands
[47.754s] -- Symlinking: /home/turtlebot5/tb2_ros2_nav2/ros2_ws/install/kobuki_core/bin/kobuki-version-info
[47.762s] -- Symlinking: /home/turtlebot5/tb2_ros2_nav2/ros2_ws/install/kobuki_core/bin/kobuki-simple-keyop
[47.770s] -- Symlinking: /home/turtlebot5/tb2_ros2_nav2/ros2_ws/install/kobuki_core/include/CMakeLists.txt
[47.778s] -- Up-to-date symlink: /home/turtlebot5/tb2_ros2_nav2/ros2_ws/install/kobuki_core/include/kobuki_core/command.hpp
[47.778s] -- Up-to-date symlink: /home/turtlebot5/tb2_ros2_nav2/ros2_ws/install/kobuki_core/include/kobuki_core/dock_drive.hpp
[47.779s] -- Up-to-date symlink: /home/turtlebot5/tb2_ros2_nav2/ros2_ws/install/kobuki_core/include/kobuki_core/event_manager.hpp
[47.779s] -- Up-to-date symlink: /home/turtlebot5/tb2_ros2_nav2/ros2_ws/install/kobuki_core/include/kobuki_core/kobuki.hpp
[47.779s] -- Up-to-date symlink: /home/turtlebot5/tb2_ros2_nav2/ros2_ws/install/kobuki_core/include/kobuki_core/logging.hpp
[47.779s] -- Up-to-date symlink: /home/turtlebot5/tb2_ros2_nav2/ros2_ws/install/kobuki_core/include/kobuki_core/macros.hpp
[47.779s] -- Up-to-date symlink: /home/turtlebot5/tb2_ros2_nav2/ros2_ws/install/kobuki_core/include/kobuki_core/modules.hpp
[47.779s] -- Up-to-date symlink: /home/turtlebot5/tb2_ros2_nav2/ros2_ws/install/kobuki_core/include/kobuki_core/modules/acceleration_limiter.hpp
[47.780s] -- Up-to-date symlink: /home/turtlebot5/tb2_ros2_nav2/ros2_ws/install/kobuki_core/include/kobuki_core/modules/battery.hpp
[47.780s] -- Up-to-date symlink: /home/turtlebot5/tb2_ros2_nav2/ros2_ws/install/kobuki_core/include/kobuki_core/modules/diff_drive.hpp
[47.780s] -- Up-to-date symlink: /home/turtlebot5/tb2_ros2_nav2/ros2_ws/install/kobuki_core/include/kobuki_core/modules/digital_output.hpp
[47.780s] -- Up-to-date symlink: /home/turtlebot5/tb2_ros2_nav2/ros2_ws/install/kobuki_core/include/kobuki_core/modules/led_array.hpp
[47.780s] -- Up-to-date symlink: /home/turtlebot5/tb2_ros2_nav2/ros2_ws/install/kobuki_core/include/kobuki_core/modules/sound.hpp
[47.781s] -- Up-to-date symlink: /home/turtlebot5/tb2_ros2_nav2/ros2_ws/install/kobuki_core/include/kobuki_core/packet_handler/packet_finder.hpp
[47.781s] -- Up-to-date symlink: /home/turtlebot5/tb2_ros2_nav2/ros2_ws/install/kobuki_core/include/kobuki_core/packet_handler/payload_base.hpp
[47.781s] -- Up-to-date symlink: /home/turtlebot5/tb2_ros2_nav2/ros2_ws/install/kobuki_core/include/kobuki_core/packet_handler/payload_headers.hpp
[47.781s] -- Up-to-date symlink: /home/turtlebot5/tb2_ros2_nav2/ros2_ws/install/kobuki_core/include/kobuki_core/packets.hpp
[47.781s] -- Up-to-date symlink: /home/turtlebot5/tb2_ros2_nav2/ros2_ws/install/kobuki_core/include/kobuki_core/packets/cliff.hpp
[47.782s] -- Up-to-date symlink: /home/turtlebot5/tb2_ros2_nav2/ros2_ws/install/kobuki_core/include/kobuki_core/packets/controller_info.hpp
[47.782s] -- Up-to-date symlink: /home/turtlebot5/tb2_ros2_nav2/ros2_ws/install/kobuki_core/include/kobuki_core/packets/core_sensors.hpp
[47.782s] -- Up-to-date symlink: /home/turtlebot5/tb2_ros2_nav2/ros2_ws/install/kobuki_core/include/kobuki_core/packets/current.hpp
[47.782s] -- Up-to-date symlink: /home/turtlebot5/tb2_ros2_nav2/ros2_ws/install/kobuki_core/include/kobuki_core/packets/dock_ir.hpp
[47.783s] -- Up-to-date symlink: /home/turtlebot5/tb2_ros2_nav2/ros2_ws/install/kobuki_core/include/kobuki_core/packets/eeprom.hpp
[47.783s] -- Up-to-date symlink: /home/turtlebot5/tb2_ros2_nav2/ros2_ws/install/kobuki_core/include/kobuki_core/packets/firmware.hpp
[47.783s] -- Up-to-date symlink: /home/turtlebot5/tb2_ros2_nav2/ros2_ws/install/kobuki_core/include/kobuki_core/packets/gp_input.hpp
[47.783s] -- Up-to-date symlink: /home/turtlebot5/tb2_ros2_nav2/ros2_ws/install/kobuki_core/include/kobuki_core/packets/hardware.hpp
[47.783s] -- Up-to-date symlink: /home/turtlebot5/tb2_ros2_nav2/ros2_ws/install/kobuki_core/include/kobuki_core/packets/inertia.hpp
[47.783s] -- Up-to-date symlink: /home/turtlebot5/tb2_ros2_nav2/ros2_ws/install/kobuki_core/include/kobuki_core/packets/three_axis_gyro.hpp
[47.784s] -- Up-to-date symlink: /home/turtlebot5/tb2_ros2_nav2/ros2_ws/install/kobuki_core/include/kobuki_core/packets/unique_device_id.hpp
[47.784s] -- Up-to-date symlink: /home/turtlebot5/tb2_ros2_nav2/ros2_ws/install/kobuki_core/include/kobuki_core/parameters.hpp
[47.784s] -- Up-to-date symlink: /home/turtlebot5/tb2_ros2_nav2/ros2_ws/install/kobuki_core/include/kobuki_core/version_info.hpp
[47.784s] -- Symlinking: /home/turtlebot5/tb2_ros2_nav2/ros2_ws/install/kobuki_core/share/kobuki_core/environment/library_path.sh
[47.792s] -- Symlinking: /home/turtlebot5/tb2_ros2_nav2/ros2_ws/install/kobuki_core/share/kobuki_core/environment/library_path.dsv
[47.799s] -- Symlinking: /home/turtlebot5/tb2_ros2_nav2/ros2_ws/install/kobuki_core/share/ament_index/resource_index/package_run_dependencies/kobuki_core
[47.806s] -- Symlinking: /home/turtlebot5/tb2_ros2_nav2/ros2_ws/install/kobuki_core/share/ament_index/resource_index/parent_prefix_path/kobuki_core
[47.814s] -- Symlinking: /home/turtlebot5/tb2_ros2_nav2/ros2_ws/install/kobuki_core/share/kobuki_core/environment/ament_prefix_path.sh
[47.821s] -- Symlinking: /home/turtlebot5/tb2_ros2_nav2/ros2_ws/install/kobuki_core/share/kobuki_core/environment/ament_prefix_path.dsv
[47.829s] -- Symlinking: /home/turtlebot5/tb2_ros2_nav2/ros2_ws/install/kobuki_core/share/kobuki_core/environment/path.sh
[47.836s] -- Symlinking: /home/turtlebot5/tb2_ros2_nav2/ros2_ws/install/kobuki_core/share/kobuki_core/environment/path.dsv
[47.844s] -- Symlinking: /home/turtlebot5/tb2_ros2_nav2/ros2_ws/install/kobuki_core/share/kobuki_core/local_setup.bash
[47.852s] -- Symlinking: /home/turtlebot5/tb2_ros2_nav2/ros2_ws/install/kobuki_core/share/kobuki_core/local_setup.sh
[47.859s] -- Symlinking: /home/turtlebot5/tb2_ros2_nav2/ros2_ws/install/kobuki_core/share/kobuki_core/local_setup.zsh
[47.866s] -- Symlinking: /home/turtlebot5/tb2_ros2_nav2/ros2_ws/install/kobuki_core/share/kobuki_core/local_setup.dsv
[47.874s] -- Symlinking: /home/turtlebot5/tb2_ros2_nav2/ros2_ws/install/kobuki_core/share/kobuki_core/package.dsv
[47.881s] -- Symlinking: /home/turtlebot5/tb2_ros2_nav2/ros2_ws/install/kobuki_core/share/ament_index/resource_index/packages/kobuki_core
[47.889s] -- Symlinking: /home/turtlebot5/tb2_ros2_nav2/ros2_ws/install/kobuki_core/share/kobuki_core/cmake/ament_cmake_export_targets-extras.cmake
[47.896s] -- Symlinking: /home/turtlebot5/tb2_ros2_nav2/ros2_ws/install/kobuki_core/share/kobuki_core/cmake/ament_cmake_export_dependencies-extras.cmake
[47.904s] -- Symlinking: /home/turtlebot5/tb2_ros2_nav2/ros2_ws/install/kobuki_core/share/kobuki_core/cmake/ament_cmake_export_include_directories-extras.cmake
[47.911s] -- Symlinking: /home/turtlebot5/tb2_ros2_nav2/ros2_ws/install/kobuki_core/share/kobuki_core/cmake/ament_cmake_export_libraries-extras.cmake
[47.919s] -- Symlinking: /home/turtlebot5/tb2_ros2_nav2/ros2_ws/install/kobuki_core/share/kobuki_core/cmake/kobuki_coreConfig.cmake
[47.926s] -- Symlinking: /home/turtlebot5/tb2_ros2_nav2/ros2_ws/install/kobuki_core/share/kobuki_core/cmake/kobuki_coreConfig-version.cmake
[47.934s] -- Symlinking: /home/turtlebot5/tb2_ros2_nav2/ros2_ws/install/kobuki_core/share/kobuki_core/package.xml
[47.941s] -- Installing: /home/turtlebot5/tb2_ros2_nav2/ros2_ws/install/kobuki_core/share/kobuki_core/cmake/kobuki_coreExport.cmake
[47.942s] -- Installing: /home/turtlebot5/tb2_ros2_nav2/ros2_ws/install/kobuki_core/share/kobuki_core/cmake/kobuki_coreExport-noconfig.cmake
[47.942s] -- Installing: /home/turtlebot5/tb2_ros2_nav2/ros2_ws/install/kobuki_core/lib/libkobuki_core.so.1.3.1
[47.945s] -- Set runtime path of "/home/turtlebot5/tb2_ros2_nav2/ros2_ws/install/kobuki_core/lib/libkobuki_core.so.1.3.1" to ""
[47.946s] -- Installing: /home/turtlebot5/tb2_ros2_nav2/ros2_ws/install/kobuki_core/lib/libkobuki_core.so
[47.950s] Invoked command in '/home/turtlebot5/tb2_ros2_nav2/ros2_ws/build/kobuki_core' returned '0': CMAKE_PREFIX_PATH=/opt/ros/galactic /usr/bin/cmake --install /home/turtlebot5/tb2_ros2_nav2/ros2_ws/build/kobuki_core
