[0.034s] Invoking command in '/home/igor/tb2_ros2_nav2/ros2_ws/build/kobuki_ros_interfaces': CMAKE_PREFIX_PATH=${CMAKE_PREFIX_PATH}:/opt/ros/galactic /usr/bin/cmake /home/igor/tb2_ros2_nav2/ros2_ws/src/kobuki_ros_interfaces -DAMENT_CMAKE_SYMLINK_INSTALL=1 -DCMAKE_INSTALL_PREFIX=/home/igor/tb2_ros2_nav2/ros2_ws/install/kobuki_ros_interfaces
[0.236s] -- The C compiler identification is GNU 9.4.0
[0.509s] -- The CXX compiler identification is GNU 9.4.0
[0.573s] -- Check for working C compiler: /usr/bin/cc
[0.657s] -- Check for working C compiler: /usr/bin/cc -- works
[0.658s] -- Detecting C compiler ABI info
[0.744s] -- Detecting C compiler ABI info - done
[0.752s] -- Detecting C compile features
[0.752s] -- Detecting C compile features - done
[0.755s] -- Check for working CXX compiler: /usr/bin/c++
[0.852s] -- Check for working CXX compiler: /usr/bin/c++ -- works
[0.853s] -- Detecting CXX compiler ABI info
[0.951s] -- Detecting CXX compiler ABI info - done
[0.959s] -- Detecting CXX compile features
[0.959s] -- Detecting CXX compile features - done
[0.962s] -- Found action_msgs: 1.0.3 (/opt/ros/galactic/share/action_msgs/cmake)
[0.985s] -- Found PythonInterp: /usr/bin/python3 (found suitable version "3.8.10", minimum required is "3") 
[0.985s] -- Using PYTHON_EXECUTABLE: /usr/bin/python3
[1.038s] -- Override CMake install command with custom implementation using symlinks instead of copying resources
[1.193s] -- Using all available rosidl_typesupport_c: rosidl_typesupport_fastrtps_c;rosidl_typesupport_introspection_c
[1.200s] -- Found rosidl_adapter: 2.2.2 (/opt/ros/galactic/share/rosidl_adapter/cmake)
[1.714s] -- Found OpenSSL: /usr/lib/x86_64-linux-gnu/libcrypto.so (found version "1.1.1f")  
[2.151s] -- Found FastRTPS: /opt/ros/galactic/include  
[2.936s] -- Using all available rosidl_typesupport_cpp: rosidl_typesupport_fastrtps_cpp;rosidl_typesupport_introspection_cpp
[3.004s] -- Found rosidl_default_generators: 1.1.1 (/opt/ros/galactic/share/rosidl_default_generators/cmake)
[3.016s] -- Found std_msgs: 2.2.4 (/opt/ros/galactic/share/std_msgs/cmake)
[3.044s] -- Found PythonInterp: /usr/bin/python3 (found version "3.8.10") 
[3.233s] -- Found ament_cmake_ros: 0.9.2 (/opt/ros/galactic/share/ament_cmake_ros/cmake)
[5.774s] -- Using all available rosidl_typesupport_c: rosidl_typesupport_fastrtps_c;rosidl_typesupport_introspection_c
[5.833s] -- Using all available rosidl_typesupport_cpp: rosidl_typesupport_fastrtps_cpp;rosidl_typesupport_introspection_cpp
[5.852s] -- Found PythonInterp: /usr/bin/python3 (found suitable version "3.8.10", minimum required is "3.5") 
[5.852s] -- Found python_cmake_module: 0.8.1 (/opt/ros/galactic/share/python_cmake_module/cmake)
[6.088s] -- Found PythonLibs: /usr/lib/x86_64-linux-gnu/libpython3.8.so (found suitable version "3.8.10", minimum required is "3.5") 
[6.088s] -- Using PYTHON_EXECUTABLE: /usr/bin/python3
[6.088s] -- Using PYTHON_INCLUDE_DIRS: /usr/include/python3.8
[6.088s] -- Using PYTHON_LIBRARIES: /usr/lib/x86_64-linux-gnu/libpython3.8.so
[6.102s] -- Found PythonExtra: .so  
[6.199s] -- Configuring done
[6.280s] -- Generating done
[6.283s] -- Build files have been written to: /home/igor/tb2_ros2_nav2/ros2_ws/build/kobuki_ros_interfaces
