-- The C compiler identification is GNU 9.4.0
-- The CXX compiler identification is GNU 9.4.0
-- Check for working C compiler: /usr/bin/cc
-- Check for working C compiler: /usr/bin/cc -- works
-- Detecting C compiler ABI info
-- Detecting C compiler ABI info - done
-- Detecting C compile features
-- Detecting C compile features - done
-- Check for working CXX compiler: /usr/bin/c++
-- Check for working CXX compiler: /usr/bin/c++ -- works
-- Detecting CXX compiler ABI info
-- Detecting CXX compiler ABI info - done
-- Detecting CXX compile features
-- Detecting CXX compile features - done
-- Found ament_cmake_ros: 0.9.2 (/opt/ros/galactic/share/ament_cmake_ros/cmake)
-- Found PythonInterp: /usr/bin/python3 (found suitable version "3.8.10", minimum required is "3") 
-- Using PYTHON_EXECUTABLE: /usr/bin/python3
-- Override CMake install command with custom implementation using symlinks instead of copying resources
-- Found kobuki_ros_interfaces: 1.0.0 (/home/turtlebot5/tb2_ros2_nav2/ros2_ws/install/kobuki_ros_interfaces/share/kobuki_ros_interfaces/cmake)
-- Using all available rosidl_typesupport_c: rosidl_typesupport_fastrtps_c;rosidl_typesupport_introspection_c
-- Found rosidl_adapter: 2.2.2 (/opt/ros/galactic/share/rosidl_adapter/cmake)
-- Found OpenSSL: /usr/lib/x86_64-linux-gnu/libcrypto.so (found version "1.1.1f")  
-- Found FastRTPS: /opt/ros/galactic/include  
-- Using all available rosidl_typesupport_cpp: rosidl_typesupport_fastrtps_cpp;rosidl_typesupport_introspection_cpp
-- Found rcl_interfaces: 1.0.3 (/opt/ros/galactic/share/rcl_interfaces/cmake)
-- Found rclcpp: 9.2.1 (/opt/ros/galactic/share/rclcpp/cmake)
-- Found rmw_implementation_cmake: 3.3.1 (/opt/ros/galactic/share/rmw_implementation_cmake/cmake)
-- Found rmw_cyclonedds_cpp: 0.22.5 (/opt/ros/galactic/share/rmw_cyclonedds_cpp/cmake)
-- Using RMW implementation 'rmw_cyclonedds_cpp' as default
-- Looking for pthread.h
-- Looking for pthread.h - found
-- Performing Test CMAKE_HAVE_LIBC_PTHREAD
-- Performing Test CMAKE_HAVE_LIBC_PTHREAD - Failed
-- Looking for pthread_create in pthreads
-- Looking for pthread_create in pthreads - not found
-- Looking for pthread_create in pthread
-- Looking for pthread_create in pthread - found
-- Found Threads: TRUE  
-- Found rclcpp_components: 9.2.1 (/opt/ros/galactic/share/rclcpp_components/cmake)
-- Found sensor_msgs: 2.2.4 (/opt/ros/galactic/share/sensor_msgs/cmake)
-- Configuring done
-- Generating done
-- Build files have been written to: /home/turtlebot5/tb2_ros2_nav2/ros2_ws/build/kobuki_bumper2pc
[35m[1mScanning dependencies of target kobuki_bumper2pc_node[0m
[35m[1mScanning dependencies of target kobuki_bumper2pc[0m
[ 25%] [32mBuilding CXX object CMakeFiles/kobuki_bumper2pc_node.dir/rclcpp_components/node_main_kobuki_bumper2pc_node.cpp.o[0m
[ 50%] [32mBuilding CXX object CMakeFiles/kobuki_bumper2pc.dir/src/kobuki_bumper2pc.cpp.o[0m
[ 75%] [32m[1mLinking CXX executable kobuki_bumper2pc_node[0m
[ 75%] Built target kobuki_bumper2pc_node
[100%] [32m[1mLinking CXX shared library libkobuki_bumper2pc.so[0m
[100%] Built target kobuki_bumper2pc
-- Install configuration: ""
-- Execute custom install script
-- Symlinking: /home/turtlebot5/tb2_ros2_nav2/ros2_ws/install/kobuki_bumper2pc/lib/kobuki_bumper2pc/kobuki_bumper2pc_node
-- Symlinking: /home/turtlebot5/tb2_ros2_nav2/ros2_ws/install/kobuki_bumper2pc/lib/libkobuki_bumper2pc.so
-- Symlinking: /home/turtlebot5/tb2_ros2_nav2/ros2_ws/install/kobuki_bumper2pc/include/kobuki_bumper2pc/kobuki_bumper2pc.hpp
-- Symlinking: /home/turtlebot5/tb2_ros2_nav2/ros2_ws/install/kobuki_bumper2pc/share/kobuki_bumper2pc/launch/kobuki_bumper2pc-launch.py
-- Symlinking: /home/turtlebot5/tb2_ros2_nav2/ros2_ws/install/kobuki_bumper2pc/share/ament_index/resource_index/package_run_dependencies/kobuki_bumper2pc
-- Symlinking: /home/turtlebot5/tb2_ros2_nav2/ros2_ws/install/kobuki_bumper2pc/share/ament_index/resource_index/parent_prefix_path/kobuki_bumper2pc
-- Symlinking: /home/turtlebot5/tb2_ros2_nav2/ros2_ws/install/kobuki_bumper2pc/share/kobuki_bumper2pc/environment/ament_prefix_path.sh
-- Symlinking: /home/turtlebot5/tb2_ros2_nav2/ros2_ws/install/kobuki_bumper2pc/share/kobuki_bumper2pc/environment/ament_prefix_path.dsv
-- Symlinking: /home/turtlebot5/tb2_ros2_nav2/ros2_ws/install/kobuki_bumper2pc/share/kobuki_bumper2pc/environment/path.sh
-- Symlinking: /home/turtlebot5/tb2_ros2_nav2/ros2_ws/install/kobuki_bumper2pc/share/kobuki_bumper2pc/environment/path.dsv
-- Symlinking: /home/turtlebot5/tb2_ros2_nav2/ros2_ws/install/kobuki_bumper2pc/share/kobuki_bumper2pc/local_setup.bash
-- Symlinking: /home/turtlebot5/tb2_ros2_nav2/ros2_ws/install/kobuki_bumper2pc/share/kobuki_bumper2pc/local_setup.sh
-- Symlinking: /home/turtlebot5/tb2_ros2_nav2/ros2_ws/install/kobuki_bumper2pc/share/kobuki_bumper2pc/local_setup.zsh
-- Symlinking: /home/turtlebot5/tb2_ros2_nav2/ros2_ws/install/kobuki_bumper2pc/share/kobuki_bumper2pc/local_setup.dsv
-- Symlinking: /home/turtlebot5/tb2_ros2_nav2/ros2_ws/install/kobuki_bumper2pc/share/kobuki_bumper2pc/package.dsv
-- Symlinking: /home/turtlebot5/tb2_ros2_nav2/ros2_ws/install/kobuki_bumper2pc/share/ament_index/resource_index/packages/kobuki_bumper2pc
-- Symlinking: /home/turtlebot5/tb2_ros2_nav2/ros2_ws/install/kobuki_bumper2pc/share/ament_index/resource_index/rclcpp_components/kobuki_bumper2pc
-- Symlinking: /home/turtlebot5/tb2_ros2_nav2/ros2_ws/install/kobuki_bumper2pc/share/kobuki_bumper2pc/cmake/kobuki_bumper2pcConfig.cmake
-- Symlinking: /home/turtlebot5/tb2_ros2_nav2/ros2_ws/install/kobuki_bumper2pc/share/kobuki_bumper2pc/cmake/kobuki_bumper2pcConfig-version.cmake
-- Symlinking: /home/turtlebot5/tb2_ros2_nav2/ros2_ws/install/kobuki_bumper2pc/share/kobuki_bumper2pc/package.xml
