[0.034s] Invoking command in '/home/igor/tb2_ros2_nav2/ros2_ws/build/urg_node': CMAKE_PREFIX_PATH=/opt/ros/galactic /usr/bin/cmake /home/igor/tb2_ros2_nav2/ros2_ws/src/urg_node -DCMAKE_INSTALL_PREFIX=/home/igor/tb2_ros2_nav2/ros2_ws/install/urg_node
[0.039s] -- Found ament_cmake: 1.1.5 (/opt/ros/galactic/share/ament_cmake/cmake)
[0.060s] -- Found PythonInterp: /usr/bin/python3 (found suitable version "3.8.10", minimum required is "3") 
[0.060s] -- Using PYTHON_EXECUTABLE: /usr/bin/python3
[0.153s] -- Found Boost: /usr/lib/x86_64-linux-gnu/cmake/Boost-1.71.0/BoostConfig.cmake (found version "1.71.0")  
[0.155s] -- Found diagnostic_updater: 2.1.3 (/opt/ros/galactic/share/diagnostic_updater/cmake)
[0.277s] -- Using all available rosidl_typesupport_c: rosidl_typesupport_fastrtps_c;rosidl_typesupport_introspection_c
[0.281s] -- Found rosidl_adapter: 2.2.2 (/opt/ros/galactic/share/rosidl_adapter/cmake)
[1.082s] -- Found OpenSSL: /usr/lib/x86_64-linux-gnu/libcrypto.so (found version "1.1.1f")  
[1.788s] -- Found FastRTPS: /opt/ros/galactic/include  
[3.507s] -- Using all available rosidl_typesupport_cpp: rosidl_typesupport_fastrtps_cpp;rosidl_typesupport_introspection_cpp
[3.615s] -- Found rmw_implementation_cmake: 3.3.1 (/opt/ros/galactic/share/rmw_implementation_cmake/cmake)
[3.617s] -- Found rmw_cyclonedds_cpp: 0.22.5 (/opt/ros/galactic/share/rmw_cyclonedds_cpp/cmake)
[3.634s] -- Using RMW implementation 'rmw_cyclonedds_cpp' as default
[3.635s] -- Looking for pthread.h
[3.764s] -- Looking for pthread.h - found
[3.764s] -- Performing Test CMAKE_HAVE_LIBC_PTHREAD
[3.885s] -- Performing Test CMAKE_HAVE_LIBC_PTHREAD - Failed
[3.886s] -- Looking for pthread_create in pthreads
[3.982s] -- Looking for pthread_create in pthreads - not found
[3.982s] -- Looking for pthread_create in pthread
[4.082s] -- Looking for pthread_create in pthread - found
[4.083s] -- Found Threads: TRUE  
[4.907s] CMake Error at CMakeLists.txt:23 (find_package):
[4.907s]   By not providing "Findlaser_proc.cmake" in CMAKE_MODULE_PATH this project
[4.907s]   has asked CMake to find a package configuration file provided by
[4.907s]   "laser_proc", but CMake did not find one.
[4.907s] 
[4.908s]   Could not find a package configuration file provided by "laser_proc" with
[4.908s]   any of the following names:
[4.908s] 
[4.908s]     laser_procConfig.cmake
[4.908s]     laser_proc-config.cmake
[4.908s] 
[4.908s]   Add the installation prefix of "laser_proc" to CMAKE_PREFIX_PATH or set
[4.908s]   "laser_proc_DIR" to a directory containing one of the above files.  If
[4.908s]   "laser_proc" provides a separate development package or SDK, be sure it has
[4.908s]   been installed.
[4.908s] 
[4.908s] 
[4.908s] -- Configuring incomplete, errors occurred!
[4.908s] See also "/home/igor/tb2_ros2_nav2/ros2_ws/build/urg_node/CMakeFiles/CMakeOutput.log".
[4.908s] See also "/home/igor/tb2_ros2_nav2/ros2_ws/build/urg_node/CMakeFiles/CMakeError.log".
[4.914s] Invoked command in '/home/igor/tb2_ros2_nav2/ros2_ws/build/urg_node' returned '1': CMAKE_PREFIX_PATH=/opt/ros/galactic /usr/bin/cmake /home/igor/tb2_ros2_nav2/ros2_ws/src/urg_node -DCMAKE_INSTALL_PREFIX=/home/igor/tb2_ros2_nav2/ros2_ws/install/urg_node
