[0.028s] Invoking command in '/home/igor/tb2_ros2_nav2/ros2_ws/build/velocity_smoother': CMAKE_PREFIX_PATH=${CMAKE_PREFIX_PATH}:/opt/ros/galactic /usr/bin/cmake /home/igor/tb2_ros2_nav2/ros2_ws/src/velocity_smoother -DAMENT_CMAKE_SYMLINK_INSTALL=1 -DCMAKE_INSTALL_PREFIX=/home/igor/tb2_ros2_nav2/ros2_ws/install/velocity_smoother
[0.218s] -- The C compiler identification is GNU 9.4.0
[0.490s] -- The CXX compiler identification is GNU 9.4.0
[0.555s] -- Check for working C compiler: /usr/bin/cc
[0.639s] -- Check for working C compiler: /usr/bin/cc -- works
[0.641s] -- Detecting C compiler ABI info
[0.725s] -- Detecting C compiler ABI info - done
[0.734s] -- Detecting C compile features
[0.734s] -- Detecting C compile features - done
[0.737s] -- Check for working CXX compiler: /usr/bin/c++
[0.838s] -- Check for working CXX compiler: /usr/bin/c++ -- works
[0.839s] -- Detecting CXX compiler ABI info
[0.935s] -- Detecting CXX compiler ABI info - done
[0.943s] -- Detecting CXX compile features
[0.943s] -- Detecting CXX compile features - done
[0.945s] -- Found ament_cmake_ros: 0.9.2 (/opt/ros/galactic/share/ament_cmake_ros/cmake)
[0.971s] -- Found PythonInterp: /usr/bin/python3 (found suitable version "3.8.10", minimum required is "3") 
[0.972s] -- Using PYTHON_EXECUTABLE: /usr/bin/python3
[1.021s] -- Override CMake install command with custom implementation using symlinks instead of copying resources
[1.474s] CMake Error at CMakeLists.txt:5 (find_package):
[1.474s]   By not providing "Findecl_build.cmake" in CMAKE_MODULE_PATH this project
[1.474s]   has asked CMake to find a package configuration file provided by
[1.474s]   "ecl_build", but CMake did not find one.
[1.475s] 
[1.475s]   Could not find a package configuration file provided by "ecl_build" with
[1.475s]   any of the following names:
[1.475s] 
[1.475s]     ecl_buildConfig.cmake
[1.475s]     ecl_build-config.cmake
[1.475s] 
[1.475s]   Add the installation prefix of "ecl_build" to CMAKE_PREFIX_PATH or set
[1.476s]   "ecl_build_DIR" to a directory containing one of the above files.  If
[1.476s]   "ecl_build" provides a separate development package or SDK, be sure it has
[1.476s]   been installed.
[1.476s] 
[1.476s] 
[1.486s] -- Configuring incomplete, errors occurred!
[1.486s] See also "/home/igor/tb2_ros2_nav2/ros2_ws/build/velocity_smoother/CMakeFiles/CMakeOutput.log".
[1.487s] Invoked command in '/home/igor/tb2_ros2_nav2/ros2_ws/build/velocity_smoother' returned '1': CMAKE_PREFIX_PATH=${CMAKE_PREFIX_PATH}:/opt/ros/galactic /usr/bin/cmake /home/igor/tb2_ros2_nav2/ros2_ws/src/velocity_smoother -DAMENT_CMAKE_SYMLINK_INSTALL=1 -DCMAKE_INSTALL_PREFIX=/home/igor/tb2_ros2_nav2/ros2_ws/install/velocity_smoother
