[0.030s] Invoking command in '/home/turtlebot5/tb2_ros2_nav2/ros2_ws/build/velocity_smoother': CMAKE_PREFIX_PATH=/opt/ros/galactic /usr/bin/cmake /home/turtlebot5/tb2_ros2_nav2/ros2_ws/src/velocity_smoother -DAMENT_CMAKE_SYMLINK_INSTALL=1 -DCMAKE_INSTALL_PREFIX=/home/turtlebot5/tb2_ros2_nav2/ros2_ws/install/velocity_smoother
[0.173s] -- The C compiler identification is GNU 9.4.0
[0.241s] -- The CXX compiler identification is GNU 9.4.0
[0.248s] -- Check for working C compiler: /usr/bin/cc
[0.333s] -- Check for working C compiler: /usr/bin/cc -- works
[0.335s] -- Detecting C compiler ABI info
[0.425s] -- Detecting C compiler ABI info - done
[0.446s] -- Detecting C compile features
[0.446s] -- Detecting C compile features - done
[0.449s] -- Check for working CXX compiler: /usr/bin/c++
[0.550s] -- Check for working CXX compiler: /usr/bin/c++ -- works
[0.551s] -- Detecting CXX compiler ABI info
[0.654s] -- Detecting CXX compiler ABI info - done
[0.675s] -- Detecting CXX compile features
[0.676s] -- Detecting CXX compile features - done
[0.679s] -- Found ament_cmake_ros: 0.9.2 (/opt/ros/galactic/share/ament_cmake_ros/cmake)
[0.720s] -- Found PythonInterp: /usr/bin/python3 (found suitable version "3.8.10", minimum required is "3") 
[0.721s] -- Using PYTHON_EXECUTABLE: /usr/bin/python3
[0.791s] -- Override CMake install command with custom implementation using symlinks instead of copying resources
[0.828s] -- Found ecl_build: 1.0.2 (/opt/ros/galactic/share/ecl_build/cmake)
[0.838s] -- Found geometry_msgs: 2.2.4 (/opt/ros/galactic/share/geometry_msgs/cmake)
[0.881s] -- Using all available rosidl_typesupport_c: rosidl_typesupport_fastrtps_c;rosidl_typesupport_introspection_c
[0.888s] -- Found rosidl_adapter: 2.2.2 (/opt/ros/galactic/share/rosidl_adapter/cmake)
[0.995s] -- Found OpenSSL: /usr/lib/x86_64-linux-gnu/libcrypto.so (found version "1.1.1f")  
[1.037s] -- Found FastRTPS: /opt/ros/galactic/include  
[1.149s] -- Using all available rosidl_typesupport_cpp: rosidl_typesupport_fastrtps_cpp;rosidl_typesupport_introspection_cpp
[1.285s] -- Found nav_msgs: 2.2.4 (/opt/ros/galactic/share/nav_msgs/cmake)
[1.411s] -- Found rcl_interfaces: 1.0.3 (/opt/ros/galactic/share/rcl_interfaces/cmake)
[1.436s] -- Found rclcpp: 9.2.1 (/opt/ros/galactic/share/rclcpp/cmake)
[1.492s] -- Found rmw_implementation_cmake: 3.3.1 (/opt/ros/galactic/share/rmw_implementation_cmake/cmake)
[1.497s] -- Found rmw_cyclonedds_cpp: 0.22.5 (/opt/ros/galactic/share/rmw_cyclonedds_cpp/cmake)
[1.529s] -- Using RMW implementation 'rmw_cyclonedds_cpp' as default
[1.530s] -- Looking for pthread.h
[1.620s] -- Looking for pthread.h - found
[1.621s] -- Performing Test CMAKE_HAVE_LIBC_PTHREAD
[1.712s] -- Performing Test CMAKE_HAVE_LIBC_PTHREAD - Failed
[1.712s] -- Looking for pthread_create in pthreads
[1.794s] -- Looking for pthread_create in pthreads - not found
[1.794s] -- Looking for pthread_create in pthread
[2.066s] -- Looking for pthread_create in pthread - found
[2.067s] -- Found Threads: TRUE  
[2.349s] -- Found rclcpp_components: 9.2.1 (/opt/ros/galactic/share/rclcpp_components/cmake)
[2.513s] -- Found launch_testing_ament_cmake: 0.17.1 (/opt/ros/galactic/share/launch_testing_ament_cmake/cmake)
[2.515s] -- Found python_cmake_module: 0.8.1 (/opt/ros/galactic/share/python_cmake_module/cmake)
[2.581s] -- Found PythonInterp: /usr/bin/python3 (found suitable version "3.8.10", minimum required is "3.5") 
[2.584s] -- Found PythonLibs: /usr/lib/x86_64-linux-gnu/libpython3.8.so (found suitable version "3.8.10", minimum required is "3.5") 
[2.584s] -- Using PYTHON_EXECUTABLE: /usr/bin/python3
[2.584s] -- Using PYTHON_INCLUDE_DIRS: /usr/include/python3.8
[2.584s] -- Using PYTHON_LIBRARIES: /usr/lib/x86_64-linux-gnu/libpython3.8.so
[2.647s] -- Found PythonExtra: .so  
[2.764s] -- Configuring done
[2.789s] -- Generating done
[2.791s] -- Build files have been written to: /home/turtlebot5/tb2_ros2_nav2/ros2_ws/build/velocity_smoother
[2.818s] Invoked command in '/home/turtlebot5/tb2_ros2_nav2/ros2_ws/build/velocity_smoother' returned '0': CMAKE_PREFIX_PATH=/opt/ros/galactic /usr/bin/cmake /home/turtlebot5/tb2_ros2_nav2/ros2_ws/src/velocity_smoother -DAMENT_CMAKE_SYMLINK_INSTALL=1 -DCMAKE_INSTALL_PREFIX=/home/turtlebot5/tb2_ros2_nav2/ros2_ws/install/velocity_smoother
[2.819s] Invoking command in '/home/turtlebot5/tb2_ros2_nav2/ros2_ws/build/velocity_smoother': CMAKE_PREFIX_PATH=/opt/ros/galactic /usr/bin/cmake --build /home/turtlebot5/tb2_ros2_nav2/ros2_ws/build/velocity_smoother -- -j4 -l4
[2.991s] [35m[1mScanning dependencies of target velocity_smoother[0m
[3.137s] [ 25%] [32mBuilding CXX object CMakeFiles/velocity_smoother.dir/src/velocity_smoother.cpp.o[0m
[30.393s] [ 50%] [32m[1mLinking CXX shared library libvelocity_smoother.so[0m
[31.830s] [ 50%] Built target velocity_smoother
[31.858s] [35m[1mScanning dependencies of target velocity_smoother_node[0m
[31.966s] [ 75%] [32mBuilding CXX object CMakeFiles/velocity_smoother_node.dir/src/velocity_smoother_node.cpp.o[0m
[36.250s] [100%] [32m[1mLinking CXX executable velocity_smoother[0m
[36.546s] [100%] Built target velocity_smoother_node
[36.571s] Invoked command in '/home/turtlebot5/tb2_ros2_nav2/ros2_ws/build/velocity_smoother' returned '0': CMAKE_PREFIX_PATH=/opt/ros/galactic /usr/bin/cmake --build /home/turtlebot5/tb2_ros2_nav2/ros2_ws/build/velocity_smoother -- -j4 -l4
[36.595s] Invoking command in '/home/turtlebot5/tb2_ros2_nav2/ros2_ws/build/velocity_smoother': CMAKE_PREFIX_PATH=/opt/ros/galactic /usr/bin/cmake --install /home/turtlebot5/tb2_ros2_nav2/ros2_ws/build/velocity_smoother
[36.604s] -- Install configuration: ""
[36.604s] -- Execute custom install script
[36.605s] -- Symlinking: /home/turtlebot5/tb2_ros2_nav2/ros2_ws/install/velocity_smoother/lib/libvelocity_smoother.so
[36.613s] -- Symlinking: /home/turtlebot5/tb2_ros2_nav2/ros2_ws/install/velocity_smoother/include/velocity_smoother/velocity_smoother.hpp
[36.620s] -- Symlinking: /home/turtlebot5/tb2_ros2_nav2/ros2_ws/install/velocity_smoother/lib/velocity_smoother/velocity_smoother
[36.629s] -- Symlinking: /home/turtlebot5/tb2_ros2_nav2/ros2_ws/install/velocity_smoother/share/velocity_smoother/config/velocity_smoother_params.yaml
[36.637s] -- Symlinking: /home/turtlebot5/tb2_ros2_nav2/ros2_ws/install/velocity_smoother/share/velocity_smoother/launch/velocity_smoother-composed-launch.py
[36.644s] -- Symlinking: /home/turtlebot5/tb2_ros2_nav2/ros2_ws/install/velocity_smoother/share/velocity_smoother/launch/velocity_smoother-launch.py
[36.652s] -- Symlinking: /home/turtlebot5/tb2_ros2_nav2/ros2_ws/install/velocity_smoother/lib/velocity_smoother/translational_command_profile.py
[36.660s] -- Symlinking: /home/turtlebot5/tb2_ros2_nav2/ros2_ws/install/velocity_smoother/share/velocity_smoother/launch_test/test_translational_smoothing.py
[36.667s] -- Symlinking: /home/turtlebot5/tb2_ros2_nav2/ros2_ws/install/velocity_smoother/share/ament_index/resource_index/package_run_dependencies/velocity_smoother
[36.675s] -- Symlinking: /home/turtlebot5/tb2_ros2_nav2/ros2_ws/install/velocity_smoother/share/ament_index/resource_index/parent_prefix_path/velocity_smoother
[36.685s] -- Symlinking: /home/turtlebot5/tb2_ros2_nav2/ros2_ws/install/velocity_smoother/share/velocity_smoother/environment/ament_prefix_path.sh
[36.693s] -- Symlinking: /home/turtlebot5/tb2_ros2_nav2/ros2_ws/install/velocity_smoother/share/velocity_smoother/environment/ament_prefix_path.dsv
[36.701s] -- Symlinking: /home/turtlebot5/tb2_ros2_nav2/ros2_ws/install/velocity_smoother/share/velocity_smoother/environment/path.sh
[36.709s] -- Symlinking: /home/turtlebot5/tb2_ros2_nav2/ros2_ws/install/velocity_smoother/share/velocity_smoother/environment/path.dsv
[36.717s] -- Symlinking: /home/turtlebot5/tb2_ros2_nav2/ros2_ws/install/velocity_smoother/share/velocity_smoother/local_setup.bash
[36.724s] -- Symlinking: /home/turtlebot5/tb2_ros2_nav2/ros2_ws/install/velocity_smoother/share/velocity_smoother/local_setup.sh
[36.732s] -- Symlinking: /home/turtlebot5/tb2_ros2_nav2/ros2_ws/install/velocity_smoother/share/velocity_smoother/local_setup.zsh
[36.740s] -- Symlinking: /home/turtlebot5/tb2_ros2_nav2/ros2_ws/install/velocity_smoother/share/velocity_smoother/local_setup.dsv
[36.747s] -- Symlinking: /home/turtlebot5/tb2_ros2_nav2/ros2_ws/install/velocity_smoother/share/velocity_smoother/package.dsv
[36.755s] -- Symlinking: /home/turtlebot5/tb2_ros2_nav2/ros2_ws/install/velocity_smoother/share/ament_index/resource_index/packages/velocity_smoother
[36.763s] -- Symlinking: /home/turtlebot5/tb2_ros2_nav2/ros2_ws/install/velocity_smoother/share/ament_index/resource_index/rclcpp_components/velocity_smoother
[36.771s] -- Symlinking: /home/turtlebot5/tb2_ros2_nav2/ros2_ws/install/velocity_smoother/share/velocity_smoother/cmake/velocity_smootherConfig.cmake
[36.778s] -- Symlinking: /home/turtlebot5/tb2_ros2_nav2/ros2_ws/install/velocity_smoother/share/velocity_smoother/cmake/velocity_smootherConfig-version.cmake
[36.786s] -- Symlinking: /home/turtlebot5/tb2_ros2_nav2/ros2_ws/install/velocity_smoother/share/velocity_smoother/package.xml
[36.798s] Invoked command in '/home/turtlebot5/tb2_ros2_nav2/ros2_ws/build/velocity_smoother' returned '0': CMAKE_PREFIX_PATH=/opt/ros/galactic /usr/bin/cmake --install /home/turtlebot5/tb2_ros2_nav2/ros2_ws/build/velocity_smoother
