-- Found ament_cmake_ros: 0.9.2 (/opt/ros/galactic/share/ament_cmake_ros/cmake)
-- Using PYTHON_EXECUTABLE: /usr/bin/python3
-- Override CMake install command with custom implementation using symlinks instead of copying resources
-- Found kobuki_ros_interfaces: 1.0.0 (/home/igor/tb2_ros2_nav2/ros2_ws/install/kobuki_ros_interfaces/share/kobuki_ros_interfaces/cmake)
-- Using all available rosidl_typesupport_c: rosidl_typesupport_fastrtps_c;rosidl_typesupport_introspection_c
-- Found rosidl_adapter: 2.2.2 (/opt/ros/galactic/share/rosidl_adapter/cmake)
-- Using all available rosidl_typesupport_cpp: rosidl_typesupport_fastrtps_cpp;rosidl_typesupport_introspection_cpp
-- Found rcl_interfaces: 1.0.3 (/opt/ros/galactic/share/rcl_interfaces/cmake)
-- Found rclcpp: 9.2.1 (/opt/ros/galactic/share/rclcpp/cmake)
-- Found rmw_implementation_cmake: 3.3.1 (/opt/ros/galactic/share/rmw_implementation_cmake/cmake)
-- Found rmw_cyclonedds_cpp: 0.22.5 (/opt/ros/galactic/share/rmw_cyclonedds_cpp/cmake)
-- Using RMW implementation 'rmw_cyclonedds_cpp' as default
-- Found rclcpp_components: 9.2.1 (/opt/ros/galactic/share/rclcpp_components/cmake)
-- Found sensor_msgs: 2.2.4 (/opt/ros/galactic/share/sensor_msgs/cmake)
-- Configuring done
-- Generating done
-- Build files have been written to: /home/igor/tb2_ros2_nav2/ros2_ws/build/kobuki_bumper2pc
[ 50%] Built target kobuki_bumper2pc_node
[100%] Built target kobuki_bumper2pc
-- Install configuration: ""
-- Execute custom install script
-- Up-to-date symlink: /home/igor/tb2_ros2_nav2/ros2_ws/install/kobuki_bumper2pc/lib/kobuki_bumper2pc/kobuki_bumper2pc_node
-- Up-to-date symlink: /home/igor/tb2_ros2_nav2/ros2_ws/install/kobuki_bumper2pc/lib/libkobuki_bumper2pc.so
-- Up-to-date symlink: /home/igor/tb2_ros2_nav2/ros2_ws/install/kobuki_bumper2pc/include/kobuki_bumper2pc/kobuki_bumper2pc.hpp
-- Up-to-date symlink: /home/igor/tb2_ros2_nav2/ros2_ws/install/kobuki_bumper2pc/share/kobuki_bumper2pc/launch/kobuki_bumper2pc-launch.py
-- Up-to-date symlink: /home/igor/tb2_ros2_nav2/ros2_ws/install/kobuki_bumper2pc/share/ament_index/resource_index/package_run_dependencies/kobuki_bumper2pc
-- Up-to-date symlink: /home/igor/tb2_ros2_nav2/ros2_ws/install/kobuki_bumper2pc/share/ament_index/resource_index/parent_prefix_path/kobuki_bumper2pc
-- Up-to-date symlink: /home/igor/tb2_ros2_nav2/ros2_ws/install/kobuki_bumper2pc/share/kobuki_bumper2pc/environment/ament_prefix_path.sh
-- Up-to-date symlink: /home/igor/tb2_ros2_nav2/ros2_ws/install/kobuki_bumper2pc/share/kobuki_bumper2pc/environment/ament_prefix_path.dsv
-- Up-to-date symlink: /home/igor/tb2_ros2_nav2/ros2_ws/install/kobuki_bumper2pc/share/kobuki_bumper2pc/environment/path.sh
-- Up-to-date symlink: /home/igor/tb2_ros2_nav2/ros2_ws/install/kobuki_bumper2pc/share/kobuki_bumper2pc/environment/path.dsv
-- Up-to-date symlink: /home/igor/tb2_ros2_nav2/ros2_ws/install/kobuki_bumper2pc/share/kobuki_bumper2pc/local_setup.bash
-- Up-to-date symlink: /home/igor/tb2_ros2_nav2/ros2_ws/install/kobuki_bumper2pc/share/kobuki_bumper2pc/local_setup.sh
-- Up-to-date symlink: /home/igor/tb2_ros2_nav2/ros2_ws/install/kobuki_bumper2pc/share/kobuki_bumper2pc/local_setup.zsh
-- Up-to-date symlink: /home/igor/tb2_ros2_nav2/ros2_ws/install/kobuki_bumper2pc/share/kobuki_bumper2pc/local_setup.dsv
-- Symlinking: /home/igor/tb2_ros2_nav2/ros2_ws/install/kobuki_bumper2pc/share/kobuki_bumper2pc/package.dsv
-- Up-to-date symlink: /home/igor/tb2_ros2_nav2/ros2_ws/install/kobuki_bumper2pc/share/ament_index/resource_index/packages/kobuki_bumper2pc
-- Up-to-date symlink: /home/igor/tb2_ros2_nav2/ros2_ws/install/kobuki_bumper2pc/share/ament_index/resource_index/rclcpp_components/kobuki_bumper2pc
-- Up-to-date symlink: /home/igor/tb2_ros2_nav2/ros2_ws/install/kobuki_bumper2pc/share/kobuki_bumper2pc/cmake/kobuki_bumper2pcConfig.cmake
-- Up-to-date symlink: /home/igor/tb2_ros2_nav2/ros2_ws/install/kobuki_bumper2pc/share/kobuki_bumper2pc/cmake/kobuki_bumper2pcConfig-version.cmake
-- Up-to-date symlink: /home/igor/tb2_ros2_nav2/ros2_ws/install/kobuki_bumper2pc/share/kobuki_bumper2pc/package.xml
