[0.116s] Invoking command in '/home/igor/tb2_ros2_nav2/ros2_ws/build/kobuki_bumper2pc': AMENT_PREFIX_PATH=/home/igor/tb2_ros2_nav2/ros2_ws/install/kobuki_ros_interfaces:${AMENT_PREFIX_PATH} CMAKE_PREFIX_PATH=/home/igor/tb2_ros2_nav2/ros2_ws/install/kobuki_ros_interfaces:/opt/ros/galactic LD_LIBRARY_PATH=/home/igor/tb2_ros2_nav2/ros2_ws/install/kobuki_ros_interfaces/lib:${LD_LIBRARY_PATH} PYTHONPATH=/home/igor/tb2_ros2_nav2/ros2_ws/install/kobuki_ros_interfaces/lib/python3.8/site-packages:${PYTHONPATH} /usr/bin/cmake /home/igor/tb2_ros2_nav2/ros2_ws/src/kobuki_ros/kobuki_bumper2pc -DCMAKE_INSTALL_PREFIX=/home/igor/tb2_ros2_nav2/ros2_ws/install/kobuki_bumper2pc
[0.129s] -- Found ament_cmake_ros: 0.9.2 (/opt/ros/galactic/share/ament_cmake_ros/cmake)
[0.153s] -- Using PYTHON_EXECUTABLE: /usr/bin/python3
[0.200s] -- Override CMake install command with custom implementation using symlinks instead of copying resources
[0.207s] -- Found kobuki_ros_interfaces: 1.0.0 (/home/igor/tb2_ros2_nav2/ros2_ws/install/kobuki_ros_interfaces/share/kobuki_ros_interfaces/cmake)
[0.304s] -- Using all available rosidl_typesupport_c: rosidl_typesupport_fastrtps_c;rosidl_typesupport_introspection_c
[0.307s] -- Found rosidl_adapter: 2.2.2 (/opt/ros/galactic/share/rosidl_adapter/cmake)
[3.132s] -- Using all available rosidl_typesupport_cpp: rosidl_typesupport_fastrtps_cpp;rosidl_typesupport_introspection_cpp
[3.308s] -- Found rcl_interfaces: 1.0.3 (/opt/ros/galactic/share/rcl_interfaces/cmake)
[3.317s] -- Found rclcpp: 9.2.1 (/opt/ros/galactic/share/rclcpp/cmake)
[3.337s] -- Found rmw_implementation_cmake: 3.3.1 (/opt/ros/galactic/share/rmw_implementation_cmake/cmake)
[3.338s] -- Found rmw_cyclonedds_cpp: 0.22.5 (/opt/ros/galactic/share/rmw_cyclonedds_cpp/cmake)
[3.352s] -- Using RMW implementation 'rmw_cyclonedds_cpp' as default
[3.448s] -- Found rclcpp_components: 9.2.1 (/opt/ros/galactic/share/rclcpp_components/cmake)
[3.486s] -- Found sensor_msgs: 2.2.4 (/opt/ros/galactic/share/sensor_msgs/cmake)
[3.661s] -- Configuring done
[3.674s] -- Generating done
[3.676s] -- Build files have been written to: /home/igor/tb2_ros2_nav2/ros2_ws/build/kobuki_bumper2pc
[3.689s] Invoked command in '/home/igor/tb2_ros2_nav2/ros2_ws/build/kobuki_bumper2pc' returned '0': AMENT_PREFIX_PATH=/home/igor/tb2_ros2_nav2/ros2_ws/install/kobuki_ros_interfaces:${AMENT_PREFIX_PATH} CMAKE_PREFIX_PATH=/home/igor/tb2_ros2_nav2/ros2_ws/install/kobuki_ros_interfaces:/opt/ros/galactic LD_LIBRARY_PATH=/home/igor/tb2_ros2_nav2/ros2_ws/install/kobuki_ros_interfaces/lib:${LD_LIBRARY_PATH} PYTHONPATH=/home/igor/tb2_ros2_nav2/ros2_ws/install/kobuki_ros_interfaces/lib/python3.8/site-packages:${PYTHONPATH} /usr/bin/cmake /home/igor/tb2_ros2_nav2/ros2_ws/src/kobuki_ros/kobuki_bumper2pc -DCMAKE_INSTALL_PREFIX=/home/igor/tb2_ros2_nav2/ros2_ws/install/kobuki_bumper2pc
[3.690s] Invoking command in '/home/igor/tb2_ros2_nav2/ros2_ws/build/kobuki_bumper2pc': AMENT_PREFIX_PATH=/home/igor/tb2_ros2_nav2/ros2_ws/install/kobuki_ros_interfaces:${AMENT_PREFIX_PATH} CMAKE_PREFIX_PATH=/home/igor/tb2_ros2_nav2/ros2_ws/install/kobuki_ros_interfaces:/opt/ros/galactic LD_LIBRARY_PATH=/home/igor/tb2_ros2_nav2/ros2_ws/install/kobuki_ros_interfaces/lib:${LD_LIBRARY_PATH} PYTHONPATH=/home/igor/tb2_ros2_nav2/ros2_ws/install/kobuki_ros_interfaces/lib/python3.8/site-packages:${PYTHONPATH} /usr/bin/cmake --build /home/igor/tb2_ros2_nav2/ros2_ws/build/kobuki_bumper2pc -- -j16 -l16
[3.740s] [ 50%] Built target kobuki_bumper2pc_node
[3.756s] [100%] Built target kobuki_bumper2pc
[3.769s] Invoked command in '/home/igor/tb2_ros2_nav2/ros2_ws/build/kobuki_bumper2pc' returned '0': AMENT_PREFIX_PATH=/home/igor/tb2_ros2_nav2/ros2_ws/install/kobuki_ros_interfaces:${AMENT_PREFIX_PATH} CMAKE_PREFIX_PATH=/home/igor/tb2_ros2_nav2/ros2_ws/install/kobuki_ros_interfaces:/opt/ros/galactic LD_LIBRARY_PATH=/home/igor/tb2_ros2_nav2/ros2_ws/install/kobuki_ros_interfaces/lib:${LD_LIBRARY_PATH} PYTHONPATH=/home/igor/tb2_ros2_nav2/ros2_ws/install/kobuki_ros_interfaces/lib/python3.8/site-packages:${PYTHONPATH} /usr/bin/cmake --build /home/igor/tb2_ros2_nav2/ros2_ws/build/kobuki_bumper2pc -- -j16 -l16
[3.796s] Invoking command in '/home/igor/tb2_ros2_nav2/ros2_ws/build/kobuki_bumper2pc': AMENT_PREFIX_PATH=/home/igor/tb2_ros2_nav2/ros2_ws/install/kobuki_ros_interfaces:${AMENT_PREFIX_PATH} CMAKE_PREFIX_PATH=/home/igor/tb2_ros2_nav2/ros2_ws/install/kobuki_ros_interfaces:/opt/ros/galactic LD_LIBRARY_PATH=/home/igor/tb2_ros2_nav2/ros2_ws/install/kobuki_ros_interfaces/lib:${LD_LIBRARY_PATH} PYTHONPATH=/home/igor/tb2_ros2_nav2/ros2_ws/install/kobuki_ros_interfaces/lib/python3.8/site-packages:${PYTHONPATH} /usr/bin/cmake --install /home/igor/tb2_ros2_nav2/ros2_ws/build/kobuki_bumper2pc
[3.800s] -- Install configuration: ""
[3.801s] -- Execute custom install script
[3.801s] -- Up-to-date symlink: /home/igor/tb2_ros2_nav2/ros2_ws/install/kobuki_bumper2pc/lib/kobuki_bumper2pc/kobuki_bumper2pc_node
[3.802s] -- Up-to-date symlink: /home/igor/tb2_ros2_nav2/ros2_ws/install/kobuki_bumper2pc/lib/libkobuki_bumper2pc.so
[3.802s] -- Up-to-date symlink: /home/igor/tb2_ros2_nav2/ros2_ws/install/kobuki_bumper2pc/include/kobuki_bumper2pc/kobuki_bumper2pc.hpp
[3.803s] -- Up-to-date symlink: /home/igor/tb2_ros2_nav2/ros2_ws/install/kobuki_bumper2pc/share/kobuki_bumper2pc/launch/kobuki_bumper2pc-launch.py
[3.803s] -- Up-to-date symlink: /home/igor/tb2_ros2_nav2/ros2_ws/install/kobuki_bumper2pc/share/ament_index/resource_index/package_run_dependencies/kobuki_bumper2pc
[3.803s] -- Up-to-date symlink: /home/igor/tb2_ros2_nav2/ros2_ws/install/kobuki_bumper2pc/share/ament_index/resource_index/parent_prefix_path/kobuki_bumper2pc
[3.803s] -- Up-to-date symlink: /home/igor/tb2_ros2_nav2/ros2_ws/install/kobuki_bumper2pc/share/kobuki_bumper2pc/environment/ament_prefix_path.sh
[3.803s] -- Up-to-date symlink: /home/igor/tb2_ros2_nav2/ros2_ws/install/kobuki_bumper2pc/share/kobuki_bumper2pc/environment/ament_prefix_path.dsv
[3.804s] -- Up-to-date symlink: /home/igor/tb2_ros2_nav2/ros2_ws/install/kobuki_bumper2pc/share/kobuki_bumper2pc/environment/path.sh
[3.804s] -- Up-to-date symlink: /home/igor/tb2_ros2_nav2/ros2_ws/install/kobuki_bumper2pc/share/kobuki_bumper2pc/environment/path.dsv
[3.804s] -- Up-to-date symlink: /home/igor/tb2_ros2_nav2/ros2_ws/install/kobuki_bumper2pc/share/kobuki_bumper2pc/local_setup.bash
[3.804s] -- Up-to-date symlink: /home/igor/tb2_ros2_nav2/ros2_ws/install/kobuki_bumper2pc/share/kobuki_bumper2pc/local_setup.sh
[3.805s] -- Up-to-date symlink: /home/igor/tb2_ros2_nav2/ros2_ws/install/kobuki_bumper2pc/share/kobuki_bumper2pc/local_setup.zsh
[3.805s] -- Up-to-date symlink: /home/igor/tb2_ros2_nav2/ros2_ws/install/kobuki_bumper2pc/share/kobuki_bumper2pc/local_setup.dsv
[3.805s] -- Symlinking: /home/igor/tb2_ros2_nav2/ros2_ws/install/kobuki_bumper2pc/share/kobuki_bumper2pc/package.dsv
[3.813s] -- Up-to-date symlink: /home/igor/tb2_ros2_nav2/ros2_ws/install/kobuki_bumper2pc/share/ament_index/resource_index/packages/kobuki_bumper2pc
[3.813s] -- Up-to-date symlink: /home/igor/tb2_ros2_nav2/ros2_ws/install/kobuki_bumper2pc/share/ament_index/resource_index/rclcpp_components/kobuki_bumper2pc
[3.813s] -- Up-to-date symlink: /home/igor/tb2_ros2_nav2/ros2_ws/install/kobuki_bumper2pc/share/kobuki_bumper2pc/cmake/kobuki_bumper2pcConfig.cmake
[3.814s] -- Up-to-date symlink: /home/igor/tb2_ros2_nav2/ros2_ws/install/kobuki_bumper2pc/share/kobuki_bumper2pc/cmake/kobuki_bumper2pcConfig-version.cmake
[3.814s] -- Up-to-date symlink: /home/igor/tb2_ros2_nav2/ros2_ws/install/kobuki_bumper2pc/share/kobuki_bumper2pc/package.xml
[3.819s] Invoked command in '/home/igor/tb2_ros2_nav2/ros2_ws/build/kobuki_bumper2pc' returned '0': AMENT_PREFIX_PATH=/home/igor/tb2_ros2_nav2/ros2_ws/install/kobuki_ros_interfaces:${AMENT_PREFIX_PATH} CMAKE_PREFIX_PATH=/home/igor/tb2_ros2_nav2/ros2_ws/install/kobuki_ros_interfaces:/opt/ros/galactic LD_LIBRARY_PATH=/home/igor/tb2_ros2_nav2/ros2_ws/install/kobuki_ros_interfaces/lib:${LD_LIBRARY_PATH} PYTHONPATH=/home/igor/tb2_ros2_nav2/ros2_ws/install/kobuki_ros_interfaces/lib/python3.8/site-packages:${PYTHONPATH} /usr/bin/cmake --install /home/igor/tb2_ros2_nav2/ros2_ws/build/kobuki_bumper2pc
