[0.177s] Invoking command in '/home/igor/tb2_ros2_nav2/ros2_ws/build/kobuki_auto_docking': AMENT_PREFIX_PATH=/home/igor/tb2_ros2_nav2/ros2_ws/install/kobuki_ros_interfaces:/home/igor/tb2_ros2_nav2/ros2_ws/install/kobuki_core:${AMENT_PREFIX_PATH} CMAKE_PREFIX_PATH=/home/igor/tb2_ros2_nav2/ros2_ws/install/kobuki_ros_interfaces:/home/igor/tb2_ros2_nav2/ros2_ws/install/kobuki_core:/opt/ros/galactic LD_LIBRARY_PATH=/home/igor/tb2_ros2_nav2/ros2_ws/install/kobuki_ros_interfaces/lib:/home/igor/tb2_ros2_nav2/ros2_ws/install/kobuki_core/lib:${LD_LIBRARY_PATH} PATH=/home/igor/tb2_ros2_nav2/ros2_ws/install/kobuki_core/bin:${PATH} PYTHONPATH=/home/igor/tb2_ros2_nav2/ros2_ws/install/kobuki_ros_interfaces/lib/python3.8/site-packages:${PYTHONPATH} /usr/bin/cmake --build /home/igor/tb2_ros2_nav2/ros2_ws/build/kobuki_auto_docking -- -j16 -l16
[0.228s] [ 50%] Built target kobuki_auto_docking_node
[0.239s] [ 75%] [32mBuilding CXX object CMakeFiles/kobuki_auto_docking.dir/src/auto_docking_ros.cpp.o[0m
[20.757s] [100%] [32m[1mLinking CXX shared library libkobuki_auto_docking.so[0m
[21.722s] [100%] Built target kobuki_auto_docking
[21.730s] Invoked command in '/home/igor/tb2_ros2_nav2/ros2_ws/build/kobuki_auto_docking' returned '0': AMENT_PREFIX_PATH=/home/igor/tb2_ros2_nav2/ros2_ws/install/kobuki_ros_interfaces:/home/igor/tb2_ros2_nav2/ros2_ws/install/kobuki_core:${AMENT_PREFIX_PATH} CMAKE_PREFIX_PATH=/home/igor/tb2_ros2_nav2/ros2_ws/install/kobuki_ros_interfaces:/home/igor/tb2_ros2_nav2/ros2_ws/install/kobuki_core:/opt/ros/galactic LD_LIBRARY_PATH=/home/igor/tb2_ros2_nav2/ros2_ws/install/kobuki_ros_interfaces/lib:/home/igor/tb2_ros2_nav2/ros2_ws/install/kobuki_core/lib:${LD_LIBRARY_PATH} PATH=/home/igor/tb2_ros2_nav2/ros2_ws/install/kobuki_core/bin:${PATH} PYTHONPATH=/home/igor/tb2_ros2_nav2/ros2_ws/install/kobuki_ros_interfaces/lib/python3.8/site-packages:${PYTHONPATH} /usr/bin/cmake --build /home/igor/tb2_ros2_nav2/ros2_ws/build/kobuki_auto_docking -- -j16 -l16
[21.748s] Invoking command in '/home/igor/tb2_ros2_nav2/ros2_ws/build/kobuki_auto_docking': AMENT_PREFIX_PATH=/home/igor/tb2_ros2_nav2/ros2_ws/install/kobuki_ros_interfaces:/home/igor/tb2_ros2_nav2/ros2_ws/install/kobuki_core:${AMENT_PREFIX_PATH} CMAKE_PREFIX_PATH=/home/igor/tb2_ros2_nav2/ros2_ws/install/kobuki_ros_interfaces:/home/igor/tb2_ros2_nav2/ros2_ws/install/kobuki_core:/opt/ros/galactic LD_LIBRARY_PATH=/home/igor/tb2_ros2_nav2/ros2_ws/install/kobuki_ros_interfaces/lib:/home/igor/tb2_ros2_nav2/ros2_ws/install/kobuki_core/lib:${LD_LIBRARY_PATH} PATH=/home/igor/tb2_ros2_nav2/ros2_ws/install/kobuki_core/bin:${PATH} PYTHONPATH=/home/igor/tb2_ros2_nav2/ros2_ws/install/kobuki_ros_interfaces/lib/python3.8/site-packages:${PYTHONPATH} /usr/bin/cmake --install /home/igor/tb2_ros2_nav2/ros2_ws/build/kobuki_auto_docking
[21.753s] -- Install configuration: ""
[21.754s] -- Execute custom install script
[21.754s] -- Up-to-date symlink: /home/igor/tb2_ros2_nav2/ros2_ws/install/kobuki_auto_docking/lib/kobuki_auto_docking/kobuki_auto_docking_node
[21.754s] -- Up-to-date symlink: /home/igor/tb2_ros2_nav2/ros2_ws/install/kobuki_auto_docking/lib/libkobuki_auto_docking.so
[21.755s] -- Up-to-date symlink: /home/igor/tb2_ros2_nav2/ros2_ws/install/kobuki_auto_docking/include/kobuki_auto_docking/auto_docking_ros.hpp
[21.755s] -- Up-to-date symlink: /home/igor/tb2_ros2_nav2/ros2_ws/install/kobuki_auto_docking/share/kobuki_auto_docking/launch/compact.launch.py
[21.755s] -- Up-to-date symlink: /home/igor/tb2_ros2_nav2/ros2_ws/install/kobuki_auto_docking/share/kobuki_auto_docking/config/auto_docking.yaml
[21.755s] -- Up-to-date symlink: /home/igor/tb2_ros2_nav2/ros2_ws/install/kobuki_auto_docking/share/kobuki_auto_docking/config/kobuki_node_params.yaml
[21.756s] -- Up-to-date symlink: /home/igor/tb2_ros2_nav2/ros2_ws/install/kobuki_auto_docking/lib/kobuki_auto_docking/activate.sh
[21.756s] -- Up-to-date symlink: /home/igor/tb2_ros2_nav2/ros2_ws/install/kobuki_auto_docking/share/ament_index/resource_index/package_run_dependencies/kobuki_auto_docking
[21.756s] -- Up-to-date symlink: /home/igor/tb2_ros2_nav2/ros2_ws/install/kobuki_auto_docking/share/ament_index/resource_index/parent_prefix_path/kobuki_auto_docking
[21.756s] -- Up-to-date symlink: /home/igor/tb2_ros2_nav2/ros2_ws/install/kobuki_auto_docking/share/kobuki_auto_docking/environment/ament_prefix_path.sh
[21.757s] -- Up-to-date symlink: /home/igor/tb2_ros2_nav2/ros2_ws/install/kobuki_auto_docking/share/kobuki_auto_docking/environment/ament_prefix_path.dsv
[21.757s] -- Up-to-date symlink: /home/igor/tb2_ros2_nav2/ros2_ws/install/kobuki_auto_docking/share/kobuki_auto_docking/environment/path.sh
[21.757s] -- Up-to-date symlink: /home/igor/tb2_ros2_nav2/ros2_ws/install/kobuki_auto_docking/share/kobuki_auto_docking/environment/path.dsv
[21.757s] -- Up-to-date symlink: /home/igor/tb2_ros2_nav2/ros2_ws/install/kobuki_auto_docking/share/kobuki_auto_docking/local_setup.bash
[21.758s] -- Up-to-date symlink: /home/igor/tb2_ros2_nav2/ros2_ws/install/kobuki_auto_docking/share/kobuki_auto_docking/local_setup.sh
[21.758s] -- Up-to-date symlink: /home/igor/tb2_ros2_nav2/ros2_ws/install/kobuki_auto_docking/share/kobuki_auto_docking/local_setup.zsh
[21.758s] -- Up-to-date symlink: /home/igor/tb2_ros2_nav2/ros2_ws/install/kobuki_auto_docking/share/kobuki_auto_docking/local_setup.dsv
[21.758s] -- Symlinking: /home/igor/tb2_ros2_nav2/ros2_ws/install/kobuki_auto_docking/share/kobuki_auto_docking/package.dsv
[21.764s] -- Up-to-date symlink: /home/igor/tb2_ros2_nav2/ros2_ws/install/kobuki_auto_docking/share/ament_index/resource_index/packages/kobuki_auto_docking
[21.765s] -- Up-to-date symlink: /home/igor/tb2_ros2_nav2/ros2_ws/install/kobuki_auto_docking/share/ament_index/resource_index/rclcpp_components/kobuki_auto_docking
[21.765s] -- Up-to-date symlink: /home/igor/tb2_ros2_nav2/ros2_ws/install/kobuki_auto_docking/share/kobuki_auto_docking/cmake/kobuki_auto_dockingConfig.cmake
[21.765s] -- Up-to-date symlink: /home/igor/tb2_ros2_nav2/ros2_ws/install/kobuki_auto_docking/share/kobuki_auto_docking/cmake/kobuki_auto_dockingConfig-version.cmake
[21.765s] -- Up-to-date symlink: /home/igor/tb2_ros2_nav2/ros2_ws/install/kobuki_auto_docking/share/kobuki_auto_docking/package.xml
[21.767s] Invoked command in '/home/igor/tb2_ros2_nav2/ros2_ws/build/kobuki_auto_docking' returned '0': AMENT_PREFIX_PATH=/home/igor/tb2_ros2_nav2/ros2_ws/install/kobuki_ros_interfaces:/home/igor/tb2_ros2_nav2/ros2_ws/install/kobuki_core:${AMENT_PREFIX_PATH} CMAKE_PREFIX_PATH=/home/igor/tb2_ros2_nav2/ros2_ws/install/kobuki_ros_interfaces:/home/igor/tb2_ros2_nav2/ros2_ws/install/kobuki_core:/opt/ros/galactic LD_LIBRARY_PATH=/home/igor/tb2_ros2_nav2/ros2_ws/install/kobuki_ros_interfaces/lib:/home/igor/tb2_ros2_nav2/ros2_ws/install/kobuki_core/lib:${LD_LIBRARY_PATH} PATH=/home/igor/tb2_ros2_nav2/ros2_ws/install/kobuki_core/bin:${PATH} PYTHONPATH=/home/igor/tb2_ros2_nav2/ros2_ws/install/kobuki_ros_interfaces/lib/python3.8/site-packages:${PYTHONPATH} /usr/bin/cmake --install /home/igor/tb2_ros2_nav2/ros2_ws/build/kobuki_auto_docking
