-- Found ament_cmake_ros: 0.9.2 (/opt/ros/galactic/share/ament_cmake_ros/cmake)
-- Using PYTHON_EXECUTABLE: /usr/bin/python3
-- Override CMake install command with custom implementation using symlinks instead of copying resources
-- Found ecl_build: 1.0.2 (/opt/ros/galactic/share/ecl_build/cmake)
-- Found ecl_command_line: 1.2.0 (/opt/ros/galactic/share/ecl_command_line/cmake)
-- Found ecl_config: 1.1.0 (/opt/ros/galactic/share/ecl_config/cmake)
-- Found ecl_console: 1.1.0 (/opt/ros/galactic/share/ecl_console/cmake)
-- Found ecl_converters: 1.2.0 (/opt/ros/galactic/share/ecl_converters/cmake)
-- Found ecl_devices: 1.2.0 (/opt/ros/galactic/share/ecl_devices/cmake)
-- Looking for pthread.h
-- Looking for pthread.h - found
-- Performing Test CMAKE_HAVE_LIBC_PTHREAD
-- Performing Test CMAKE_HAVE_LIBC_PTHREAD - Failed
-- Looking for pthread_create in pthreads
-- Looking for pthread_create in pthreads - not found
-- Looking for pthread_create in pthread
-- Looking for pthread_create in pthread - found
-- Found Threads: TRUE  
-- Check if compiler accepts -pthread
-- Check if compiler accepts -pthread - yes
-- Found ecl_geometry: 1.2.0 (/opt/ros/galactic/share/ecl_geometry/cmake)
-- Found ecl_mobile_robot: 1.2.0 (/opt/ros/galactic/share/ecl_mobile_robot/cmake)
-- Found ecl_sigslots: 1.2.0 (/opt/ros/galactic/share/ecl_sigslots/cmake)
-- Configuring done
-- Generating done
-- Build files have been written to: /home/igor/tb2_ros2_nav2/ros2_ws/build/kobuki_core
[35m[1mScanning dependencies of target kobuki_core[0m
[  5%] [32mBuilding CXX object src/driver/CMakeFiles/kobuki_core.dir/diff_drive.cpp.o[0m
[  5%] [32mBuilding CXX object src/driver/CMakeFiles/kobuki_core.dir/battery.cpp.o[0m
[  8%] [32mBuilding CXX object src/driver/CMakeFiles/kobuki_core.dir/core_sensors.cpp.o[0m
[ 11%] [32mBuilding CXX object src/driver/CMakeFiles/kobuki_core.dir/dock_drive.cpp.o[0m
[ 14%] [32mBuilding CXX object src/driver/CMakeFiles/kobuki_core.dir/command.cpp.o[0m
[ 17%] [32mBuilding CXX object src/driver/CMakeFiles/kobuki_core.dir/dock_drive_debug.cpp.o[0m
[ 20%] [32mBuilding CXX object src/driver/CMakeFiles/kobuki_core.dir/dock_drive_states.cpp.o[0m
[ 23%] [32mBuilding CXX object src/driver/CMakeFiles/kobuki_core.dir/event_manager.cpp.o[0m
[ 26%] [32mBuilding CXX object src/driver/CMakeFiles/kobuki_core.dir/packet_finder.cpp.o[0m
[ 29%] [32mBuilding CXX object src/driver/CMakeFiles/kobuki_core.dir/logging.cpp.o[0m
[ 32%] [32mBuilding CXX object src/driver/CMakeFiles/kobuki_core.dir/__/__/version_info.cpp.o[0m
[ 35%] [32mBuilding CXX object src/driver/CMakeFiles/kobuki_core.dir/kobuki.cpp.o[0m
[ 38%] [32mBuilding CXX object src/driver/CMakeFiles/kobuki_core.dir/firmware.cpp.o[0m
[ 41%] [32m[1mLinking CXX shared library libkobuki_core.so[0m
[ 41%] Built target kobuki_core
[35m[1mScanning dependencies of target kobuki_core_demo_buttons[0m
[35m[1mScanning dependencies of target kobuki_core_demo_log_levels[0m
[35m[1mScanning dependencies of target kobuki_core_demo_custom_logging[0m
[35m[1mScanning dependencies of target kobuki_core_demo_raw_data_stream[0m
[35m[1mScanning dependencies of target kobuki_core_demo_data_stream[0m
[35m[1mScanning dependencies of target kobuki_core_tool_simple_keyop[0m
[35m[1mScanning dependencies of target kobuki_core_demo_simple_loop[0m
[35m[1mScanning dependencies of target kobuki_core_tool_version_info[0m
[35m[1mScanning dependencies of target kobuki_core_demo_chirp[0m
[35m[1mScanning dependencies of target kobuki_core_demo_velocity_commands[0m
[ 44%] [32mBuilding CXX object src/demos/CMakeFiles/kobuki_core_demo_velocity_commands.dir/velocity_commands.cpp.o[0m
[ 47%] [32mBuilding CXX object src/demos/CMakeFiles/kobuki_core_demo_buttons.dir/buttons.cpp.o[0m
[ 52%] [32mBuilding CXX object src/demos/CMakeFiles/kobuki_core_demo_custom_logging.dir/custom_logging.cpp.o[0m
[ 52%] [32mBuilding CXX object src/demos/CMakeFiles/kobuki_core_demo_log_levels.dir/log_levels.cpp.o[0m
[ 58%] [32mBuilding CXX object src/demos/CMakeFiles/kobuki_core_demo_chirp.dir/chirp.cpp.o[0m
[ 58%] [32mBuilding CXX object src/demos/CMakeFiles/kobuki_core_demo_data_stream.dir/data_stream.cpp.o[0m
[ 61%] [32mBuilding CXX object src/demos/CMakeFiles/kobuki_core_demo_raw_data_stream.dir/raw_data_stream.cpp.o[0m
[ 67%] [32mBuilding CXX object src/tools/CMakeFiles/kobuki_core_tool_simple_keyop.dir/simple_keyop.cpp.o[0m
[ 67%] [32mBuilding CXX object src/tools/CMakeFiles/kobuki_core_tool_version_info.dir/version_info.cpp.o[0m
[ 70%] [32mBuilding CXX object src/demos/CMakeFiles/kobuki_core_demo_simple_loop.dir/simple_loop.cpp.o[0m
[ 73%] [32m[1mLinking CXX executable demo_velocity_commands[0m
[ 73%] Built target kobuki_core_demo_velocity_commands
[ 76%] [32m[1mLinking CXX executable demo_chirp[0m
[ 79%] [32m[1mLinking CXX executable demo_log_levels[0m
[ 79%] Built target kobuki_core_demo_chirp
[ 79%] Built target kobuki_core_demo_log_levels
[ 82%] [32m[1mLinking CXX executable demo_custom_logging[0m
[ 85%] [32m[1mLinking CXX executable demo_data_stream[0m
[ 88%] [32m[1mLinking CXX executable kobuki-simple-keyop[0m
[ 91%] [32m[1mLinking CXX executable demo_buttons[0m
[ 94%] [32m[1mLinking CXX executable demo_raw_data_stream[0m
[ 97%] [32m[1mLinking CXX executable demo_simple_loop[0m
[ 97%] Built target kobuki_core_demo_custom_logging
[ 97%] Built target kobuki_core_demo_data_stream
[100%] [32m[1mLinking CXX executable kobuki-version-info[0m
[100%] Built target kobuki_core_tool_simple_keyop
[100%] Built target kobuki_core_demo_buttons
[100%] Built target kobuki_core_demo_raw_data_stream
[100%] Built target kobuki_core_demo_simple_loop
[100%] Built target kobuki_core_tool_version_info
-- Install configuration: ""
-- Execute custom install script
-- Symlinking: /home/igor/tb2_ros2_nav2/ros2_ws/install/kobuki_core/include/kobuki_core/command.hpp
-- Symlinking: /home/igor/tb2_ros2_nav2/ros2_ws/install/kobuki_core/include/kobuki_core/dock_drive.hpp
-- Symlinking: /home/igor/tb2_ros2_nav2/ros2_ws/install/kobuki_core/include/kobuki_core/event_manager.hpp
-- Symlinking: /home/igor/tb2_ros2_nav2/ros2_ws/install/kobuki_core/include/kobuki_core/kobuki.hpp
-- Symlinking: /home/igor/tb2_ros2_nav2/ros2_ws/install/kobuki_core/include/kobuki_core/logging.hpp
-- Symlinking: /home/igor/tb2_ros2_nav2/ros2_ws/install/kobuki_core/include/kobuki_core/macros.hpp
-- Symlinking: /home/igor/tb2_ros2_nav2/ros2_ws/install/kobuki_core/include/kobuki_core/modules.hpp
-- Symlinking: /home/igor/tb2_ros2_nav2/ros2_ws/install/kobuki_core/include/kobuki_core/modules/acceleration_limiter.hpp
-- Symlinking: /home/igor/tb2_ros2_nav2/ros2_ws/install/kobuki_core/include/kobuki_core/modules/battery.hpp
-- Symlinking: /home/igor/tb2_ros2_nav2/ros2_ws/install/kobuki_core/include/kobuki_core/modules/diff_drive.hpp
-- Symlinking: /home/igor/tb2_ros2_nav2/ros2_ws/install/kobuki_core/include/kobuki_core/modules/digital_output.hpp
-- Symlinking: /home/igor/tb2_ros2_nav2/ros2_ws/install/kobuki_core/include/kobuki_core/modules/led_array.hpp
-- Symlinking: /home/igor/tb2_ros2_nav2/ros2_ws/install/kobuki_core/include/kobuki_core/modules/sound.hpp
-- Symlinking: /home/igor/tb2_ros2_nav2/ros2_ws/install/kobuki_core/include/kobuki_core/packet_handler/packet_finder.hpp
-- Symlinking: /home/igor/tb2_ros2_nav2/ros2_ws/install/kobuki_core/include/kobuki_core/packet_handler/payload_base.hpp
-- Symlinking: /home/igor/tb2_ros2_nav2/ros2_ws/install/kobuki_core/include/kobuki_core/packet_handler/payload_headers.hpp
-- Symlinking: /home/igor/tb2_ros2_nav2/ros2_ws/install/kobuki_core/include/kobuki_core/packets.hpp
-- Symlinking: /home/igor/tb2_ros2_nav2/ros2_ws/install/kobuki_core/include/kobuki_core/packets/cliff.hpp
-- Symlinking: /home/igor/tb2_ros2_nav2/ros2_ws/install/kobuki_core/include/kobuki_core/packets/controller_info.hpp
-- Symlinking: /home/igor/tb2_ros2_nav2/ros2_ws/install/kobuki_core/include/kobuki_core/packets/core_sensors.hpp
-- Symlinking: /home/igor/tb2_ros2_nav2/ros2_ws/install/kobuki_core/include/kobuki_core/packets/current.hpp
-- Symlinking: /home/igor/tb2_ros2_nav2/ros2_ws/install/kobuki_core/include/kobuki_core/packets/dock_ir.hpp
-- Symlinking: /home/igor/tb2_ros2_nav2/ros2_ws/install/kobuki_core/include/kobuki_core/packets/eeprom.hpp
-- Symlinking: /home/igor/tb2_ros2_nav2/ros2_ws/install/kobuki_core/include/kobuki_core/packets/firmware.hpp
-- Symlinking: /home/igor/tb2_ros2_nav2/ros2_ws/install/kobuki_core/include/kobuki_core/packets/gp_input.hpp
-- Symlinking: /home/igor/tb2_ros2_nav2/ros2_ws/install/kobuki_core/include/kobuki_core/packets/hardware.hpp
-- Symlinking: /home/igor/tb2_ros2_nav2/ros2_ws/install/kobuki_core/include/kobuki_core/packets/inertia.hpp
-- Symlinking: /home/igor/tb2_ros2_nav2/ros2_ws/install/kobuki_core/include/kobuki_core/packets/three_axis_gyro.hpp
-- Symlinking: /home/igor/tb2_ros2_nav2/ros2_ws/install/kobuki_core/include/kobuki_core/packets/unique_device_id.hpp
-- Symlinking: /home/igor/tb2_ros2_nav2/ros2_ws/install/kobuki_core/include/kobuki_core/parameters.hpp
-- Symlinking: /home/igor/tb2_ros2_nav2/ros2_ws/install/kobuki_core/include/kobuki_core/version_info.hpp
-- Symlinking: /home/igor/tb2_ros2_nav2/ros2_ws/install/kobuki_core/lib/kobuki_core/demo_buttons
-- Symlinking: /home/igor/tb2_ros2_nav2/ros2_ws/install/kobuki_core/lib/kobuki_core/demo_chirp
-- Symlinking: /home/igor/tb2_ros2_nav2/ros2_ws/install/kobuki_core/lib/kobuki_core/demo_custom_logging
-- Symlinking: /home/igor/tb2_ros2_nav2/ros2_ws/install/kobuki_core/lib/kobuki_core/demo_data_stream
-- Symlinking: /home/igor/tb2_ros2_nav2/ros2_ws/install/kobuki_core/lib/kobuki_core/demo_log_levels
-- Symlinking: /home/igor/tb2_ros2_nav2/ros2_ws/install/kobuki_core/lib/kobuki_core/demo_raw_data_stream
-- Symlinking: /home/igor/tb2_ros2_nav2/ros2_ws/install/kobuki_core/lib/kobuki_core/demo_simple_loop
-- Symlinking: /home/igor/tb2_ros2_nav2/ros2_ws/install/kobuki_core/lib/kobuki_core/demo_velocity_commands
-- Symlinking: /home/igor/tb2_ros2_nav2/ros2_ws/install/kobuki_core/bin/kobuki-version-info
-- Symlinking: /home/igor/tb2_ros2_nav2/ros2_ws/install/kobuki_core/bin/kobuki-simple-keyop
-- Symlinking: /home/igor/tb2_ros2_nav2/ros2_ws/install/kobuki_core/include/CMakeLists.txt
-- Up-to-date symlink: /home/igor/tb2_ros2_nav2/ros2_ws/install/kobuki_core/include/kobuki_core/command.hpp
-- Up-to-date symlink: /home/igor/tb2_ros2_nav2/ros2_ws/install/kobuki_core/include/kobuki_core/dock_drive.hpp
-- Up-to-date symlink: /home/igor/tb2_ros2_nav2/ros2_ws/install/kobuki_core/include/kobuki_core/event_manager.hpp
-- Up-to-date symlink: /home/igor/tb2_ros2_nav2/ros2_ws/install/kobuki_core/include/kobuki_core/kobuki.hpp
-- Up-to-date symlink: /home/igor/tb2_ros2_nav2/ros2_ws/install/kobuki_core/include/kobuki_core/logging.hpp
-- Up-to-date symlink: /home/igor/tb2_ros2_nav2/ros2_ws/install/kobuki_core/include/kobuki_core/macros.hpp
-- Up-to-date symlink: /home/igor/tb2_ros2_nav2/ros2_ws/install/kobuki_core/include/kobuki_core/modules.hpp
-- Up-to-date symlink: /home/igor/tb2_ros2_nav2/ros2_ws/install/kobuki_core/include/kobuki_core/modules/acceleration_limiter.hpp
-- Up-to-date symlink: /home/igor/tb2_ros2_nav2/ros2_ws/install/kobuki_core/include/kobuki_core/modules/battery.hpp
-- Up-to-date symlink: /home/igor/tb2_ros2_nav2/ros2_ws/install/kobuki_core/include/kobuki_core/modules/diff_drive.hpp
-- Up-to-date symlink: /home/igor/tb2_ros2_nav2/ros2_ws/install/kobuki_core/include/kobuki_core/modules/digital_output.hpp
-- Up-to-date symlink: /home/igor/tb2_ros2_nav2/ros2_ws/install/kobuki_core/include/kobuki_core/modules/led_array.hpp
-- Up-to-date symlink: /home/igor/tb2_ros2_nav2/ros2_ws/install/kobuki_core/include/kobuki_core/modules/sound.hpp
-- Up-to-date symlink: /home/igor/tb2_ros2_nav2/ros2_ws/install/kobuki_core/include/kobuki_core/packet_handler/packet_finder.hpp
-- Up-to-date symlink: /home/igor/tb2_ros2_nav2/ros2_ws/install/kobuki_core/include/kobuki_core/packet_handler/payload_base.hpp
-- Up-to-date symlink: /home/igor/tb2_ros2_nav2/ros2_ws/install/kobuki_core/include/kobuki_core/packet_handler/payload_headers.hpp
-- Up-to-date symlink: /home/igor/tb2_ros2_nav2/ros2_ws/install/kobuki_core/include/kobuki_core/packets.hpp
-- Up-to-date symlink: /home/igor/tb2_ros2_nav2/ros2_ws/install/kobuki_core/include/kobuki_core/packets/cliff.hpp
-- Up-to-date symlink: /home/igor/tb2_ros2_nav2/ros2_ws/install/kobuki_core/include/kobuki_core/packets/controller_info.hpp
-- Up-to-date symlink: /home/igor/tb2_ros2_nav2/ros2_ws/install/kobuki_core/include/kobuki_core/packets/core_sensors.hpp
-- Up-to-date symlink: /home/igor/tb2_ros2_nav2/ros2_ws/install/kobuki_core/include/kobuki_core/packets/current.hpp
-- Up-to-date symlink: /home/igor/tb2_ros2_nav2/ros2_ws/install/kobuki_core/include/kobuki_core/packets/dock_ir.hpp
-- Up-to-date symlink: /home/igor/tb2_ros2_nav2/ros2_ws/install/kobuki_core/include/kobuki_core/packets/eeprom.hpp
-- Up-to-date symlink: /home/igor/tb2_ros2_nav2/ros2_ws/install/kobuki_core/include/kobuki_core/packets/firmware.hpp
-- Up-to-date symlink: /home/igor/tb2_ros2_nav2/ros2_ws/install/kobuki_core/include/kobuki_core/packets/gp_input.hpp
-- Up-to-date symlink: /home/igor/tb2_ros2_nav2/ros2_ws/install/kobuki_core/include/kobuki_core/packets/hardware.hpp
-- Up-to-date symlink: /home/igor/tb2_ros2_nav2/ros2_ws/install/kobuki_core/include/kobuki_core/packets/inertia.hpp
-- Up-to-date symlink: /home/igor/tb2_ros2_nav2/ros2_ws/install/kobuki_core/include/kobuki_core/packets/three_axis_gyro.hpp
-- Up-to-date symlink: /home/igor/tb2_ros2_nav2/ros2_ws/install/kobuki_core/include/kobuki_core/packets/unique_device_id.hpp
-- Up-to-date symlink: /home/igor/tb2_ros2_nav2/ros2_ws/install/kobuki_core/include/kobuki_core/parameters.hpp
-- Up-to-date symlink: /home/igor/tb2_ros2_nav2/ros2_ws/install/kobuki_core/include/kobuki_core/version_info.hpp
-- Symlinking: /home/igor/tb2_ros2_nav2/ros2_ws/install/kobuki_core/share/kobuki_core/environment/library_path.sh
-- Symlinking: /home/igor/tb2_ros2_nav2/ros2_ws/install/kobuki_core/share/kobuki_core/environment/library_path.dsv
-- Symlinking: /home/igor/tb2_ros2_nav2/ros2_ws/install/kobuki_core/share/ament_index/resource_index/package_run_dependencies/kobuki_core
-- Symlinking: /home/igor/tb2_ros2_nav2/ros2_ws/install/kobuki_core/share/ament_index/resource_index/parent_prefix_path/kobuki_core
-- Symlinking: /home/igor/tb2_ros2_nav2/ros2_ws/install/kobuki_core/share/kobuki_core/environment/ament_prefix_path.sh
-- Symlinking: /home/igor/tb2_ros2_nav2/ros2_ws/install/kobuki_core/share/kobuki_core/environment/ament_prefix_path.dsv
-- Symlinking: /home/igor/tb2_ros2_nav2/ros2_ws/install/kobuki_core/share/kobuki_core/environment/path.sh
-- Symlinking: /home/igor/tb2_ros2_nav2/ros2_ws/install/kobuki_core/share/kobuki_core/environment/path.dsv
-- Symlinking: /home/igor/tb2_ros2_nav2/ros2_ws/install/kobuki_core/share/kobuki_core/local_setup.bash
-- Symlinking: /home/igor/tb2_ros2_nav2/ros2_ws/install/kobuki_core/share/kobuki_core/local_setup.sh
-- Symlinking: /home/igor/tb2_ros2_nav2/ros2_ws/install/kobuki_core/share/kobuki_core/local_setup.zsh
-- Symlinking: /home/igor/tb2_ros2_nav2/ros2_ws/install/kobuki_core/share/kobuki_core/local_setup.dsv
-- Symlinking: /home/igor/tb2_ros2_nav2/ros2_ws/install/kobuki_core/share/kobuki_core/package.dsv
-- Symlinking: /home/igor/tb2_ros2_nav2/ros2_ws/install/kobuki_core/share/ament_index/resource_index/packages/kobuki_core
-- Symlinking: /home/igor/tb2_ros2_nav2/ros2_ws/install/kobuki_core/share/kobuki_core/cmake/ament_cmake_export_targets-extras.cmake
-- Symlinking: /home/igor/tb2_ros2_nav2/ros2_ws/install/kobuki_core/share/kobuki_core/cmake/ament_cmake_export_dependencies-extras.cmake
-- Symlinking: /home/igor/tb2_ros2_nav2/ros2_ws/install/kobuki_core/share/kobuki_core/cmake/ament_cmake_export_include_directories-extras.cmake
-- Symlinking: /home/igor/tb2_ros2_nav2/ros2_ws/install/kobuki_core/share/kobuki_core/cmake/ament_cmake_export_libraries-extras.cmake
-- Symlinking: /home/igor/tb2_ros2_nav2/ros2_ws/install/kobuki_core/share/kobuki_core/cmake/kobuki_coreConfig.cmake
-- Symlinking: /home/igor/tb2_ros2_nav2/ros2_ws/install/kobuki_core/share/kobuki_core/cmake/kobuki_coreConfig-version.cmake
-- Symlinking: /home/igor/tb2_ros2_nav2/ros2_ws/install/kobuki_core/share/kobuki_core/package.xml
-- Installing: /home/igor/tb2_ros2_nav2/ros2_ws/install/kobuki_core/share/kobuki_core/cmake/kobuki_coreExport.cmake
-- Installing: /home/igor/tb2_ros2_nav2/ros2_ws/install/kobuki_core/share/kobuki_core/cmake/kobuki_coreExport-noconfig.cmake
-- Installing: /home/igor/tb2_ros2_nav2/ros2_ws/install/kobuki_core/lib/libkobuki_core.so.1.3.1
-- Set runtime path of "/home/igor/tb2_ros2_nav2/ros2_ws/install/kobuki_core/lib/libkobuki_core.so.1.3.1" to ""
-- Installing: /home/igor/tb2_ros2_nav2/ros2_ws/install/kobuki_core/lib/libkobuki_core.so
