[0.034s] Invoking command in '/home/igor/tb2_ros2_nav2/ros2_ws/build/kobuki_core': CMAKE_PREFIX_PATH=${CMAKE_PREFIX_PATH}:/opt/ros/galactic /usr/bin/cmake /home/igor/tb2_ros2_nav2/ros2_ws/src/kobuki_core -DAMENT_CMAKE_SYMLINK_INSTALL=1 -DCMAKE_INSTALL_PREFIX=/home/igor/tb2_ros2_nav2/ros2_ws/install/kobuki_core
[0.043s] -- Found ament_cmake_ros: 0.9.2 (/opt/ros/galactic/share/ament_cmake_ros/cmake)
[0.056s] -- Using PYTHON_EXECUTABLE: /usr/bin/python3
[0.099s] -- Override CMake install command with custom implementation using symlinks instead of copying resources
[0.107s] -- Found ecl_build: 1.0.2 (/opt/ros/galactic/share/ecl_build/cmake)
[0.116s] -- Found ecl_command_line: 1.2.0 (/opt/ros/galactic/share/ecl_command_line/cmake)
[0.118s] -- Found ecl_config: 1.1.0 (/opt/ros/galactic/share/ecl_config/cmake)
[0.119s] -- Found ecl_console: 1.1.0 (/opt/ros/galactic/share/ecl_console/cmake)
[0.121s] -- Found ecl_converters: 1.2.0 (/opt/ros/galactic/share/ecl_converters/cmake)
[0.145s] -- Found ecl_devices: 1.2.0 (/opt/ros/galactic/share/ecl_devices/cmake)
[0.166s] -- Looking for pthread.h
[0.270s] -- Looking for pthread.h - found
[0.270s] -- Performing Test CMAKE_HAVE_LIBC_PTHREAD
[0.375s] -- Performing Test CMAKE_HAVE_LIBC_PTHREAD - Failed
[0.375s] -- Looking for pthread_create in pthreads
[0.469s] -- Looking for pthread_create in pthreads - not found
[0.469s] -- Looking for pthread_create in pthread
[0.565s] -- Looking for pthread_create in pthread - found
[0.566s] -- Found Threads: TRUE  
[0.566s] -- Check if compiler accepts -pthread
[0.670s] -- Check if compiler accepts -pthread - yes
[0.691s] -- Found ecl_geometry: 1.2.0 (/opt/ros/galactic/share/ecl_geometry/cmake)
[0.720s] -- Found ecl_mobile_robot: 1.2.0 (/opt/ros/galactic/share/ecl_mobile_robot/cmake)
[0.727s] -- Found ecl_sigslots: 1.2.0 (/opt/ros/galactic/share/ecl_sigslots/cmake)
[0.804s] -- Configuring done
[0.847s] -- Generating done
[0.851s] -- Build files have been written to: /home/igor/tb2_ros2_nav2/ros2_ws/build/kobuki_core
[0.859s] Invoked command in '/home/igor/tb2_ros2_nav2/ros2_ws/build/kobuki_core' returned '0': CMAKE_PREFIX_PATH=${CMAKE_PREFIX_PATH}:/opt/ros/galactic /usr/bin/cmake /home/igor/tb2_ros2_nav2/ros2_ws/src/kobuki_core -DAMENT_CMAKE_SYMLINK_INSTALL=1 -DCMAKE_INSTALL_PREFIX=/home/igor/tb2_ros2_nav2/ros2_ws/install/kobuki_core
[0.863s] Invoking command in '/home/igor/tb2_ros2_nav2/ros2_ws/build/kobuki_core': CMAKE_PREFIX_PATH=${CMAKE_PREFIX_PATH}:/opt/ros/galactic /usr/bin/cmake --build /home/igor/tb2_ros2_nav2/ros2_ws/build/kobuki_core -- -j16 -l16
[0.899s] [35m[1mScanning dependencies of target kobuki_core[0m
[0.996s] [  5%] [32mBuilding CXX object src/driver/CMakeFiles/kobuki_core.dir/diff_drive.cpp.o[0m
[0.996s] [  5%] [32mBuilding CXX object src/driver/CMakeFiles/kobuki_core.dir/battery.cpp.o[0m
[0.996s] [  8%] [32mBuilding CXX object src/driver/CMakeFiles/kobuki_core.dir/core_sensors.cpp.o[0m
[0.996s] [ 11%] [32mBuilding CXX object src/driver/CMakeFiles/kobuki_core.dir/dock_drive.cpp.o[0m
[0.996s] [ 14%] [32mBuilding CXX object src/driver/CMakeFiles/kobuki_core.dir/command.cpp.o[0m
[0.997s] [ 17%] [32mBuilding CXX object src/driver/CMakeFiles/kobuki_core.dir/dock_drive_debug.cpp.o[0m
[0.997s] [ 20%] [32mBuilding CXX object src/driver/CMakeFiles/kobuki_core.dir/dock_drive_states.cpp.o[0m
[0.998s] [ 23%] [32mBuilding CXX object src/driver/CMakeFiles/kobuki_core.dir/event_manager.cpp.o[0m
[0.999s] [ 26%] [32mBuilding CXX object src/driver/CMakeFiles/kobuki_core.dir/packet_finder.cpp.o[0m
[0.999s] [ 29%] [32mBuilding CXX object src/driver/CMakeFiles/kobuki_core.dir/logging.cpp.o[0m
[1.004s] [ 32%] [32mBuilding CXX object src/driver/CMakeFiles/kobuki_core.dir/__/__/version_info.cpp.o[0m
[1.006s] [ 35%] [32mBuilding CXX object src/driver/CMakeFiles/kobuki_core.dir/kobuki.cpp.o[0m
[1.021s] [ 38%] [32mBuilding CXX object src/driver/CMakeFiles/kobuki_core.dir/firmware.cpp.o[0m
[9.105s] [ 41%] [32m[1mLinking CXX shared library libkobuki_core.so[0m
[9.355s] [ 41%] Built target kobuki_core
[9.365s] [35m[1mScanning dependencies of target kobuki_core_demo_buttons[0m
[9.365s] [35m[1mScanning dependencies of target kobuki_core_demo_log_levels[0m
[9.365s] [35m[1mScanning dependencies of target kobuki_core_demo_custom_logging[0m
[9.365s] [35m[1mScanning dependencies of target kobuki_core_demo_raw_data_stream[0m
[9.365s] [35m[1mScanning dependencies of target kobuki_core_demo_data_stream[0m
[9.366s] [35m[1mScanning dependencies of target kobuki_core_tool_simple_keyop[0m
[9.366s] [35m[1mScanning dependencies of target kobuki_core_demo_simple_loop[0m
[9.366s] [35m[1mScanning dependencies of target kobuki_core_tool_version_info[0m
[9.366s] [35m[1mScanning dependencies of target kobuki_core_demo_chirp[0m
[9.366s] [35m[1mScanning dependencies of target kobuki_core_demo_velocity_commands[0m
[9.379s] [ 44%] [32mBuilding CXX object src/demos/CMakeFiles/kobuki_core_demo_velocity_commands.dir/velocity_commands.cpp.o[0m
[9.450s] [ 47%] [32mBuilding CXX object src/demos/CMakeFiles/kobuki_core_demo_buttons.dir/buttons.cpp.o[0m
[9.452s] [ 52%] [32mBuilding CXX object src/demos/CMakeFiles/kobuki_core_demo_custom_logging.dir/custom_logging.cpp.o[0m
[9.452s] [ 52%] [32mBuilding CXX object src/demos/CMakeFiles/kobuki_core_demo_log_levels.dir/log_levels.cpp.o[0m
[9.452s] [ 58%] [32mBuilding CXX object src/demos/CMakeFiles/kobuki_core_demo_chirp.dir/chirp.cpp.o[0m
[9.452s] [ 58%] [32mBuilding CXX object src/demos/CMakeFiles/kobuki_core_demo_data_stream.dir/data_stream.cpp.o[0m
[9.453s] [ 61%] [32mBuilding CXX object src/demos/CMakeFiles/kobuki_core_demo_raw_data_stream.dir/raw_data_stream.cpp.o[0m
[9.457s] [ 67%] [32mBuilding CXX object src/tools/CMakeFiles/kobuki_core_tool_simple_keyop.dir/simple_keyop.cpp.o[0m
[9.457s] [ 67%] [32mBuilding CXX object src/tools/CMakeFiles/kobuki_core_tool_version_info.dir/version_info.cpp.o[0m
[9.460s] [ 70%] [32mBuilding CXX object src/demos/CMakeFiles/kobuki_core_demo_simple_loop.dir/simple_loop.cpp.o[0m
[9.841s] [ 73%] [32m[1mLinking CXX executable demo_velocity_commands[0m
[10.095s] [ 73%] Built target kobuki_core_demo_velocity_commands
[15.013s] [ 76%] [32m[1mLinking CXX executable demo_chirp[0m
[15.076s] [ 79%] [32m[1mLinking CXX executable demo_log_levels[0m
[15.307s] [ 79%] Built target kobuki_core_demo_chirp
[15.332s] [ 79%] Built target kobuki_core_demo_log_levels
[15.621s] [ 82%] [32m[1mLinking CXX executable demo_custom_logging[0m
[15.661s] [ 85%] [32m[1mLinking CXX executable demo_data_stream[0m
[15.786s] [ 88%] [32m[1mLinking CXX executable kobuki-simple-keyop[0m
[15.813s] [ 91%] [32m[1mLinking CXX executable demo_buttons[0m
[15.864s] [ 94%] [32m[1mLinking CXX executable demo_raw_data_stream[0m
[15.925s] [ 97%] [32m[1mLinking CXX executable demo_simple_loop[0m
[15.926s] [ 97%] Built target kobuki_core_demo_custom_logging
[15.966s] [ 97%] Built target kobuki_core_demo_data_stream
[16.029s] [100%] [32m[1mLinking CXX executable kobuki-version-info[0m
[16.122s] [100%] Built target kobuki_core_tool_simple_keyop
[16.146s] [100%] Built target kobuki_core_demo_buttons
[16.154s] [100%] Built target kobuki_core_demo_raw_data_stream
[16.210s] [100%] Built target kobuki_core_demo_simple_loop
[16.227s] [100%] Built target kobuki_core_tool_version_info
[16.237s] Invoked command in '/home/igor/tb2_ros2_nav2/ros2_ws/build/kobuki_core' returned '0': CMAKE_PREFIX_PATH=${CMAKE_PREFIX_PATH}:/opt/ros/galactic /usr/bin/cmake --build /home/igor/tb2_ros2_nav2/ros2_ws/build/kobuki_core -- -j16 -l16
[16.265s] Invoking command in '/home/igor/tb2_ros2_nav2/ros2_ws/build/kobuki_core': CMAKE_PREFIX_PATH=${CMAKE_PREFIX_PATH}:/opt/ros/galactic /usr/bin/cmake --install /home/igor/tb2_ros2_nav2/ros2_ws/build/kobuki_core
[16.277s] -- Install configuration: ""
[16.278s] -- Execute custom install script
[16.279s] -- Symlinking: /home/igor/tb2_ros2_nav2/ros2_ws/install/kobuki_core/include/kobuki_core/command.hpp
[16.292s] -- Symlinking: /home/igor/tb2_ros2_nav2/ros2_ws/install/kobuki_core/include/kobuki_core/dock_drive.hpp
[16.305s] -- Symlinking: /home/igor/tb2_ros2_nav2/ros2_ws/install/kobuki_core/include/kobuki_core/event_manager.hpp
[16.320s] -- Symlinking: /home/igor/tb2_ros2_nav2/ros2_ws/install/kobuki_core/include/kobuki_core/kobuki.hpp
[16.330s] -- Symlinking: /home/igor/tb2_ros2_nav2/ros2_ws/install/kobuki_core/include/kobuki_core/logging.hpp
[16.345s] -- Symlinking: /home/igor/tb2_ros2_nav2/ros2_ws/install/kobuki_core/include/kobuki_core/macros.hpp
[16.359s] -- Symlinking: /home/igor/tb2_ros2_nav2/ros2_ws/install/kobuki_core/include/kobuki_core/modules.hpp
[16.371s] -- Symlinking: /home/igor/tb2_ros2_nav2/ros2_ws/install/kobuki_core/include/kobuki_core/modules/acceleration_limiter.hpp
[16.383s] -- Symlinking: /home/igor/tb2_ros2_nav2/ros2_ws/install/kobuki_core/include/kobuki_core/modules/battery.hpp
[16.395s] -- Symlinking: /home/igor/tb2_ros2_nav2/ros2_ws/install/kobuki_core/include/kobuki_core/modules/diff_drive.hpp
[16.405s] -- Symlinking: /home/igor/tb2_ros2_nav2/ros2_ws/install/kobuki_core/include/kobuki_core/modules/digital_output.hpp
[16.414s] -- Symlinking: /home/igor/tb2_ros2_nav2/ros2_ws/install/kobuki_core/include/kobuki_core/modules/led_array.hpp
[16.425s] -- Symlinking: /home/igor/tb2_ros2_nav2/ros2_ws/install/kobuki_core/include/kobuki_core/modules/sound.hpp
[16.435s] -- Symlinking: /home/igor/tb2_ros2_nav2/ros2_ws/install/kobuki_core/include/kobuki_core/packet_handler/packet_finder.hpp
[16.444s] -- Symlinking: /home/igor/tb2_ros2_nav2/ros2_ws/install/kobuki_core/include/kobuki_core/packet_handler/payload_base.hpp
[16.455s] -- Symlinking: /home/igor/tb2_ros2_nav2/ros2_ws/install/kobuki_core/include/kobuki_core/packet_handler/payload_headers.hpp
[16.464s] -- Symlinking: /home/igor/tb2_ros2_nav2/ros2_ws/install/kobuki_core/include/kobuki_core/packets.hpp
[16.474s] -- Symlinking: /home/igor/tb2_ros2_nav2/ros2_ws/install/kobuki_core/include/kobuki_core/packets/cliff.hpp
[16.483s] -- Symlinking: /home/igor/tb2_ros2_nav2/ros2_ws/install/kobuki_core/include/kobuki_core/packets/controller_info.hpp
[16.493s] -- Symlinking: /home/igor/tb2_ros2_nav2/ros2_ws/install/kobuki_core/include/kobuki_core/packets/core_sensors.hpp
[16.502s] -- Symlinking: /home/igor/tb2_ros2_nav2/ros2_ws/install/kobuki_core/include/kobuki_core/packets/current.hpp
[16.511s] -- Symlinking: /home/igor/tb2_ros2_nav2/ros2_ws/install/kobuki_core/include/kobuki_core/packets/dock_ir.hpp
[16.523s] -- Symlinking: /home/igor/tb2_ros2_nav2/ros2_ws/install/kobuki_core/include/kobuki_core/packets/eeprom.hpp
[16.532s] -- Symlinking: /home/igor/tb2_ros2_nav2/ros2_ws/install/kobuki_core/include/kobuki_core/packets/firmware.hpp
[16.543s] -- Symlinking: /home/igor/tb2_ros2_nav2/ros2_ws/install/kobuki_core/include/kobuki_core/packets/gp_input.hpp
[16.552s] -- Symlinking: /home/igor/tb2_ros2_nav2/ros2_ws/install/kobuki_core/include/kobuki_core/packets/hardware.hpp
[16.563s] -- Symlinking: /home/igor/tb2_ros2_nav2/ros2_ws/install/kobuki_core/include/kobuki_core/packets/inertia.hpp
[16.572s] -- Symlinking: /home/igor/tb2_ros2_nav2/ros2_ws/install/kobuki_core/include/kobuki_core/packets/three_axis_gyro.hpp
[16.581s] -- Symlinking: /home/igor/tb2_ros2_nav2/ros2_ws/install/kobuki_core/include/kobuki_core/packets/unique_device_id.hpp
[16.590s] -- Symlinking: /home/igor/tb2_ros2_nav2/ros2_ws/install/kobuki_core/include/kobuki_core/parameters.hpp
[16.601s] -- Symlinking: /home/igor/tb2_ros2_nav2/ros2_ws/install/kobuki_core/include/kobuki_core/version_info.hpp
[16.612s] -- Symlinking: /home/igor/tb2_ros2_nav2/ros2_ws/install/kobuki_core/lib/kobuki_core/demo_buttons
[16.621s] -- Symlinking: /home/igor/tb2_ros2_nav2/ros2_ws/install/kobuki_core/lib/kobuki_core/demo_chirp
[16.630s] -- Symlinking: /home/igor/tb2_ros2_nav2/ros2_ws/install/kobuki_core/lib/kobuki_core/demo_custom_logging
[16.640s] -- Symlinking: /home/igor/tb2_ros2_nav2/ros2_ws/install/kobuki_core/lib/kobuki_core/demo_data_stream
[16.648s] -- Symlinking: /home/igor/tb2_ros2_nav2/ros2_ws/install/kobuki_core/lib/kobuki_core/demo_log_levels
[16.658s] -- Symlinking: /home/igor/tb2_ros2_nav2/ros2_ws/install/kobuki_core/lib/kobuki_core/demo_raw_data_stream
[16.667s] -- Symlinking: /home/igor/tb2_ros2_nav2/ros2_ws/install/kobuki_core/lib/kobuki_core/demo_simple_loop
[16.678s] -- Symlinking: /home/igor/tb2_ros2_nav2/ros2_ws/install/kobuki_core/lib/kobuki_core/demo_velocity_commands
[16.690s] -- Symlinking: /home/igor/tb2_ros2_nav2/ros2_ws/install/kobuki_core/bin/kobuki-version-info
[16.703s] -- Symlinking: /home/igor/tb2_ros2_nav2/ros2_ws/install/kobuki_core/bin/kobuki-simple-keyop
[16.715s] -- Symlinking: /home/igor/tb2_ros2_nav2/ros2_ws/install/kobuki_core/include/CMakeLists.txt
[16.728s] -- Up-to-date symlink: /home/igor/tb2_ros2_nav2/ros2_ws/install/kobuki_core/include/kobuki_core/command.hpp
[16.728s] -- Up-to-date symlink: /home/igor/tb2_ros2_nav2/ros2_ws/install/kobuki_core/include/kobuki_core/dock_drive.hpp
[16.729s] -- Up-to-date symlink: /home/igor/tb2_ros2_nav2/ros2_ws/install/kobuki_core/include/kobuki_core/event_manager.hpp
[16.729s] -- Up-to-date symlink: /home/igor/tb2_ros2_nav2/ros2_ws/install/kobuki_core/include/kobuki_core/kobuki.hpp
[16.729s] -- Up-to-date symlink: /home/igor/tb2_ros2_nav2/ros2_ws/install/kobuki_core/include/kobuki_core/logging.hpp
[16.729s] -- Up-to-date symlink: /home/igor/tb2_ros2_nav2/ros2_ws/install/kobuki_core/include/kobuki_core/macros.hpp
[16.730s] -- Up-to-date symlink: /home/igor/tb2_ros2_nav2/ros2_ws/install/kobuki_core/include/kobuki_core/modules.hpp
[16.730s] -- Up-to-date symlink: /home/igor/tb2_ros2_nav2/ros2_ws/install/kobuki_core/include/kobuki_core/modules/acceleration_limiter.hpp
[16.730s] -- Up-to-date symlink: /home/igor/tb2_ros2_nav2/ros2_ws/install/kobuki_core/include/kobuki_core/modules/battery.hpp
[16.730s] -- Up-to-date symlink: /home/igor/tb2_ros2_nav2/ros2_ws/install/kobuki_core/include/kobuki_core/modules/diff_drive.hpp
[16.731s] -- Up-to-date symlink: /home/igor/tb2_ros2_nav2/ros2_ws/install/kobuki_core/include/kobuki_core/modules/digital_output.hpp
[16.731s] -- Up-to-date symlink: /home/igor/tb2_ros2_nav2/ros2_ws/install/kobuki_core/include/kobuki_core/modules/led_array.hpp
[16.731s] -- Up-to-date symlink: /home/igor/tb2_ros2_nav2/ros2_ws/install/kobuki_core/include/kobuki_core/modules/sound.hpp
[16.731s] -- Up-to-date symlink: /home/igor/tb2_ros2_nav2/ros2_ws/install/kobuki_core/include/kobuki_core/packet_handler/packet_finder.hpp
[16.732s] -- Up-to-date symlink: /home/igor/tb2_ros2_nav2/ros2_ws/install/kobuki_core/include/kobuki_core/packet_handler/payload_base.hpp
[16.732s] -- Up-to-date symlink: /home/igor/tb2_ros2_nav2/ros2_ws/install/kobuki_core/include/kobuki_core/packet_handler/payload_headers.hpp
[16.732s] -- Up-to-date symlink: /home/igor/tb2_ros2_nav2/ros2_ws/install/kobuki_core/include/kobuki_core/packets.hpp
[16.733s] -- Up-to-date symlink: /home/igor/tb2_ros2_nav2/ros2_ws/install/kobuki_core/include/kobuki_core/packets/cliff.hpp
[16.733s] -- Up-to-date symlink: /home/igor/tb2_ros2_nav2/ros2_ws/install/kobuki_core/include/kobuki_core/packets/controller_info.hpp
[16.733s] -- Up-to-date symlink: /home/igor/tb2_ros2_nav2/ros2_ws/install/kobuki_core/include/kobuki_core/packets/core_sensors.hpp
[16.734s] -- Up-to-date symlink: /home/igor/tb2_ros2_nav2/ros2_ws/install/kobuki_core/include/kobuki_core/packets/current.hpp
[16.734s] -- Up-to-date symlink: /home/igor/tb2_ros2_nav2/ros2_ws/install/kobuki_core/include/kobuki_core/packets/dock_ir.hpp
[16.734s] -- Up-to-date symlink: /home/igor/tb2_ros2_nav2/ros2_ws/install/kobuki_core/include/kobuki_core/packets/eeprom.hpp
[16.734s] -- Up-to-date symlink: /home/igor/tb2_ros2_nav2/ros2_ws/install/kobuki_core/include/kobuki_core/packets/firmware.hpp
[16.734s] -- Up-to-date symlink: /home/igor/tb2_ros2_nav2/ros2_ws/install/kobuki_core/include/kobuki_core/packets/gp_input.hpp
[16.735s] -- Up-to-date symlink: /home/igor/tb2_ros2_nav2/ros2_ws/install/kobuki_core/include/kobuki_core/packets/hardware.hpp
[16.735s] -- Up-to-date symlink: /home/igor/tb2_ros2_nav2/ros2_ws/install/kobuki_core/include/kobuki_core/packets/inertia.hpp
[16.735s] -- Up-to-date symlink: /home/igor/tb2_ros2_nav2/ros2_ws/install/kobuki_core/include/kobuki_core/packets/three_axis_gyro.hpp
[16.736s] -- Up-to-date symlink: /home/igor/tb2_ros2_nav2/ros2_ws/install/kobuki_core/include/kobuki_core/packets/unique_device_id.hpp
[16.736s] -- Up-to-date symlink: /home/igor/tb2_ros2_nav2/ros2_ws/install/kobuki_core/include/kobuki_core/parameters.hpp
[16.736s] -- Up-to-date symlink: /home/igor/tb2_ros2_nav2/ros2_ws/install/kobuki_core/include/kobuki_core/version_info.hpp
[16.736s] -- Symlinking: /home/igor/tb2_ros2_nav2/ros2_ws/install/kobuki_core/share/kobuki_core/environment/library_path.sh
[16.748s] -- Symlinking: /home/igor/tb2_ros2_nav2/ros2_ws/install/kobuki_core/share/kobuki_core/environment/library_path.dsv
[16.759s] -- Symlinking: /home/igor/tb2_ros2_nav2/ros2_ws/install/kobuki_core/share/ament_index/resource_index/package_run_dependencies/kobuki_core
[16.770s] -- Symlinking: /home/igor/tb2_ros2_nav2/ros2_ws/install/kobuki_core/share/ament_index/resource_index/parent_prefix_path/kobuki_core
[16.782s] -- Symlinking: /home/igor/tb2_ros2_nav2/ros2_ws/install/kobuki_core/share/kobuki_core/environment/ament_prefix_path.sh
[16.798s] -- Symlinking: /home/igor/tb2_ros2_nav2/ros2_ws/install/kobuki_core/share/kobuki_core/environment/ament_prefix_path.dsv
[16.811s] -- Symlinking: /home/igor/tb2_ros2_nav2/ros2_ws/install/kobuki_core/share/kobuki_core/environment/path.sh
[16.822s] -- Symlinking: /home/igor/tb2_ros2_nav2/ros2_ws/install/kobuki_core/share/kobuki_core/environment/path.dsv
[16.836s] -- Symlinking: /home/igor/tb2_ros2_nav2/ros2_ws/install/kobuki_core/share/kobuki_core/local_setup.bash
[16.850s] -- Symlinking: /home/igor/tb2_ros2_nav2/ros2_ws/install/kobuki_core/share/kobuki_core/local_setup.sh
[16.860s] -- Symlinking: /home/igor/tb2_ros2_nav2/ros2_ws/install/kobuki_core/share/kobuki_core/local_setup.zsh
[16.872s] -- Symlinking: /home/igor/tb2_ros2_nav2/ros2_ws/install/kobuki_core/share/kobuki_core/local_setup.dsv
[16.885s] -- Symlinking: /home/igor/tb2_ros2_nav2/ros2_ws/install/kobuki_core/share/kobuki_core/package.dsv
[16.898s] -- Symlinking: /home/igor/tb2_ros2_nav2/ros2_ws/install/kobuki_core/share/ament_index/resource_index/packages/kobuki_core
[16.907s] -- Symlinking: /home/igor/tb2_ros2_nav2/ros2_ws/install/kobuki_core/share/kobuki_core/cmake/ament_cmake_export_targets-extras.cmake
[16.916s] -- Symlinking: /home/igor/tb2_ros2_nav2/ros2_ws/install/kobuki_core/share/kobuki_core/cmake/ament_cmake_export_dependencies-extras.cmake
[16.927s] -- Symlinking: /home/igor/tb2_ros2_nav2/ros2_ws/install/kobuki_core/share/kobuki_core/cmake/ament_cmake_export_include_directories-extras.cmake
[16.936s] -- Symlinking: /home/igor/tb2_ros2_nav2/ros2_ws/install/kobuki_core/share/kobuki_core/cmake/ament_cmake_export_libraries-extras.cmake
[16.945s] -- Symlinking: /home/igor/tb2_ros2_nav2/ros2_ws/install/kobuki_core/share/kobuki_core/cmake/kobuki_coreConfig.cmake
[16.954s] -- Symlinking: /home/igor/tb2_ros2_nav2/ros2_ws/install/kobuki_core/share/kobuki_core/cmake/kobuki_coreConfig-version.cmake
[16.963s] -- Symlinking: /home/igor/tb2_ros2_nav2/ros2_ws/install/kobuki_core/share/kobuki_core/package.xml
[16.975s] -- Installing: /home/igor/tb2_ros2_nav2/ros2_ws/install/kobuki_core/share/kobuki_core/cmake/kobuki_coreExport.cmake
[16.975s] -- Installing: /home/igor/tb2_ros2_nav2/ros2_ws/install/kobuki_core/share/kobuki_core/cmake/kobuki_coreExport-noconfig.cmake
[16.976s] -- Installing: /home/igor/tb2_ros2_nav2/ros2_ws/install/kobuki_core/lib/libkobuki_core.so.1.3.1
[16.985s] -- Set runtime path of "/home/igor/tb2_ros2_nav2/ros2_ws/install/kobuki_core/lib/libkobuki_core.so.1.3.1" to ""
[16.985s] -- Installing: /home/igor/tb2_ros2_nav2/ros2_ws/install/kobuki_core/lib/libkobuki_core.so
[16.994s] Invoked command in '/home/igor/tb2_ros2_nav2/ros2_ws/build/kobuki_core' returned '0': CMAKE_PREFIX_PATH=${CMAKE_PREFIX_PATH}:/opt/ros/galactic /usr/bin/cmake --install /home/igor/tb2_ros2_nav2/ros2_ws/build/kobuki_core
