-- Found ament_cmake_ros: 0.9.2 (/opt/ros/galactic/share/ament_cmake_ros/cmake)
-- Using PYTHON_EXECUTABLE: /usr/bin/python3
-- Override CMake install command with custom implementation using symlinks instead of copying resources
-- Found ecl_build: 1.0.2 (/opt/ros/galactic/share/ecl_build/cmake)
-- Found ecl_command_line: 1.2.0 (/opt/ros/galactic/share/ecl_command_line/cmake)
-- Found ecl_config: 1.1.0 (/opt/ros/galactic/share/ecl_config/cmake)
-- Found ecl_console: 1.1.0 (/opt/ros/galactic/share/ecl_console/cmake)
-- Found ecl_converters: 1.2.0 (/opt/ros/galactic/share/ecl_converters/cmake)
-- Found ecl_devices: 1.2.0 (/opt/ros/galactic/share/ecl_devices/cmake)
-- Found ecl_geometry: 1.2.0 (/opt/ros/galactic/share/ecl_geometry/cmake)
-- Found ecl_mobile_robot: 1.2.0 (/opt/ros/galactic/share/ecl_mobile_robot/cmake)
-- Found ecl_sigslots: 1.2.0 (/opt/ros/galactic/share/ecl_sigslots/cmake)
-- Configuring done
-- Generating done
-- Build files have been written to: /home/igor/tb2_ros2_nav2/ros2_ws/build/kobuki_core
[ 17%] [32mBuilding CXX object src/driver/CMakeFiles/kobuki_core.dir/command.cpp.o[0m
[ 17%] [32mBuilding CXX object src/driver/CMakeFiles/kobuki_core.dir/dock_drive_debug.cpp.o[0m
[ 17%] [32mBuilding CXX object src/driver/CMakeFiles/kobuki_core.dir/dock_drive.cpp.o[0m
[ 17%] [32mBuilding CXX object src/driver/CMakeFiles/kobuki_core.dir/diff_drive.cpp.o[0m
[ 17%] [32mBuilding CXX object src/driver/CMakeFiles/kobuki_core.dir/core_sensors.cpp.o[0m
[ 17%] [32mBuilding CXX object src/driver/CMakeFiles/kobuki_core.dir/event_manager.cpp.o[0m
[ 20%] [32mBuilding CXX object src/driver/CMakeFiles/kobuki_core.dir/kobuki.cpp.o[0m
[ 32%] [32mBuilding CXX object src/driver/CMakeFiles/kobuki_core.dir/battery.cpp.o[0m
[ 35%] [32mBuilding CXX object src/driver/CMakeFiles/kobuki_core.dir/packet_finder.cpp.o[0m
[ 35%] [32mBuilding CXX object src/driver/CMakeFiles/kobuki_core.dir/logging.cpp.o[0m
[ 35%] [32mBuilding CXX object src/driver/CMakeFiles/kobuki_core.dir/__/__/version_info.cpp.o[0m
[ 35%] [32mBuilding CXX object src/driver/CMakeFiles/kobuki_core.dir/firmware.cpp.o[0m
[ 38%] [32mBuilding CXX object src/driver/CMakeFiles/kobuki_core.dir/dock_drive_states.cpp.o[0m
[ 41%] [32m[1mLinking CXX shared library libkobuki_core.so[0m
[ 41%] Built target kobuki_core
[ 44%] [32mBuilding CXX object src/demos/CMakeFiles/kobuki_core_demo_velocity_commands.dir/velocity_commands.cpp.o[0m
[ 50%] [32mBuilding CXX object src/demos/CMakeFiles/kobuki_core_demo_data_stream.dir/data_stream.cpp.o[0m
[ 52%] [32mBuilding CXX object src/demos/CMakeFiles/kobuki_core_demo_chirp.dir/chirp.cpp.o[0m
[ 52%] [32mBuilding CXX object src/demos/CMakeFiles/kobuki_core_demo_buttons.dir/buttons.cpp.o[0m
[ 55%] [32mBuilding CXX object src/demos/CMakeFiles/kobuki_core_demo_simple_loop.dir/simple_loop.cpp.o[0m
[ 64%] [32mBuilding CXX object src/tools/CMakeFiles/kobuki_core_tool_simple_keyop.dir/simple_keyop.cpp.o[0m
[ 64%] [32mBuilding CXX object src/demos/CMakeFiles/kobuki_core_demo_log_levels.dir/log_levels.cpp.o[0m
[ 64%] [32mBuilding CXX object src/tools/CMakeFiles/kobuki_core_tool_version_info.dir/version_info.cpp.o[0m
[ 67%] [32mBuilding CXX object src/demos/CMakeFiles/kobuki_core_demo_custom_logging.dir/custom_logging.cpp.o[0m
[ 70%] [32mBuilding CXX object src/demos/CMakeFiles/kobuki_core_demo_raw_data_stream.dir/raw_data_stream.cpp.o[0m
[ 73%] [32m[1mLinking CXX executable demo_velocity_commands[0m
[ 73%] Built target kobuki_core_demo_velocity_commands
[ 76%] [32m[1mLinking CXX executable demo_log_levels[0m
[ 76%] Built target kobuki_core_demo_log_levels
[ 79%] [32m[1mLinking CXX executable demo_data_stream[0m
[ 82%] [32m[1mLinking CXX executable demo_chirp[0m
[ 85%] [32m[1mLinking CXX executable demo_raw_data_stream[0m
[ 85%] Built target kobuki_core_demo_data_stream
[ 88%] [32m[1mLinking CXX executable demo_simple_loop[0m
[ 91%] [32m[1mLinking CXX executable kobuki-simple-keyop[0m
[ 91%] Built target kobuki_core_demo_chirp
[ 91%] Built target kobuki_core_demo_raw_data_stream
[ 94%] [32m[1mLinking CXX executable demo_custom_logging[0m
[ 97%] [32m[1mLinking CXX executable kobuki-version-info[0m
[100%] [32m[1mLinking CXX executable demo_buttons[0m
[100%] Built target kobuki_core_demo_simple_loop
[100%] Built target kobuki_core_tool_simple_keyop
[100%] Built target kobuki_core_demo_custom_logging
[100%] Built target kobuki_core_tool_version_info
[100%] Built target kobuki_core_demo_buttons
