[0.038s] Invoking command in '/home/igor/tb2_ros2_nav2/ros2_ws/build/kobuki_core': CMAKE_PREFIX_PATH=/opt/ros/galactic /usr/bin/cmake /home/igor/tb2_ros2_nav2/ros2_ws/src/kobuki_core -DCMAKE_INSTALL_PREFIX=/home/igor/tb2_ros2_nav2/ros2_ws/install/kobuki_core
[0.060s] -- Found ament_cmake_ros: 0.9.2 (/opt/ros/galactic/share/ament_cmake_ros/cmake)
[0.087s] -- Using PYTHON_EXECUTABLE: /usr/bin/python3
[0.149s] -- Override CMake install command with custom implementation using symlinks instead of copying resources
[0.156s] -- Found ecl_build: 1.0.2 (/opt/ros/galactic/share/ecl_build/cmake)
[0.164s] -- Found ecl_command_line: 1.2.0 (/opt/ros/galactic/share/ecl_command_line/cmake)
[0.165s] -- Found ecl_config: 1.1.0 (/opt/ros/galactic/share/ecl_config/cmake)
[0.167s] -- Found ecl_console: 1.1.0 (/opt/ros/galactic/share/ecl_console/cmake)
[0.169s] -- Found ecl_converters: 1.2.0 (/opt/ros/galactic/share/ecl_converters/cmake)
[0.184s] -- Found ecl_devices: 1.2.0 (/opt/ros/galactic/share/ecl_devices/cmake)
[0.210s] -- Found ecl_geometry: 1.2.0 (/opt/ros/galactic/share/ecl_geometry/cmake)
[0.224s] -- Found ecl_mobile_robot: 1.2.0 (/opt/ros/galactic/share/ecl_mobile_robot/cmake)
[0.229s] -- Found ecl_sigslots: 1.2.0 (/opt/ros/galactic/share/ecl_sigslots/cmake)
[0.305s] -- Configuring done
[0.337s] -- Generating done
[0.341s] -- Build files have been written to: /home/igor/tb2_ros2_nav2/ros2_ws/build/kobuki_core
[0.364s] Invoked command in '/home/igor/tb2_ros2_nav2/ros2_ws/build/kobuki_core' returned '0': CMAKE_PREFIX_PATH=/opt/ros/galactic /usr/bin/cmake /home/igor/tb2_ros2_nav2/ros2_ws/src/kobuki_core -DCMAKE_INSTALL_PREFIX=/home/igor/tb2_ros2_nav2/ros2_ws/install/kobuki_core
[0.367s] Invoking command in '/home/igor/tb2_ros2_nav2/ros2_ws/build/kobuki_core': CMAKE_PREFIX_PATH=/opt/ros/galactic /usr/bin/cmake --build /home/igor/tb2_ros2_nav2/ros2_ws/build/kobuki_core -- -j16 -l16
[0.440s] [ 17%] [32mBuilding CXX object src/driver/CMakeFiles/kobuki_core.dir/command.cpp.o[0m
[0.440s] [ 17%] [32mBuilding CXX object src/driver/CMakeFiles/kobuki_core.dir/dock_drive_debug.cpp.o[0m
[0.441s] [ 17%] [32mBuilding CXX object src/driver/CMakeFiles/kobuki_core.dir/dock_drive.cpp.o[0m
[0.441s] [ 17%] [32mBuilding CXX object src/driver/CMakeFiles/kobuki_core.dir/diff_drive.cpp.o[0m
[0.441s] [ 17%] [32mBuilding CXX object src/driver/CMakeFiles/kobuki_core.dir/core_sensors.cpp.o[0m
[0.441s] [ 17%] [32mBuilding CXX object src/driver/CMakeFiles/kobuki_core.dir/event_manager.cpp.o[0m
[0.441s] [ 20%] [32mBuilding CXX object src/driver/CMakeFiles/kobuki_core.dir/kobuki.cpp.o[0m
[0.441s] [ 32%] [32mBuilding CXX object src/driver/CMakeFiles/kobuki_core.dir/battery.cpp.o[0m
[0.442s] [ 35%] [32mBuilding CXX object src/driver/CMakeFiles/kobuki_core.dir/packet_finder.cpp.o[0m
[0.442s] [ 35%] [32mBuilding CXX object src/driver/CMakeFiles/kobuki_core.dir/logging.cpp.o[0m
[0.442s] [ 35%] [32mBuilding CXX object src/driver/CMakeFiles/kobuki_core.dir/__/__/version_info.cpp.o[0m
[0.442s] [ 35%] [32mBuilding CXX object src/driver/CMakeFiles/kobuki_core.dir/firmware.cpp.o[0m
[0.442s] [ 38%] [32mBuilding CXX object src/driver/CMakeFiles/kobuki_core.dir/dock_drive_states.cpp.o[0m
[5.608s] [ 41%] [32m[1mLinking CXX shared library libkobuki_core.so[0m
[5.883s] [ 41%] Built target kobuki_core
[5.902s] [ 44%] [32mBuilding CXX object src/demos/CMakeFiles/kobuki_core_demo_velocity_commands.dir/velocity_commands.cpp.o[0m
[5.907s] [ 50%] [32mBuilding CXX object src/demos/CMakeFiles/kobuki_core_demo_data_stream.dir/data_stream.cpp.o[0m
[5.907s] [ 52%] [32mBuilding CXX object src/demos/CMakeFiles/kobuki_core_demo_chirp.dir/chirp.cpp.o[0m
[5.907s] [ 52%] [32mBuilding CXX object src/demos/CMakeFiles/kobuki_core_demo_buttons.dir/buttons.cpp.o[0m
[5.907s] [ 55%] [32mBuilding CXX object src/demos/CMakeFiles/kobuki_core_demo_simple_loop.dir/simple_loop.cpp.o[0m
[5.908s] [ 64%] [32mBuilding CXX object src/tools/CMakeFiles/kobuki_core_tool_simple_keyop.dir/simple_keyop.cpp.o[0m
[5.909s] [ 64%] [32mBuilding CXX object src/demos/CMakeFiles/kobuki_core_demo_log_levels.dir/log_levels.cpp.o[0m
[5.909s] [ 64%] [32mBuilding CXX object src/tools/CMakeFiles/kobuki_core_tool_version_info.dir/version_info.cpp.o[0m
[5.909s] [ 67%] [32mBuilding CXX object src/demos/CMakeFiles/kobuki_core_demo_custom_logging.dir/custom_logging.cpp.o[0m
[5.919s] [ 70%] [32mBuilding CXX object src/demos/CMakeFiles/kobuki_core_demo_raw_data_stream.dir/raw_data_stream.cpp.o[0m
[6.273s] [ 73%] [32m[1mLinking CXX executable demo_velocity_commands[0m
[6.557s] [ 73%] Built target kobuki_core_demo_velocity_commands
[10.243s] [ 76%] [32m[1mLinking CXX executable demo_log_levels[0m
[10.472s] [ 76%] Built target kobuki_core_demo_log_levels
[10.487s] [ 79%] [32m[1mLinking CXX executable demo_data_stream[0m
[10.616s] [ 82%] [32m[1mLinking CXX executable demo_chirp[0m
[10.645s] [ 85%] [32m[1mLinking CXX executable demo_raw_data_stream[0m
[10.728s] [ 85%] Built target kobuki_core_demo_data_stream
[10.755s] [ 88%] [32m[1mLinking CXX executable demo_simple_loop[0m
[10.771s] [ 91%] [32m[1mLinking CXX executable kobuki-simple-keyop[0m
[10.830s] [ 91%] Built target kobuki_core_demo_chirp
[10.890s] [ 91%] Built target kobuki_core_demo_raw_data_stream
[10.891s] [ 94%] [32m[1mLinking CXX executable demo_custom_logging[0m
[10.950s] [ 97%] [32m[1mLinking CXX executable kobuki-version-info[0m
[10.975s] [100%] [32m[1mLinking CXX executable demo_buttons[0m
[10.992s] [100%] Built target kobuki_core_demo_simple_loop
[11.020s] [100%] Built target kobuki_core_tool_simple_keyop
[11.085s] [100%] Built target kobuki_core_demo_custom_logging
[11.111s] [100%] Built target kobuki_core_tool_version_info
[11.123s] [100%] Built target kobuki_core_demo_buttons
