[0.026s] Invoking command in '/home/igor/tb2_ros2_nav2/ros2_ws/build/kobuki_description': CMAKE_PREFIX_PATH=${CMAKE_PREFIX_PATH}:/opt/ros/galactic /usr/bin/cmake /home/igor/tb2_ros2_nav2/ros2_ws/src/kobuki_ros/kobuki_description -DAMENT_CMAKE_SYMLINK_INSTALL=1 -DCMAKE_INSTALL_PREFIX=/home/igor/tb2_ros2_nav2/ros2_ws/install/kobuki_description
[0.212s] -- The C compiler identification is GNU 9.4.0
[0.485s] -- The CXX compiler identification is GNU 9.4.0
[0.550s] -- Check for working C compiler: /usr/bin/cc
[0.633s] -- Check for working C compiler: /usr/bin/cc -- works
[0.635s] -- Detecting C compiler ABI info
[0.720s] -- Detecting C compiler ABI info - done
[0.728s] -- Detecting C compile features
[0.729s] -- Detecting C compile features - done
[0.732s] -- Check for working CXX compiler: /usr/bin/c++
[0.831s] -- Check for working CXX compiler: /usr/bin/c++ -- works
[0.832s] -- Detecting CXX compiler ABI info
[0.925s] -- Detecting CXX compiler ABI info - done
[0.932s] -- Detecting CXX compile features
[0.933s] -- Detecting CXX compile features - done
[0.939s] -- Found ament_cmake: 1.1.5 (/opt/ros/galactic/share/ament_cmake/cmake)
[0.962s] -- Found PythonInterp: /usr/bin/python3 (found suitable version "3.8.10", minimum required is "3") 
[0.962s] -- Using PYTHON_EXECUTABLE: /usr/bin/python3
[1.015s] -- Override CMake install command with custom implementation using symlinks instead of copying resources
[1.046s] -- Found ament_lint_auto: 0.10.7 (/opt/ros/galactic/share/ament_lint_auto/cmake)
[1.118s] -- Added test 'copyright' to check source files copyright and LICENSE
[1.121s] -- Added test 'flake8' to check Python code syntax and style conventions
[1.122s] -- Added test 'lint_cmake' to check CMake code style
[1.123s] -- Added test 'pep257' to check Python code against some of the style conventions in PEP 257
[1.125s] -- Added test 'xmllint' to check XML markup files
[1.128s] -- Configuring done
[1.131s] -- Generating done
[1.131s] -- Build files have been written to: /home/igor/tb2_ros2_nav2/ros2_ws/build/kobuki_description
[1.136s] Invoked command in '/home/igor/tb2_ros2_nav2/ros2_ws/build/kobuki_description' returned '0': CMAKE_PREFIX_PATH=${CMAKE_PREFIX_PATH}:/opt/ros/galactic /usr/bin/cmake /home/igor/tb2_ros2_nav2/ros2_ws/src/kobuki_ros/kobuki_description -DAMENT_CMAKE_SYMLINK_INSTALL=1 -DCMAKE_INSTALL_PREFIX=/home/igor/tb2_ros2_nav2/ros2_ws/install/kobuki_description
[1.139s] Invoking command in '/home/igor/tb2_ros2_nav2/ros2_ws/build/kobuki_description': CMAKE_PREFIX_PATH=${CMAKE_PREFIX_PATH}:/opt/ros/galactic /usr/bin/cmake --build /home/igor/tb2_ros2_nav2/ros2_ws/build/kobuki_description -- -j16 -l16
[1.168s] Invoked command in '/home/igor/tb2_ros2_nav2/ros2_ws/build/kobuki_description' returned '0': CMAKE_PREFIX_PATH=${CMAKE_PREFIX_PATH}:/opt/ros/galactic /usr/bin/cmake --build /home/igor/tb2_ros2_nav2/ros2_ws/build/kobuki_description -- -j16 -l16
[1.192s] Invoking command in '/home/igor/tb2_ros2_nav2/ros2_ws/build/kobuki_description': CMAKE_PREFIX_PATH=${CMAKE_PREFIX_PATH}:/opt/ros/galactic /usr/bin/cmake --install /home/igor/tb2_ros2_nav2/ros2_ws/build/kobuki_description
[1.197s] -- Install configuration: ""
[1.197s] -- Execute custom install script
[1.198s] -- Symlinking: /home/igor/tb2_ros2_nav2/ros2_ws/install/kobuki_description/share/kobuki_description/launch/robot_description.launch.py
[1.207s] -- Symlinking: /home/igor/tb2_ros2_nav2/ros2_ws/install/kobuki_description/share/kobuki_description/meshes/images/main_body.jpg
[1.215s] -- Symlinking: /home/igor/tb2_ros2_nav2/ros2_ws/install/kobuki_description/share/kobuki_description/meshes/images/wheel.jpg
[1.223s] -- Symlinking: /home/igor/tb2_ros2_nav2/ros2_ws/install/kobuki_description/share/kobuki_description/meshes/main_body.dae
[1.230s] -- Symlinking: /home/igor/tb2_ros2_nav2/ros2_ws/install/kobuki_description/share/kobuki_description/meshes/wheel.dae
[1.238s] -- Symlinking: /home/igor/tb2_ros2_nav2/ros2_ws/install/kobuki_description/share/kobuki_description/rviz/model.rviz
[1.246s] -- Symlinking: /home/igor/tb2_ros2_nav2/ros2_ws/install/kobuki_description/share/kobuki_description/urdf/common_properties.urdf.xacro
[1.252s] -- Symlinking: /home/igor/tb2_ros2_nav2/ros2_ws/install/kobuki_description/share/kobuki_description/urdf/kobuki.urdf.xacro
[1.259s] -- Symlinking: /home/igor/tb2_ros2_nav2/ros2_ws/install/kobuki_description/share/kobuki_description/urdf/kobuki_gazebo.urdf.xacro
[1.266s] -- Symlinking: /home/igor/tb2_ros2_nav2/ros2_ws/install/kobuki_description/share/kobuki_description/urdf/kobuki_standalone.urdf.xacro
[1.272s] -- Symlinking: /home/igor/tb2_ros2_nav2/ros2_ws/install/kobuki_description/share/ament_index/resource_index/package_run_dependencies/kobuki_description
[1.280s] -- Symlinking: /home/igor/tb2_ros2_nav2/ros2_ws/install/kobuki_description/share/ament_index/resource_index/parent_prefix_path/kobuki_description
[1.286s] -- Symlinking: /home/igor/tb2_ros2_nav2/ros2_ws/install/kobuki_description/share/kobuki_description/environment/ament_prefix_path.sh
[1.294s] -- Symlinking: /home/igor/tb2_ros2_nav2/ros2_ws/install/kobuki_description/share/kobuki_description/environment/ament_prefix_path.dsv
[1.300s] -- Symlinking: /home/igor/tb2_ros2_nav2/ros2_ws/install/kobuki_description/share/kobuki_description/environment/path.sh
[1.307s] -- Symlinking: /home/igor/tb2_ros2_nav2/ros2_ws/install/kobuki_description/share/kobuki_description/environment/path.dsv
[1.316s] -- Symlinking: /home/igor/tb2_ros2_nav2/ros2_ws/install/kobuki_description/share/kobuki_description/local_setup.bash
[1.322s] -- Symlinking: /home/igor/tb2_ros2_nav2/ros2_ws/install/kobuki_description/share/kobuki_description/local_setup.sh
[1.329s] -- Symlinking: /home/igor/tb2_ros2_nav2/ros2_ws/install/kobuki_description/share/kobuki_description/local_setup.zsh
[1.335s] -- Symlinking: /home/igor/tb2_ros2_nav2/ros2_ws/install/kobuki_description/share/kobuki_description/local_setup.dsv
[1.342s] -- Symlinking: /home/igor/tb2_ros2_nav2/ros2_ws/install/kobuki_description/share/kobuki_description/package.dsv
[1.350s] -- Symlinking: /home/igor/tb2_ros2_nav2/ros2_ws/install/kobuki_description/share/ament_index/resource_index/packages/kobuki_description
[1.356s] -- Symlinking: /home/igor/tb2_ros2_nav2/ros2_ws/install/kobuki_description/share/kobuki_description/cmake/kobuki_descriptionConfig.cmake
[1.364s] -- Symlinking: /home/igor/tb2_ros2_nav2/ros2_ws/install/kobuki_description/share/kobuki_description/cmake/kobuki_descriptionConfig-version.cmake
[1.370s] -- Symlinking: /home/igor/tb2_ros2_nav2/ros2_ws/install/kobuki_description/share/kobuki_description/package.xml
[1.380s] Invoked command in '/home/igor/tb2_ros2_nav2/ros2_ws/build/kobuki_description' returned '0': CMAKE_PREFIX_PATH=${CMAKE_PREFIX_PATH}:/opt/ros/galactic /usr/bin/cmake --install /home/igor/tb2_ros2_nav2/ros2_ws/build/kobuki_description
