[0.034s] Invoking command in '/home/igor/tb2_ros2_nav2/ros2_ws/build/velocity_smoother': CMAKE_PREFIX_PATH=/opt/ros/galactic /usr/bin/cmake --build /home/igor/tb2_ros2_nav2/ros2_ws/build/velocity_smoother -- -j16 -l16
[0.076s] [ 50%] Built target velocity_smoother
[0.107s] [100%] Built target velocity_smoother_node
[0.116s] Invoked command in '/home/igor/tb2_ros2_nav2/ros2_ws/build/velocity_smoother' returned '0': CMAKE_PREFIX_PATH=/opt/ros/galactic /usr/bin/cmake --build /home/igor/tb2_ros2_nav2/ros2_ws/build/velocity_smoother -- -j16 -l16
[0.142s] Invoking command in '/home/igor/tb2_ros2_nav2/ros2_ws/build/velocity_smoother': CMAKE_PREFIX_PATH=/opt/ros/galactic /usr/bin/cmake --install /home/igor/tb2_ros2_nav2/ros2_ws/build/velocity_smoother
[0.150s] -- Install configuration: ""
[0.150s] -- Execute custom install script
[0.150s] -- Up-to-date symlink: /home/igor/tb2_ros2_nav2/ros2_ws/install/velocity_smoother/lib/libvelocity_smoother.so
[0.150s] -- Up-to-date symlink: /home/igor/tb2_ros2_nav2/ros2_ws/install/velocity_smoother/include/velocity_smoother/velocity_smoother.hpp
[0.150s] -- Up-to-date symlink: /home/igor/tb2_ros2_nav2/ros2_ws/install/velocity_smoother/lib/velocity_smoother/velocity_smoother
[0.152s] -- Up-to-date symlink: /home/igor/tb2_ros2_nav2/ros2_ws/install/velocity_smoother/share/velocity_smoother/config/velocity_smoother_params.yaml
[0.152s] -- Up-to-date symlink: /home/igor/tb2_ros2_nav2/ros2_ws/install/velocity_smoother/share/velocity_smoother/launch/velocity_smoother-composed-launch.py
[0.152s] -- Up-to-date symlink: /home/igor/tb2_ros2_nav2/ros2_ws/install/velocity_smoother/share/velocity_smoother/launch/velocity_smoother-launch.py
[0.152s] -- Up-to-date symlink: /home/igor/tb2_ros2_nav2/ros2_ws/install/velocity_smoother/lib/velocity_smoother/translational_command_profile.py
[0.152s] -- Up-to-date symlink: /home/igor/tb2_ros2_nav2/ros2_ws/install/velocity_smoother/share/velocity_smoother/launch_test/test_translational_smoothing.py
[0.155s] -- Up-to-date symlink: /home/igor/tb2_ros2_nav2/ros2_ws/install/velocity_smoother/share/ament_index/resource_index/package_run_dependencies/velocity_smoother
[0.155s] -- Up-to-date symlink: /home/igor/tb2_ros2_nav2/ros2_ws/install/velocity_smoother/share/ament_index/resource_index/parent_prefix_path/velocity_smoother
[0.155s] -- Up-to-date symlink: /home/igor/tb2_ros2_nav2/ros2_ws/install/velocity_smoother/share/velocity_smoother/environment/ament_prefix_path.sh
[0.157s] -- Up-to-date symlink: /home/igor/tb2_ros2_nav2/ros2_ws/install/velocity_smoother/share/velocity_smoother/environment/ament_prefix_path.dsv
[0.158s] -- Up-to-date symlink: /home/igor/tb2_ros2_nav2/ros2_ws/install/velocity_smoother/share/velocity_smoother/environment/path.sh
[0.158s] -- Up-to-date symlink: /home/igor/tb2_ros2_nav2/ros2_ws/install/velocity_smoother/share/velocity_smoother/environment/path.dsv
[0.158s] -- Up-to-date symlink: /home/igor/tb2_ros2_nav2/ros2_ws/install/velocity_smoother/share/velocity_smoother/local_setup.bash
[0.158s] -- Up-to-date symlink: /home/igor/tb2_ros2_nav2/ros2_ws/install/velocity_smoother/share/velocity_smoother/local_setup.sh
[0.158s] -- Up-to-date symlink: /home/igor/tb2_ros2_nav2/ros2_ws/install/velocity_smoother/share/velocity_smoother/local_setup.zsh
[0.159s] -- Up-to-date symlink: /home/igor/tb2_ros2_nav2/ros2_ws/install/velocity_smoother/share/velocity_smoother/local_setup.dsv
[0.159s] -- Symlinking: /home/igor/tb2_ros2_nav2/ros2_ws/install/velocity_smoother/share/velocity_smoother/package.dsv
[0.162s] -- Up-to-date symlink: /home/igor/tb2_ros2_nav2/ros2_ws/install/velocity_smoother/share/ament_index/resource_index/packages/velocity_smoother
[0.162s] -- Up-to-date symlink: /home/igor/tb2_ros2_nav2/ros2_ws/install/velocity_smoother/share/ament_index/resource_index/rclcpp_components/velocity_smoother
[0.162s] -- Up-to-date symlink: /home/igor/tb2_ros2_nav2/ros2_ws/install/velocity_smoother/share/velocity_smoother/cmake/velocity_smootherConfig.cmake
[0.163s] -- Up-to-date symlink: /home/igor/tb2_ros2_nav2/ros2_ws/install/velocity_smoother/share/velocity_smoother/cmake/velocity_smootherConfig-version.cmake
[0.163s] -- Up-to-date symlink: /home/igor/tb2_ros2_nav2/ros2_ws/install/velocity_smoother/share/velocity_smoother/package.xml
[0.174s] Invoked command in '/home/igor/tb2_ros2_nav2/ros2_ws/build/velocity_smoother' returned '0': CMAKE_PREFIX_PATH=/opt/ros/galactic /usr/bin/cmake --install /home/igor/tb2_ros2_nav2/ros2_ws/build/velocity_smoother
