[0.034s] Invoking command in '/home/igor/tb2_ros2_nav2/ros2_ws/build/kobuki_core': CMAKE_PREFIX_PATH=/opt/ros/galactic /usr/bin/cmake --build /home/igor/tb2_ros2_nav2/ros2_ws/build/kobuki_core -- -j16 -l16
[0.084s] [ 41%] Built target kobuki_core
[0.107s] [ 47%] Built target kobuki_core_demo_velocity_commands
[0.116s] [ 64%] Built target kobuki_core_demo_log_levels
[0.116s] [ 64%] Built target kobuki_core_demo_simple_loop
[0.116s] [ 67%] Built target kobuki_core_demo_buttons
[0.116s] [ 70%] Built target kobuki_core_demo_raw_data_stream
[0.117s] [ 76%] Built target kobuki_core_demo_custom_logging
[0.121s] [ 82%] Built target kobuki_core_demo_data_stream
[0.121s] [ 88%] Built target kobuki_core_demo_chirp
[0.122s] [ 94%] Built target kobuki_core_tool_simple_keyop
[0.129s] [100%] Built target kobuki_core_tool_version_info
[0.157s] Invoked command in '/home/igor/tb2_ros2_nav2/ros2_ws/build/kobuki_core' returned '0': CMAKE_PREFIX_PATH=/opt/ros/galactic /usr/bin/cmake --build /home/igor/tb2_ros2_nav2/ros2_ws/build/kobuki_core -- -j16 -l16
[0.195s] Invoking command in '/home/igor/tb2_ros2_nav2/ros2_ws/build/kobuki_core': CMAKE_PREFIX_PATH=/opt/ros/galactic /usr/bin/cmake --install /home/igor/tb2_ros2_nav2/ros2_ws/build/kobuki_core
[0.217s] -- Install configuration: ""
[0.217s] -- Execute custom install script
[0.217s] -- Up-to-date symlink: /home/igor/tb2_ros2_nav2/ros2_ws/install/kobuki_core/include/kobuki_core/command.hpp
[0.217s] -- Up-to-date symlink: /home/igor/tb2_ros2_nav2/ros2_ws/install/kobuki_core/include/kobuki_core/dock_drive.hpp
[0.218s] -- Up-to-date symlink: /home/igor/tb2_ros2_nav2/ros2_ws/install/kobuki_core/include/kobuki_core/event_manager.hpp
[0.218s] -- Up-to-date symlink: /home/igor/tb2_ros2_nav2/ros2_ws/install/kobuki_core/include/kobuki_core/kobuki.hpp
[0.218s] -- Up-to-date symlink: /home/igor/tb2_ros2_nav2/ros2_ws/install/kobuki_core/include/kobuki_core/logging.hpp
[0.218s] -- Up-to-date symlink: /home/igor/tb2_ros2_nav2/ros2_ws/install/kobuki_core/include/kobuki_core/macros.hpp
[0.218s] -- Up-to-date symlink: /home/igor/tb2_ros2_nav2/ros2_ws/install/kobuki_core/include/kobuki_core/modules.hpp
[0.218s] -- Up-to-date symlink: /home/igor/tb2_ros2_nav2/ros2_ws/install/kobuki_core/include/kobuki_core/modules/acceleration_limiter.hpp
[0.219s] -- Up-to-date symlink: /home/igor/tb2_ros2_nav2/ros2_ws/install/kobuki_core/include/kobuki_core/modules/battery.hpp
[0.219s] -- Up-to-date symlink: /home/igor/tb2_ros2_nav2/ros2_ws/install/kobuki_core/include/kobuki_core/modules/diff_drive.hpp
[0.220s] -- Up-to-date symlink: /home/igor/tb2_ros2_nav2/ros2_ws/install/kobuki_core/include/kobuki_core/modules/digital_output.hpp
[0.220s] -- Up-to-date symlink: /home/igor/tb2_ros2_nav2/ros2_ws/install/kobuki_core/include/kobuki_core/modules/led_array.hpp
[0.220s] -- Up-to-date symlink: /home/igor/tb2_ros2_nav2/ros2_ws/install/kobuki_core/include/kobuki_core/modules/sound.hpp
[0.220s] -- Up-to-date symlink: /home/igor/tb2_ros2_nav2/ros2_ws/install/kobuki_core/include/kobuki_core/packet_handler/packet_finder.hpp
[0.220s] -- Up-to-date symlink: /home/igor/tb2_ros2_nav2/ros2_ws/install/kobuki_core/include/kobuki_core/packet_handler/payload_base.hpp
[0.220s] -- Up-to-date symlink: /home/igor/tb2_ros2_nav2/ros2_ws/install/kobuki_core/include/kobuki_core/packet_handler/payload_headers.hpp
[0.221s] -- Up-to-date symlink: /home/igor/tb2_ros2_nav2/ros2_ws/install/kobuki_core/include/kobuki_core/packets.hpp
[0.221s] -- Up-to-date symlink: /home/igor/tb2_ros2_nav2/ros2_ws/install/kobuki_core/include/kobuki_core/packets/cliff.hpp
[0.221s] -- Up-to-date symlink: /home/igor/tb2_ros2_nav2/ros2_ws/install/kobuki_core/include/kobuki_core/packets/controller_info.hpp
[0.221s] -- Up-to-date symlink: /home/igor/tb2_ros2_nav2/ros2_ws/install/kobuki_core/include/kobuki_core/packets/core_sensors.hpp
[0.222s] -- Up-to-date symlink: /home/igor/tb2_ros2_nav2/ros2_ws/install/kobuki_core/include/kobuki_core/packets/current.hpp
[0.222s] -- Up-to-date symlink: /home/igor/tb2_ros2_nav2/ros2_ws/install/kobuki_core/include/kobuki_core/packets/dock_ir.hpp
[0.222s] -- Up-to-date symlink: /home/igor/tb2_ros2_nav2/ros2_ws/install/kobuki_core/include/kobuki_core/packets/eeprom.hpp
[0.222s] -- Up-to-date symlink: /home/igor/tb2_ros2_nav2/ros2_ws/install/kobuki_core/include/kobuki_core/packets/firmware.hpp
[0.222s] -- Up-to-date symlink: /home/igor/tb2_ros2_nav2/ros2_ws/install/kobuki_core/include/kobuki_core/packets/gp_input.hpp
[0.222s] -- Up-to-date symlink: /home/igor/tb2_ros2_nav2/ros2_ws/install/kobuki_core/include/kobuki_core/packets/hardware.hpp
[0.222s] -- Up-to-date symlink: /home/igor/tb2_ros2_nav2/ros2_ws/install/kobuki_core/include/kobuki_core/packets/inertia.hpp
[0.223s] -- Up-to-date symlink: /home/igor/tb2_ros2_nav2/ros2_ws/install/kobuki_core/include/kobuki_core/packets/three_axis_gyro.hpp
[0.223s] -- Up-to-date symlink: /home/igor/tb2_ros2_nav2/ros2_ws/install/kobuki_core/include/kobuki_core/packets/unique_device_id.hpp
[0.223s] -- Up-to-date symlink: /home/igor/tb2_ros2_nav2/ros2_ws/install/kobuki_core/include/kobuki_core/parameters.hpp
[0.223s] -- Up-to-date symlink: /home/igor/tb2_ros2_nav2/ros2_ws/install/kobuki_core/include/kobuki_core/version_info.hpp
[0.223s] -- Up-to-date symlink: /home/igor/tb2_ros2_nav2/ros2_ws/install/kobuki_core/lib/kobuki_core/demo_buttons
[0.223s] -- Up-to-date symlink: /home/igor/tb2_ros2_nav2/ros2_ws/install/kobuki_core/lib/kobuki_core/demo_chirp
[0.223s] -- Up-to-date symlink: /home/igor/tb2_ros2_nav2/ros2_ws/install/kobuki_core/lib/kobuki_core/demo_custom_logging
[0.224s] -- Up-to-date symlink: /home/igor/tb2_ros2_nav2/ros2_ws/install/kobuki_core/lib/kobuki_core/demo_data_stream
[0.224s] -- Up-to-date symlink: /home/igor/tb2_ros2_nav2/ros2_ws/install/kobuki_core/lib/kobuki_core/demo_log_levels
[0.224s] -- Up-to-date symlink: /home/igor/tb2_ros2_nav2/ros2_ws/install/kobuki_core/lib/kobuki_core/demo_raw_data_stream
[0.224s] -- Up-to-date symlink: /home/igor/tb2_ros2_nav2/ros2_ws/install/kobuki_core/lib/kobuki_core/demo_simple_loop
[0.224s] -- Up-to-date symlink: /home/igor/tb2_ros2_nav2/ros2_ws/install/kobuki_core/lib/kobuki_core/demo_velocity_commands
[0.224s] -- Up-to-date symlink: /home/igor/tb2_ros2_nav2/ros2_ws/install/kobuki_core/bin/kobuki-version-info
[0.224s] -- Up-to-date symlink: /home/igor/tb2_ros2_nav2/ros2_ws/install/kobuki_core/bin/kobuki-simple-keyop
[0.224s] -- Up-to-date symlink: /home/igor/tb2_ros2_nav2/ros2_ws/install/kobuki_core/include/CMakeLists.txt
[0.224s] -- Up-to-date symlink: /home/igor/tb2_ros2_nav2/ros2_ws/install/kobuki_core/include/kobuki_core/command.hpp
[0.225s] -- Up-to-date symlink: /home/igor/tb2_ros2_nav2/ros2_ws/install/kobuki_core/include/kobuki_core/dock_drive.hpp
[0.225s] -- Up-to-date symlink: /home/igor/tb2_ros2_nav2/ros2_ws/install/kobuki_core/include/kobuki_core/event_manager.hpp
[0.225s] -- Up-to-date symlink: /home/igor/tb2_ros2_nav2/ros2_ws/install/kobuki_core/include/kobuki_core/kobuki.hpp
[0.225s] -- Up-to-date symlink: /home/igor/tb2_ros2_nav2/ros2_ws/install/kobuki_core/include/kobuki_core/logging.hpp
[0.225s] -- Up-to-date symlink: /home/igor/tb2_ros2_nav2/ros2_ws/install/kobuki_core/include/kobuki_core/macros.hpp
[0.225s] -- Up-to-date symlink: /home/igor/tb2_ros2_nav2/ros2_ws/install/kobuki_core/include/kobuki_core/modules.hpp
[0.225s] -- Up-to-date symlink: /home/igor/tb2_ros2_nav2/ros2_ws/install/kobuki_core/include/kobuki_core/modules/acceleration_limiter.hpp
[0.225s] -- Up-to-date symlink: /home/igor/tb2_ros2_nav2/ros2_ws/install/kobuki_core/include/kobuki_core/modules/battery.hpp
[0.225s] -- Up-to-date symlink: /home/igor/tb2_ros2_nav2/ros2_ws/install/kobuki_core/include/kobuki_core/modules/diff_drive.hpp
[0.226s] -- Up-to-date symlink: /home/igor/tb2_ros2_nav2/ros2_ws/install/kobuki_core/include/kobuki_core/modules/digital_output.hpp
[0.226s] -- Up-to-date symlink: /home/igor/tb2_ros2_nav2/ros2_ws/install/kobuki_core/include/kobuki_core/modules/led_array.hpp
[0.226s] -- Up-to-date symlink: /home/igor/tb2_ros2_nav2/ros2_ws/install/kobuki_core/include/kobuki_core/modules/sound.hpp
[0.226s] -- Up-to-date symlink: /home/igor/tb2_ros2_nav2/ros2_ws/install/kobuki_core/include/kobuki_core/packet_handler/packet_finder.hpp
[0.226s] -- Up-to-date symlink: /home/igor/tb2_ros2_nav2/ros2_ws/install/kobuki_core/include/kobuki_core/packet_handler/payload_base.hpp
[0.226s] -- Up-to-date symlink: /home/igor/tb2_ros2_nav2/ros2_ws/install/kobuki_core/include/kobuki_core/packet_handler/payload_headers.hpp
[0.226s] -- Up-to-date symlink: /home/igor/tb2_ros2_nav2/ros2_ws/install/kobuki_core/include/kobuki_core/packets.hpp
[0.226s] -- Up-to-date symlink: /home/igor/tb2_ros2_nav2/ros2_ws/install/kobuki_core/include/kobuki_core/packets/cliff.hpp
[0.227s] -- Up-to-date symlink: /home/igor/tb2_ros2_nav2/ros2_ws/install/kobuki_core/include/kobuki_core/packets/controller_info.hpp
[0.227s] -- Up-to-date symlink: /home/igor/tb2_ros2_nav2/ros2_ws/install/kobuki_core/include/kobuki_core/packets/core_sensors.hpp
[0.227s] -- Up-to-date symlink: /home/igor/tb2_ros2_nav2/ros2_ws/install/kobuki_core/include/kobuki_core/packets/current.hpp
[0.227s] -- Up-to-date symlink: /home/igor/tb2_ros2_nav2/ros2_ws/install/kobuki_core/include/kobuki_core/packets/dock_ir.hpp
[0.227s] -- Up-to-date symlink: /home/igor/tb2_ros2_nav2/ros2_ws/install/kobuki_core/include/kobuki_core/packets/eeprom.hpp
[0.228s] -- Up-to-date symlink: /home/igor/tb2_ros2_nav2/ros2_ws/install/kobuki_core/include/kobuki_core/packets/firmware.hpp
[0.229s] -- Up-to-date symlink: /home/igor/tb2_ros2_nav2/ros2_ws/install/kobuki_core/include/kobuki_core/packets/gp_input.hpp
[0.229s] -- Up-to-date symlink: /home/igor/tb2_ros2_nav2/ros2_ws/install/kobuki_core/include/kobuki_core/packets/hardware.hpp
[0.230s] -- Up-to-date symlink: /home/igor/tb2_ros2_nav2/ros2_ws/install/kobuki_core/include/kobuki_core/packets/inertia.hpp
[0.230s] -- Up-to-date symlink: /home/igor/tb2_ros2_nav2/ros2_ws/install/kobuki_core/include/kobuki_core/packets/three_axis_gyro.hpp
[0.230s] -- Up-to-date symlink: /home/igor/tb2_ros2_nav2/ros2_ws/install/kobuki_core/include/kobuki_core/packets/unique_device_id.hpp
[0.230s] -- Up-to-date symlink: /home/igor/tb2_ros2_nav2/ros2_ws/install/kobuki_core/include/kobuki_core/parameters.hpp
[0.230s] -- Up-to-date symlink: /home/igor/tb2_ros2_nav2/ros2_ws/install/kobuki_core/include/kobuki_core/version_info.hpp
[0.230s] -- Up-to-date symlink: /home/igor/tb2_ros2_nav2/ros2_ws/install/kobuki_core/share/kobuki_core/environment/library_path.sh
[0.230s] -- Up-to-date symlink: /home/igor/tb2_ros2_nav2/ros2_ws/install/kobuki_core/share/kobuki_core/environment/library_path.dsv
[0.232s] -- Up-to-date symlink: /home/igor/tb2_ros2_nav2/ros2_ws/install/kobuki_core/share/ament_index/resource_index/package_run_dependencies/kobuki_core
[0.232s] -- Up-to-date symlink: /home/igor/tb2_ros2_nav2/ros2_ws/install/kobuki_core/share/ament_index/resource_index/parent_prefix_path/kobuki_core
[0.232s] -- Up-to-date symlink: /home/igor/tb2_ros2_nav2/ros2_ws/install/kobuki_core/share/kobuki_core/environment/ament_prefix_path.sh
[0.232s] -- Up-to-date symlink: /home/igor/tb2_ros2_nav2/ros2_ws/install/kobuki_core/share/kobuki_core/environment/ament_prefix_path.dsv
[0.233s] -- Up-to-date symlink: /home/igor/tb2_ros2_nav2/ros2_ws/install/kobuki_core/share/kobuki_core/environment/path.sh
[0.233s] -- Up-to-date symlink: /home/igor/tb2_ros2_nav2/ros2_ws/install/kobuki_core/share/kobuki_core/environment/path.dsv
[0.233s] -- Up-to-date symlink: /home/igor/tb2_ros2_nav2/ros2_ws/install/kobuki_core/share/kobuki_core/local_setup.bash
[0.233s] -- Up-to-date symlink: /home/igor/tb2_ros2_nav2/ros2_ws/install/kobuki_core/share/kobuki_core/local_setup.sh
[0.233s] -- Up-to-date symlink: /home/igor/tb2_ros2_nav2/ros2_ws/install/kobuki_core/share/kobuki_core/local_setup.zsh
[0.233s] -- Up-to-date symlink: /home/igor/tb2_ros2_nav2/ros2_ws/install/kobuki_core/share/kobuki_core/local_setup.dsv
[0.233s] -- Symlinking: /home/igor/tb2_ros2_nav2/ros2_ws/install/kobuki_core/share/kobuki_core/package.dsv
[0.233s] -- Up-to-date symlink: /home/igor/tb2_ros2_nav2/ros2_ws/install/kobuki_core/share/ament_index/resource_index/packages/kobuki_core
[0.233s] -- Up-to-date symlink: /home/igor/tb2_ros2_nav2/ros2_ws/install/kobuki_core/share/kobuki_core/cmake/ament_cmake_export_targets-extras.cmake
[0.234s] -- Up-to-date symlink: /home/igor/tb2_ros2_nav2/ros2_ws/install/kobuki_core/share/kobuki_core/cmake/ament_cmake_export_dependencies-extras.cmake
[0.234s] -- Up-to-date symlink: /home/igor/tb2_ros2_nav2/ros2_ws/install/kobuki_core/share/kobuki_core/cmake/ament_cmake_export_include_directories-extras.cmake
[0.234s] -- Up-to-date symlink: /home/igor/tb2_ros2_nav2/ros2_ws/install/kobuki_core/share/kobuki_core/cmake/ament_cmake_export_libraries-extras.cmake
[0.235s] -- Up-to-date symlink: /home/igor/tb2_ros2_nav2/ros2_ws/install/kobuki_core/share/kobuki_core/cmake/kobuki_coreConfig.cmake
[0.235s] -- Up-to-date symlink: /home/igor/tb2_ros2_nav2/ros2_ws/install/kobuki_core/share/kobuki_core/cmake/kobuki_coreConfig-version.cmake
[0.235s] -- Up-to-date symlink: /home/igor/tb2_ros2_nav2/ros2_ws/install/kobuki_core/share/kobuki_core/package.xml
[0.235s] -- Up-to-date: /home/igor/tb2_ros2_nav2/ros2_ws/install/kobuki_core/share/kobuki_core/cmake/kobuki_coreExport.cmake
[0.235s] -- Installing: /home/igor/tb2_ros2_nav2/ros2_ws/install/kobuki_core/share/kobuki_core/cmake/kobuki_coreExport-noconfig.cmake
[0.235s] -- Installing: /home/igor/tb2_ros2_nav2/ros2_ws/install/kobuki_core/lib/libkobuki_core.so.1.3.1
[0.246s] -- Set runtime path of "/home/igor/tb2_ros2_nav2/ros2_ws/install/kobuki_core/lib/libkobuki_core.so.1.3.1" to ""
[0.246s] -- Up-to-date: /home/igor/tb2_ros2_nav2/ros2_ws/install/kobuki_core/lib/libkobuki_core.so
[0.262s] Invoked command in '/home/igor/tb2_ros2_nav2/ros2_ws/build/kobuki_core' returned '0': CMAKE_PREFIX_PATH=/opt/ros/galactic /usr/bin/cmake --install /home/igor/tb2_ros2_nav2/ros2_ws/build/kobuki_core
