[0.107s] Invoking command in '/home/igor/tb2_ros2_nav2/ros2_ws/build/kobuki_bumper2pc': AMENT_PREFIX_PATH=/home/igor/tb2_ros2_nav2/ros2_ws/install/kobuki_ros_interfaces:${AMENT_PREFIX_PATH} CMAKE_PREFIX_PATH=/home/igor/tb2_ros2_nav2/ros2_ws/install/kobuki_ros_interfaces:/home/igor/tb2_ros2_nav2/ros2_ws/install/kobuki_ros:/home/igor/tb2_ros2_nav2/ros2_ws/install/kobuki_keyop:/home/igor/tb2_ros2_nav2/ros2_ws/install/velocity_smoother:/home/igor/tb2_ros2_nav2/ros2_ws/install/kobuki_safety_controller:/home/igor/tb2_ros2_nav2/ros2_ws/install/kobuki_random_walker:/home/igor/tb2_ros2_nav2/ros2_ws/install/kobuki_node:/home/igor/tb2_ros2_nav2/ros2_ws/install/kobuki_bumper2pc:/home/igor/tb2_ros2_nav2/ros2_ws/install/kobuki_auto_docking:/home/igor/tb2_ros2_nav2/ros2_ws/install/kobuki_description:/home/igor/tb2_ros2_nav2/ros2_ws/install/kobuki_core:/home/igor/tb2_ros2_nav2/ros2_ws/install/cmd_vel_mux:/opt/ros/galactic LD_LIBRARY_PATH=/home/igor/tb2_ros2_nav2/ros2_ws/install/kobuki_ros_interfaces/lib:/home/igor/tb2_ros2_nav2/ros2_ws/install/kobuki_keyop/lib:/home/igor/tb2_ros2_nav2/ros2_ws/install/velocity_smoother/lib:/home/igor/tb2_ros2_nav2/ros2_ws/install/kobuki_safety_controller/lib:/home/igor/tb2_ros2_nav2/ros2_ws/install/kobuki_random_walker/lib:/home/igor/tb2_ros2_nav2/ros2_ws/install/kobuki_node/lib:/home/igor/tb2_ros2_nav2/ros2_ws/install/kobuki_bumper2pc/lib:/home/igor/tb2_ros2_nav2/ros2_ws/install/kobuki_auto_docking/lib:/home/igor/tb2_ros2_nav2/ros2_ws/install/kobuki_core/lib:/home/igor/tb2_ros2_nav2/ros2_ws/install/cmd_vel_mux/lib:/usr/lib/x86_64-linux-gnu/gazebo-11/plugins:/opt/ros/galactic/opt/yaml_cpp_vendor/lib:/opt/ros/galactic/opt/rviz_ogre_vendor/lib:/opt/ros/galactic/lib/x86_64-linux-gnu:/opt/ros/galactic/lib /usr/bin/cmake /home/igor/tb2_ros2_nav2/ros2_ws/src/kobuki_ros/kobuki_bumper2pc -DAMENT_CMAKE_SYMLINK_INSTALL=1 -DCMAKE_INSTALL_PREFIX=/home/igor/tb2_ros2_nav2/ros2_ws/install/kobuki_bumper2pc
[0.234s] -- The C compiler identification is GNU 9.4.0
[0.464s] -- The CXX compiler identification is GNU 9.4.0
[0.548s] -- Check for working C compiler: /usr/bin/cc
[0.704s] -- Check for working C compiler: /usr/bin/cc -- works
[0.706s] -- Detecting C compiler ABI info
[0.822s] -- Detecting C compiler ABI info - done
[0.834s] -- Detecting C compile features
[0.834s] -- Detecting C compile features - done
[0.837s] -- Check for working CXX compiler: /usr/bin/c++
[0.961s] -- Check for working CXX compiler: /usr/bin/c++ -- works
[0.963s] -- Detecting CXX compiler ABI info
[1.090s] -- Detecting CXX compiler ABI info - done
[1.114s] -- Detecting CXX compile features
[1.114s] -- Detecting CXX compile features - done
[1.117s] -- Found ament_cmake_ros: 0.9.2 (/opt/ros/galactic/share/ament_cmake_ros/cmake)
[1.159s] -- Found PythonInterp: /usr/bin/python3 (found suitable version "3.8.10", minimum required is "3") 
[1.159s] -- Using PYTHON_EXECUTABLE: /usr/bin/python3
[1.233s] -- Override CMake install command with custom implementation using symlinks instead of copying resources
[1.261s] -- Found kobuki_ros_interfaces: 1.0.0 (/home/igor/tb2_ros2_nav2/ros2_ws/install/kobuki_ros_interfaces/share/kobuki_ros_interfaces/cmake)
[1.380s] -- Using all available rosidl_typesupport_c: rosidl_typesupport_fastrtps_c;rosidl_typesupport_introspection_c
[1.390s] -- Found rosidl_adapter: 2.2.2 (/opt/ros/galactic/share/rosidl_adapter/cmake)
[2.159s] -- Found OpenSSL: /usr/lib/x86_64-linux-gnu/libcrypto.so (found version "1.1.1f")  
[3.341s] -- Found FastRTPS: /opt/ros/galactic/include  
[5.316s] -- Using all available rosidl_typesupport_cpp: rosidl_typesupport_fastrtps_cpp;rosidl_typesupport_introspection_cpp
[5.532s] -- Found rcl_interfaces: 1.0.3 (/opt/ros/galactic/share/rcl_interfaces/cmake)
[5.547s] -- Found rclcpp: 9.2.1 (/opt/ros/galactic/share/rclcpp/cmake)
[5.589s] -- Found rmw_implementation_cmake: 3.3.1 (/opt/ros/galactic/share/rmw_implementation_cmake/cmake)
[5.593s] -- Found rmw_cyclonedds_cpp: 0.22.5 (/opt/ros/galactic/share/rmw_cyclonedds_cpp/cmake)
[5.616s] -- Using RMW implementation 'rmw_cyclonedds_cpp' as default
[5.617s] -- Looking for pthread.h
[5.739s] -- Looking for pthread.h - found
[5.739s] -- Performing Test CMAKE_HAVE_LIBC_PTHREAD
[5.888s] -- Performing Test CMAKE_HAVE_LIBC_PTHREAD - Failed
[5.888s] -- Looking for pthread_create in pthreads
[6.037s] -- Looking for pthread_create in pthreads - not found
[6.037s] -- Looking for pthread_create in pthread
[6.196s] -- Looking for pthread_create in pthread - found
[6.197s] -- Found Threads: TRUE  
[6.390s] -- Found rclcpp_components: 9.2.1 (/opt/ros/galactic/share/rclcpp_components/cmake)
[6.493s] -- Found sensor_msgs: 2.2.4 (/opt/ros/galactic/share/sensor_msgs/cmake)
[6.765s] -- Configuring done
[6.784s] -- Generating done
[6.787s] -- Build files have been written to: /home/igor/tb2_ros2_nav2/ros2_ws/build/kobuki_bumper2pc
[6.807s] Invoked command in '/home/igor/tb2_ros2_nav2/ros2_ws/build/kobuki_bumper2pc' returned '0': AMENT_PREFIX_PATH=/home/igor/tb2_ros2_nav2/ros2_ws/install/kobuki_ros_interfaces:${AMENT_PREFIX_PATH} CMAKE_PREFIX_PATH=/home/igor/tb2_ros2_nav2/ros2_ws/install/kobuki_ros_interfaces:/home/igor/tb2_ros2_nav2/ros2_ws/install/kobuki_ros:/home/igor/tb2_ros2_nav2/ros2_ws/install/kobuki_keyop:/home/igor/tb2_ros2_nav2/ros2_ws/install/velocity_smoother:/home/igor/tb2_ros2_nav2/ros2_ws/install/kobuki_safety_controller:/home/igor/tb2_ros2_nav2/ros2_ws/install/kobuki_random_walker:/home/igor/tb2_ros2_nav2/ros2_ws/install/kobuki_node:/home/igor/tb2_ros2_nav2/ros2_ws/install/kobuki_bumper2pc:/home/igor/tb2_ros2_nav2/ros2_ws/install/kobuki_auto_docking:/home/igor/tb2_ros2_nav2/ros2_ws/install/kobuki_description:/home/igor/tb2_ros2_nav2/ros2_ws/install/kobuki_core:/home/igor/tb2_ros2_nav2/ros2_ws/install/cmd_vel_mux:/opt/ros/galactic LD_LIBRARY_PATH=/home/igor/tb2_ros2_nav2/ros2_ws/install/kobuki_ros_interfaces/lib:/home/igor/tb2_ros2_nav2/ros2_ws/install/kobuki_keyop/lib:/home/igor/tb2_ros2_nav2/ros2_ws/install/velocity_smoother/lib:/home/igor/tb2_ros2_nav2/ros2_ws/install/kobuki_safety_controller/lib:/home/igor/tb2_ros2_nav2/ros2_ws/install/kobuki_random_walker/lib:/home/igor/tb2_ros2_nav2/ros2_ws/install/kobuki_node/lib:/home/igor/tb2_ros2_nav2/ros2_ws/install/kobuki_bumper2pc/lib:/home/igor/tb2_ros2_nav2/ros2_ws/install/kobuki_auto_docking/lib:/home/igor/tb2_ros2_nav2/ros2_ws/install/kobuki_core/lib:/home/igor/tb2_ros2_nav2/ros2_ws/install/cmd_vel_mux/lib:/usr/lib/x86_64-linux-gnu/gazebo-11/plugins:/opt/ros/galactic/opt/yaml_cpp_vendor/lib:/opt/ros/galactic/opt/rviz_ogre_vendor/lib:/opt/ros/galactic/lib/x86_64-linux-gnu:/opt/ros/galactic/lib /usr/bin/cmake /home/igor/tb2_ros2_nav2/ros2_ws/src/kobuki_ros/kobuki_bumper2pc -DAMENT_CMAKE_SYMLINK_INSTALL=1 -DCMAKE_INSTALL_PREFIX=/home/igor/tb2_ros2_nav2/ros2_ws/install/kobuki_bumper2pc
[6.811s] Invoking command in '/home/igor/tb2_ros2_nav2/ros2_ws/build/kobuki_bumper2pc': AMENT_PREFIX_PATH=/home/igor/tb2_ros2_nav2/ros2_ws/install/kobuki_ros_interfaces:${AMENT_PREFIX_PATH} CMAKE_PREFIX_PATH=/home/igor/tb2_ros2_nav2/ros2_ws/install/kobuki_ros_interfaces:/home/igor/tb2_ros2_nav2/ros2_ws/install/kobuki_ros:/home/igor/tb2_ros2_nav2/ros2_ws/install/kobuki_keyop:/home/igor/tb2_ros2_nav2/ros2_ws/install/velocity_smoother:/home/igor/tb2_ros2_nav2/ros2_ws/install/kobuki_safety_controller:/home/igor/tb2_ros2_nav2/ros2_ws/install/kobuki_random_walker:/home/igor/tb2_ros2_nav2/ros2_ws/install/kobuki_node:/home/igor/tb2_ros2_nav2/ros2_ws/install/kobuki_bumper2pc:/home/igor/tb2_ros2_nav2/ros2_ws/install/kobuki_auto_docking:/home/igor/tb2_ros2_nav2/ros2_ws/install/kobuki_description:/home/igor/tb2_ros2_nav2/ros2_ws/install/kobuki_core:/home/igor/tb2_ros2_nav2/ros2_ws/install/cmd_vel_mux:/opt/ros/galactic LD_LIBRARY_PATH=/home/igor/tb2_ros2_nav2/ros2_ws/install/kobuki_ros_interfaces/lib:/home/igor/tb2_ros2_nav2/ros2_ws/install/kobuki_keyop/lib:/home/igor/tb2_ros2_nav2/ros2_ws/install/velocity_smoother/lib:/home/igor/tb2_ros2_nav2/ros2_ws/install/kobuki_safety_controller/lib:/home/igor/tb2_ros2_nav2/ros2_ws/install/kobuki_random_walker/lib:/home/igor/tb2_ros2_nav2/ros2_ws/install/kobuki_node/lib:/home/igor/tb2_ros2_nav2/ros2_ws/install/kobuki_bumper2pc/lib:/home/igor/tb2_ros2_nav2/ros2_ws/install/kobuki_auto_docking/lib:/home/igor/tb2_ros2_nav2/ros2_ws/install/kobuki_core/lib:/home/igor/tb2_ros2_nav2/ros2_ws/install/cmd_vel_mux/lib:/usr/lib/x86_64-linux-gnu/gazebo-11/plugins:/opt/ros/galactic/opt/yaml_cpp_vendor/lib:/opt/ros/galactic/opt/rviz_ogre_vendor/lib:/opt/ros/galactic/lib/x86_64-linux-gnu:/opt/ros/galactic/lib /usr/bin/cmake --build /home/igor/tb2_ros2_nav2/ros2_ws/build/kobuki_bumper2pc -- -j16 -l16
[6.855s] [35m[1mScanning dependencies of target kobuki_bumper2pc[0m
[6.856s] [35m[1mScanning dependencies of target kobuki_bumper2pc_node[0m
[6.912s] [ 25%] [32mBuilding CXX object CMakeFiles/kobuki_bumper2pc.dir/src/kobuki_bumper2pc.cpp.o[0m
[6.938s] [ 50%] [32mBuilding CXX object CMakeFiles/kobuki_bumper2pc_node.dir/rclcpp_components/node_main_kobuki_bumper2pc_node.cpp.o[0m
[12.204s] [ 75%] [32m[1mLinking CXX executable kobuki_bumper2pc_node[0m
[12.487s] [ 75%] Built target kobuki_bumper2pc_node
[20.655s] [100%] [32m[1mLinking CXX shared library libkobuki_bumper2pc.so[0m
[21.240s] [100%] Built target kobuki_bumper2pc
[21.250s] Invoked command in '/home/igor/tb2_ros2_nav2/ros2_ws/build/kobuki_bumper2pc' returned '0': AMENT_PREFIX_PATH=/home/igor/tb2_ros2_nav2/ros2_ws/install/kobuki_ros_interfaces:${AMENT_PREFIX_PATH} CMAKE_PREFIX_PATH=/home/igor/tb2_ros2_nav2/ros2_ws/install/kobuki_ros_interfaces:/home/igor/tb2_ros2_nav2/ros2_ws/install/kobuki_ros:/home/igor/tb2_ros2_nav2/ros2_ws/install/kobuki_keyop:/home/igor/tb2_ros2_nav2/ros2_ws/install/velocity_smoother:/home/igor/tb2_ros2_nav2/ros2_ws/install/kobuki_safety_controller:/home/igor/tb2_ros2_nav2/ros2_ws/install/kobuki_random_walker:/home/igor/tb2_ros2_nav2/ros2_ws/install/kobuki_node:/home/igor/tb2_ros2_nav2/ros2_ws/install/kobuki_bumper2pc:/home/igor/tb2_ros2_nav2/ros2_ws/install/kobuki_auto_docking:/home/igor/tb2_ros2_nav2/ros2_ws/install/kobuki_description:/home/igor/tb2_ros2_nav2/ros2_ws/install/kobuki_core:/home/igor/tb2_ros2_nav2/ros2_ws/install/cmd_vel_mux:/opt/ros/galactic LD_LIBRARY_PATH=/home/igor/tb2_ros2_nav2/ros2_ws/install/kobuki_ros_interfaces/lib:/home/igor/tb2_ros2_nav2/ros2_ws/install/kobuki_keyop/lib:/home/igor/tb2_ros2_nav2/ros2_ws/install/velocity_smoother/lib:/home/igor/tb2_ros2_nav2/ros2_ws/install/kobuki_safety_controller/lib:/home/igor/tb2_ros2_nav2/ros2_ws/install/kobuki_random_walker/lib:/home/igor/tb2_ros2_nav2/ros2_ws/install/kobuki_node/lib:/home/igor/tb2_ros2_nav2/ros2_ws/install/kobuki_bumper2pc/lib:/home/igor/tb2_ros2_nav2/ros2_ws/install/kobuki_auto_docking/lib:/home/igor/tb2_ros2_nav2/ros2_ws/install/kobuki_core/lib:/home/igor/tb2_ros2_nav2/ros2_ws/install/cmd_vel_mux/lib:/usr/lib/x86_64-linux-gnu/gazebo-11/plugins:/opt/ros/galactic/opt/yaml_cpp_vendor/lib:/opt/ros/galactic/opt/rviz_ogre_vendor/lib:/opt/ros/galactic/lib/x86_64-linux-gnu:/opt/ros/galactic/lib /usr/bin/cmake --build /home/igor/tb2_ros2_nav2/ros2_ws/build/kobuki_bumper2pc -- -j16 -l16
[21.270s] Invoking command in '/home/igor/tb2_ros2_nav2/ros2_ws/build/kobuki_bumper2pc': AMENT_PREFIX_PATH=/home/igor/tb2_ros2_nav2/ros2_ws/install/kobuki_ros_interfaces:${AMENT_PREFIX_PATH} CMAKE_PREFIX_PATH=/home/igor/tb2_ros2_nav2/ros2_ws/install/kobuki_ros_interfaces:/home/igor/tb2_ros2_nav2/ros2_ws/install/kobuki_ros:/home/igor/tb2_ros2_nav2/ros2_ws/install/kobuki_keyop:/home/igor/tb2_ros2_nav2/ros2_ws/install/velocity_smoother:/home/igor/tb2_ros2_nav2/ros2_ws/install/kobuki_safety_controller:/home/igor/tb2_ros2_nav2/ros2_ws/install/kobuki_random_walker:/home/igor/tb2_ros2_nav2/ros2_ws/install/kobuki_node:/home/igor/tb2_ros2_nav2/ros2_ws/install/kobuki_bumper2pc:/home/igor/tb2_ros2_nav2/ros2_ws/install/kobuki_auto_docking:/home/igor/tb2_ros2_nav2/ros2_ws/install/kobuki_description:/home/igor/tb2_ros2_nav2/ros2_ws/install/kobuki_core:/home/igor/tb2_ros2_nav2/ros2_ws/install/cmd_vel_mux:/opt/ros/galactic LD_LIBRARY_PATH=/home/igor/tb2_ros2_nav2/ros2_ws/install/kobuki_ros_interfaces/lib:/home/igor/tb2_ros2_nav2/ros2_ws/install/kobuki_keyop/lib:/home/igor/tb2_ros2_nav2/ros2_ws/install/velocity_smoother/lib:/home/igor/tb2_ros2_nav2/ros2_ws/install/kobuki_safety_controller/lib:/home/igor/tb2_ros2_nav2/ros2_ws/install/kobuki_random_walker/lib:/home/igor/tb2_ros2_nav2/ros2_ws/install/kobuki_node/lib:/home/igor/tb2_ros2_nav2/ros2_ws/install/kobuki_bumper2pc/lib:/home/igor/tb2_ros2_nav2/ros2_ws/install/kobuki_auto_docking/lib:/home/igor/tb2_ros2_nav2/ros2_ws/install/kobuki_core/lib:/home/igor/tb2_ros2_nav2/ros2_ws/install/cmd_vel_mux/lib:/usr/lib/x86_64-linux-gnu/gazebo-11/plugins:/opt/ros/galactic/opt/yaml_cpp_vendor/lib:/opt/ros/galactic/opt/rviz_ogre_vendor/lib:/opt/ros/galactic/lib/x86_64-linux-gnu:/opt/ros/galactic/lib /usr/bin/cmake --install /home/igor/tb2_ros2_nav2/ros2_ws/build/kobuki_bumper2pc
[21.276s] -- Install configuration: ""
[21.277s] -- Execute custom install script
[21.277s] -- Symlinking: /home/igor/tb2_ros2_nav2/ros2_ws/install/kobuki_bumper2pc/lib/kobuki_bumper2pc/kobuki_bumper2pc_node
[21.285s] -- Symlinking: /home/igor/tb2_ros2_nav2/ros2_ws/install/kobuki_bumper2pc/lib/libkobuki_bumper2pc.so
[21.293s] -- Symlinking: /home/igor/tb2_ros2_nav2/ros2_ws/install/kobuki_bumper2pc/include/kobuki_bumper2pc/kobuki_bumper2pc.hpp
[21.301s] -- Symlinking: /home/igor/tb2_ros2_nav2/ros2_ws/install/kobuki_bumper2pc/share/kobuki_bumper2pc/launch/kobuki_bumper2pc-launch.py
[21.308s] -- Symlinking: /home/igor/tb2_ros2_nav2/ros2_ws/install/kobuki_bumper2pc/share/ament_index/resource_index/package_run_dependencies/kobuki_bumper2pc
[21.315s] -- Symlinking: /home/igor/tb2_ros2_nav2/ros2_ws/install/kobuki_bumper2pc/share/ament_index/resource_index/parent_prefix_path/kobuki_bumper2pc
[21.323s] -- Symlinking: /home/igor/tb2_ros2_nav2/ros2_ws/install/kobuki_bumper2pc/share/kobuki_bumper2pc/environment/ament_prefix_path.sh
[21.334s] -- Symlinking: /home/igor/tb2_ros2_nav2/ros2_ws/install/kobuki_bumper2pc/share/kobuki_bumper2pc/environment/ament_prefix_path.dsv
[21.345s] -- Symlinking: /home/igor/tb2_ros2_nav2/ros2_ws/install/kobuki_bumper2pc/share/kobuki_bumper2pc/environment/path.sh
[21.352s] -- Symlinking: /home/igor/tb2_ros2_nav2/ros2_ws/install/kobuki_bumper2pc/share/kobuki_bumper2pc/environment/path.dsv
[21.360s] -- Symlinking: /home/igor/tb2_ros2_nav2/ros2_ws/install/kobuki_bumper2pc/share/kobuki_bumper2pc/local_setup.bash
[21.367s] -- Symlinking: /home/igor/tb2_ros2_nav2/ros2_ws/install/kobuki_bumper2pc/share/kobuki_bumper2pc/local_setup.sh
[21.374s] -- Symlinking: /home/igor/tb2_ros2_nav2/ros2_ws/install/kobuki_bumper2pc/share/kobuki_bumper2pc/local_setup.zsh
[21.381s] -- Symlinking: /home/igor/tb2_ros2_nav2/ros2_ws/install/kobuki_bumper2pc/share/kobuki_bumper2pc/local_setup.dsv
[21.389s] -- Symlinking: /home/igor/tb2_ros2_nav2/ros2_ws/install/kobuki_bumper2pc/share/kobuki_bumper2pc/package.dsv
[21.398s] -- Symlinking: /home/igor/tb2_ros2_nav2/ros2_ws/install/kobuki_bumper2pc/share/ament_index/resource_index/packages/kobuki_bumper2pc
[21.405s] -- Symlinking: /home/igor/tb2_ros2_nav2/ros2_ws/install/kobuki_bumper2pc/share/ament_index/resource_index/rclcpp_components/kobuki_bumper2pc
[21.413s] -- Symlinking: /home/igor/tb2_ros2_nav2/ros2_ws/install/kobuki_bumper2pc/share/kobuki_bumper2pc/cmake/kobuki_bumper2pcConfig.cmake
[21.420s] -- Symlinking: /home/igor/tb2_ros2_nav2/ros2_ws/install/kobuki_bumper2pc/share/kobuki_bumper2pc/cmake/kobuki_bumper2pcConfig-version.cmake
[21.431s] -- Symlinking: /home/igor/tb2_ros2_nav2/ros2_ws/install/kobuki_bumper2pc/share/kobuki_bumper2pc/package.xml
[21.446s] Invoked command in '/home/igor/tb2_ros2_nav2/ros2_ws/build/kobuki_bumper2pc' returned '0': AMENT_PREFIX_PATH=/home/igor/tb2_ros2_nav2/ros2_ws/install/kobuki_ros_interfaces:${AMENT_PREFIX_PATH} CMAKE_PREFIX_PATH=/home/igor/tb2_ros2_nav2/ros2_ws/install/kobuki_ros_interfaces:/home/igor/tb2_ros2_nav2/ros2_ws/install/kobuki_ros:/home/igor/tb2_ros2_nav2/ros2_ws/install/kobuki_keyop:/home/igor/tb2_ros2_nav2/ros2_ws/install/velocity_smoother:/home/igor/tb2_ros2_nav2/ros2_ws/install/kobuki_safety_controller:/home/igor/tb2_ros2_nav2/ros2_ws/install/kobuki_random_walker:/home/igor/tb2_ros2_nav2/ros2_ws/install/kobuki_node:/home/igor/tb2_ros2_nav2/ros2_ws/install/kobuki_bumper2pc:/home/igor/tb2_ros2_nav2/ros2_ws/install/kobuki_auto_docking:/home/igor/tb2_ros2_nav2/ros2_ws/install/kobuki_description:/home/igor/tb2_ros2_nav2/ros2_ws/install/kobuki_core:/home/igor/tb2_ros2_nav2/ros2_ws/install/cmd_vel_mux:/opt/ros/galactic LD_LIBRARY_PATH=/home/igor/tb2_ros2_nav2/ros2_ws/install/kobuki_ros_interfaces/lib:/home/igor/tb2_ros2_nav2/ros2_ws/install/kobuki_keyop/lib:/home/igor/tb2_ros2_nav2/ros2_ws/install/velocity_smoother/lib:/home/igor/tb2_ros2_nav2/ros2_ws/install/kobuki_safety_controller/lib:/home/igor/tb2_ros2_nav2/ros2_ws/install/kobuki_random_walker/lib:/home/igor/tb2_ros2_nav2/ros2_ws/install/kobuki_node/lib:/home/igor/tb2_ros2_nav2/ros2_ws/install/kobuki_bumper2pc/lib:/home/igor/tb2_ros2_nav2/ros2_ws/install/kobuki_auto_docking/lib:/home/igor/tb2_ros2_nav2/ros2_ws/install/kobuki_core/lib:/home/igor/tb2_ros2_nav2/ros2_ws/install/cmd_vel_mux/lib:/usr/lib/x86_64-linux-gnu/gazebo-11/plugins:/opt/ros/galactic/opt/yaml_cpp_vendor/lib:/opt/ros/galactic/opt/rviz_ogre_vendor/lib:/opt/ros/galactic/lib/x86_64-linux-gnu:/opt/ros/galactic/lib /usr/bin/cmake --install /home/igor/tb2_ros2_nav2/ros2_ws/build/kobuki_bumper2pc
