[0.246s] Invoking command in '/home/igor/tb2_ros2_nav2/ros2_ws/build/kobuki_keyop': AMENT_PREFIX_PATH=/home/igor/tb2_ros2_nav2/ros2_ws/install/velocity_smoother:/home/igor/tb2_ros2_nav2/ros2_ws/install/kobuki_ros_interfaces:/home/igor/tb2_ros2_nav2/ros2_ws/install/cmd_vel_mux:${AMENT_PREFIX_PATH} CMAKE_PREFIX_PATH=/home/igor/tb2_ros2_nav2/ros2_ws/install/velocity_smoother:/home/igor/tb2_ros2_nav2/ros2_ws/install/kobuki_ros_interfaces:/home/igor/tb2_ros2_nav2/ros2_ws/install/cmd_vel_mux:/home/igor/tb2_ros2_nav2/ros2_ws/install/kobuki_ros:/home/igor/tb2_ros2_nav2/ros2_ws/install/kobuki_keyop:/home/igor/tb2_ros2_nav2/ros2_ws/install/kobuki_safety_controller:/home/igor/tb2_ros2_nav2/ros2_ws/install/kobuki_random_walker:/home/igor/tb2_ros2_nav2/ros2_ws/install/kobuki_node:/home/igor/tb2_ros2_nav2/ros2_ws/install/kobuki_bumper2pc:/home/igor/tb2_ros2_nav2/ros2_ws/install/kobuki_auto_docking:/home/igor/tb2_ros2_nav2/ros2_ws/install/kobuki_description:/home/igor/tb2_ros2_nav2/ros2_ws/install/kobuki_core:/opt/ros/galactic LD_LIBRARY_PATH=/home/igor/tb2_ros2_nav2/ros2_ws/install/velocity_smoother/lib:/home/igor/tb2_ros2_nav2/ros2_ws/install/kobuki_ros_interfaces/lib:/home/igor/tb2_ros2_nav2/ros2_ws/install/cmd_vel_mux/lib:/home/igor/tb2_ros2_nav2/ros2_ws/install/kobuki_keyop/lib:/home/igor/tb2_ros2_nav2/ros2_ws/install/kobuki_safety_controller/lib:/home/igor/tb2_ros2_nav2/ros2_ws/install/kobuki_random_walker/lib:/home/igor/tb2_ros2_nav2/ros2_ws/install/kobuki_node/lib:/home/igor/tb2_ros2_nav2/ros2_ws/install/kobuki_bumper2pc/lib:/home/igor/tb2_ros2_nav2/ros2_ws/install/kobuki_auto_docking/lib:/home/igor/tb2_ros2_nav2/ros2_ws/install/kobuki_core/lib:/usr/lib/x86_64-linux-gnu/gazebo-11/plugins:/opt/ros/galactic/opt/yaml_cpp_vendor/lib:/opt/ros/galactic/opt/rviz_ogre_vendor/lib:/opt/ros/galactic/lib/x86_64-linux-gnu:/opt/ros/galactic/lib /usr/bin/cmake /home/igor/tb2_ros2_nav2/ros2_ws/src/kobuki_ros/kobuki_keyop -DAMENT_CMAKE_SYMLINK_INSTALL=1 -DCMAKE_INSTALL_PREFIX=/home/igor/tb2_ros2_nav2/ros2_ws/install/kobuki_keyop
[0.418s] -- The C compiler identification is GNU 9.4.0
[0.670s] -- The CXX compiler identification is GNU 9.4.0
[0.802s] -- Check for working C compiler: /usr/bin/cc
[0.963s] -- Check for working C compiler: /usr/bin/cc -- works
[0.964s] -- Detecting C compiler ABI info
[1.162s] -- Detecting C compiler ABI info - done
[1.183s] -- Detecting C compile features
[1.183s] -- Detecting C compile features - done
[1.186s] -- Check for working CXX compiler: /usr/bin/c++
[1.367s] -- Check for working CXX compiler: /usr/bin/c++ -- works
[1.369s] -- Detecting CXX compiler ABI info
[1.562s] -- Detecting CXX compiler ABI info - done
[1.576s] -- Detecting CXX compile features
[1.577s] -- Detecting CXX compile features - done
[1.579s] -- Found ament_cmake_ros: 0.9.2 (/opt/ros/galactic/share/ament_cmake_ros/cmake)
[1.626s] -- Found PythonInterp: /usr/bin/python3 (found suitable version "3.8.10", minimum required is "3") 
[1.627s] -- Using PYTHON_EXECUTABLE: /usr/bin/python3
[1.734s] -- Override CMake install command with custom implementation using symlinks instead of copying resources
[1.773s] -- Found ecl_build: 1.0.2 (/opt/ros/galactic/share/ecl_build/cmake)
[1.787s] -- Found geometry_msgs: 2.2.4 (/opt/ros/galactic/share/geometry_msgs/cmake)
[1.986s] -- Using all available rosidl_typesupport_c: rosidl_typesupport_fastrtps_c;rosidl_typesupport_introspection_c
[2.000s] -- Found rosidl_adapter: 2.2.2 (/opt/ros/galactic/share/rosidl_adapter/cmake)
[3.113s] -- Found OpenSSL: /usr/lib/x86_64-linux-gnu/libcrypto.so (found version "1.1.1f")  
[4.709s] -- Found FastRTPS: /opt/ros/galactic/include  
[7.458s] -- Using all available rosidl_typesupport_cpp: rosidl_typesupport_fastrtps_cpp;rosidl_typesupport_introspection_cpp
[7.625s] -- Found kobuki_ros_interfaces: 1.0.0 (/home/igor/tb2_ros2_nav2/ros2_ws/install/kobuki_ros_interfaces/share/kobuki_ros_interfaces/cmake)
[7.903s] -- Found rclcpp: 9.2.1 (/opt/ros/galactic/share/rclcpp/cmake)
[7.989s] -- Found rmw_implementation_cmake: 3.3.1 (/opt/ros/galactic/share/rmw_implementation_cmake/cmake)
[7.993s] -- Found rmw_cyclonedds_cpp: 0.22.5 (/opt/ros/galactic/share/rmw_cyclonedds_cpp/cmake)
[8.031s] -- Using RMW implementation 'rmw_cyclonedds_cpp' as default
[8.033s] -- Looking for pthread.h
[8.219s] -- Looking for pthread.h - found
[8.219s] -- Performing Test CMAKE_HAVE_LIBC_PTHREAD
[8.392s] -- Performing Test CMAKE_HAVE_LIBC_PTHREAD - Failed
[8.392s] -- Looking for pthread_create in pthreads
[8.521s] -- Looking for pthread_create in pthreads - not found
[8.521s] -- Looking for pthread_create in pthread
[8.659s] -- Looking for pthread_create in pthread - found
[8.660s] -- Found Threads: TRUE  
[8.857s] -- Found rclcpp_components: 9.2.1 (/opt/ros/galactic/share/rclcpp_components/cmake)
[9.016s] -- Configuring done
[9.034s] -- Generating done
[9.037s] -- Build files have been written to: /home/igor/tb2_ros2_nav2/ros2_ws/build/kobuki_keyop
[9.064s] Invoked command in '/home/igor/tb2_ros2_nav2/ros2_ws/build/kobuki_keyop' returned '0': AMENT_PREFIX_PATH=/home/igor/tb2_ros2_nav2/ros2_ws/install/velocity_smoother:/home/igor/tb2_ros2_nav2/ros2_ws/install/kobuki_ros_interfaces:/home/igor/tb2_ros2_nav2/ros2_ws/install/cmd_vel_mux:${AMENT_PREFIX_PATH} CMAKE_PREFIX_PATH=/home/igor/tb2_ros2_nav2/ros2_ws/install/velocity_smoother:/home/igor/tb2_ros2_nav2/ros2_ws/install/kobuki_ros_interfaces:/home/igor/tb2_ros2_nav2/ros2_ws/install/cmd_vel_mux:/home/igor/tb2_ros2_nav2/ros2_ws/install/kobuki_ros:/home/igor/tb2_ros2_nav2/ros2_ws/install/kobuki_keyop:/home/igor/tb2_ros2_nav2/ros2_ws/install/kobuki_safety_controller:/home/igor/tb2_ros2_nav2/ros2_ws/install/kobuki_random_walker:/home/igor/tb2_ros2_nav2/ros2_ws/install/kobuki_node:/home/igor/tb2_ros2_nav2/ros2_ws/install/kobuki_bumper2pc:/home/igor/tb2_ros2_nav2/ros2_ws/install/kobuki_auto_docking:/home/igor/tb2_ros2_nav2/ros2_ws/install/kobuki_description:/home/igor/tb2_ros2_nav2/ros2_ws/install/kobuki_core:/opt/ros/galactic LD_LIBRARY_PATH=/home/igor/tb2_ros2_nav2/ros2_ws/install/velocity_smoother/lib:/home/igor/tb2_ros2_nav2/ros2_ws/install/kobuki_ros_interfaces/lib:/home/igor/tb2_ros2_nav2/ros2_ws/install/cmd_vel_mux/lib:/home/igor/tb2_ros2_nav2/ros2_ws/install/kobuki_keyop/lib:/home/igor/tb2_ros2_nav2/ros2_ws/install/kobuki_safety_controller/lib:/home/igor/tb2_ros2_nav2/ros2_ws/install/kobuki_random_walker/lib:/home/igor/tb2_ros2_nav2/ros2_ws/install/kobuki_node/lib:/home/igor/tb2_ros2_nav2/ros2_ws/install/kobuki_bumper2pc/lib:/home/igor/tb2_ros2_nav2/ros2_ws/install/kobuki_auto_docking/lib:/home/igor/tb2_ros2_nav2/ros2_ws/install/kobuki_core/lib:/usr/lib/x86_64-linux-gnu/gazebo-11/plugins:/opt/ros/galactic/opt/yaml_cpp_vendor/lib:/opt/ros/galactic/opt/rviz_ogre_vendor/lib:/opt/ros/galactic/lib/x86_64-linux-gnu:/opt/ros/galactic/lib /usr/bin/cmake /home/igor/tb2_ros2_nav2/ros2_ws/src/kobuki_ros/kobuki_keyop -DAMENT_CMAKE_SYMLINK_INSTALL=1 -DCMAKE_INSTALL_PREFIX=/home/igor/tb2_ros2_nav2/ros2_ws/install/kobuki_keyop
[9.068s] Invoking command in '/home/igor/tb2_ros2_nav2/ros2_ws/build/kobuki_keyop': AMENT_PREFIX_PATH=/home/igor/tb2_ros2_nav2/ros2_ws/install/velocity_smoother:/home/igor/tb2_ros2_nav2/ros2_ws/install/kobuki_ros_interfaces:/home/igor/tb2_ros2_nav2/ros2_ws/install/cmd_vel_mux:${AMENT_PREFIX_PATH} CMAKE_PREFIX_PATH=/home/igor/tb2_ros2_nav2/ros2_ws/install/velocity_smoother:/home/igor/tb2_ros2_nav2/ros2_ws/install/kobuki_ros_interfaces:/home/igor/tb2_ros2_nav2/ros2_ws/install/cmd_vel_mux:/home/igor/tb2_ros2_nav2/ros2_ws/install/kobuki_ros:/home/igor/tb2_ros2_nav2/ros2_ws/install/kobuki_keyop:/home/igor/tb2_ros2_nav2/ros2_ws/install/kobuki_safety_controller:/home/igor/tb2_ros2_nav2/ros2_ws/install/kobuki_random_walker:/home/igor/tb2_ros2_nav2/ros2_ws/install/kobuki_node:/home/igor/tb2_ros2_nav2/ros2_ws/install/kobuki_bumper2pc:/home/igor/tb2_ros2_nav2/ros2_ws/install/kobuki_auto_docking:/home/igor/tb2_ros2_nav2/ros2_ws/install/kobuki_description:/home/igor/tb2_ros2_nav2/ros2_ws/install/kobuki_core:/opt/ros/galactic LD_LIBRARY_PATH=/home/igor/tb2_ros2_nav2/ros2_ws/install/velocity_smoother/lib:/home/igor/tb2_ros2_nav2/ros2_ws/install/kobuki_ros_interfaces/lib:/home/igor/tb2_ros2_nav2/ros2_ws/install/cmd_vel_mux/lib:/home/igor/tb2_ros2_nav2/ros2_ws/install/kobuki_keyop/lib:/home/igor/tb2_ros2_nav2/ros2_ws/install/kobuki_safety_controller/lib:/home/igor/tb2_ros2_nav2/ros2_ws/install/kobuki_random_walker/lib:/home/igor/tb2_ros2_nav2/ros2_ws/install/kobuki_node/lib:/home/igor/tb2_ros2_nav2/ros2_ws/install/kobuki_bumper2pc/lib:/home/igor/tb2_ros2_nav2/ros2_ws/install/kobuki_auto_docking/lib:/home/igor/tb2_ros2_nav2/ros2_ws/install/kobuki_core/lib:/usr/lib/x86_64-linux-gnu/gazebo-11/plugins:/opt/ros/galactic/opt/yaml_cpp_vendor/lib:/opt/ros/galactic/opt/rviz_ogre_vendor/lib:/opt/ros/galactic/lib/x86_64-linux-gnu:/opt/ros/galactic/lib /usr/bin/cmake --build /home/igor/tb2_ros2_nav2/ros2_ws/build/kobuki_keyop -- -j16 -l16
[9.120s] [35m[1mScanning dependencies of target kobuki_keyop[0m
[9.120s] [35m[1mScanning dependencies of target kobuki_keyop_node[0m
[9.169s] [ 25%] [32mBuilding CXX object CMakeFiles/kobuki_keyop_node.dir/rclcpp_components/node_main_kobuki_keyop_node.cpp.o[0m
[9.172s] [ 50%] [32mBuilding CXX object CMakeFiles/kobuki_keyop.dir/src/keyop.cpp.o[0m
[12.827s] [ 75%] [32m[1mLinking CXX executable kobuki_keyop_node[0m
[13.043s] [ 75%] Built target kobuki_keyop_node
[19.353s] [100%] [32m[1mLinking CXX shared library libkobuki_keyop.so[0m
[19.809s] [100%] Built target kobuki_keyop
[19.819s] Invoked command in '/home/igor/tb2_ros2_nav2/ros2_ws/build/kobuki_keyop' returned '0': AMENT_PREFIX_PATH=/home/igor/tb2_ros2_nav2/ros2_ws/install/velocity_smoother:/home/igor/tb2_ros2_nav2/ros2_ws/install/kobuki_ros_interfaces:/home/igor/tb2_ros2_nav2/ros2_ws/install/cmd_vel_mux:${AMENT_PREFIX_PATH} CMAKE_PREFIX_PATH=/home/igor/tb2_ros2_nav2/ros2_ws/install/velocity_smoother:/home/igor/tb2_ros2_nav2/ros2_ws/install/kobuki_ros_interfaces:/home/igor/tb2_ros2_nav2/ros2_ws/install/cmd_vel_mux:/home/igor/tb2_ros2_nav2/ros2_ws/install/kobuki_ros:/home/igor/tb2_ros2_nav2/ros2_ws/install/kobuki_keyop:/home/igor/tb2_ros2_nav2/ros2_ws/install/kobuki_safety_controller:/home/igor/tb2_ros2_nav2/ros2_ws/install/kobuki_random_walker:/home/igor/tb2_ros2_nav2/ros2_ws/install/kobuki_node:/home/igor/tb2_ros2_nav2/ros2_ws/install/kobuki_bumper2pc:/home/igor/tb2_ros2_nav2/ros2_ws/install/kobuki_auto_docking:/home/igor/tb2_ros2_nav2/ros2_ws/install/kobuki_description:/home/igor/tb2_ros2_nav2/ros2_ws/install/kobuki_core:/opt/ros/galactic LD_LIBRARY_PATH=/home/igor/tb2_ros2_nav2/ros2_ws/install/velocity_smoother/lib:/home/igor/tb2_ros2_nav2/ros2_ws/install/kobuki_ros_interfaces/lib:/home/igor/tb2_ros2_nav2/ros2_ws/install/cmd_vel_mux/lib:/home/igor/tb2_ros2_nav2/ros2_ws/install/kobuki_keyop/lib:/home/igor/tb2_ros2_nav2/ros2_ws/install/kobuki_safety_controller/lib:/home/igor/tb2_ros2_nav2/ros2_ws/install/kobuki_random_walker/lib:/home/igor/tb2_ros2_nav2/ros2_ws/install/kobuki_node/lib:/home/igor/tb2_ros2_nav2/ros2_ws/install/kobuki_bumper2pc/lib:/home/igor/tb2_ros2_nav2/ros2_ws/install/kobuki_auto_docking/lib:/home/igor/tb2_ros2_nav2/ros2_ws/install/kobuki_core/lib:/usr/lib/x86_64-linux-gnu/gazebo-11/plugins:/opt/ros/galactic/opt/yaml_cpp_vendor/lib:/opt/ros/galactic/opt/rviz_ogre_vendor/lib:/opt/ros/galactic/lib/x86_64-linux-gnu:/opt/ros/galactic/lib /usr/bin/cmake --build /home/igor/tb2_ros2_nav2/ros2_ws/build/kobuki_keyop -- -j16 -l16
[19.843s] Invoking command in '/home/igor/tb2_ros2_nav2/ros2_ws/build/kobuki_keyop': AMENT_PREFIX_PATH=/home/igor/tb2_ros2_nav2/ros2_ws/install/velocity_smoother:/home/igor/tb2_ros2_nav2/ros2_ws/install/kobuki_ros_interfaces:/home/igor/tb2_ros2_nav2/ros2_ws/install/cmd_vel_mux:${AMENT_PREFIX_PATH} CMAKE_PREFIX_PATH=/home/igor/tb2_ros2_nav2/ros2_ws/install/velocity_smoother:/home/igor/tb2_ros2_nav2/ros2_ws/install/kobuki_ros_interfaces:/home/igor/tb2_ros2_nav2/ros2_ws/install/cmd_vel_mux:/home/igor/tb2_ros2_nav2/ros2_ws/install/kobuki_ros:/home/igor/tb2_ros2_nav2/ros2_ws/install/kobuki_keyop:/home/igor/tb2_ros2_nav2/ros2_ws/install/kobuki_safety_controller:/home/igor/tb2_ros2_nav2/ros2_ws/install/kobuki_random_walker:/home/igor/tb2_ros2_nav2/ros2_ws/install/kobuki_node:/home/igor/tb2_ros2_nav2/ros2_ws/install/kobuki_bumper2pc:/home/igor/tb2_ros2_nav2/ros2_ws/install/kobuki_auto_docking:/home/igor/tb2_ros2_nav2/ros2_ws/install/kobuki_description:/home/igor/tb2_ros2_nav2/ros2_ws/install/kobuki_core:/opt/ros/galactic LD_LIBRARY_PATH=/home/igor/tb2_ros2_nav2/ros2_ws/install/velocity_smoother/lib:/home/igor/tb2_ros2_nav2/ros2_ws/install/kobuki_ros_interfaces/lib:/home/igor/tb2_ros2_nav2/ros2_ws/install/cmd_vel_mux/lib:/home/igor/tb2_ros2_nav2/ros2_ws/install/kobuki_keyop/lib:/home/igor/tb2_ros2_nav2/ros2_ws/install/kobuki_safety_controller/lib:/home/igor/tb2_ros2_nav2/ros2_ws/install/kobuki_random_walker/lib:/home/igor/tb2_ros2_nav2/ros2_ws/install/kobuki_node/lib:/home/igor/tb2_ros2_nav2/ros2_ws/install/kobuki_bumper2pc/lib:/home/igor/tb2_ros2_nav2/ros2_ws/install/kobuki_auto_docking/lib:/home/igor/tb2_ros2_nav2/ros2_ws/install/kobuki_core/lib:/usr/lib/x86_64-linux-gnu/gazebo-11/plugins:/opt/ros/galactic/opt/yaml_cpp_vendor/lib:/opt/ros/galactic/opt/rviz_ogre_vendor/lib:/opt/ros/galactic/lib/x86_64-linux-gnu:/opt/ros/galactic/lib /usr/bin/cmake --install /home/igor/tb2_ros2_nav2/ros2_ws/build/kobuki_keyop
[19.850s] -- Install configuration: ""
[19.850s] -- Execute custom install script
[19.851s] -- Symlinking: /home/igor/tb2_ros2_nav2/ros2_ws/install/kobuki_keyop/lib/kobuki_keyop/kobuki_keyop_node
[19.859s] -- Symlinking: /home/igor/tb2_ros2_nav2/ros2_ws/install/kobuki_keyop/lib/libkobuki_keyop.so
[19.867s] -- Symlinking: /home/igor/tb2_ros2_nav2/ros2_ws/install/kobuki_keyop/include/kobuki_keyop/keyop.hpp
[19.876s] -- Symlinking: /home/igor/tb2_ros2_nav2/ros2_ws/install/kobuki_keyop/share/kobuki_keyop/config/keyop_params.yaml
[19.884s] -- Symlinking: /home/igor/tb2_ros2_nav2/ros2_ws/install/kobuki_keyop/share/ament_index/resource_index/package_run_dependencies/kobuki_keyop
[19.892s] -- Symlinking: /home/igor/tb2_ros2_nav2/ros2_ws/install/kobuki_keyop/share/ament_index/resource_index/parent_prefix_path/kobuki_keyop
[19.901s] -- Symlinking: /home/igor/tb2_ros2_nav2/ros2_ws/install/kobuki_keyop/share/kobuki_keyop/environment/ament_prefix_path.sh
[19.909s] -- Symlinking: /home/igor/tb2_ros2_nav2/ros2_ws/install/kobuki_keyop/share/kobuki_keyop/environment/ament_prefix_path.dsv
[19.918s] -- Symlinking: /home/igor/tb2_ros2_nav2/ros2_ws/install/kobuki_keyop/share/kobuki_keyop/environment/path.sh
[19.926s] -- Symlinking: /home/igor/tb2_ros2_nav2/ros2_ws/install/kobuki_keyop/share/kobuki_keyop/environment/path.dsv
[19.934s] -- Symlinking: /home/igor/tb2_ros2_nav2/ros2_ws/install/kobuki_keyop/share/kobuki_keyop/local_setup.bash
[19.943s] -- Symlinking: /home/igor/tb2_ros2_nav2/ros2_ws/install/kobuki_keyop/share/kobuki_keyop/local_setup.sh
[19.952s] -- Symlinking: /home/igor/tb2_ros2_nav2/ros2_ws/install/kobuki_keyop/share/kobuki_keyop/local_setup.zsh
[19.960s] -- Symlinking: /home/igor/tb2_ros2_nav2/ros2_ws/install/kobuki_keyop/share/kobuki_keyop/local_setup.dsv
[19.967s] -- Symlinking: /home/igor/tb2_ros2_nav2/ros2_ws/install/kobuki_keyop/share/kobuki_keyop/package.dsv
[19.976s] -- Symlinking: /home/igor/tb2_ros2_nav2/ros2_ws/install/kobuki_keyop/share/ament_index/resource_index/packages/kobuki_keyop
[19.985s] -- Symlinking: /home/igor/tb2_ros2_nav2/ros2_ws/install/kobuki_keyop/share/ament_index/resource_index/rclcpp_components/kobuki_keyop
[19.993s] -- Symlinking: /home/igor/tb2_ros2_nav2/ros2_ws/install/kobuki_keyop/share/kobuki_keyop/cmake/kobuki_keyopConfig.cmake
[20.002s] -- Symlinking: /home/igor/tb2_ros2_nav2/ros2_ws/install/kobuki_keyop/share/kobuki_keyop/cmake/kobuki_keyopConfig-version.cmake
[20.010s] -- Symlinking: /home/igor/tb2_ros2_nav2/ros2_ws/install/kobuki_keyop/share/kobuki_keyop/package.xml
[20.024s] Invoked command in '/home/igor/tb2_ros2_nav2/ros2_ws/build/kobuki_keyop' returned '0': AMENT_PREFIX_PATH=/home/igor/tb2_ros2_nav2/ros2_ws/install/velocity_smoother:/home/igor/tb2_ros2_nav2/ros2_ws/install/kobuki_ros_interfaces:/home/igor/tb2_ros2_nav2/ros2_ws/install/cmd_vel_mux:${AMENT_PREFIX_PATH} CMAKE_PREFIX_PATH=/home/igor/tb2_ros2_nav2/ros2_ws/install/velocity_smoother:/home/igor/tb2_ros2_nav2/ros2_ws/install/kobuki_ros_interfaces:/home/igor/tb2_ros2_nav2/ros2_ws/install/cmd_vel_mux:/home/igor/tb2_ros2_nav2/ros2_ws/install/kobuki_ros:/home/igor/tb2_ros2_nav2/ros2_ws/install/kobuki_keyop:/home/igor/tb2_ros2_nav2/ros2_ws/install/kobuki_safety_controller:/home/igor/tb2_ros2_nav2/ros2_ws/install/kobuki_random_walker:/home/igor/tb2_ros2_nav2/ros2_ws/install/kobuki_node:/home/igor/tb2_ros2_nav2/ros2_ws/install/kobuki_bumper2pc:/home/igor/tb2_ros2_nav2/ros2_ws/install/kobuki_auto_docking:/home/igor/tb2_ros2_nav2/ros2_ws/install/kobuki_description:/home/igor/tb2_ros2_nav2/ros2_ws/install/kobuki_core:/opt/ros/galactic LD_LIBRARY_PATH=/home/igor/tb2_ros2_nav2/ros2_ws/install/velocity_smoother/lib:/home/igor/tb2_ros2_nav2/ros2_ws/install/kobuki_ros_interfaces/lib:/home/igor/tb2_ros2_nav2/ros2_ws/install/cmd_vel_mux/lib:/home/igor/tb2_ros2_nav2/ros2_ws/install/kobuki_keyop/lib:/home/igor/tb2_ros2_nav2/ros2_ws/install/kobuki_safety_controller/lib:/home/igor/tb2_ros2_nav2/ros2_ws/install/kobuki_random_walker/lib:/home/igor/tb2_ros2_nav2/ros2_ws/install/kobuki_node/lib:/home/igor/tb2_ros2_nav2/ros2_ws/install/kobuki_bumper2pc/lib:/home/igor/tb2_ros2_nav2/ros2_ws/install/kobuki_auto_docking/lib:/home/igor/tb2_ros2_nav2/ros2_ws/install/kobuki_core/lib:/usr/lib/x86_64-linux-gnu/gazebo-11/plugins:/opt/ros/galactic/opt/yaml_cpp_vendor/lib:/opt/ros/galactic/opt/rviz_ogre_vendor/lib:/opt/ros/galactic/lib/x86_64-linux-gnu:/opt/ros/galactic/lib /usr/bin/cmake --install /home/igor/tb2_ros2_nav2/ros2_ws/build/kobuki_keyop
