-- Found ament_cmake_ros: 0.9.2 (/opt/ros/galactic/share/ament_cmake_ros/cmake)
-- Using PYTHON_EXECUTABLE: /usr/bin/python3
-- Override CMake install command with custom implementation using symlinks instead of copying resources
-- Found ecl_linear_algebra: 1.2.0 (/opt/ros/galactic/share/ecl_linear_algebra/cmake)
-- Found geometry_msgs: 2.2.4 (/opt/ros/galactic/share/geometry_msgs/cmake)
-- Using all available rosidl_typesupport_c: rosidl_typesupport_fastrtps_c;rosidl_typesupport_introspection_c
-- Found rosidl_adapter: 2.2.2 (/opt/ros/galactic/share/rosidl_adapter/cmake)
-- Using all available rosidl_typesupport_cpp: rosidl_typesupport_fastrtps_cpp;rosidl_typesupport_introspection_cpp
-- Found kobuki_core: 1.3.1 (/home/igor/tb2_ros2_nav2/ros2_ws/install/kobuki_core/share/kobuki_core/cmake)
-- Found ecl_build: 1.0.2 (/opt/ros/galactic/share/ecl_build/cmake)
-- Found kobuki_ros_interfaces: 1.0.0 (/home/igor/tb2_ros2_nav2/ros2_ws/install/kobuki_ros_interfaces/share/kobuki_ros_interfaces/cmake)
-- Found message_filters: 3.2.6 (/opt/ros/galactic/share/message_filters/cmake)
-- Found rmw_implementation_cmake: 3.3.1 (/opt/ros/galactic/share/rmw_implementation_cmake/cmake)
-- Found rmw_cyclonedds_cpp: 0.22.5 (/opt/ros/galactic/share/rmw_cyclonedds_cpp/cmake)
-- Using RMW implementation 'rmw_cyclonedds_cpp' as default
-- Found nav_msgs: 2.2.4 (/opt/ros/galactic/share/nav_msgs/cmake)
-- Found rclcpp_components: 9.2.1 (/opt/ros/galactic/share/rclcpp_components/cmake)
-- Found rclcpp_action: 9.2.1 (/opt/ros/galactic/share/rclcpp_action/cmake)
-- Found tf2_geometry_msgs: 0.17.3 (/opt/ros/galactic/share/tf2_geometry_msgs/cmake)
-- Found eigen3_cmake_module: 0.1.1 (/opt/ros/galactic/share/eigen3_cmake_module/cmake)
-- Configuring done
-- Generating done
-- Build files have been written to: /home/igor/tb2_ros2_nav2/ros2_ws/build/kobuki_auto_docking
[ 50%] Built target kobuki_auto_docking_node
[ 75%] [32mBuilding CXX object CMakeFiles/kobuki_auto_docking.dir/src/auto_docking_ros.cpp.o[0m
