[0.176s] Invoking command in '/home/igor/tb2_ros2_nav2/ros2_ws/build/kobuki_auto_docking': AMENT_PREFIX_PATH=/home/igor/tb2_ros2_nav2/ros2_ws/install/kobuki_ros_interfaces:/home/igor/tb2_ros2_nav2/ros2_ws/install/kobuki_core:${AMENT_PREFIX_PATH} CMAKE_PREFIX_PATH=/home/igor/tb2_ros2_nav2/ros2_ws/install/kobuki_ros_interfaces:/home/igor/tb2_ros2_nav2/ros2_ws/install/kobuki_core:/opt/ros/galactic LD_LIBRARY_PATH=/home/igor/tb2_ros2_nav2/ros2_ws/install/kobuki_ros_interfaces/lib:/home/igor/tb2_ros2_nav2/ros2_ws/install/kobuki_core/lib:${LD_LIBRARY_PATH} PATH=/home/igor/tb2_ros2_nav2/ros2_ws/install/kobuki_core/bin:${PATH} PYTHONPATH=/home/igor/tb2_ros2_nav2/ros2_ws/install/kobuki_ros_interfaces/lib/python3.8/site-packages:${PYTHONPATH} /usr/bin/cmake /home/igor/tb2_ros2_nav2/ros2_ws/src/kobuki_ros/kobuki_auto_docking -DCMAKE_INSTALL_PREFIX=/home/igor/tb2_ros2_nav2/ros2_ws/install/kobuki_auto_docking
[0.186s] -- Found ament_cmake_ros: 0.9.2 (/opt/ros/galactic/share/ament_cmake_ros/cmake)
[0.205s] -- Using PYTHON_EXECUTABLE: /usr/bin/python3
[0.271s] -- Override CMake install command with custom implementation using symlinks instead of copying resources
[0.277s] -- Found ecl_linear_algebra: 1.2.0 (/opt/ros/galactic/share/ecl_linear_algebra/cmake)
[0.302s] -- Found geometry_msgs: 2.2.4 (/opt/ros/galactic/share/geometry_msgs/cmake)
[0.410s] -- Using all available rosidl_typesupport_c: rosidl_typesupport_fastrtps_c;rosidl_typesupport_introspection_c
[0.413s] -- Found rosidl_adapter: 2.2.2 (/opt/ros/galactic/share/rosidl_adapter/cmake)
[2.731s] -- Using all available rosidl_typesupport_cpp: rosidl_typesupport_fastrtps_cpp;rosidl_typesupport_introspection_cpp
[2.824s] -- Found kobuki_core: 1.3.1 (/home/igor/tb2_ros2_nav2/ros2_ws/install/kobuki_core/share/kobuki_core/cmake)
[2.837s] -- Found ecl_build: 1.0.2 (/opt/ros/galactic/share/ecl_build/cmake)
[2.870s] -- Found kobuki_ros_interfaces: 1.0.0 (/home/igor/tb2_ros2_nav2/ros2_ws/install/kobuki_ros_interfaces/share/kobuki_ros_interfaces/cmake)
[2.984s] -- Found message_filters: 3.2.6 (/opt/ros/galactic/share/message_filters/cmake)
[3.019s] -- Found rmw_implementation_cmake: 3.3.1 (/opt/ros/galactic/share/rmw_implementation_cmake/cmake)
[3.020s] -- Found rmw_cyclonedds_cpp: 0.22.5 (/opt/ros/galactic/share/rmw_cyclonedds_cpp/cmake)
[3.036s] -- Using RMW implementation 'rmw_cyclonedds_cpp' as default
[3.144s] -- Found nav_msgs: 2.2.4 (/opt/ros/galactic/share/nav_msgs/cmake)
[3.197s] -- Found rclcpp_components: 9.2.1 (/opt/ros/galactic/share/rclcpp_components/cmake)
[3.235s] -- Found rclcpp_action: 9.2.1 (/opt/ros/galactic/share/rclcpp_action/cmake)
[3.260s] -- Found tf2_geometry_msgs: 0.17.3 (/opt/ros/galactic/share/tf2_geometry_msgs/cmake)
[3.264s] -- Found eigen3_cmake_module: 0.1.1 (/opt/ros/galactic/share/eigen3_cmake_module/cmake)
[3.560s] -- Configuring done
[3.575s] -- Generating done
[3.577s] -- Build files have been written to: /home/igor/tb2_ros2_nav2/ros2_ws/build/kobuki_auto_docking
[3.586s] Invoked command in '/home/igor/tb2_ros2_nav2/ros2_ws/build/kobuki_auto_docking' returned '0': AMENT_PREFIX_PATH=/home/igor/tb2_ros2_nav2/ros2_ws/install/kobuki_ros_interfaces:/home/igor/tb2_ros2_nav2/ros2_ws/install/kobuki_core:${AMENT_PREFIX_PATH} CMAKE_PREFIX_PATH=/home/igor/tb2_ros2_nav2/ros2_ws/install/kobuki_ros_interfaces:/home/igor/tb2_ros2_nav2/ros2_ws/install/kobuki_core:/opt/ros/galactic LD_LIBRARY_PATH=/home/igor/tb2_ros2_nav2/ros2_ws/install/kobuki_ros_interfaces/lib:/home/igor/tb2_ros2_nav2/ros2_ws/install/kobuki_core/lib:${LD_LIBRARY_PATH} PATH=/home/igor/tb2_ros2_nav2/ros2_ws/install/kobuki_core/bin:${PATH} PYTHONPATH=/home/igor/tb2_ros2_nav2/ros2_ws/install/kobuki_ros_interfaces/lib/python3.8/site-packages:${PYTHONPATH} /usr/bin/cmake /home/igor/tb2_ros2_nav2/ros2_ws/src/kobuki_ros/kobuki_auto_docking -DCMAKE_INSTALL_PREFIX=/home/igor/tb2_ros2_nav2/ros2_ws/install/kobuki_auto_docking
[3.588s] Invoking command in '/home/igor/tb2_ros2_nav2/ros2_ws/build/kobuki_auto_docking': AMENT_PREFIX_PATH=/home/igor/tb2_ros2_nav2/ros2_ws/install/kobuki_ros_interfaces:/home/igor/tb2_ros2_nav2/ros2_ws/install/kobuki_core:${AMENT_PREFIX_PATH} CMAKE_PREFIX_PATH=/home/igor/tb2_ros2_nav2/ros2_ws/install/kobuki_ros_interfaces:/home/igor/tb2_ros2_nav2/ros2_ws/install/kobuki_core:/opt/ros/galactic LD_LIBRARY_PATH=/home/igor/tb2_ros2_nav2/ros2_ws/install/kobuki_ros_interfaces/lib:/home/igor/tb2_ros2_nav2/ros2_ws/install/kobuki_core/lib:${LD_LIBRARY_PATH} PATH=/home/igor/tb2_ros2_nav2/ros2_ws/install/kobuki_core/bin:${PATH} PYTHONPATH=/home/igor/tb2_ros2_nav2/ros2_ws/install/kobuki_ros_interfaces/lib/python3.8/site-packages:${PYTHONPATH} /usr/bin/cmake --build /home/igor/tb2_ros2_nav2/ros2_ws/build/kobuki_auto_docking -- -j16 -l16
[3.633s] [ 50%] Built target kobuki_auto_docking_node
[3.649s] [ 75%] [32mBuilding CXX object CMakeFiles/kobuki_auto_docking.dir/src/auto_docking_ros.cpp.o[0m
[22.014s] make[2]: *** Deleting file 'CMakeFiles/kobuki_auto_docking.dir/src/auto_docking_ros.cpp.o'
[22.018s] make[2]: *** [CMakeFiles/kobuki_auto_docking.dir/build.make:63: CMakeFiles/kobuki_auto_docking.dir/src/auto_docking_ros.cpp.o] Interrupt
[22.018s] make[1]: *** [CMakeFiles/Makefile2:80: CMakeFiles/kobuki_auto_docking.dir/all] Interrupt
[22.018s] make: *** [Makefile:141: all] Interrupt
