-- The C compiler identification is GNU 9.4.0
-- The CXX compiler identification is GNU 9.4.0
-- Check for working C compiler: /usr/bin/cc
-- Check for working C compiler: /usr/bin/cc -- works
-- Detecting C compiler ABI info
-- Detecting C compiler ABI info - done
-- Detecting C compile features
-- Detecting C compile features - done
-- Check for working CXX compiler: /usr/bin/c++
-- Check for working CXX compiler: /usr/bin/c++ -- works
-- Detecting CXX compiler ABI info
-- Detecting CXX compiler ABI info - done
-- Detecting CXX compile features
-- Detecting CXX compile features - done
-- Found ament_cmake_ros: 0.9.2 (/opt/ros/galactic/share/ament_cmake_ros/cmake)
-- Found PythonInterp: /usr/bin/python3 (found suitable version "3.8.10", minimum required is "3") 
-- Using PYTHON_EXECUTABLE: /usr/bin/python3
-- Override CMake install command with custom implementation using symlinks instead of copying resources
-- Found geometry_msgs: 2.2.4 (/opt/ros/galactic/share/geometry_msgs/cmake)
-- Using all available rosidl_typesupport_c: rosidl_typesupport_fastrtps_c;rosidl_typesupport_introspection_c
-- Found rosidl_adapter: 2.2.2 (/opt/ros/galactic/share/rosidl_adapter/cmake)
-- Found OpenSSL: /usr/lib/x86_64-linux-gnu/libcrypto.so (found version "1.1.1f")  
-- Found FastRTPS: /opt/ros/galactic/include  
-- Using all available rosidl_typesupport_cpp: rosidl_typesupport_fastrtps_cpp;rosidl_typesupport_introspection_cpp
-- Found rcl_interfaces: 1.0.3 (/opt/ros/galactic/share/rcl_interfaces/cmake)
-- Found rclcpp: 9.2.1 (/opt/ros/galactic/share/rclcpp/cmake)
-- Found rmw_implementation_cmake: 3.3.1 (/opt/ros/galactic/share/rmw_implementation_cmake/cmake)
-- Found rmw_cyclonedds_cpp: 0.22.5 (/opt/ros/galactic/share/rmw_cyclonedds_cpp/cmake)
-- Using RMW implementation 'rmw_cyclonedds_cpp' as default
-- Looking for pthread.h
-- Looking for pthread.h - found
-- Performing Test CMAKE_HAVE_LIBC_PTHREAD
-- Performing Test CMAKE_HAVE_LIBC_PTHREAD - Failed
-- Looking for pthread_create in pthreads
-- Looking for pthread_create in pthreads - not found
-- Looking for pthread_create in pthread
-- Looking for pthread_create in pthread - found
-- Found Threads: TRUE  
-- Found rclcpp_components: 9.2.1 (/opt/ros/galactic/share/rclcpp_components/cmake)
-- Found ament_lint_auto: 0.10.7 (/opt/ros/galactic/share/ament_lint_auto/cmake)
-- Found launch_testing_ament_cmake: 0.17.1 (/opt/ros/galactic/share/launch_testing_ament_cmake/cmake)
-- Found python_cmake_module: 0.8.1 (/opt/ros/galactic/share/python_cmake_module/cmake)
-- Found PythonInterp: /usr/bin/python3 (found suitable version "3.8.10", minimum required is "3.5") 
-- Found PythonLibs: /usr/lib/x86_64-linux-gnu/libpython3.8.so (found suitable version "3.8.10", minimum required is "3.5") 
-- Using PYTHON_EXECUTABLE: /usr/bin/python3
-- Using PYTHON_INCLUDE_DIRS: /usr/include/python3.8
-- Using PYTHON_LIBRARIES: /usr/lib/x86_64-linux-gnu/libpython3.8.so
-- Found PythonExtra: .so  
-- Added test 'cppcheck' to perform static code analysis on C / C++ code
-- Configured cppcheck include dirs: /home/igor/tb2_ros2_nav2/ros2_ws/src/cmd_vel_mux/include
-- Configured cppcheck exclude dirs and/or files: 
-- Added test 'cpplint' to check C / C++ code against the Google style
-- Configured cpplint exclude dirs and/or files: 
-- Added test 'flake8' to check Python code syntax and style conventions
-- Added test 'lint_cmake' to check CMake code style
-- Added test 'pep257' to check Python code against some of the style conventions in PEP 257
-- Added test 'uncrustify' to check C / C++ code style
-- Configured uncrustify additional arguments: 
-- Added test 'xmllint' to check XML markup files
-- Configuring done
-- Generating done
-- Build files have been written to: /home/igor/tb2_ros2_nav2/ros2_ws/build/cmd_vel_mux
[35m[1mScanning dependencies of target cmd_vel_mux[0m
[ 25%] [32mBuilding CXX object CMakeFiles/cmd_vel_mux.dir/src/cmd_vel_mux.cpp.o[0m
In file included from [01m[K/opt/ros/galactic/include/rclcpp/client.hpp:40[m[K,
                 from [01m[K/opt/ros/galactic/include/rclcpp/callback_group.hpp:23[m[K,
                 from [01m[K/opt/ros/galactic/include/rclcpp/any_executable.hpp:20[m[K,
                 from [01m[K/opt/ros/galactic/include/rclcpp/memory_strategy.hpp:25[m[K,
                 from [01m[K/opt/ros/galactic/include/rclcpp/memory_strategies.hpp:18[m[K,
                 from [01m[K/opt/ros/galactic/include/rclcpp/executor_options.hpp:20[m[K,
                 from [01m[K/opt/ros/galactic/include/rclcpp/executor.hpp:36[m[K,
                 from [01m[K/opt/ros/galactic/include/rclcpp/executors/multi_threaded_executor.hpp:26[m[K,
                 from [01m[K/opt/ros/galactic/include/rclcpp/executors.hpp:21[m[K,
                 from [01m[K/opt/ros/galactic/include/rclcpp/rclcpp.hpp:156[m[K,
                 from [01m[K/home/igor/tb2_ros2_nav2/ros2_ws/src/cmd_vel_mux/include/cmd_vel_mux/cmd_vel_mux.hpp:46[m[K,
                 from [01m[K/home/igor/tb2_ros2_nav2/ros2_ws/src/cmd_vel_mux/src/cmd_vel_mux.cpp:37[m[K:
[01m[K/home/igor/tb2_ros2_nav2/ros2_ws/src/cmd_vel_mux/src/cmd_vel_mux.cpp:[m[K In member function ‘[01m[Kvoid cmd_vel_mux::CmdVelMux::configureFromParameters(const std::map<std::__cxx11::basic_string<char>, cmd_vel_mux::ParameterValues>&)[m[K’:
[01m[K/home/igor/tb2_ros2_nav2/ros2_ws/src/cmd_vel_mux/src/cmd_vel_mux.cpp:196:34:[m[K [01;35m[Kwarning: [m[Kformat ‘[01m[K%d[m[K’ expects argument of type ‘[01m[Kint[m[K’, but argument 7 has type ‘[01m[Kint64_t[m[K’ {aka ‘[01m[Klong int[m[K’} [[01;35m[K-Wformat=[m[K]
  196 |       RCLCPP_DEBUG(get_logger(), [01;35m[K"CmdVelMux : subscribed to '%s' on topic '%s'. pr: %d, to: %.2f"[m[K,
      |                                  [01;35m[K^~~~~~~~~~~~~~~~~~~~~~~~~~~~~~~~~~~~~~~~~~~~~~~~~~~~~~~~~~~~~~~~[m[K
  197 |         values->name_.c_str(), values->values_.topic.c_str(),
  198 |         [32m[Kvalues->values_.priority[m[K, values->values_.timeout);
      |         [32m[K~~~~~~~~~~~~~~~~~~~~~~~~[m[K  
      |                         [32m[K|[m[K
      |                         [32m[Kint64_t {aka long int}[m[K
[01m[K/home/igor/tb2_ros2_nav2/ros2_ws/src/cmd_vel_mux/src/cmd_vel_mux.cpp:196:86:[m[K [01;36m[Knote: [m[Kformat string is defined here
  196 |       RCLCPP_DEBUG(get_logger(), "CmdVelMux : subscribed to '%s' on topic '%s'. pr: [01;36m[K%d[m[K, to: %.2f",
      |                                                                                     [01;36m[K~^[m[K
      |                                                                                      [01;36m[K|[m[K
      |                                                                                      [01;36m[Kint[m[K
      |                                                                                     [32m[K%ld[m[K
[ 50%] [32m[1mLinking CXX shared library libcmd_vel_mux.so[0m
[ 50%] Built target cmd_vel_mux
[35m[1mScanning dependencies of target cmd_vel_mux_node[0m
[ 75%] [32mBuilding CXX object CMakeFiles/cmd_vel_mux_node.dir/src/cmd_vel_mux_node.cpp.o[0m
[100%] [32m[1mLinking CXX executable cmd_vel_mux_node[0m
[100%] Built target cmd_vel_mux_node
-- Install configuration: ""
-- Execute custom install script
-- Symlinking: /home/igor/tb2_ros2_nav2/ros2_ws/install/cmd_vel_mux/lib/libcmd_vel_mux.so
-- Symlinking: /home/igor/tb2_ros2_nav2/ros2_ws/install/cmd_vel_mux/include/cmd_vel_mux/cmd_vel_mux.hpp
-- Symlinking: /home/igor/tb2_ros2_nav2/ros2_ws/install/cmd_vel_mux/lib/cmd_vel_mux/cmd_vel_mux_node
-- Symlinking: /home/igor/tb2_ros2_nav2/ros2_ws/install/cmd_vel_mux/share/cmd_vel_mux/config/cmd_vel_mux_params.yaml
-- Symlinking: /home/igor/tb2_ros2_nav2/ros2_ws/install/cmd_vel_mux/share/cmd_vel_mux/launch/cmd_vel_mux-composed-launch.py
-- Symlinking: /home/igor/tb2_ros2_nav2/ros2_ws/install/cmd_vel_mux/share/cmd_vel_mux/launch/cmd_vel_mux-launch.py
-- Symlinking: /home/igor/tb2_ros2_nav2/ros2_ws/install/cmd_vel_mux/share/ament_index/resource_index/package_run_dependencies/cmd_vel_mux
-- Symlinking: /home/igor/tb2_ros2_nav2/ros2_ws/install/cmd_vel_mux/share/ament_index/resource_index/parent_prefix_path/cmd_vel_mux
-- Symlinking: /home/igor/tb2_ros2_nav2/ros2_ws/install/cmd_vel_mux/share/cmd_vel_mux/environment/ament_prefix_path.sh
-- Symlinking: /home/igor/tb2_ros2_nav2/ros2_ws/install/cmd_vel_mux/share/cmd_vel_mux/environment/ament_prefix_path.dsv
-- Symlinking: /home/igor/tb2_ros2_nav2/ros2_ws/install/cmd_vel_mux/share/cmd_vel_mux/environment/path.sh
-- Symlinking: /home/igor/tb2_ros2_nav2/ros2_ws/install/cmd_vel_mux/share/cmd_vel_mux/environment/path.dsv
-- Symlinking: /home/igor/tb2_ros2_nav2/ros2_ws/install/cmd_vel_mux/share/cmd_vel_mux/local_setup.bash
-- Symlinking: /home/igor/tb2_ros2_nav2/ros2_ws/install/cmd_vel_mux/share/cmd_vel_mux/local_setup.sh
-- Symlinking: /home/igor/tb2_ros2_nav2/ros2_ws/install/cmd_vel_mux/share/cmd_vel_mux/local_setup.zsh
-- Symlinking: /home/igor/tb2_ros2_nav2/ros2_ws/install/cmd_vel_mux/share/cmd_vel_mux/local_setup.dsv
-- Symlinking: /home/igor/tb2_ros2_nav2/ros2_ws/install/cmd_vel_mux/share/cmd_vel_mux/package.dsv
-- Symlinking: /home/igor/tb2_ros2_nav2/ros2_ws/install/cmd_vel_mux/share/ament_index/resource_index/packages/cmd_vel_mux
-- Symlinking: /home/igor/tb2_ros2_nav2/ros2_ws/install/cmd_vel_mux/share/ament_index/resource_index/rclcpp_components/cmd_vel_mux
-- Symlinking: /home/igor/tb2_ros2_nav2/ros2_ws/install/cmd_vel_mux/share/cmd_vel_mux/cmake/cmd_vel_muxConfig.cmake
-- Symlinking: /home/igor/tb2_ros2_nav2/ros2_ws/install/cmd_vel_mux/share/cmd_vel_mux/cmake/cmd_vel_muxConfig-version.cmake
-- Symlinking: /home/igor/tb2_ros2_nav2/ros2_ws/install/cmd_vel_mux/share/cmd_vel_mux/package.xml
