[0.030s] Invoking command in '/home/igor/tb2_ros2_nav2/ros2_ws/build/cmd_vel_mux': CMAKE_PREFIX_PATH=${CMAKE_PREFIX_PATH}:/opt/ros/galactic /usr/bin/cmake /home/igor/tb2_ros2_nav2/ros2_ws/src/cmd_vel_mux -DAMENT_CMAKE_SYMLINK_INSTALL=1 -DCMAKE_INSTALL_PREFIX=/home/igor/tb2_ros2_nav2/ros2_ws/install/cmd_vel_mux
[0.124s] -- The C compiler identification is GNU 9.4.0
[0.293s] -- The CXX compiler identification is GNU 9.4.0
[0.364s] -- Check for working C compiler: /usr/bin/cc
[0.478s] -- Check for working C compiler: /usr/bin/cc -- works
[0.478s] -- Detecting C compiler ABI info
[0.579s] -- Detecting C compiler ABI info - done
[0.593s] -- Detecting C compile features
[0.593s] -- Detecting C compile features - done
[0.595s] -- Check for working CXX compiler: /usr/bin/c++
[0.731s] -- Check for working CXX compiler: /usr/bin/c++ -- works
[0.732s] -- Detecting CXX compiler ABI info
[0.869s] -- Detecting CXX compiler ABI info - done
[0.885s] -- Detecting CXX compile features
[0.885s] -- Detecting CXX compile features - done
[0.887s] -- Found ament_cmake_ros: 0.9.2 (/opt/ros/galactic/share/ament_cmake_ros/cmake)
[0.915s] -- Found PythonInterp: /usr/bin/python3 (found suitable version "3.8.10", minimum required is "3") 
[0.915s] -- Using PYTHON_EXECUTABLE: /usr/bin/python3
[0.963s] -- Override CMake install command with custom implementation using symlinks instead of copying resources
[0.990s] -- Found geometry_msgs: 2.2.4 (/opt/ros/galactic/share/geometry_msgs/cmake)
[1.138s] -- Using all available rosidl_typesupport_c: rosidl_typesupport_fastrtps_c;rosidl_typesupport_introspection_c
[1.146s] -- Found rosidl_adapter: 2.2.2 (/opt/ros/galactic/share/rosidl_adapter/cmake)
[1.959s] -- Found OpenSSL: /usr/lib/x86_64-linux-gnu/libcrypto.so (found version "1.1.1f")  
[3.492s] -- Found FastRTPS: /opt/ros/galactic/include  
[5.589s] -- Using all available rosidl_typesupport_cpp: rosidl_typesupport_fastrtps_cpp;rosidl_typesupport_introspection_cpp
[5.699s] -- Found rcl_interfaces: 1.0.3 (/opt/ros/galactic/share/rcl_interfaces/cmake)
[5.710s] -- Found rclcpp: 9.2.1 (/opt/ros/galactic/share/rclcpp/cmake)
[5.749s] -- Found rmw_implementation_cmake: 3.3.1 (/opt/ros/galactic/share/rmw_implementation_cmake/cmake)
[5.753s] -- Found rmw_cyclonedds_cpp: 0.22.5 (/opt/ros/galactic/share/rmw_cyclonedds_cpp/cmake)
[5.782s] -- Using RMW implementation 'rmw_cyclonedds_cpp' as default
[5.783s] -- Looking for pthread.h
[5.930s] -- Looking for pthread.h - found
[5.930s] -- Performing Test CMAKE_HAVE_LIBC_PTHREAD
[6.072s] -- Performing Test CMAKE_HAVE_LIBC_PTHREAD - Failed
[6.072s] -- Looking for pthread_create in pthreads
[6.190s] -- Looking for pthread_create in pthreads - not found
[6.191s] -- Looking for pthread_create in pthread
[6.342s] -- Looking for pthread_create in pthread - found
[6.343s] -- Found Threads: TRUE  
[6.531s] -- Found rclcpp_components: 9.2.1 (/opt/ros/galactic/share/rclcpp_components/cmake)
[6.596s] -- Found ament_lint_auto: 0.10.7 (/opt/ros/galactic/share/ament_lint_auto/cmake)
[6.686s] -- Found launch_testing_ament_cmake: 0.17.1 (/opt/ros/galactic/share/launch_testing_ament_cmake/cmake)
[6.688s] -- Found python_cmake_module: 0.8.1 (/opt/ros/galactic/share/python_cmake_module/cmake)
[6.708s] -- Found PythonInterp: /usr/bin/python3 (found suitable version "3.8.10", minimum required is "3.5") 
[6.983s] -- Found PythonLibs: /usr/lib/x86_64-linux-gnu/libpython3.8.so (found suitable version "3.8.10", minimum required is "3.5") 
[6.983s] -- Using PYTHON_EXECUTABLE: /usr/bin/python3
[6.983s] -- Using PYTHON_INCLUDE_DIRS: /usr/include/python3.8
[6.983s] -- Using PYTHON_LIBRARIES: /usr/lib/x86_64-linux-gnu/libpython3.8.so
[7.020s] -- Found PythonExtra: .so  
[7.028s] -- Added test 'cppcheck' to perform static code analysis on C / C++ code
[7.029s] -- Configured cppcheck include dirs: /home/igor/tb2_ros2_nav2/ros2_ws/src/cmd_vel_mux/include
[7.029s] -- Configured cppcheck exclude dirs and/or files: 
[7.030s] -- Added test 'cpplint' to check C / C++ code against the Google style
[7.030s] -- Configured cpplint exclude dirs and/or files: 
[7.031s] -- Added test 'flake8' to check Python code syntax and style conventions
[7.032s] -- Added test 'lint_cmake' to check CMake code style
[7.032s] -- Added test 'pep257' to check Python code against some of the style conventions in PEP 257
[7.033s] -- Added test 'uncrustify' to check C / C++ code style
[7.034s] -- Configured uncrustify additional arguments: 
[7.034s] -- Added test 'xmllint' to check XML markup files
[7.038s] -- Configuring done
[7.052s] -- Generating done
[7.054s] -- Build files have been written to: /home/igor/tb2_ros2_nav2/ros2_ws/build/cmd_vel_mux
[7.067s] Invoked command in '/home/igor/tb2_ros2_nav2/ros2_ws/build/cmd_vel_mux' returned '0': CMAKE_PREFIX_PATH=${CMAKE_PREFIX_PATH}:/opt/ros/galactic /usr/bin/cmake /home/igor/tb2_ros2_nav2/ros2_ws/src/cmd_vel_mux -DAMENT_CMAKE_SYMLINK_INSTALL=1 -DCMAKE_INSTALL_PREFIX=/home/igor/tb2_ros2_nav2/ros2_ws/install/cmd_vel_mux
[7.071s] Invoking command in '/home/igor/tb2_ros2_nav2/ros2_ws/build/cmd_vel_mux': CMAKE_PREFIX_PATH=${CMAKE_PREFIX_PATH}:/opt/ros/galactic /usr/bin/cmake --build /home/igor/tb2_ros2_nav2/ros2_ws/build/cmd_vel_mux -- -j16 -l16
[7.118s] [35m[1mScanning dependencies of target cmd_vel_mux[0m
[7.162s] [ 25%] [32mBuilding CXX object CMakeFiles/cmd_vel_mux.dir/src/cmd_vel_mux.cpp.o[0m
[10.140s] In file included from [01m[K/opt/ros/galactic/include/rclcpp/client.hpp:40[m[K,
[10.140s]                  from [01m[K/opt/ros/galactic/include/rclcpp/callback_group.hpp:23[m[K,
[10.141s]                  from [01m[K/opt/ros/galactic/include/rclcpp/any_executable.hpp:20[m[K,
[10.141s]                  from [01m[K/opt/ros/galactic/include/rclcpp/memory_strategy.hpp:25[m[K,
[10.141s]                  from [01m[K/opt/ros/galactic/include/rclcpp/memory_strategies.hpp:18[m[K,
[10.141s]                  from [01m[K/opt/ros/galactic/include/rclcpp/executor_options.hpp:20[m[K,
[10.142s]                  from [01m[K/opt/ros/galactic/include/rclcpp/executor.hpp:36[m[K,
[10.142s]                  from [01m[K/opt/ros/galactic/include/rclcpp/executors/multi_threaded_executor.hpp:26[m[K,
[10.142s]                  from [01m[K/opt/ros/galactic/include/rclcpp/executors.hpp:21[m[K,
[10.143s]                  from [01m[K/opt/ros/galactic/include/rclcpp/rclcpp.hpp:156[m[K,
[10.143s]                  from [01m[K/home/igor/tb2_ros2_nav2/ros2_ws/src/cmd_vel_mux/include/cmd_vel_mux/cmd_vel_mux.hpp:46[m[K,
[10.143s]                  from [01m[K/home/igor/tb2_ros2_nav2/ros2_ws/src/cmd_vel_mux/src/cmd_vel_mux.cpp:37[m[K:
[10.143s] [01m[K/home/igor/tb2_ros2_nav2/ros2_ws/src/cmd_vel_mux/src/cmd_vel_mux.cpp:[m[K In member function ‘[01m[Kvoid cmd_vel_mux::CmdVelMux::configureFromParameters(const std::map<std::__cxx11::basic_string<char>, cmd_vel_mux::ParameterValues>&)[m[K’:
[10.144s] [01m[K/home/igor/tb2_ros2_nav2/ros2_ws/src/cmd_vel_mux/src/cmd_vel_mux.cpp:196:34:[m[K [01;35m[Kwarning: [m[Kformat ‘[01m[K%d[m[K’ expects argument of type ‘[01m[Kint[m[K’, but argument 7 has type ‘[01m[Kint64_t[m[K’ {aka ‘[01m[Klong int[m[K’} [[01;35m[K-Wformat=[m[K]
[10.144s]   196 |       RCLCPP_DEBUG(get_logger(), [01;35m[K"CmdVelMux : subscribed to '%s' on topic '%s'. pr: %d, to: %.2f"[m[K,
[10.144s]       |                                  [01;35m[K^~~~~~~~~~~~~~~~~~~~~~~~~~~~~~~~~~~~~~~~~~~~~~~~~~~~~~~~~~~~~~~~[m[K
[10.145s]   197 |         values->name_.c_str(), values->values_.topic.c_str(),
[10.145s]   198 |         [32m[Kvalues->values_.priority[m[K, values->values_.timeout);
[10.145s]       |         [32m[K~~~~~~~~~~~~~~~~~~~~~~~~[m[K  
[10.146s]       |                         [32m[K|[m[K
[10.146s]       |                         [32m[Kint64_t {aka long int}[m[K
[10.146s] [01m[K/home/igor/tb2_ros2_nav2/ros2_ws/src/cmd_vel_mux/src/cmd_vel_mux.cpp:196:86:[m[K [01;36m[Knote: [m[Kformat string is defined here
[10.146s]   196 |       RCLCPP_DEBUG(get_logger(), "CmdVelMux : subscribed to '%s' on topic '%s'. pr: [01;36m[K%d[m[K, to: %.2f",
[10.146s]       |                                                                                     [01;36m[K~^[m[K
[10.146s]       |                                                                                      [01;36m[K|[m[K
[10.147s]       |                                                                                      [01;36m[Kint[m[K
[10.147s]       |                                                                                     [32m[K%ld[m[K
[21.892s] [ 50%] [32m[1mLinking CXX shared library libcmd_vel_mux.so[0m
[22.762s] [ 50%] Built target cmd_vel_mux
[22.770s] [35m[1mScanning dependencies of target cmd_vel_mux_node[0m
[22.804s] [ 75%] [32mBuilding CXX object CMakeFiles/cmd_vel_mux_node.dir/src/cmd_vel_mux_node.cpp.o[0m
[25.273s] [100%] [32m[1mLinking CXX executable cmd_vel_mux_node[0m
[25.481s] [100%] Built target cmd_vel_mux_node
[25.490s] Invoked command in '/home/igor/tb2_ros2_nav2/ros2_ws/build/cmd_vel_mux' returned '0': CMAKE_PREFIX_PATH=${CMAKE_PREFIX_PATH}:/opt/ros/galactic /usr/bin/cmake --build /home/igor/tb2_ros2_nav2/ros2_ws/build/cmd_vel_mux -- -j16 -l16
[25.513s] Invoking command in '/home/igor/tb2_ros2_nav2/ros2_ws/build/cmd_vel_mux': CMAKE_PREFIX_PATH=${CMAKE_PREFIX_PATH}:/opt/ros/galactic /usr/bin/cmake --install /home/igor/tb2_ros2_nav2/ros2_ws/build/cmd_vel_mux
[25.520s] -- Install configuration: ""
[25.520s] -- Execute custom install script
[25.521s] -- Symlinking: /home/igor/tb2_ros2_nav2/ros2_ws/install/cmd_vel_mux/lib/libcmd_vel_mux.so
[25.529s] -- Symlinking: /home/igor/tb2_ros2_nav2/ros2_ws/install/cmd_vel_mux/include/cmd_vel_mux/cmd_vel_mux.hpp
[25.537s] -- Symlinking: /home/igor/tb2_ros2_nav2/ros2_ws/install/cmd_vel_mux/lib/cmd_vel_mux/cmd_vel_mux_node
[25.544s] -- Symlinking: /home/igor/tb2_ros2_nav2/ros2_ws/install/cmd_vel_mux/share/cmd_vel_mux/config/cmd_vel_mux_params.yaml
[25.551s] -- Symlinking: /home/igor/tb2_ros2_nav2/ros2_ws/install/cmd_vel_mux/share/cmd_vel_mux/launch/cmd_vel_mux-composed-launch.py
[25.558s] -- Symlinking: /home/igor/tb2_ros2_nav2/ros2_ws/install/cmd_vel_mux/share/cmd_vel_mux/launch/cmd_vel_mux-launch.py
[25.568s] -- Symlinking: /home/igor/tb2_ros2_nav2/ros2_ws/install/cmd_vel_mux/share/ament_index/resource_index/package_run_dependencies/cmd_vel_mux
[25.577s] -- Symlinking: /home/igor/tb2_ros2_nav2/ros2_ws/install/cmd_vel_mux/share/ament_index/resource_index/parent_prefix_path/cmd_vel_mux
[25.585s] -- Symlinking: /home/igor/tb2_ros2_nav2/ros2_ws/install/cmd_vel_mux/share/cmd_vel_mux/environment/ament_prefix_path.sh
[25.592s] -- Symlinking: /home/igor/tb2_ros2_nav2/ros2_ws/install/cmd_vel_mux/share/cmd_vel_mux/environment/ament_prefix_path.dsv
[25.599s] -- Symlinking: /home/igor/tb2_ros2_nav2/ros2_ws/install/cmd_vel_mux/share/cmd_vel_mux/environment/path.sh
[25.607s] -- Symlinking: /home/igor/tb2_ros2_nav2/ros2_ws/install/cmd_vel_mux/share/cmd_vel_mux/environment/path.dsv
[25.614s] -- Symlinking: /home/igor/tb2_ros2_nav2/ros2_ws/install/cmd_vel_mux/share/cmd_vel_mux/local_setup.bash
[25.621s] -- Symlinking: /home/igor/tb2_ros2_nav2/ros2_ws/install/cmd_vel_mux/share/cmd_vel_mux/local_setup.sh
[25.628s] -- Symlinking: /home/igor/tb2_ros2_nav2/ros2_ws/install/cmd_vel_mux/share/cmd_vel_mux/local_setup.zsh
[25.635s] -- Symlinking: /home/igor/tb2_ros2_nav2/ros2_ws/install/cmd_vel_mux/share/cmd_vel_mux/local_setup.dsv
[25.642s] -- Symlinking: /home/igor/tb2_ros2_nav2/ros2_ws/install/cmd_vel_mux/share/cmd_vel_mux/package.dsv
[25.650s] -- Symlinking: /home/igor/tb2_ros2_nav2/ros2_ws/install/cmd_vel_mux/share/ament_index/resource_index/packages/cmd_vel_mux
[25.657s] -- Symlinking: /home/igor/tb2_ros2_nav2/ros2_ws/install/cmd_vel_mux/share/ament_index/resource_index/rclcpp_components/cmd_vel_mux
[25.664s] -- Symlinking: /home/igor/tb2_ros2_nav2/ros2_ws/install/cmd_vel_mux/share/cmd_vel_mux/cmake/cmd_vel_muxConfig.cmake
[25.672s] -- Symlinking: /home/igor/tb2_ros2_nav2/ros2_ws/install/cmd_vel_mux/share/cmd_vel_mux/cmake/cmd_vel_muxConfig-version.cmake
[25.679s] -- Symlinking: /home/igor/tb2_ros2_nav2/ros2_ws/install/cmd_vel_mux/share/cmd_vel_mux/package.xml
[25.690s] Invoked command in '/home/igor/tb2_ros2_nav2/ros2_ws/build/cmd_vel_mux' returned '0': CMAKE_PREFIX_PATH=${CMAKE_PREFIX_PATH}:/opt/ros/galactic /usr/bin/cmake --install /home/igor/tb2_ros2_nav2/ros2_ws/build/cmd_vel_mux
