-- Found ament_cmake_ros: 0.9.2 (/opt/ros/galactic/share/ament_cmake_ros/cmake)
-- Using PYTHON_EXECUTABLE: /usr/bin/python3
-- Override CMake install command with custom implementation using symlinks instead of copying resources
-- Found angles: 1.12.4 (/opt/ros/galactic/share/angles/cmake)
-- Found diagnostic_msgs: 2.2.4 (/opt/ros/galactic/share/diagnostic_msgs/cmake)
-- Using all available rosidl_typesupport_c: rosidl_typesupport_fastrtps_c;rosidl_typesupport_introspection_c
-- Found rosidl_adapter: 2.2.2 (/opt/ros/galactic/share/rosidl_adapter/cmake)
-- Using all available rosidl_typesupport_cpp: rosidl_typesupport_fastrtps_cpp;rosidl_typesupport_introspection_cpp
-- Found diagnostic_updater: 2.1.3 (/opt/ros/galactic/share/diagnostic_updater/cmake)
-- Found rmw_implementation_cmake: 3.3.1 (/opt/ros/galactic/share/rmw_implementation_cmake/cmake)
-- Found rmw_cyclonedds_cpp: 0.22.5 (/opt/ros/galactic/share/rmw_cyclonedds_cpp/cmake)
-- Using RMW implementation 'rmw_cyclonedds_cpp' as default
-- Found ecl_build: 1.0.2 (/opt/ros/galactic/share/ecl_build/cmake)
-- Found ecl_errors: 1.1.0 (/opt/ros/galactic/share/ecl_errors/cmake)
-- Found ecl_exceptions: 1.2.0 (/opt/ros/galactic/share/ecl_exceptions/cmake)
-- Found ecl_geometry: 1.2.0 (/opt/ros/galactic/share/ecl_geometry/cmake)
-- Found ecl_sigslots: 1.2.0 (/opt/ros/galactic/share/ecl_sigslots/cmake)
-- Found geometry_msgs: 2.2.4 (/opt/ros/galactic/share/geometry_msgs/cmake)
-- Found kobuki_core: 1.3.1 (/home/igor/tb2_ros2_nav2/ros2_ws/install/kobuki_core/share/kobuki_core/cmake)
-- Found kobuki_ros_interfaces: 1.0.0 (/home/igor/tb2_ros2_nav2/ros2_ws/install/kobuki_ros_interfaces/share/kobuki_ros_interfaces/cmake)
-- Found nav_msgs: 2.2.4 (/opt/ros/galactic/share/nav_msgs/cmake)
-- Found rclcpp_components: 9.2.1 (/opt/ros/galactic/share/rclcpp_components/cmake)
-- Found sensor_msgs: 2.2.4 (/opt/ros/galactic/share/sensor_msgs/cmake)
-- Found tf2: 0.17.3 (/opt/ros/galactic/share/tf2/cmake)
-- Found tf2_ros: 0.17.3 (/opt/ros/galactic/share/tf2_ros/cmake)
-- Configuring done
-- Generating done
-- Build files have been written to: /home/igor/tb2_ros2_nav2/ros2_ws/build/kobuki_node
