-- The C compiler identification is GNU 9.4.0
-- The CXX compiler identification is GNU 9.4.0
-- Check for working C compiler: /usr/bin/cc
-- Check for working C compiler: /usr/bin/cc -- works
-- Detecting C compiler ABI info
-- Detecting C compiler ABI info - done
-- Detecting C compile features
-- Detecting C compile features - done
-- Check for working CXX compiler: /usr/bin/c++
-- Check for working CXX compiler: /usr/bin/c++ -- works
-- Detecting CXX compiler ABI info
-- Detecting CXX compiler ABI info - done
-- Detecting CXX compile features
-- Detecting CXX compile features - done
-- Found ament_cmake: 1.1.5 (/opt/ros/galactic/share/ament_cmake/cmake)
-- Found PythonInterp: /usr/bin/python3 (found suitable version "3.8.10", minimum required is "3") 
-- Using PYTHON_EXECUTABLE: /usr/bin/python3
-- Override CMake install command with custom implementation using symlinks instead of copying resources
-- Configuring done
-- Generating done
-- Build files have been written to: /home/igor/tb2_ros2_nav2/ros2_ws/build/kobuki_ros
-- Install configuration: ""
-- Execute custom install script
-- Symlinking: /home/igor/tb2_ros2_nav2/ros2_ws/install/kobuki_ros/share/ament_index/resource_index/package_run_dependencies/kobuki_ros
-- Symlinking: /home/igor/tb2_ros2_nav2/ros2_ws/install/kobuki_ros/share/ament_index/resource_index/parent_prefix_path/kobuki_ros
-- Symlinking: /home/igor/tb2_ros2_nav2/ros2_ws/install/kobuki_ros/share/kobuki_ros/environment/ament_prefix_path.sh
-- Symlinking: /home/igor/tb2_ros2_nav2/ros2_ws/install/kobuki_ros/share/kobuki_ros/environment/ament_prefix_path.dsv
-- Symlinking: /home/igor/tb2_ros2_nav2/ros2_ws/install/kobuki_ros/share/kobuki_ros/environment/path.sh
-- Symlinking: /home/igor/tb2_ros2_nav2/ros2_ws/install/kobuki_ros/share/kobuki_ros/environment/path.dsv
-- Symlinking: /home/igor/tb2_ros2_nav2/ros2_ws/install/kobuki_ros/share/kobuki_ros/local_setup.bash
-- Symlinking: /home/igor/tb2_ros2_nav2/ros2_ws/install/kobuki_ros/share/kobuki_ros/local_setup.sh
-- Symlinking: /home/igor/tb2_ros2_nav2/ros2_ws/install/kobuki_ros/share/kobuki_ros/local_setup.zsh
-- Symlinking: /home/igor/tb2_ros2_nav2/ros2_ws/install/kobuki_ros/share/kobuki_ros/local_setup.dsv
-- Symlinking: /home/igor/tb2_ros2_nav2/ros2_ws/install/kobuki_ros/share/kobuki_ros/package.dsv
-- Symlinking: /home/igor/tb2_ros2_nav2/ros2_ws/install/kobuki_ros/share/ament_index/resource_index/packages/kobuki_ros
-- Symlinking: /home/igor/tb2_ros2_nav2/ros2_ws/install/kobuki_ros/share/kobuki_ros/cmake/kobuki_rosConfig.cmake
-- Symlinking: /home/igor/tb2_ros2_nav2/ros2_ws/install/kobuki_ros/share/kobuki_ros/cmake/kobuki_rosConfig-version.cmake
-- Symlinking: /home/igor/tb2_ros2_nav2/ros2_ws/install/kobuki_ros/share/kobuki_ros/package.xml
