In file included from [01m[K/opt/ros/galactic/include/rclcpp/client.hpp:40[m[K,
                 from [01m[K/opt/ros/galactic/include/rclcpp/callback_group.hpp:23[m[K,
                 from [01m[K/opt/ros/galactic/include/rclcpp/any_executable.hpp:20[m[K,
                 from [01m[K/opt/ros/galactic/include/rclcpp/memory_strategy.hpp:25[m[K,
                 from [01m[K/opt/ros/galactic/include/rclcpp/memory_strategies.hpp:18[m[K,
                 from [01m[K/opt/ros/galactic/include/rclcpp/executor_options.hpp:20[m[K,
                 from [01m[K/opt/ros/galactic/include/rclcpp/executor.hpp:36[m[K,
                 from [01m[K/opt/ros/galactic/include/rclcpp/executors/multi_threaded_executor.hpp:26[m[K,
                 from [01m[K/opt/ros/galactic/include/rclcpp/executors.hpp:21[m[K,
                 from [01m[K/opt/ros/galactic/include/rclcpp/rclcpp.hpp:156[m[K,
                 from [01m[K/home/turtlebot5/tb2_ros2_nav2/ros2_ws/src/cmd_vel_mux/include/cmd_vel_mux/cmd_vel_mux.hpp:46[m[K,
                 from [01m[K/home/turtlebot5/tb2_ros2_nav2/ros2_ws/src/cmd_vel_mux/src/cmd_vel_mux.cpp:37[m[K:
[01m[K/home/turtlebot5/tb2_ros2_nav2/ros2_ws/src/cmd_vel_mux/src/cmd_vel_mux.cpp:[m[K In member function ‘[01m[Kvoid cmd_vel_mux::CmdVelMux::configureFromParameters(const std::map<std::__cxx11::basic_string<char>, cmd_vel_mux::ParameterValues>&)[m[K’:
[01m[K/home/turtlebot5/tb2_ros2_nav2/ros2_ws/src/cmd_vel_mux/src/cmd_vel_mux.cpp:196:34:[m[K [01;35m[Kwarning: [m[Kformat ‘[01m[K%d[m[K’ expects argument of type ‘[01m[Kint[m[K’, but argument 7 has type ‘[01m[Kint64_t[m[K’ {aka ‘[01m[Klong int[m[K’} [[01;35m[K-Wformat=[m[K]
  196 |       RCLCPP_DEBUG(get_logger(), [01;35m[K"CmdVelMux : subscribed to '%s' on topic '%s'. pr: %d, to: %.2f"[m[K,
      |                                  [01;35m[K^~~~~~~~~~~~~~~~~~~~~~~~~~~~~~~~~~~~~~~~~~~~~~~~~~~~~~~~~~~~~~~~[m[K
  197 |         values->name_.c_str(), values->values_.topic.c_str(),
  198 |         [32m[Kvalues->values_.priority[m[K, values->values_.timeout);
      |         [32m[K~~~~~~~~~~~~~~~~~~~~~~~~[m[K  
      |                         [32m[K|[m[K
      |                         [32m[Kint64_t {aka long int}[m[K
[01m[K/home/turtlebot5/tb2_ros2_nav2/ros2_ws/src/cmd_vel_mux/src/cmd_vel_mux.cpp:196:86:[m[K [01;36m[Knote: [m[Kformat string is defined here
  196 | get_logger(), "CmdVelMux : subscribed to '%s' on topic '%s'. pr: [01;36m[K%d[m[K, to: %.2f",
      |                                                                  [01;36m[K~^[m[K
      |                                                                   [01;36m[K|[m[K
      |                                                                   [01;36m[Kint[m[K
      |                                                                  [32m[K%ld[m[K
