[0.032s] Invoking command in '/home/igor/tb2_ros2_nav2/ros2_ws/build/cmd_vel_mux': CMAKE_PREFIX_PATH=/opt/ros/galactic /usr/bin/cmake --build /home/igor/tb2_ros2_nav2/ros2_ws/build/cmd_vel_mux -- -j16 -l16
[0.070s] [ 50%] Built target cmd_vel_mux
[0.097s] [100%] Built target cmd_vel_mux_node
[0.117s] Invoked command in '/home/igor/tb2_ros2_nav2/ros2_ws/build/cmd_vel_mux' returned '0': CMAKE_PREFIX_PATH=/opt/ros/galactic /usr/bin/cmake --build /home/igor/tb2_ros2_nav2/ros2_ws/build/cmd_vel_mux -- -j16 -l16
[0.146s] Invoking command in '/home/igor/tb2_ros2_nav2/ros2_ws/build/cmd_vel_mux': CMAKE_PREFIX_PATH=/opt/ros/galactic /usr/bin/cmake --install /home/igor/tb2_ros2_nav2/ros2_ws/build/cmd_vel_mux
[0.153s] -- Install configuration: ""
[0.154s] -- Execute custom install script
[0.156s] -- Up-to-date symlink: /home/igor/tb2_ros2_nav2/ros2_ws/install/cmd_vel_mux/lib/libcmd_vel_mux.so
[0.159s] -- Up-to-date symlink: /home/igor/tb2_ros2_nav2/ros2_ws/install/cmd_vel_mux/include/cmd_vel_mux/cmd_vel_mux.hpp
[0.162s] -- Up-to-date symlink: /home/igor/tb2_ros2_nav2/ros2_ws/install/cmd_vel_mux/lib/cmd_vel_mux/cmd_vel_mux_node
[0.162s] -- Up-to-date symlink: /home/igor/tb2_ros2_nav2/ros2_ws/install/cmd_vel_mux/share/cmd_vel_mux/config/cmd_vel_mux_params.yaml
[0.162s] -- Up-to-date symlink: /home/igor/tb2_ros2_nav2/ros2_ws/install/cmd_vel_mux/share/cmd_vel_mux/launch/cmd_vel_mux-composed-launch.py
[0.162s] -- Up-to-date symlink: /home/igor/tb2_ros2_nav2/ros2_ws/install/cmd_vel_mux/share/cmd_vel_mux/launch/cmd_vel_mux-launch.py
[0.162s] -- Up-to-date symlink: /home/igor/tb2_ros2_nav2/ros2_ws/install/cmd_vel_mux/share/ament_index/resource_index/package_run_dependencies/cmd_vel_mux
[0.162s] -- Up-to-date symlink: /home/igor/tb2_ros2_nav2/ros2_ws/install/cmd_vel_mux/share/ament_index/resource_index/parent_prefix_path/cmd_vel_mux
[0.163s] -- Up-to-date symlink: /home/igor/tb2_ros2_nav2/ros2_ws/install/cmd_vel_mux/share/cmd_vel_mux/environment/ament_prefix_path.sh
[0.163s] -- Up-to-date symlink: /home/igor/tb2_ros2_nav2/ros2_ws/install/cmd_vel_mux/share/cmd_vel_mux/environment/ament_prefix_path.dsv
[0.163s] -- Up-to-date symlink: /home/igor/tb2_ros2_nav2/ros2_ws/install/cmd_vel_mux/share/cmd_vel_mux/environment/path.sh
[0.163s] -- Up-to-date symlink: /home/igor/tb2_ros2_nav2/ros2_ws/install/cmd_vel_mux/share/cmd_vel_mux/environment/path.dsv
[0.163s] -- Up-to-date symlink: /home/igor/tb2_ros2_nav2/ros2_ws/install/cmd_vel_mux/share/cmd_vel_mux/local_setup.bash
[0.163s] -- Up-to-date symlink: /home/igor/tb2_ros2_nav2/ros2_ws/install/cmd_vel_mux/share/cmd_vel_mux/local_setup.sh
[0.163s] -- Up-to-date symlink: /home/igor/tb2_ros2_nav2/ros2_ws/install/cmd_vel_mux/share/cmd_vel_mux/local_setup.zsh
[0.163s] -- Up-to-date symlink: /home/igor/tb2_ros2_nav2/ros2_ws/install/cmd_vel_mux/share/cmd_vel_mux/local_setup.dsv
[0.163s] -- Symlinking: /home/igor/tb2_ros2_nav2/ros2_ws/install/cmd_vel_mux/share/cmd_vel_mux/package.dsv
[0.165s] -- Up-to-date symlink: /home/igor/tb2_ros2_nav2/ros2_ws/install/cmd_vel_mux/share/ament_index/resource_index/packages/cmd_vel_mux
[0.165s] -- Up-to-date symlink: /home/igor/tb2_ros2_nav2/ros2_ws/install/cmd_vel_mux/share/ament_index/resource_index/rclcpp_components/cmd_vel_mux
[0.165s] -- Up-to-date symlink: /home/igor/tb2_ros2_nav2/ros2_ws/install/cmd_vel_mux/share/cmd_vel_mux/cmake/cmd_vel_muxConfig.cmake
[0.165s] -- Up-to-date symlink: /home/igor/tb2_ros2_nav2/ros2_ws/install/cmd_vel_mux/share/cmd_vel_mux/cmake/cmd_vel_muxConfig-version.cmake
[0.166s] -- Up-to-date symlink: /home/igor/tb2_ros2_nav2/ros2_ws/install/cmd_vel_mux/share/cmd_vel_mux/package.xml
[0.177s] Invoked command in '/home/igor/tb2_ros2_nav2/ros2_ws/build/cmd_vel_mux' returned '0': CMAKE_PREFIX_PATH=/opt/ros/galactic /usr/bin/cmake --install /home/igor/tb2_ros2_nav2/ros2_ws/build/cmd_vel_mux
