[0.030s] Invoking command in '/home/igor/tb2_ros2_nav2/ros2_ws/build/kobuki_core': CMAKE_PREFIX_PATH=${CMAKE_PREFIX_PATH}:/opt/ros/galactic /usr/bin/cmake /home/igor/tb2_ros2_nav2/ros2_ws/src/kobuki_core -DAMENT_CMAKE_SYMLINK_INSTALL=1 -DCMAKE_INSTALL_PREFIX=/home/igor/tb2_ros2_nav2/ros2_ws/install/kobuki_core
[0.227s] -- The C compiler identification is GNU 9.4.0
[0.500s] -- The CXX compiler identification is GNU 9.4.0
[0.565s] -- Check for working C compiler: /usr/bin/cc
[0.649s] -- Check for working C compiler: /usr/bin/cc -- works
[0.650s] -- Detecting C compiler ABI info
[0.735s] -- Detecting C compiler ABI info - done
[0.743s] -- Detecting C compile features
[0.744s] -- Detecting C compile features - done
[0.747s] -- Check for working CXX compiler: /usr/bin/c++
[0.846s] -- Check for working CXX compiler: /usr/bin/c++ -- works
[0.846s] -- Detecting CXX compiler ABI info
[0.943s] -- Detecting CXX compiler ABI info - done
[0.952s] -- Detecting CXX compile features
[0.952s] -- Detecting CXX compile features - done
[0.954s] -- Found ament_cmake_ros: 0.9.2 (/opt/ros/galactic/share/ament_cmake_ros/cmake)
[0.980s] -- Found PythonInterp: /usr/bin/python3 (found suitable version "3.8.10", minimum required is "3") 
[0.980s] -- Using PYTHON_EXECUTABLE: /usr/bin/python3
[1.031s] -- Override CMake install command with custom implementation using symlinks instead of copying resources
[1.486s] CMake Error at CMakeLists.txt:18 (find_package):
[1.486s]   By not providing "Findecl_build.cmake" in CMAKE_MODULE_PATH this project
[1.486s]   has asked CMake to find a package configuration file provided by
[1.486s]   "ecl_build", but CMake did not find one.
[1.486s] 
[1.487s]   Could not find a package configuration file provided by "ecl_build" with
[1.488s]   any of the following names:
[1.490s] 
[1.491s]     ecl_buildConfig.cmake
[1.491s]     ecl_build-config.cmake
[1.492s] 
[1.494s]   Add the installation prefix of "ecl_build" to CMAKE_PREFIX_PATH or set
[1.494s]   "ecl_build_DIR" to a directory containing one of the above files.  If
[1.495s]   "ecl_build" provides a separate development package or SDK, be sure it has
[1.495s]   been installed.
[1.495s] 
[1.495s] 
[1.495s] -- Configuring incomplete, errors occurred!
[1.495s] See also "/home/igor/tb2_ros2_nav2/ros2_ws/build/kobuki_core/CMakeFiles/CMakeOutput.log".
[1.496s] Invoked command in '/home/igor/tb2_ros2_nav2/ros2_ws/build/kobuki_core' returned '1': CMAKE_PREFIX_PATH=${CMAKE_PREFIX_PATH}:/opt/ros/galactic /usr/bin/cmake /home/igor/tb2_ros2_nav2/ros2_ws/src/kobuki_core -DAMENT_CMAKE_SYMLINK_INSTALL=1 -DCMAKE_INSTALL_PREFIX=/home/igor/tb2_ros2_nav2/ros2_ws/install/kobuki_core
