-- Found ament_cmake: 1.1.5 (/opt/ros/galactic/share/ament_cmake/cmake)
-- Using PYTHON_EXECUTABLE: /usr/bin/python3
-- Override CMake install command with custom implementation using symlinks instead of copying resources
-- Configuring done
-- Generating done
-- Build files have been written to: /home/igor/tb2_ros2_nav2/ros2_ws/build/kobuki_ros
-- Install configuration: ""
-- Execute custom install script
-- Up-to-date symlink: /home/igor/tb2_ros2_nav2/ros2_ws/install/kobuki_ros/share/ament_index/resource_index/package_run_dependencies/kobuki_ros
-- Up-to-date symlink: /home/igor/tb2_ros2_nav2/ros2_ws/install/kobuki_ros/share/ament_index/resource_index/parent_prefix_path/kobuki_ros
-- Up-to-date symlink: /home/igor/tb2_ros2_nav2/ros2_ws/install/kobuki_ros/share/kobuki_ros/environment/ament_prefix_path.sh
-- Up-to-date symlink: /home/igor/tb2_ros2_nav2/ros2_ws/install/kobuki_ros/share/kobuki_ros/environment/ament_prefix_path.dsv
-- Up-to-date symlink: /home/igor/tb2_ros2_nav2/ros2_ws/install/kobuki_ros/share/kobuki_ros/environment/path.sh
-- Up-to-date symlink: /home/igor/tb2_ros2_nav2/ros2_ws/install/kobuki_ros/share/kobuki_ros/environment/path.dsv
-- Up-to-date symlink: /home/igor/tb2_ros2_nav2/ros2_ws/install/kobuki_ros/share/kobuki_ros/local_setup.bash
-- Up-to-date symlink: /home/igor/tb2_ros2_nav2/ros2_ws/install/kobuki_ros/share/kobuki_ros/local_setup.sh
-- Up-to-date symlink: /home/igor/tb2_ros2_nav2/ros2_ws/install/kobuki_ros/share/kobuki_ros/local_setup.zsh
-- Up-to-date symlink: /home/igor/tb2_ros2_nav2/ros2_ws/install/kobuki_ros/share/kobuki_ros/local_setup.dsv
-- Symlinking: /home/igor/tb2_ros2_nav2/ros2_ws/install/kobuki_ros/share/kobuki_ros/package.dsv
-- Up-to-date symlink: /home/igor/tb2_ros2_nav2/ros2_ws/install/kobuki_ros/share/ament_index/resource_index/packages/kobuki_ros
-- Up-to-date symlink: /home/igor/tb2_ros2_nav2/ros2_ws/install/kobuki_ros/share/kobuki_ros/cmake/kobuki_rosConfig.cmake
-- Up-to-date symlink: /home/igor/tb2_ros2_nav2/ros2_ws/install/kobuki_ros/share/kobuki_ros/cmake/kobuki_rosConfig-version.cmake
-- Up-to-date symlink: /home/igor/tb2_ros2_nav2/ros2_ws/install/kobuki_ros/share/kobuki_ros/package.xml
