[0.033s] Invoking command in '/home/igor/tb2_ros2_nav2/ros2_ws/build/urg_node': CMAKE_PREFIX_PATH=/opt/ros/galactic /usr/bin/cmake /home/igor/tb2_ros2_nav2/ros2_ws/src/urg_node -DCMAKE_INSTALL_PREFIX=/home/igor/tb2_ros2_nav2/ros2_ws/install/urg_node
[0.040s] -- Found ament_cmake: 1.1.5 (/opt/ros/galactic/share/ament_cmake/cmake)
[0.056s] -- Using PYTHON_EXECUTABLE: /usr/bin/python3
[0.124s] -- Found diagnostic_updater: 2.1.3 (/opt/ros/galactic/share/diagnostic_updater/cmake)
[0.238s] -- Using all available rosidl_typesupport_c: rosidl_typesupport_fastrtps_c;rosidl_typesupport_introspection_c
[0.243s] -- Found rosidl_adapter: 2.2.2 (/opt/ros/galactic/share/rosidl_adapter/cmake)
[3.316s] -- Using all available rosidl_typesupport_cpp: rosidl_typesupport_fastrtps_cpp;rosidl_typesupport_introspection_cpp
[3.410s] -- Found rmw_implementation_cmake: 3.3.1 (/opt/ros/galactic/share/rmw_implementation_cmake/cmake)
[3.411s] -- Found rmw_cyclonedds_cpp: 0.22.5 (/opt/ros/galactic/share/rmw_cyclonedds_cpp/cmake)
[3.424s] -- Using RMW implementation 'rmw_cyclonedds_cpp' as default
[3.547s] -- Found laser_proc: 1.0.2 (/opt/ros/galactic/share/laser_proc/cmake)
[3.643s] -- Found rclcpp_components: 9.2.1 (/opt/ros/galactic/share/rclcpp_components/cmake)
[3.692s] -- Found std_srvs: 2.2.4 (/opt/ros/galactic/share/std_srvs/cmake)
[3.705s] -- Found urg_c: 1.0.4001 (/opt/ros/galactic/share/urg_c/cmake)
[3.707s] -- Found urg_node_msgs: 1.0.1 (/opt/ros/galactic/share/urg_node_msgs/cmake)
[3.769s] -- Found ament_lint_auto: 0.10.7 (/opt/ros/galactic/share/ament_lint_auto/cmake)
[3.841s] -- Added test 'cppcheck' to perform static code analysis on C / C++ code
[3.841s] -- Configured cppcheck include dirs: $<BUILD_INTERFACE:/home/igor/tb2_ros2_nav2/ros2_ws/src/urg_node/include>
[3.841s] -- Configured cppcheck exclude dirs and/or files: 
[3.842s] -- Added test 'cpplint' to check C / C++ code against the Google style
[3.842s] -- Configured cpplint exclude dirs and/or files: 
[3.843s] -- Added test 'flake8' to check Python code syntax and style conventions
[3.843s] -- Added test 'lint_cmake' to check CMake code style
[3.844s] -- Added test 'pep257' to check Python code against some of the style conventions in PEP 257
[3.845s] -- Added test 'uncrustify' to check C / C++ code style
[3.845s] -- Configured uncrustify additional arguments: 
[3.845s] -- Added test 'xmllint' to check XML markup files
[3.849s] -- Configuring done
[3.882s] -- Generating done
[3.883s] -- Build files have been written to: /home/igor/tb2_ros2_nav2/ros2_ws/build/urg_node
[3.895s] Invoked command in '/home/igor/tb2_ros2_nav2/ros2_ws/build/urg_node' returned '0': CMAKE_PREFIX_PATH=/opt/ros/galactic /usr/bin/cmake /home/igor/tb2_ros2_nav2/ros2_ws/src/urg_node -DCMAKE_INSTALL_PREFIX=/home/igor/tb2_ros2_nav2/ros2_ws/install/urg_node
[3.899s] Invoking command in '/home/igor/tb2_ros2_nav2/ros2_ws/build/urg_node': CMAKE_PREFIX_PATH=/opt/ros/galactic /usr/bin/cmake --build /home/igor/tb2_ros2_nav2/ros2_ws/build/urg_node -- -j16 -l16
[3.935s] [35m[1mScanning dependencies of target urg_node[0m
[3.935s] [35m[1mScanning dependencies of target urg_node_driver[0m
[3.965s] [ 14%] [32mBuilding CXX object CMakeFiles/urg_node_driver.dir/rclcpp_components/node_main_urg_node_driver.cpp.o[0m
[3.978s] [ 28%] [32mBuilding CXX object CMakeFiles/urg_node.dir/src/urg_c_wrapper.cpp.o[0m
[3.980s] [ 42%] [32mBuilding CXX object CMakeFiles/urg_node.dir/src/urg_node.cpp.o[0m
[5.921s] [01m[K/home/igor/tb2_ros2_nav2/ros2_ws/src/urg_node/src/urg_c_wrapper.cpp:[m[K In constructor ‘[01m[Kurg_node::URGCWrapper::URGCWrapper(const urg_node::EthernetConnection&, bool&, bool&, const rclcpp::Logger&)[m[K’:
[5.921s] [01m[K/home/igor/tb2_ros2_nav2/ros2_ws/src/urg_node/src/urg_c_wrapper.cpp:57:17:[m[K [01;35m[Kwarning: [m[K‘[01m[Krclcpp::Duration::Duration(rcl_duration_value_t)[m[K’ is deprecated: Use Duration::from_nanoseconds instead or std::chrono_literals. For example:rclcpp::Duration::from_nanoseconds(int64_variable);rclcpp::Duration(0ns); [[01;35m[K-Wdeprecated-declarations[m[K]
[5.921s]    57 |   logger_(logger[01;35m[K)[m[K
[5.921s]       |                 [01;35m[K^[m[K
[5.921s] In file included from [01m[K/opt/ros/galactic/include/rclcpp/qos.hpp:20[m[K,
[5.921s]                  from [01m[K/opt/ros/galactic/include/rclcpp/node_interfaces/node_graph_interface.hpp:31[m[K,
[5.921s]                  from [01m[K/opt/ros/galactic/include/rclcpp/client.hpp:34[m[K,
[5.921s]                  from [01m[K/opt/ros/galactic/include/rclcpp/callback_group.hpp:23[m[K,
[5.921s]                  from [01m[K/opt/ros/galactic/include/rclcpp/any_executable.hpp:20[m[K,
[5.921s]                  from [01m[K/opt/ros/galactic/include/rclcpp/memory_strategy.hpp:25[m[K,
[5.921s]                  from [01m[K/opt/ros/galactic/include/rclcpp/memory_strategies.hpp:18[m[K,
[5.921s]                  from [01m[K/opt/ros/galactic/include/rclcpp/executor_options.hpp:20[m[K,
[5.921s]                  from [01m[K/opt/ros/galactic/include/rclcpp/executor.hpp:36[m[K,
[5.921s]                  from [01m[K/opt/ros/galactic/include/rclcpp/executors/multi_threaded_executor.hpp:26[m[K,
[5.921s]                  from [01m[K/opt/ros/galactic/include/rclcpp/executors.hpp:21[m[K,
[5.922s]                  from [01m[K/opt/ros/galactic/include/rclcpp/rclcpp.hpp:156[m[K,
[5.922s]                  from [01m[K/home/igor/tb2_ros2_nav2/ros2_ws/src/urg_node/include/urg_node/urg_c_wrapper.hpp:44[m[K,
[5.922s]                  from [01m[K/home/igor/tb2_ros2_nav2/ros2_ws/src/urg_node/src/urg_c_wrapper.cpp:34[m[K:
[5.922s] [01m[K/opt/ros/galactic/include/rclcpp/duration.hpp:46:12:[m[K [01;36m[Knote: [m[Kdeclared here
[5.922s]    46 |   explicit [01;36m[KDuration[m[K(rcl_duration_value_t nanoseconds);
[5.922s]       |            [01;36m[K^~~~~~~~[m[K
[5.922s] [01m[K/home/igor/tb2_ros2_nav2/ros2_ws/src/urg_node/src/urg_c_wrapper.cpp:57:17:[m[K [01;35m[Kwarning: [m[K‘[01m[Krclcpp::Duration::Duration(rcl_duration_value_t)[m[K’ is deprecated: Use Duration::from_nanoseconds instead or std::chrono_literals. For example:rclcpp::Duration::from_nanoseconds(int64_variable);rclcpp::Duration(0ns); [[01;35m[K-Wdeprecated-declarations[m[K]
[5.922s]    57 |   logger_(logger[01;35m[K)[m[K
[5.922s]       |                 [01;35m[K^[m[K
[5.922s] In file included from [01m[K/opt/ros/galactic/include/rclcpp/qos.hpp:20[m[K,
[5.922s]                  from [01m[K/opt/ros/galactic/include/rclcpp/node_interfaces/node_graph_interface.hpp:31[m[K,
[5.922s]                  from [01m[K/opt/ros/galactic/include/rclcpp/client.hpp:34[m[K,
[5.922s]                  from [01m[K/opt/ros/galactic/include/rclcpp/callback_group.hpp:23[m[K,
[5.922s]                  from [01m[K/opt/ros/galactic/include/rclcpp/any_executable.hpp:20[m[K,
[5.922s]                  from [01m[K/opt/ros/galactic/include/rclcpp/memory_strategy.hpp:25[m[K,
[5.922s]                  from [01m[K/opt/ros/galactic/include/rclcpp/memory_strategies.hpp:18[m[K,
[5.922s]                  from [01m[K/opt/ros/galactic/include/rclcpp/executor_options.hpp:20[m[K,
[5.922s]                  from [01m[K/opt/ros/galactic/include/rclcpp/executor.hpp:36[m[K,
[5.922s]                  from [01m[K/opt/ros/galactic/include/rclcpp/executors/multi_threaded_executor.hpp:26[m[K,
[5.923s]                  from [01m[K/opt/ros/galactic/include/rclcpp/executors.hpp:21[m[K,
[5.923s]                  from [01m[K/opt/ros/galactic/include/rclcpp/rclcpp.hpp:156[m[K,
[5.923s]                  from [01m[K/home/igor/tb2_ros2_nav2/ros2_ws/src/urg_node/include/urg_node/urg_c_wrapper.hpp:44[m[K,
[5.923s]                  from [01m[K/home/igor/tb2_ros2_nav2/ros2_ws/src/urg_node/src/urg_c_wrapper.cpp:34[m[K:
[5.923s] [01m[K/opt/ros/galactic/include/rclcpp/duration.hpp:46:12:[m[K [01;36m[Knote: [m[Kdeclared here
[5.923s]    46 |   explicit [01;36m[KDuration[m[K(rcl_duration_value_t nanoseconds);
[5.923s]       |            [01;36m[K^~~~~~~~[m[K
[5.923s] [01m[K/home/igor/tb2_ros2_nav2/ros2_ws/src/urg_node/src/urg_c_wrapper.cpp:[m[K In constructor ‘[01m[Kurg_node::URGCWrapper::URGCWrapper(const urg_node::SerialConnection&, bool&, bool&, const rclcpp::Logger&)[m[K’:
[5.923s] [01m[K/home/igor/tb2_ros2_nav2/ros2_ws/src/urg_node/src/urg_c_wrapper.cpp:87:17:[m[K [01;35m[Kwarning: [m[K‘[01m[Krclcpp::Duration::Duration(rcl_duration_value_t)[m[K’ is deprecated: Use Duration::from_nanoseconds instead or std::chrono_literals. For example:rclcpp::Duration::from_nanoseconds(int64_variable);rclcpp::Duration(0ns); [[01;35m[K-Wdeprecated-declarations[m[K]
[5.924s]    87 |   logger_(logger[01;35m[K)[m[K
[5.924s]       |                 [01;35m[K^[m[K
[5.924s] In file included from [01m[K/opt/ros/galactic/include/rclcpp/qos.hpp:20[m[K,
[5.924s]                  from [01m[K/opt/ros/galactic/include/rclcpp/node_interfaces/node_graph_interface.hpp:31[m[K,
[5.924s]                  from [01m[K/opt/ros/galactic/include/rclcpp/client.hpp:34[m[K,
[5.924s]                  from [01m[K/opt/ros/galactic/include/rclcpp/callback_group.hpp:23[m[K,
[5.924s]                  from [01m[K/opt/ros/galactic/include/rclcpp/any_executable.hpp:20[m[K,
[5.924s]                  from [01m[K/opt/ros/galactic/include/rclcpp/memory_strategy.hpp:25[m[K,
[5.924s]                  from [01m[K/opt/ros/galactic/include/rclcpp/memory_strategies.hpp:18[m[K,
[5.924s]                  from [01m[K/opt/ros/galactic/include/rclcpp/executor_options.hpp:20[m[K,
[5.924s]                  from [01m[K/opt/ros/galactic/include/rclcpp/executor.hpp:36[m[K,
[5.924s]                  from [01m[K/opt/ros/galactic/include/rclcpp/executors/multi_threaded_executor.hpp:26[m[K,
[5.924s]                  from [01m[K/opt/ros/galactic/include/rclcpp/executors.hpp:21[m[K,
[5.924s]                  from [01m[K/opt/ros/galactic/include/rclcpp/rclcpp.hpp:156[m[K,
[5.924s]                  from [01m[K/home/igor/tb2_ros2_nav2/ros2_ws/src/urg_node/include/urg_node/urg_c_wrapper.hpp:44[m[K,
[5.924s]                  from [01m[K/home/igor/tb2_ros2_nav2/ros2_ws/src/urg_node/src/urg_c_wrapper.cpp:34[m[K:
[5.924s] [01m[K/opt/ros/galactic/include/rclcpp/duration.hpp:46:12:[m[K [01;36m[Knote: [m[Kdeclared here
[5.924s]    46 |   explicit [01;36m[KDuration[m[K(rcl_duration_value_t nanoseconds);
[5.924s]       |            [01;36m[K^~~~~~~~[m[K
[5.924s] [01m[K/home/igor/tb2_ros2_nav2/ros2_ws/src/urg_node/src/urg_c_wrapper.cpp:87:17:[m[K [01;35m[Kwarning: [m[K‘[01m[Krclcpp::Duration::Duration(rcl_duration_value_t)[m[K’ is deprecated: Use Duration::from_nanoseconds instead or std::chrono_literals. For example:rclcpp::Duration::from_nanoseconds(int64_variable);rclcpp::Duration(0ns); [[01;35m[K-Wdeprecated-declarations[m[K]
[5.924s]    87 |   logger_(logger[01;35m[K)[m[K
[5.924s]       |                 [01;35m[K^[m[K
[5.924s] In file included from [01m[K/opt/ros/galactic/include/rclcpp/qos.hpp:20[m[K,
[5.925s]                  from [01m[K/opt/ros/galactic/include/rclcpp/node_interfaces/node_graph_interface.hpp:31[m[K,
[5.925s]                  from [01m[K/opt/ros/galactic/include/rclcpp/client.hpp:34[m[K,
[5.925s]                  from [01m[K/opt/ros/galactic/include/rclcpp/callback_group.hpp:23[m[K,
[5.925s]                  from [01m[K/opt/ros/galactic/include/rclcpp/any_executable.hpp:20[m[K,
[5.925s]                  from [01m[K/opt/ros/galactic/include/rclcpp/memory_strategy.hpp:25[m[K,
[5.925s]                  from [01m[K/opt/ros/galactic/include/rclcpp/memory_strategies.hpp:18[m[K,
[5.925s]                  from [01m[K/opt/ros/galactic/include/rclcpp/executor_options.hpp:20[m[K,
[5.925s]                  from [01m[K/opt/ros/galactic/include/rclcpp/executor.hpp:36[m[K,
[5.925s]                  from [01m[K/opt/ros/galactic/include/rclcpp/executors/multi_threaded_executor.hpp:26[m[K,
[5.925s]                  from [01m[K/opt/ros/galactic/include/rclcpp/executors.hpp:21[m[K,
[5.925s]                  from [01m[K/opt/ros/galactic/include/rclcpp/rclcpp.hpp:156[m[K,
[5.925s]                  from [01m[K/home/igor/tb2_ros2_nav2/ros2_ws/src/urg_node/include/urg_node/urg_c_wrapper.hpp:44[m[K,
[5.925s]                  from [01m[K/home/igor/tb2_ros2_nav2/ros2_ws/src/urg_node/src/urg_c_wrapper.cpp:34[m[K:
[5.925s] [01m[K/opt/ros/galactic/include/rclcpp/duration.hpp:46:12:[m[K [01;36m[Knote: [m[Kdeclared here
[5.925s]    46 |   explicit [01;36m[KDuration[m[K(rcl_duration_value_t nanoseconds);
[5.925s]       |            [01;36m[K^~~~~~~~[m[K
[6.137s] In file included from [01m[K/opt/ros/galactic/include/rclcpp/client.hpp:40[m[K,
[6.137s]                  from [01m[K/opt/ros/galactic/include/rclcpp/callback_group.hpp:23[m[K,
[6.137s]                  from [01m[K/opt/ros/galactic/include/rclcpp/any_executable.hpp:20[m[K,
[6.137s]                  from [01m[K/opt/ros/galactic/include/rclcpp/memory_strategy.hpp:25[m[K,
[6.137s]                  from [01m[K/opt/ros/galactic/include/rclcpp/memory_strategies.hpp:18[m[K,
[6.137s]                  from [01m[K/opt/ros/galactic/include/rclcpp/executor_options.hpp:20[m[K,
[6.137s]                  from [01m[K/opt/ros/galactic/include/rclcpp/executor.hpp:36[m[K,
[6.137s]                  from [01m[K/opt/ros/galactic/include/rclcpp/executors/multi_threaded_executor.hpp:26[m[K,
[6.137s]                  from [01m[K/opt/ros/galactic/include/rclcpp/executors.hpp:21[m[K,
[6.137s]                  from [01m[K/opt/ros/galactic/include/rclcpp/rclcpp.hpp:156[m[K,
[6.137s]                  from [01m[K/home/igor/tb2_ros2_nav2/ros2_ws/src/urg_node/include/urg_node/urg_c_wrapper.hpp:44[m[K,
[6.137s]                  from [01m[K/home/igor/tb2_ros2_nav2/ros2_ws/src/urg_node/src/urg_c_wrapper.cpp:34[m[K:
[6.137s] [01m[K/home/igor/tb2_ros2_nav2/ros2_ws/src/urg_node/src/urg_c_wrapper.cpp:[m[K In member function ‘[01m[Kstd::string urg_node::URGCWrapper::sendCommand(std::string)[m[K’:
[6.137s] [01m[K/home/igor/tb2_ros2_nav2/ros2_ws/src/urg_node/src/urg_c_wrapper.cpp:588:16:[m[K [01;35m[Kwarning: [m[Kformat ‘[01m[K%lu[m[K’ expects argument of type ‘[01m[Klong unsigned int[m[K’, but argument 5 has type ‘[01m[Kuint32_t[m[K’ {aka ‘[01m[Kunsigned int[m[K’} [[01;35m[K-Wformat=[m[K]
[6.137s]   588 |       logger_, [01;35m[K"Buffer creation bounds exceeded, shouldn't allocate: %lu bytes"[m[K,
[6.137s]       |                [01;35m[K^~~~~~~~~~~~~~~~~~~~~~~~~~~~~~~~~~~~~~~~~~~~~~~~~~~~~~~~~~~~~~~~[m[K
[6.138s]   589 |       [32m[Karr_size[m[K);
[6.138s]       |       [32m[K~~~~~~~~[m[K  
[6.138s]       |       [32m[K|[m[K
[6.138s]       |       [32m[Kuint32_t {aka unsigned int}[m[K
[6.138s] [01m[K/home/igor/tb2_ros2_nav2/ros2_ws/src/urg_node/src/urg_c_wrapper.cpp:588:72:[m[K [01;36m[Knote: [m[Kformat string is defined here
[6.138s]   588 |       logger_, "Buffer creation bounds exceeded, shouldn't allocate: [01;36m[K%lu[m[K bytes",
[6.138s]       |                                                                      [01;36m[K~~^[m[K
[6.138s]       |                                                                        [01;36m[K|[m[K
[6.138s]       |                                                                        [01;36m[Klong unsigned int[m[K
[6.138s]       |                                                                      [32m[K%u[m[K
[6.138s] In file included from [01m[K/opt/ros/galactic/include/rclcpp/client.hpp:40[m[K,
[6.138s]                  from [01m[K/opt/ros/galactic/include/rclcpp/callback_group.hpp:23[m[K,
[6.138s]                  from [01m[K/opt/ros/galactic/include/rclcpp/any_executable.hpp:20[m[K,
[6.138s]                  from [01m[K/opt/ros/galactic/include/rclcpp/memory_strategy.hpp:25[m[K,
[6.138s]                  from [01m[K/opt/ros/galactic/include/rclcpp/memory_strategies.hpp:18[m[K,
[6.138s]                  from [01m[K/opt/ros/galactic/include/rclcpp/executor_options.hpp:20[m[K,
[6.138s]                  from [01m[K/opt/ros/galactic/include/rclcpp/executor.hpp:36[m[K,
[6.138s]                  from [01m[K/opt/ros/galactic/include/rclcpp/executors/multi_threaded_executor.hpp:26[m[K,
[6.138s]                  from [01m[K/opt/ros/galactic/include/rclcpp/executors.hpp:21[m[K,
[6.138s]                  from [01m[K/opt/ros/galactic/include/rclcpp/rclcpp.hpp:156[m[K,
[6.138s]                  from [01m[K/home/igor/tb2_ros2_nav2/ros2_ws/src/urg_node/include/urg_node/urg_c_wrapper.hpp:44[m[K,
[6.138s]                  from [01m[K/home/igor/tb2_ros2_nav2/ros2_ws/src/urg_node/src/urg_c_wrapper.cpp:34[m[K:
[6.139s] [01m[K/home/igor/tb2_ros2_nav2/ros2_ws/src/urg_node/src/urg_c_wrapper.cpp:594:25:[m[K [01;35m[Kwarning: [m[Kformat ‘[01m[K%lu[m[K’ expects argument of type ‘[01m[Klong unsigned int[m[K’, but argument 5 has type ‘[01m[Kuint32_t[m[K’ {aka ‘[01m[Kunsigned int[m[K’} [[01;35m[K-Wformat=[m[K]
[6.139s]   594 |   RCLCPP_DEBUG(logger_, [01;35m[K"Creating buffer read of arr_Size: %lu bytes"[m[K, [32m[Karr_size[m[K);
[6.139s]       |                         [01;35m[K^~~~~~~~~~~~~~~~~~~~~~~~~~~~~~~~~~~~~~~~~~~~~[m[K  [32m[K~~~~~~~~[m[K
[6.139s]       |                                                                        [32m[K|[m[K
[6.139s]       |                                                                        [32m[Kuint32_t {aka unsigned int}[m[K
[6.139s] [01m[K/home/igor/tb2_ros2_nav2/ros2_ws/src/urg_node/src/urg_c_wrapper.cpp:594:62:[m[K [01;36m[Knote: [m[Kformat string is defined here
[6.139s]   594 |   RCLCPP_DEBUG(logger_, "Creating buffer read of arr_Size: [01;36m[K%lu[m[K bytes", arr_size);
[6.139s]       |                                                            [01;36m[K~~^[m[K
[6.139s]       |                                                              [01;36m[K|[m[K
[6.139s]       |                                                              [01;36m[Klong unsigned int[m[K
[6.139s]       |                                                            [32m[K%u[m[K
[6.148s] [01m[K/home/igor/tb2_ros2_nav2/ros2_ws/src/urg_node/src/urg_c_wrapper.cpp:[m[K In member function ‘[01m[Kvoid urg_node::URGCWrapper::setUserLatency(double)[m[K’:
[6.148s] [01m[K/home/igor/tb2_ros2_nav2/ros2_ws/src/urg_node/src/urg_c_wrapper.cpp:775:49:[m[K [01;35m[Kwarning: [m[K‘[01m[Krclcpp::Duration::Duration(rcl_duration_value_t)[m[K’ is deprecated: Use Duration::from_nanoseconds instead or std::chrono_literals. For example:rclcpp::Duration::from_nanoseconds(int64_variable);rclcpp::Duration(0ns); [[01;35m[K-Wdeprecated-declarations[m[K]
[6.148s]   775 |   user_latency_ = rclcpp::Duration(1e9 * latency[01;35m[K)[m[K;
[6.148s]       |                                                 [01;35m[K^[m[K
[6.148s] In file included from [01m[K/opt/ros/galactic/include/rclcpp/qos.hpp:20[m[K,
[6.148s]                  from [01m[K/opt/ros/galactic/include/rclcpp/node_interfaces/node_graph_interface.hpp:31[m[K,
[6.148s]                  from [01m[K/opt/ros/galactic/include/rclcpp/client.hpp:34[m[K,
[6.150s]                  from [01m[K/opt/ros/galactic/include/rclcpp/callback_group.hpp:23[m[K,
[6.150s]                  from [01m[K/opt/ros/galactic/include/rclcpp/any_executable.hpp:20[m[K,
[6.150s]                  from [01m[K/opt/ros/galactic/include/rclcpp/memory_strategy.hpp:25[m[K,
[6.150s]                  from [01m[K/opt/ros/galactic/include/rclcpp/memory_strategies.hpp:18[m[K,
[6.150s]                  from [01m[K/opt/ros/galactic/include/rclcpp/executor_options.hpp:20[m[K,
[6.150s]                  from [01m[K/opt/ros/galactic/include/rclcpp/executor.hpp:36[m[K,
[6.150s]                  from [01m[K/opt/ros/galactic/include/rclcpp/executors/multi_threaded_executor.hpp:26[m[K,
[6.150s]                  from [01m[K/opt/ros/galactic/include/rclcpp/executors.hpp:21[m[K,
[6.150s]                  from [01m[K/opt/ros/galactic/include/rclcpp/rclcpp.hpp:156[m[K,
[6.150s]                  from [01m[K/home/igor/tb2_ros2_nav2/ros2_ws/src/urg_node/include/urg_node/urg_c_wrapper.hpp:44[m[K,
[6.150s]                  from [01m[K/home/igor/tb2_ros2_nav2/ros2_ws/src/urg_node/src/urg_c_wrapper.cpp:34[m[K:
[6.150s] [01m[K/opt/ros/galactic/include/rclcpp/duration.hpp:46:12:[m[K [01;36m[Knote: [m[Kdeclared here
[6.150s]    46 |   explicit [01;36m[KDuration[m[K(rcl_duration_value_t nanoseconds);
[6.150s]       |            [01;36m[K^~~~~~~~[m[K
[6.150s] [01m[K/home/igor/tb2_ros2_nav2/ros2_ws/src/urg_node/src/urg_c_wrapper.cpp:[m[K In member function ‘[01m[Krclcpp::Duration urg_node::URGCWrapper::getAngularTimeOffset() const[m[K’:
[6.150s] [01m[K/home/igor/tb2_ros2_nav2/ros2_ws/src/urg_node/src/urg_c_wrapper.cpp:864:68:[m[K [01;35m[Kwarning: [m[K‘[01m[Krclcpp::Duration::Duration(rcl_duration_value_t)[m[K’ is deprecated: Use Duration::from_nanoseconds instead or std::chrono_literals. For example:rclcpp::Duration::from_nanoseconds(int64_variable);rclcpp::Duration(0ns); [[01;35m[K-Wdeprecated-declarations[m[K]
[6.150s]   864 |   return rclcpp::Duration((circle_fraction * getScanPeriod()) * 1e9[01;35m[K)[m[K;
[6.150s]       |                                                                    [01;35m[K^[m[K
[6.150s] In file included from [01m[K/opt/ros/galactic/include/rclcpp/qos.hpp:20[m[K,
[6.151s]                  from [01m[K/opt/ros/galactic/include/rclcpp/node_interfaces/node_graph_interface.hpp:31[m[K,
[6.151s]                  from [01m[K/opt/ros/galactic/include/rclcpp/client.hpp:34[m[K,
[6.151s]                  from [01m[K/opt/ros/galactic/include/rclcpp/callback_group.hpp:23[m[K,
[6.151s]                  from [01m[K/opt/ros/galactic/include/rclcpp/any_executable.hpp:20[m[K,
[6.151s]                  from [01m[K/opt/ros/galactic/include/rclcpp/memory_strategy.hpp:25[m[K,
[6.151s]                  from [01m[K/opt/ros/galactic/include/rclcpp/memory_strategies.hpp:18[m[K,
[6.151s]                  from [01m[K/opt/ros/galactic/include/rclcpp/executor_options.hpp:20[m[K,
[6.151s]                  from [01m[K/opt/ros/galactic/include/rclcpp/executor.hpp:36[m[K,
[6.151s]                  from [01m[K/opt/ros/galactic/include/rclcpp/executors/multi_threaded_executor.hpp:26[m[K,
[6.151s]                  from [01m[K/opt/ros/galactic/include/rclcpp/executors.hpp:21[m[K,
[6.151s]                  from [01m[K/opt/ros/galactic/include/rclcpp/rclcpp.hpp:156[m[K,
[6.151s]                  from [01m[K/home/igor/tb2_ros2_nav2/ros2_ws/src/urg_node/include/urg_node/urg_c_wrapper.hpp:44[m[K,
[6.151s]                  from [01m[K/home/igor/tb2_ros2_nav2/ros2_ws/src/urg_node/src/urg_c_wrapper.cpp:34[m[K:
[6.151s] [01m[K/opt/ros/galactic/include/rclcpp/duration.hpp:46:12:[m[K [01;36m[Knote: [m[Kdeclared here
[6.151s]    46 |   explicit [01;36m[KDuration[m[K(rcl_duration_value_t nanoseconds);
[6.151s]       |            [01;36m[K^~~~~~~~[m[K
[6.151s] [01m[K/home/igor/tb2_ros2_nav2/ros2_ws/src/urg_node/src/urg_c_wrapper.cpp:[m[K In member function ‘[01m[Krclcpp::Duration urg_node::URGCWrapper::computeLatency(size_t)[m[K’:
[6.151s] [01m[K/home/igor/tb2_ros2_nav2/ros2_ws/src/urg_node/src/urg_c_wrapper.cpp:869:39:[m[K [01;35m[Kwarning: [m[K‘[01m[Krclcpp::Duration::Duration(rcl_duration_value_t)[m[K’ is deprecated: Use Duration::from_nanoseconds instead or std::chrono_literals. For example:rclcpp::Duration::from_nanoseconds(int64_variable);rclcpp::Duration(0ns); [[01;35m[K-Wdeprecated-declarations[m[K]
[6.151s]   869 |   system_latency_ = rclcpp::Duration(0[01;35m[K)[m[K;
[6.151s]       |                                       [01;35m[K^[m[K
[6.151s] In file included from [01m[K/opt/ros/galactic/include/rclcpp/qos.hpp:20[m[K,
[6.151s]                  from [01m[K/opt/ros/galactic/include/rclcpp/node_interfaces/node_graph_interface.hpp:31[m[K,
[6.151s]                  from [01m[K/opt/ros/galactic/include/rclcpp/client.hpp:34[m[K,
[6.152s]                  from [01m[K/opt/ros/galactic/include/rclcpp/callback_group.hpp:23[m[K,
[6.152s]                  from [01m[K/opt/ros/galactic/include/rclcpp/any_executable.hpp:20[m[K,
[6.152s]                  from [01m[K/opt/ros/galactic/include/rclcpp/memory_strategy.hpp:25[m[K,
[6.152s]                  from [01m[K/opt/ros/galactic/include/rclcpp/memory_strategies.hpp:18[m[K,
[6.152s]                  from [01m[K/opt/ros/galactic/include/rclcpp/executor_options.hpp:20[m[K,
[6.152s]                  from [01m[K/opt/ros/galactic/include/rclcpp/executor.hpp:36[m[K,
[6.152s]                  from [01m[K/opt/ros/galactic/include/rclcpp/executors/multi_threaded_executor.hpp:26[m[K,
[6.152s]                  from [01m[K/opt/ros/galactic/include/rclcpp/executors.hpp:21[m[K,
[6.152s]                  from [01m[K/opt/ros/galactic/include/rclcpp/rclcpp.hpp:156[m[K,
[6.152s]                  from [01m[K/home/igor/tb2_ros2_nav2/ros2_ws/src/urg_node/include/urg_node/urg_c_wrapper.hpp:44[m[K,
[6.152s]                  from [01m[K/home/igor/tb2_ros2_nav2/ros2_ws/src/urg_node/src/urg_c_wrapper.cpp:34[m[K:
[6.152s] [01m[K/opt/ros/galactic/include/rclcpp/duration.hpp:46:12:[m[K [01;36m[Knote: [m[Kdeclared here
[6.152s]    46 |   explicit [01;36m[KDuration[m[K(rcl_duration_value_t nanoseconds);
[6.152s]       |            [01;36m[K^~~~~~~~[m[K
[6.152s] [01m[K/home/igor/tb2_ros2_nav2/ros2_ws/src/urg_node/src/urg_c_wrapper.cpp:872:37:[m[K [01;35m[Kwarning: [m[K‘[01m[Krclcpp::Duration::Duration(rcl_duration_value_t)[m[K’ is deprecated: Use Duration::from_nanoseconds instead or std::chrono_literals. For example:rclcpp::Duration::from_nanoseconds(int64_variable);rclcpp::Duration(0ns); [[01;35m[K-Wdeprecated-declarations[m[K]
[6.152s]   872 |   rclcpp::Duration previous_offset(0[01;35m[K)[m[K;
[6.152s]       |                                     [01;35m[K^[m[K
[6.153s] In file included from [01m[K/opt/ros/galactic/include/rclcpp/qos.hpp:20[m[K,
[6.153s]                  from [01m[K/opt/ros/galactic/include/rclcpp/node_interfaces/node_graph_interface.hpp:31[m[K,
[6.153s]                  from [01m[K/opt/ros/galactic/include/rclcpp/client.hpp:34[m[K,
[6.153s]                  from [01m[K/opt/ros/galactic/include/rclcpp/callback_group.hpp:23[m[K,
[6.153s]                  from [01m[K/opt/ros/galactic/include/rclcpp/any_executable.hpp:20[m[K,
[6.153s]                  from [01m[K/opt/ros/galactic/include/rclcpp/memory_strategy.hpp:25[m[K,
[6.153s]                  from [01m[K/opt/ros/galactic/include/rclcpp/memory_strategies.hpp:18[m[K,
[6.153s]                  from [01m[K/opt/ros/galactic/include/rclcpp/executor_options.hpp:20[m[K,
[6.153s]                  from [01m[K/opt/ros/galactic/include/rclcpp/executor.hpp:36[m[K,
[6.153s]                  from [01m[K/opt/ros/galactic/include/rclcpp/executors/multi_threaded_executor.hpp:26[m[K,
[6.153s]                  from [01m[K/opt/ros/galactic/include/rclcpp/executors.hpp:21[m[K,
[6.153s]                  from [01m[K/opt/ros/galactic/include/rclcpp/rclcpp.hpp:156[m[K,
[6.153s]                  from [01m[K/home/igor/tb2_ros2_nav2/ros2_ws/src/urg_node/include/urg_node/urg_c_wrapper.hpp:44[m[K,
[6.153s]                  from [01m[K/home/igor/tb2_ros2_nav2/ros2_ws/src/urg_node/src/urg_c_wrapper.cpp:34[m[K:
[6.153s] [01m[K/opt/ros/galactic/include/rclcpp/duration.hpp:46:12:[m[K [01;36m[Knote: [m[Kdeclared here
[6.153s]    46 |   explicit [01;36m[KDuration[m[K(rcl_duration_value_t nanoseconds);
[6.153s]       |            [01;36m[K^~~~~~~~[m[K
[6.153s] [01m[K/home/igor/tb2_ros2_nav2/ros2_ws/src/urg_node/src/urg_c_wrapper.cpp:881:85:[m[K [01;35m[Kwarning: [m[K‘[01m[Krclcpp::Duration::Duration(rcl_duration_value_t)[m[K’ is deprecated: Use Duration::from_nanoseconds instead or std::chrono_literals. For example:rclcpp::Duration::from_nanoseconds(int64_variable);rclcpp::Duration(0ns); [[01;35m[K-Wdeprecated-declarations[m[K]
[6.153s]   881 |       adjusted_post_offset.nanoseconds() / 2.0 + previous_offset.nanoseconds() / 2.0[01;35m[K)[m[K;
[6.153s]       |                                                                                     [01;35m[K^[m[K
[6.153s] In file included from [01m[K/opt/ros/galactic/include/rclcpp/qos.hpp:20[m[K,
[6.153s]                  from [01m[K/opt/ros/galactic/include/rclcpp/node_interfaces/node_graph_interface.hpp:31[m[K,
[6.153s]                  from [01m[K/opt/ros/galactic/include/rclcpp/client.hpp:34[m[K,
[6.153s]                  from [01m[K/opt/ros/galactic/include/rclcpp/callback_group.hpp:23[m[K,
[6.153s]                  from [01m[K/opt/ros/galactic/include/rclcpp/any_executable.hpp:20[m[K,
[6.154s]                  from [01m[K/opt/ros/galactic/include/rclcpp/memory_strategy.hpp:25[m[K,
[6.154s]                  from [01m[K/opt/ros/galactic/include/rclcpp/memory_strategies.hpp:18[m[K,
[6.154s]                  from [01m[K/opt/ros/galactic/include/rclcpp/executor_options.hpp:20[m[K,
[6.154s]                  from [01m[K/opt/ros/galactic/include/rclcpp/executor.hpp:36[m[K,
[6.154s]                  from [01m[K/opt/ros/galactic/include/rclcpp/executors/multi_threaded_executor.hpp:26[m[K,
[6.154s]                  from [01m[K/opt/ros/galactic/include/rclcpp/executors.hpp:21[m[K,
[6.154s]                  from [01m[K/opt/ros/galactic/include/rclcpp/rclcpp.hpp:156[m[K,
[6.154s]                  from [01m[K/home/igor/tb2_ros2_nav2/ros2_ws/src/urg_node/include/urg_node/urg_c_wrapper.hpp:44[m[K,
[6.154s]                  from [01m[K/home/igor/tb2_ros2_nav2/ros2_ws/src/urg_node/src/urg_c_wrapper.cpp:34[m[K:
[6.154s] [01m[K/opt/ros/galactic/include/rclcpp/duration.hpp:46:12:[m[K [01;36m[Knote: [m[Kdeclared here
[6.154s]    46 |   explicit [01;36m[KDuration[m[K(rcl_duration_value_t nanoseconds);
[6.154s]       |            [01;36m[K^~~~~~~~[m[K
[7.005s] [ 57%] [32m[1mLinking CXX executable urg_node_driver[0m
[7.171s] [ 57%] Built target urg_node_driver
[10.839s] [ 71%] [32m[1mLinking CXX shared library liburg_node.so[0m
[11.133s] [ 71%] Built target urg_node
[11.139s] [35m[1mScanning dependencies of target getID[0m
[11.165s] [ 85%] [32mBuilding CXX object CMakeFiles/getID.dir/src/get_id.cpp.o[0m
[13.518s] [100%] [32m[1mLinking CXX executable getID[0m
[13.719s] [100%] Built target getID
[13.728s] Invoked command in '/home/igor/tb2_ros2_nav2/ros2_ws/build/urg_node' returned '0': CMAKE_PREFIX_PATH=/opt/ros/galactic /usr/bin/cmake --build /home/igor/tb2_ros2_nav2/ros2_ws/build/urg_node -- -j16 -l16
[13.750s] Invoking command in '/home/igor/tb2_ros2_nav2/ros2_ws/build/urg_node': CMAKE_PREFIX_PATH=/opt/ros/galactic /usr/bin/cmake --install /home/igor/tb2_ros2_nav2/ros2_ws/build/urg_node
[13.754s] -- Install configuration: ""
[13.755s] -- Installing: /home/igor/tb2_ros2_nav2/ros2_ws/install/urg_node/lib/urg_node/urg_node_driver
[13.755s] -- Set runtime path of "/home/igor/tb2_ros2_nav2/ros2_ws/install/urg_node/lib/urg_node/urg_node_driver" to ""
[13.755s] -- Installing: /home/igor/tb2_ros2_nav2/ros2_ws/install/urg_node/lib/liburg_node.so
[13.757s] -- Set runtime path of "/home/igor/tb2_ros2_nav2/ros2_ws/install/urg_node/lib/liburg_node.so" to ""
[13.757s] -- Installing: /home/igor/tb2_ros2_nav2/ros2_ws/install/urg_node/lib/urg_node/getID
[13.757s] -- Set runtime path of "/home/igor/tb2_ros2_nav2/ros2_ws/install/urg_node/lib/urg_node/getID" to ""
[13.757s] -- Installing: /home/igor/tb2_ros2_nav2/ros2_ws/install/urg_node/include
[13.758s] -- Installing: /home/igor/tb2_ros2_nav2/ros2_ws/install/urg_node/include/urg_node
[13.758s] -- Installing: /home/igor/tb2_ros2_nav2/ros2_ws/install/urg_node/include/urg_node/urg_c_wrapper.hpp
[13.758s] -- Installing: /home/igor/tb2_ros2_nav2/ros2_ws/install/urg_node/include/urg_node/urg_node.hpp
[13.758s] -- Installing: /home/igor/tb2_ros2_nav2/ros2_ws/install/urg_node/lib/urg_node/set_urg_ip.py
[13.758s] -- Installing: /home/igor/tb2_ros2_nav2/ros2_ws/install/urg_node/share/urg_node/launch
[13.758s] -- Installing: /home/igor/tb2_ros2_nav2/ros2_ws/install/urg_node/share/urg_node/launch/urg_lidar.launch.xml
[13.758s] -- Installing: /home/igor/tb2_ros2_nav2/ros2_ws/install/urg_node/share/urg_node/launch/urg_node_launch.py
[13.758s] -- Installing: /home/igor/tb2_ros2_nav2/ros2_ws/install/urg_node/share/urg_node/launch/urg_node_serial.yaml
[13.758s] -- Installing: /home/igor/tb2_ros2_nav2/ros2_ws/install/urg_node/share/urg_node/launch/hokuyo_laser.urdf
[13.759s] -- Installing: /home/igor/tb2_ros2_nav2/ros2_ws/install/urg_node/share/urg_node/launch/urg_node_ethernet.yaml
[13.759s] -- Installing: /home/igor/tb2_ros2_nav2/ros2_ws/install/urg_node/share/urg_node/environment/library_path.sh
[13.759s] -- Installing: /home/igor/tb2_ros2_nav2/ros2_ws/install/urg_node/share/urg_node/environment/library_path.dsv
[13.759s] -- Installing: /home/igor/tb2_ros2_nav2/ros2_ws/install/urg_node/share/ament_index/resource_index/package_run_dependencies/urg_node
[13.759s] -- Installing: /home/igor/tb2_ros2_nav2/ros2_ws/install/urg_node/share/ament_index/resource_index/parent_prefix_path/urg_node
[13.759s] -- Installing: /home/igor/tb2_ros2_nav2/ros2_ws/install/urg_node/share/urg_node/environment/ament_prefix_path.sh
[13.759s] -- Installing: /home/igor/tb2_ros2_nav2/ros2_ws/install/urg_node/share/urg_node/environment/ament_prefix_path.dsv
[13.759s] -- Installing: /home/igor/tb2_ros2_nav2/ros2_ws/install/urg_node/share/urg_node/environment/path.sh
[13.760s] -- Installing: /home/igor/tb2_ros2_nav2/ros2_ws/install/urg_node/share/urg_node/environment/path.dsv
[13.760s] -- Installing: /home/igor/tb2_ros2_nav2/ros2_ws/install/urg_node/share/urg_node/local_setup.bash
[13.760s] -- Installing: /home/igor/tb2_ros2_nav2/ros2_ws/install/urg_node/share/urg_node/local_setup.sh
[13.760s] -- Installing: /home/igor/tb2_ros2_nav2/ros2_ws/install/urg_node/share/urg_node/local_setup.zsh
[13.760s] -- Installing: /home/igor/tb2_ros2_nav2/ros2_ws/install/urg_node/share/urg_node/local_setup.dsv
[13.760s] -- Installing: /home/igor/tb2_ros2_nav2/ros2_ws/install/urg_node/share/urg_node/package.dsv
[13.760s] -- Installing: /home/igor/tb2_ros2_nav2/ros2_ws/install/urg_node/share/ament_index/resource_index/packages/urg_node
[13.760s] -- Installing: /home/igor/tb2_ros2_nav2/ros2_ws/install/urg_node/share/ament_index/resource_index/rclcpp_components/urg_node
[13.760s] -- Installing: /home/igor/tb2_ros2_nav2/ros2_ws/install/urg_node/share/urg_node/cmake/ament_cmake_export_dependencies-extras.cmake
[13.760s] -- Installing: /home/igor/tb2_ros2_nav2/ros2_ws/install/urg_node/share/urg_node/cmake/ament_cmake_export_include_directories-extras.cmake
[13.760s] -- Installing: /home/igor/tb2_ros2_nav2/ros2_ws/install/urg_node/share/urg_node/cmake/ament_cmake_export_libraries-extras.cmake
[13.761s] -- Installing: /home/igor/tb2_ros2_nav2/ros2_ws/install/urg_node/share/urg_node/cmake/urg_nodeConfig.cmake
[13.761s] -- Installing: /home/igor/tb2_ros2_nav2/ros2_ws/install/urg_node/share/urg_node/cmake/urg_nodeConfig-version.cmake
[13.761s] -- Installing: /home/igor/tb2_ros2_nav2/ros2_ws/install/urg_node/share/urg_node/package.xml
[13.762s] Invoked command in '/home/igor/tb2_ros2_nav2/ros2_ws/build/urg_node' returned '0': CMAKE_PREFIX_PATH=/opt/ros/galactic /usr/bin/cmake --install /home/igor/tb2_ros2_nav2/ros2_ws/build/urg_node
