[0.034s] Invoking command in '/home/igor/tb2_ros2_nav2/ros2_ws/build/cmd_vel_mux': CMAKE_PREFIX_PATH=/opt/ros/galactic /usr/bin/cmake /home/igor/tb2_ros2_nav2/ros2_ws/src/cmd_vel_mux -DCMAKE_INSTALL_PREFIX=/home/igor/tb2_ros2_nav2/ros2_ws/install/cmd_vel_mux
[0.054s] -- Found ament_cmake_ros: 0.9.2 (/opt/ros/galactic/share/ament_cmake_ros/cmake)
[0.088s] -- Found PythonInterp: /usr/bin/python3 (found suitable version "3.8.10", minimum required is "3") 
[0.088s] -- Using PYTHON_EXECUTABLE: /usr/bin/python3
[0.149s] -- Override CMake install command with custom implementation using symlinks instead of copying resources
[0.156s] -- Found geometry_msgs: 2.2.4 (/opt/ros/galactic/share/geometry_msgs/cmake)
[0.293s] -- Using all available rosidl_typesupport_c: rosidl_typesupport_fastrtps_c;rosidl_typesupport_introspection_c
[0.295s] -- Found rosidl_adapter: 2.2.2 (/opt/ros/galactic/share/rosidl_adapter/cmake)
[3.536s] -- Using all available rosidl_typesupport_cpp: rosidl_typesupport_fastrtps_cpp;rosidl_typesupport_introspection_cpp
[3.607s] -- Found rcl_interfaces: 1.0.3 (/opt/ros/galactic/share/rcl_interfaces/cmake)
[3.618s] -- Found rclcpp: 9.2.1 (/opt/ros/galactic/share/rclcpp/cmake)
[3.640s] -- Found rmw_implementation_cmake: 3.3.1 (/opt/ros/galactic/share/rmw_implementation_cmake/cmake)
[3.641s] -- Found rmw_cyclonedds_cpp: 0.22.5 (/opt/ros/galactic/share/rmw_cyclonedds_cpp/cmake)
[3.655s] -- Using RMW implementation 'rmw_cyclonedds_cpp' as default
[3.779s] -- Found rclcpp_components: 9.2.1 (/opt/ros/galactic/share/rclcpp_components/cmake)
[3.844s] -- Found ament_lint_auto: 0.10.7 (/opt/ros/galactic/share/ament_lint_auto/cmake)
[3.886s] -- Found launch_testing_ament_cmake: 0.17.1 (/opt/ros/galactic/share/launch_testing_ament_cmake/cmake)
[3.887s] -- Found python_cmake_module: 0.8.1 (/opt/ros/galactic/share/python_cmake_module/cmake)
[3.901s] -- Found PythonInterp: /usr/bin/python3 (found suitable version "3.8.10", minimum required is "3.5") 
[3.904s] -- Using PYTHON_EXECUTABLE: /usr/bin/python3
[3.904s] -- Using PYTHON_INCLUDE_DIRS: /usr/include/python3.8
[3.904s] -- Using PYTHON_LIBRARIES: /usr/lib/x86_64-linux-gnu/libpython3.8.so
[3.913s] -- Added test 'cppcheck' to perform static code analysis on C / C++ code
[3.913s] -- Configured cppcheck include dirs: /home/igor/tb2_ros2_nav2/ros2_ws/src/cmd_vel_mux/include
[3.913s] -- Configured cppcheck exclude dirs and/or files: 
[3.914s] -- Added test 'cpplint' to check C / C++ code against the Google style
[3.914s] -- Configured cpplint exclude dirs and/or files: 
[3.915s] -- Added test 'flake8' to check Python code syntax and style conventions
[3.915s] -- Added test 'lint_cmake' to check CMake code style
[3.916s] -- Added test 'pep257' to check Python code against some of the style conventions in PEP 257
[3.916s] -- Added test 'uncrustify' to check C / C++ code style
[3.917s] -- Configured uncrustify additional arguments: 
[3.917s] -- Added test 'xmllint' to check XML markup files
[3.919s] -- Configuring done
[3.930s] -- Generating done
[3.932s] -- Build files have been written to: /home/igor/tb2_ros2_nav2/ros2_ws/build/cmd_vel_mux
