[0.091s] Invoking command in '/home/igor/tb2_ros2_nav2/ros2_ws/build/kobuki_random_walker': AMENT_PREFIX_PATH=/home/igor/tb2_ros2_nav2/ros2_ws/install/kobuki_ros_interfaces:${AMENT_PREFIX_PATH} CMAKE_PREFIX_PATH=/home/igor/tb2_ros2_nav2/ros2_ws/install/kobuki_ros_interfaces:/home/igor/tb2_ros2_nav2/ros2_ws/install/kobuki_ros:/home/igor/tb2_ros2_nav2/ros2_ws/install/kobuki_keyop:/home/igor/tb2_ros2_nav2/ros2_ws/install/velocity_smoother:/home/igor/tb2_ros2_nav2/ros2_ws/install/kobuki_safety_controller:/home/igor/tb2_ros2_nav2/ros2_ws/install/kobuki_random_walker:/home/igor/tb2_ros2_nav2/ros2_ws/install/kobuki_node:/home/igor/tb2_ros2_nav2/ros2_ws/install/kobuki_bumper2pc:/home/igor/tb2_ros2_nav2/ros2_ws/install/kobuki_auto_docking:/home/igor/tb2_ros2_nav2/ros2_ws/install/kobuki_description:/home/igor/tb2_ros2_nav2/ros2_ws/install/kobuki_core:/home/igor/tb2_ros2_nav2/ros2_ws/install/cmd_vel_mux:/opt/ros/galactic LD_LIBRARY_PATH=/home/igor/tb2_ros2_nav2/ros2_ws/install/kobuki_ros_interfaces/lib:/home/igor/tb2_ros2_nav2/ros2_ws/install/kobuki_keyop/lib:/home/igor/tb2_ros2_nav2/ros2_ws/install/velocity_smoother/lib:/home/igor/tb2_ros2_nav2/ros2_ws/install/kobuki_safety_controller/lib:/home/igor/tb2_ros2_nav2/ros2_ws/install/kobuki_random_walker/lib:/home/igor/tb2_ros2_nav2/ros2_ws/install/kobuki_node/lib:/home/igor/tb2_ros2_nav2/ros2_ws/install/kobuki_bumper2pc/lib:/home/igor/tb2_ros2_nav2/ros2_ws/install/kobuki_auto_docking/lib:/home/igor/tb2_ros2_nav2/ros2_ws/install/kobuki_core/lib:/home/igor/tb2_ros2_nav2/ros2_ws/install/cmd_vel_mux/lib:/usr/lib/x86_64-linux-gnu/gazebo-11/plugins:/opt/ros/galactic/opt/yaml_cpp_vendor/lib:/opt/ros/galactic/opt/rviz_ogre_vendor/lib:/opt/ros/galactic/lib/x86_64-linux-gnu:/opt/ros/galactic/lib /usr/bin/cmake /home/igor/tb2_ros2_nav2/ros2_ws/src/kobuki_ros/kobuki_random_walker -DAMENT_CMAKE_SYMLINK_INSTALL=1 -DCMAKE_INSTALL_PREFIX=/home/igor/tb2_ros2_nav2/ros2_ws/install/kobuki_random_walker
[0.253s] -- The C compiler identification is GNU 9.4.0
[0.464s] -- The CXX compiler identification is GNU 9.4.0
[0.552s] -- Check for working C compiler: /usr/bin/cc
[0.687s] -- Check for working C compiler: /usr/bin/cc -- works
[0.687s] -- Detecting C compiler ABI info
[0.798s] -- Detecting C compiler ABI info - done
[0.811s] -- Detecting C compile features
[0.812s] -- Detecting C compile features - done
[0.815s] -- Check for working CXX compiler: /usr/bin/c++
[0.940s] -- Check for working CXX compiler: /usr/bin/c++ -- works
[0.942s] -- Detecting CXX compiler ABI info
[1.065s] -- Detecting CXX compiler ABI info - done
[1.075s] -- Detecting CXX compile features
[1.075s] -- Detecting CXX compile features - done
[1.077s] -- Found ament_cmake_ros: 0.9.2 (/opt/ros/galactic/share/ament_cmake_ros/cmake)
[1.109s] -- Found PythonInterp: /usr/bin/python3 (found suitable version "3.8.10", minimum required is "3") 
[1.110s] -- Using PYTHON_EXECUTABLE: /usr/bin/python3
[1.179s] -- Override CMake install command with custom implementation using symlinks instead of copying resources
[1.204s] -- Found geometry_msgs: 2.2.4 (/opt/ros/galactic/share/geometry_msgs/cmake)
[1.347s] -- Using all available rosidl_typesupport_c: rosidl_typesupport_fastrtps_c;rosidl_typesupport_introspection_c
[1.357s] -- Found rosidl_adapter: 2.2.2 (/opt/ros/galactic/share/rosidl_adapter/cmake)
[2.113s] -- Found OpenSSL: /usr/lib/x86_64-linux-gnu/libcrypto.so (found version "1.1.1f")  
[3.267s] -- Found FastRTPS: /opt/ros/galactic/include  
[4.492s] -- Using all available rosidl_typesupport_cpp: rosidl_typesupport_fastrtps_cpp;rosidl_typesupport_introspection_cpp
[4.573s] -- Found kobuki_ros_interfaces: 1.0.0 (/home/igor/tb2_ros2_nav2/ros2_ws/install/kobuki_ros_interfaces/share/kobuki_ros_interfaces/cmake)
[4.768s] -- Found rclcpp: 9.2.1 (/opt/ros/galactic/share/rclcpp/cmake)
[4.834s] -- Found rmw_implementation_cmake: 3.3.1 (/opt/ros/galactic/share/rmw_implementation_cmake/cmake)
[4.837s] -- Found rmw_cyclonedds_cpp: 0.22.5 (/opt/ros/galactic/share/rmw_cyclonedds_cpp/cmake)
[4.855s] -- Using RMW implementation 'rmw_cyclonedds_cpp' as default
[4.856s] -- Looking for pthread.h
[5.006s] -- Looking for pthread.h - found
[5.006s] -- Performing Test CMAKE_HAVE_LIBC_PTHREAD
[5.131s] -- Performing Test CMAKE_HAVE_LIBC_PTHREAD - Failed
[5.131s] -- Looking for pthread_create in pthreads
[5.235s] -- Looking for pthread_create in pthreads - not found
[5.235s] -- Looking for pthread_create in pthread
[5.385s] -- Looking for pthread_create in pthread - found
[5.387s] -- Found Threads: TRUE  
[5.641s] -- Found rclcpp_components: 9.2.1 (/opt/ros/galactic/share/rclcpp_components/cmake)
[5.801s] -- Configuring done
[5.822s] -- Generating done
[5.824s] -- Build files have been written to: /home/igor/tb2_ros2_nav2/ros2_ws/build/kobuki_random_walker
[5.846s] Invoked command in '/home/igor/tb2_ros2_nav2/ros2_ws/build/kobuki_random_walker' returned '0': AMENT_PREFIX_PATH=/home/igor/tb2_ros2_nav2/ros2_ws/install/kobuki_ros_interfaces:${AMENT_PREFIX_PATH} CMAKE_PREFIX_PATH=/home/igor/tb2_ros2_nav2/ros2_ws/install/kobuki_ros_interfaces:/home/igor/tb2_ros2_nav2/ros2_ws/install/kobuki_ros:/home/igor/tb2_ros2_nav2/ros2_ws/install/kobuki_keyop:/home/igor/tb2_ros2_nav2/ros2_ws/install/velocity_smoother:/home/igor/tb2_ros2_nav2/ros2_ws/install/kobuki_safety_controller:/home/igor/tb2_ros2_nav2/ros2_ws/install/kobuki_random_walker:/home/igor/tb2_ros2_nav2/ros2_ws/install/kobuki_node:/home/igor/tb2_ros2_nav2/ros2_ws/install/kobuki_bumper2pc:/home/igor/tb2_ros2_nav2/ros2_ws/install/kobuki_auto_docking:/home/igor/tb2_ros2_nav2/ros2_ws/install/kobuki_description:/home/igor/tb2_ros2_nav2/ros2_ws/install/kobuki_core:/home/igor/tb2_ros2_nav2/ros2_ws/install/cmd_vel_mux:/opt/ros/galactic LD_LIBRARY_PATH=/home/igor/tb2_ros2_nav2/ros2_ws/install/kobuki_ros_interfaces/lib:/home/igor/tb2_ros2_nav2/ros2_ws/install/kobuki_keyop/lib:/home/igor/tb2_ros2_nav2/ros2_ws/install/velocity_smoother/lib:/home/igor/tb2_ros2_nav2/ros2_ws/install/kobuki_safety_controller/lib:/home/igor/tb2_ros2_nav2/ros2_ws/install/kobuki_random_walker/lib:/home/igor/tb2_ros2_nav2/ros2_ws/install/kobuki_node/lib:/home/igor/tb2_ros2_nav2/ros2_ws/install/kobuki_bumper2pc/lib:/home/igor/tb2_ros2_nav2/ros2_ws/install/kobuki_auto_docking/lib:/home/igor/tb2_ros2_nav2/ros2_ws/install/kobuki_core/lib:/home/igor/tb2_ros2_nav2/ros2_ws/install/cmd_vel_mux/lib:/usr/lib/x86_64-linux-gnu/gazebo-11/plugins:/opt/ros/galactic/opt/yaml_cpp_vendor/lib:/opt/ros/galactic/opt/rviz_ogre_vendor/lib:/opt/ros/galactic/lib/x86_64-linux-gnu:/opt/ros/galactic/lib /usr/bin/cmake /home/igor/tb2_ros2_nav2/ros2_ws/src/kobuki_ros/kobuki_random_walker -DAMENT_CMAKE_SYMLINK_INSTALL=1 -DCMAKE_INSTALL_PREFIX=/home/igor/tb2_ros2_nav2/ros2_ws/install/kobuki_random_walker
[5.853s] Invoking command in '/home/igor/tb2_ros2_nav2/ros2_ws/build/kobuki_random_walker': AMENT_PREFIX_PATH=/home/igor/tb2_ros2_nav2/ros2_ws/install/kobuki_ros_interfaces:${AMENT_PREFIX_PATH} CMAKE_PREFIX_PATH=/home/igor/tb2_ros2_nav2/ros2_ws/install/kobuki_ros_interfaces:/home/igor/tb2_ros2_nav2/ros2_ws/install/kobuki_ros:/home/igor/tb2_ros2_nav2/ros2_ws/install/kobuki_keyop:/home/igor/tb2_ros2_nav2/ros2_ws/install/velocity_smoother:/home/igor/tb2_ros2_nav2/ros2_ws/install/kobuki_safety_controller:/home/igor/tb2_ros2_nav2/ros2_ws/install/kobuki_random_walker:/home/igor/tb2_ros2_nav2/ros2_ws/install/kobuki_node:/home/igor/tb2_ros2_nav2/ros2_ws/install/kobuki_bumper2pc:/home/igor/tb2_ros2_nav2/ros2_ws/install/kobuki_auto_docking:/home/igor/tb2_ros2_nav2/ros2_ws/install/kobuki_description:/home/igor/tb2_ros2_nav2/ros2_ws/install/kobuki_core:/home/igor/tb2_ros2_nav2/ros2_ws/install/cmd_vel_mux:/opt/ros/galactic LD_LIBRARY_PATH=/home/igor/tb2_ros2_nav2/ros2_ws/install/kobuki_ros_interfaces/lib:/home/igor/tb2_ros2_nav2/ros2_ws/install/kobuki_keyop/lib:/home/igor/tb2_ros2_nav2/ros2_ws/install/velocity_smoother/lib:/home/igor/tb2_ros2_nav2/ros2_ws/install/kobuki_safety_controller/lib:/home/igor/tb2_ros2_nav2/ros2_ws/install/kobuki_random_walker/lib:/home/igor/tb2_ros2_nav2/ros2_ws/install/kobuki_node/lib:/home/igor/tb2_ros2_nav2/ros2_ws/install/kobuki_bumper2pc/lib:/home/igor/tb2_ros2_nav2/ros2_ws/install/kobuki_auto_docking/lib:/home/igor/tb2_ros2_nav2/ros2_ws/install/kobuki_core/lib:/home/igor/tb2_ros2_nav2/ros2_ws/install/cmd_vel_mux/lib:/usr/lib/x86_64-linux-gnu/gazebo-11/plugins:/opt/ros/galactic/opt/yaml_cpp_vendor/lib:/opt/ros/galactic/opt/rviz_ogre_vendor/lib:/opt/ros/galactic/lib/x86_64-linux-gnu:/opt/ros/galactic/lib /usr/bin/cmake --build /home/igor/tb2_ros2_nav2/ros2_ws/build/kobuki_random_walker -- -j16 -l16
[5.909s] [35m[1mScanning dependencies of target kobuki_random_walker[0m
[5.909s] [35m[1mScanning dependencies of target kobuki_random_walker_node[0m
[5.952s] [ 25%] [32mBuilding CXX object CMakeFiles/kobuki_random_walker_node.dir/rclcpp_components/node_main_kobuki_random_walker_node.cpp.o[0m
[5.963s] [ 50%] [32mBuilding CXX object CMakeFiles/kobuki_random_walker.dir/src/random_walker.cpp.o[0m
[11.180s] [ 75%] [32m[1mLinking CXX executable kobuki_random_walker_node[0m
[11.487s] [ 75%] Built target kobuki_random_walker_node
[26.086s] [100%] [32m[1mLinking CXX shared library libkobuki_random_walker.so[0m
[26.885s] [100%] Built target kobuki_random_walker
[26.892s] Invoked command in '/home/igor/tb2_ros2_nav2/ros2_ws/build/kobuki_random_walker' returned '0': AMENT_PREFIX_PATH=/home/igor/tb2_ros2_nav2/ros2_ws/install/kobuki_ros_interfaces:${AMENT_PREFIX_PATH} CMAKE_PREFIX_PATH=/home/igor/tb2_ros2_nav2/ros2_ws/install/kobuki_ros_interfaces:/home/igor/tb2_ros2_nav2/ros2_ws/install/kobuki_ros:/home/igor/tb2_ros2_nav2/ros2_ws/install/kobuki_keyop:/home/igor/tb2_ros2_nav2/ros2_ws/install/velocity_smoother:/home/igor/tb2_ros2_nav2/ros2_ws/install/kobuki_safety_controller:/home/igor/tb2_ros2_nav2/ros2_ws/install/kobuki_random_walker:/home/igor/tb2_ros2_nav2/ros2_ws/install/kobuki_node:/home/igor/tb2_ros2_nav2/ros2_ws/install/kobuki_bumper2pc:/home/igor/tb2_ros2_nav2/ros2_ws/install/kobuki_auto_docking:/home/igor/tb2_ros2_nav2/ros2_ws/install/kobuki_description:/home/igor/tb2_ros2_nav2/ros2_ws/install/kobuki_core:/home/igor/tb2_ros2_nav2/ros2_ws/install/cmd_vel_mux:/opt/ros/galactic LD_LIBRARY_PATH=/home/igor/tb2_ros2_nav2/ros2_ws/install/kobuki_ros_interfaces/lib:/home/igor/tb2_ros2_nav2/ros2_ws/install/kobuki_keyop/lib:/home/igor/tb2_ros2_nav2/ros2_ws/install/velocity_smoother/lib:/home/igor/tb2_ros2_nav2/ros2_ws/install/kobuki_safety_controller/lib:/home/igor/tb2_ros2_nav2/ros2_ws/install/kobuki_random_walker/lib:/home/igor/tb2_ros2_nav2/ros2_ws/install/kobuki_node/lib:/home/igor/tb2_ros2_nav2/ros2_ws/install/kobuki_bumper2pc/lib:/home/igor/tb2_ros2_nav2/ros2_ws/install/kobuki_auto_docking/lib:/home/igor/tb2_ros2_nav2/ros2_ws/install/kobuki_core/lib:/home/igor/tb2_ros2_nav2/ros2_ws/install/cmd_vel_mux/lib:/usr/lib/x86_64-linux-gnu/gazebo-11/plugins:/opt/ros/galactic/opt/yaml_cpp_vendor/lib:/opt/ros/galactic/opt/rviz_ogre_vendor/lib:/opt/ros/galactic/lib/x86_64-linux-gnu:/opt/ros/galactic/lib /usr/bin/cmake --build /home/igor/tb2_ros2_nav2/ros2_ws/build/kobuki_random_walker -- -j16 -l16
[26.914s] Invoking command in '/home/igor/tb2_ros2_nav2/ros2_ws/build/kobuki_random_walker': AMENT_PREFIX_PATH=/home/igor/tb2_ros2_nav2/ros2_ws/install/kobuki_ros_interfaces:${AMENT_PREFIX_PATH} CMAKE_PREFIX_PATH=/home/igor/tb2_ros2_nav2/ros2_ws/install/kobuki_ros_interfaces:/home/igor/tb2_ros2_nav2/ros2_ws/install/kobuki_ros:/home/igor/tb2_ros2_nav2/ros2_ws/install/kobuki_keyop:/home/igor/tb2_ros2_nav2/ros2_ws/install/velocity_smoother:/home/igor/tb2_ros2_nav2/ros2_ws/install/kobuki_safety_controller:/home/igor/tb2_ros2_nav2/ros2_ws/install/kobuki_random_walker:/home/igor/tb2_ros2_nav2/ros2_ws/install/kobuki_node:/home/igor/tb2_ros2_nav2/ros2_ws/install/kobuki_bumper2pc:/home/igor/tb2_ros2_nav2/ros2_ws/install/kobuki_auto_docking:/home/igor/tb2_ros2_nav2/ros2_ws/install/kobuki_description:/home/igor/tb2_ros2_nav2/ros2_ws/install/kobuki_core:/home/igor/tb2_ros2_nav2/ros2_ws/install/cmd_vel_mux:/opt/ros/galactic LD_LIBRARY_PATH=/home/igor/tb2_ros2_nav2/ros2_ws/install/kobuki_ros_interfaces/lib:/home/igor/tb2_ros2_nav2/ros2_ws/install/kobuki_keyop/lib:/home/igor/tb2_ros2_nav2/ros2_ws/install/velocity_smoother/lib:/home/igor/tb2_ros2_nav2/ros2_ws/install/kobuki_safety_controller/lib:/home/igor/tb2_ros2_nav2/ros2_ws/install/kobuki_random_walker/lib:/home/igor/tb2_ros2_nav2/ros2_ws/install/kobuki_node/lib:/home/igor/tb2_ros2_nav2/ros2_ws/install/kobuki_bumper2pc/lib:/home/igor/tb2_ros2_nav2/ros2_ws/install/kobuki_auto_docking/lib:/home/igor/tb2_ros2_nav2/ros2_ws/install/kobuki_core/lib:/home/igor/tb2_ros2_nav2/ros2_ws/install/cmd_vel_mux/lib:/usr/lib/x86_64-linux-gnu/gazebo-11/plugins:/opt/ros/galactic/opt/yaml_cpp_vendor/lib:/opt/ros/galactic/opt/rviz_ogre_vendor/lib:/opt/ros/galactic/lib/x86_64-linux-gnu:/opt/ros/galactic/lib /usr/bin/cmake --install /home/igor/tb2_ros2_nav2/ros2_ws/build/kobuki_random_walker
[26.919s] -- Install configuration: ""
[26.920s] -- Execute custom install script
[26.920s] -- Symlinking: /home/igor/tb2_ros2_nav2/ros2_ws/install/kobuki_random_walker/lib/kobuki_random_walker/kobuki_random_walker_node
[26.927s] -- Symlinking: /home/igor/tb2_ros2_nav2/ros2_ws/install/kobuki_random_walker/lib/libkobuki_random_walker.so
[26.934s] -- Symlinking: /home/igor/tb2_ros2_nav2/ros2_ws/install/kobuki_random_walker/include/kobuki_random_walker/random_walker.hpp
[26.942s] -- Symlinking: /home/igor/tb2_ros2_nav2/ros2_ws/install/kobuki_random_walker/share/kobuki_random_walker/launch/random_walker_app.launch
[26.949s] -- Symlinking: /home/igor/tb2_ros2_nav2/ros2_ws/install/kobuki_random_walker/share/kobuki_random_walker/launch/safe_random_walker_app.launch
[26.956s] -- Symlinking: /home/igor/tb2_ros2_nav2/ros2_ws/install/kobuki_random_walker/share/kobuki_random_walker/launch/standalone.launch
[26.963s] -- Symlinking: /home/igor/tb2_ros2_nav2/ros2_ws/install/kobuki_random_walker/share/ament_index/resource_index/package_run_dependencies/kobuki_random_walker
[26.971s] -- Symlinking: /home/igor/tb2_ros2_nav2/ros2_ws/install/kobuki_random_walker/share/ament_index/resource_index/parent_prefix_path/kobuki_random_walker
[26.978s] -- Symlinking: /home/igor/tb2_ros2_nav2/ros2_ws/install/kobuki_random_walker/share/kobuki_random_walker/environment/ament_prefix_path.sh
[26.986s] -- Symlinking: /home/igor/tb2_ros2_nav2/ros2_ws/install/kobuki_random_walker/share/kobuki_random_walker/environment/ament_prefix_path.dsv
[26.993s] -- Symlinking: /home/igor/tb2_ros2_nav2/ros2_ws/install/kobuki_random_walker/share/kobuki_random_walker/environment/path.sh
[27.000s] -- Symlinking: /home/igor/tb2_ros2_nav2/ros2_ws/install/kobuki_random_walker/share/kobuki_random_walker/environment/path.dsv
[27.010s] -- Symlinking: /home/igor/tb2_ros2_nav2/ros2_ws/install/kobuki_random_walker/share/kobuki_random_walker/local_setup.bash
[27.017s] -- Symlinking: /home/igor/tb2_ros2_nav2/ros2_ws/install/kobuki_random_walker/share/kobuki_random_walker/local_setup.sh
[27.024s] -- Symlinking: /home/igor/tb2_ros2_nav2/ros2_ws/install/kobuki_random_walker/share/kobuki_random_walker/local_setup.zsh
[27.031s] -- Symlinking: /home/igor/tb2_ros2_nav2/ros2_ws/install/kobuki_random_walker/share/kobuki_random_walker/local_setup.dsv
[27.038s] -- Symlinking: /home/igor/tb2_ros2_nav2/ros2_ws/install/kobuki_random_walker/share/kobuki_random_walker/package.dsv
[27.045s] -- Symlinking: /home/igor/tb2_ros2_nav2/ros2_ws/install/kobuki_random_walker/share/ament_index/resource_index/packages/kobuki_random_walker
[27.052s] -- Symlinking: /home/igor/tb2_ros2_nav2/ros2_ws/install/kobuki_random_walker/share/ament_index/resource_index/rclcpp_components/kobuki_random_walker
[27.059s] -- Symlinking: /home/igor/tb2_ros2_nav2/ros2_ws/install/kobuki_random_walker/share/kobuki_random_walker/cmake/kobuki_random_walkerConfig.cmake
[27.065s] -- Symlinking: /home/igor/tb2_ros2_nav2/ros2_ws/install/kobuki_random_walker/share/kobuki_random_walker/cmake/kobuki_random_walkerConfig-version.cmake
[27.071s] -- Symlinking: /home/igor/tb2_ros2_nav2/ros2_ws/install/kobuki_random_walker/share/kobuki_random_walker/package.xml
[27.097s] Invoked command in '/home/igor/tb2_ros2_nav2/ros2_ws/build/kobuki_random_walker' returned '0': AMENT_PREFIX_PATH=/home/igor/tb2_ros2_nav2/ros2_ws/install/kobuki_ros_interfaces:${AMENT_PREFIX_PATH} CMAKE_PREFIX_PATH=/home/igor/tb2_ros2_nav2/ros2_ws/install/kobuki_ros_interfaces:/home/igor/tb2_ros2_nav2/ros2_ws/install/kobuki_ros:/home/igor/tb2_ros2_nav2/ros2_ws/install/kobuki_keyop:/home/igor/tb2_ros2_nav2/ros2_ws/install/velocity_smoother:/home/igor/tb2_ros2_nav2/ros2_ws/install/kobuki_safety_controller:/home/igor/tb2_ros2_nav2/ros2_ws/install/kobuki_random_walker:/home/igor/tb2_ros2_nav2/ros2_ws/install/kobuki_node:/home/igor/tb2_ros2_nav2/ros2_ws/install/kobuki_bumper2pc:/home/igor/tb2_ros2_nav2/ros2_ws/install/kobuki_auto_docking:/home/igor/tb2_ros2_nav2/ros2_ws/install/kobuki_description:/home/igor/tb2_ros2_nav2/ros2_ws/install/kobuki_core:/home/igor/tb2_ros2_nav2/ros2_ws/install/cmd_vel_mux:/opt/ros/galactic LD_LIBRARY_PATH=/home/igor/tb2_ros2_nav2/ros2_ws/install/kobuki_ros_interfaces/lib:/home/igor/tb2_ros2_nav2/ros2_ws/install/kobuki_keyop/lib:/home/igor/tb2_ros2_nav2/ros2_ws/install/velocity_smoother/lib:/home/igor/tb2_ros2_nav2/ros2_ws/install/kobuki_safety_controller/lib:/home/igor/tb2_ros2_nav2/ros2_ws/install/kobuki_random_walker/lib:/home/igor/tb2_ros2_nav2/ros2_ws/install/kobuki_node/lib:/home/igor/tb2_ros2_nav2/ros2_ws/install/kobuki_bumper2pc/lib:/home/igor/tb2_ros2_nav2/ros2_ws/install/kobuki_auto_docking/lib:/home/igor/tb2_ros2_nav2/ros2_ws/install/kobuki_core/lib:/home/igor/tb2_ros2_nav2/ros2_ws/install/cmd_vel_mux/lib:/usr/lib/x86_64-linux-gnu/gazebo-11/plugins:/opt/ros/galactic/opt/yaml_cpp_vendor/lib:/opt/ros/galactic/opt/rviz_ogre_vendor/lib:/opt/ros/galactic/lib/x86_64-linux-gnu:/opt/ros/galactic/lib /usr/bin/cmake --install /home/igor/tb2_ros2_nav2/ros2_ws/build/kobuki_random_walker
