[0.035s] Invoking command in '/home/igor/tb2_ros2_nav2/ros2_ws/build/urg_node': /usr/bin/cmake /home/igor/tb2_ros2_nav2/ros2_ws/src/urg_node -DCATKIN_INSTALL_INTO_PREFIX_ROOT=0 -DCMAKE_INSTALL_PREFIX=/home/igor/tb2_ros2_nav2/ros2_ws/install/urg_node
[0.233s] -- The C compiler identification is GNU 9.4.0
[0.632s] -- The CXX compiler identification is GNU 9.4.0
[0.853s] -- Check for working C compiler: /usr/bin/cc
[1.147s] -- Check for working C compiler: /usr/bin/cc -- works
[1.147s] -- Detecting C compiler ABI info
[1.332s] -- Detecting C compiler ABI info - done
[1.352s] -- Detecting C compile features
[1.353s] -- Detecting C compile features - done
[1.357s] -- Check for working CXX compiler: /usr/bin/c++
[1.564s] -- Check for working CXX compiler: /usr/bin/c++ -- works
[1.565s] -- Detecting CXX compiler ABI info
[1.767s] -- Detecting CXX compiler ABI info - done
[1.784s] -- Detecting CXX compile features
[1.784s] -- Detecting CXX compile features - done
[3.096s] CMake Error at CMakeLists.txt:4 (find_package):
[3.097s]   By not providing "Findcatkin.cmake" in CMAKE_MODULE_PATH this project has
[3.097s]   asked CMake to find a package configuration file provided by "catkin", but
[3.097s]   CMake did not find one.
[3.097s] 
[3.097s]   Could not find a package configuration file provided by "catkin" with any
[3.097s]   of the following names:
[3.097s] 
[3.097s]     catkinConfig.cmake
[3.097s]     catkin-config.cmake
[3.098s] 
[3.098s]   Add the installation prefix of "catkin" to CMAKE_PREFIX_PATH or set
[3.098s]   "catkin_DIR" to a directory containing one of the above files.  If "catkin"
[3.098s]   provides a separate development package or SDK, be sure it has been
[3.098s]   installed.
[3.098s] 
[3.098s] 
[3.098s] -- Configuring incomplete, errors occurred!
[3.098s] See also "/home/igor/tb2_ros2_nav2/ros2_ws/build/urg_node/CMakeFiles/CMakeOutput.log".
[3.102s] Invoked command in '/home/igor/tb2_ros2_nav2/ros2_ws/build/urg_node' returned '1': /usr/bin/cmake /home/igor/tb2_ros2_nav2/ros2_ws/src/urg_node -DCATKIN_INSTALL_INTO_PREFIX_ROOT=0 -DCMAKE_INSTALL_PREFIX=/home/igor/tb2_ros2_nav2/ros2_ws/install/urg_node
