[0.029s] Invoking command in '/home/igor/tb2_ros2_nav2/ros2_ws/build/cmd_vel_mux': CMAKE_PREFIX_PATH=${CMAKE_PREFIX_PATH}:/opt/ros/galactic /usr/bin/cmake /home/igor/tb2_ros2_nav2/ros2_ws/src/cmd_vel_mux -DAMENT_CMAKE_SYMLINK_INSTALL=1 -DCMAKE_INSTALL_PREFIX=/home/igor/tb2_ros2_nav2/ros2_ws/install/cmd_vel_mux
[0.223s] -- The C compiler identification is GNU 9.4.0
[0.496s] -- The CXX compiler identification is GNU 9.4.0
[0.561s] -- Check for working C compiler: /usr/bin/cc
[0.645s] -- Check for working C compiler: /usr/bin/cc -- works
[0.646s] -- Detecting C compiler ABI info
[0.731s] -- Detecting C compiler ABI info - done
[0.739s] -- Detecting C compile features
[0.740s] -- Detecting C compile features - done
[0.743s] -- Check for working CXX compiler: /usr/bin/c++
[0.842s] -- Check for working CXX compiler: /usr/bin/c++ -- works
[0.843s] -- Detecting CXX compiler ABI info
[0.935s] -- Detecting CXX compiler ABI info - done
[0.943s] -- Detecting CXX compile features
[0.944s] -- Detecting CXX compile features - done
[0.948s] -- Found ament_cmake_ros: 0.9.2 (/opt/ros/galactic/share/ament_cmake_ros/cmake)
[0.976s] -- Found PythonInterp: /usr/bin/python3 (found suitable version "3.8.10", minimum required is "3") 
[0.976s] -- Using PYTHON_EXECUTABLE: /usr/bin/python3
[1.029s] -- Override CMake install command with custom implementation using symlinks instead of copying resources
[1.055s] -- Found geometry_msgs: 2.2.4 (/opt/ros/galactic/share/geometry_msgs/cmake)
[1.180s] -- Using all available rosidl_typesupport_c: rosidl_typesupport_fastrtps_c;rosidl_typesupport_introspection_c
[1.188s] -- Found rosidl_adapter: 2.2.2 (/opt/ros/galactic/share/rosidl_adapter/cmake)
[1.702s] -- Found OpenSSL: /usr/lib/x86_64-linux-gnu/libcrypto.so (found version "1.1.1f")  
[2.138s] -- Found FastRTPS: /opt/ros/galactic/include  
[2.924s] -- Using all available rosidl_typesupport_cpp: rosidl_typesupport_fastrtps_cpp;rosidl_typesupport_introspection_cpp
[3.004s] -- Found rcl_interfaces: 1.0.3 (/opt/ros/galactic/share/rcl_interfaces/cmake)
[3.021s] -- Found rclcpp: 9.2.1 (/opt/ros/galactic/share/rclcpp/cmake)
[3.068s] -- Found rmw_implementation_cmake: 3.3.1 (/opt/ros/galactic/share/rmw_implementation_cmake/cmake)
[3.071s] -- Found rmw_cyclonedds_cpp: 0.22.5 (/opt/ros/galactic/share/rmw_cyclonedds_cpp/cmake)
[3.091s] -- Using RMW implementation 'rmw_cyclonedds_cpp' as default
[3.093s] -- Looking for pthread.h
[3.184s] -- Looking for pthread.h - found
[3.184s] -- Performing Test CMAKE_HAVE_LIBC_PTHREAD
[3.283s] -- Performing Test CMAKE_HAVE_LIBC_PTHREAD - Failed
[3.283s] -- Looking for pthread_create in pthreads
[3.377s] -- Looking for pthread_create in pthreads - not found
[3.377s] -- Looking for pthread_create in pthread
[3.491s] -- Looking for pthread_create in pthread - found
[3.492s] -- Found Threads: TRUE  
[3.631s] -- Found rclcpp_components: 9.2.1 (/opt/ros/galactic/share/rclcpp_components/cmake)
[3.685s] -- Found ament_lint_auto: 0.10.7 (/opt/ros/galactic/share/ament_lint_auto/cmake)
[3.756s] -- Found launch_testing_ament_cmake: 0.17.1 (/opt/ros/galactic/share/launch_testing_ament_cmake/cmake)
[3.758s] -- Found python_cmake_module: 0.8.1 (/opt/ros/galactic/share/python_cmake_module/cmake)
[3.780s] -- Found PythonInterp: /usr/bin/python3 (found suitable version "3.8.10", minimum required is "3.5") 
[4.033s] -- Found PythonLibs: /usr/lib/x86_64-linux-gnu/libpython3.8.so (found suitable version "3.8.10", minimum required is "3.5") 
[4.034s] -- Using PYTHON_EXECUTABLE: /usr/bin/python3
[4.034s] -- Using PYTHON_INCLUDE_DIRS: /usr/include/python3.8
[4.034s] -- Using PYTHON_LIBRARIES: /usr/lib/x86_64-linux-gnu/libpython3.8.so
[4.053s] -- Found PythonExtra: .so  
[4.062s] -- Added test 'cppcheck' to perform static code analysis on C / C++ code
[4.062s] -- Configured cppcheck include dirs: /home/igor/tb2_ros2_nav2/ros2_ws/src/cmd_vel_mux/include
[4.062s] -- Configured cppcheck exclude dirs and/or files: 
[4.064s] -- Added test 'cpplint' to check C / C++ code against the Google style
[4.064s] -- Configured cpplint exclude dirs and/or files: 
[4.064s] -- Added test 'flake8' to check Python code syntax and style conventions
[4.065s] -- Added test 'lint_cmake' to check CMake code style
[4.066s] -- Added test 'pep257' to check Python code against some of the style conventions in PEP 257
[4.067s] -- Added test 'uncrustify' to check C / C++ code style
[4.067s] -- Configured uncrustify additional arguments: 
[4.067s] -- Added test 'xmllint' to check XML markup files
[4.069s] -- Configuring done
[4.079s] -- Generating done
[4.080s] -- Build files have been written to: /home/igor/tb2_ros2_nav2/ros2_ws/build/cmd_vel_mux
