[0.094s] Invoking command in '/home/igor/tb2_ros2_nav2/ros2_ws/build/kobuki_safety_controller': AMENT_PREFIX_PATH=/home/igor/tb2_ros2_nav2/ros2_ws/install/kobuki_ros_interfaces:${AMENT_PREFIX_PATH} CMAKE_PREFIX_PATH=/home/igor/tb2_ros2_nav2/ros2_ws/install/kobuki_ros_interfaces:/opt/ros/galactic LD_LIBRARY_PATH=/home/igor/tb2_ros2_nav2/ros2_ws/install/kobuki_ros_interfaces/lib:${LD_LIBRARY_PATH} PYTHONPATH=/home/igor/tb2_ros2_nav2/ros2_ws/install/kobuki_ros_interfaces/lib/python3.8/site-packages:${PYTHONPATH} /usr/bin/cmake /home/igor/tb2_ros2_nav2/ros2_ws/src/kobuki_ros/kobuki_safety_controller -DCMAKE_INSTALL_PREFIX=/home/igor/tb2_ros2_nav2/ros2_ws/install/kobuki_safety_controller
[0.106s] -- Found ament_cmake_ros: 0.9.2 (/opt/ros/galactic/share/ament_cmake_ros/cmake)
[0.124s] -- Using PYTHON_EXECUTABLE: /usr/bin/python3
[0.216s] -- Override CMake install command with custom implementation using symlinks instead of copying resources
[0.223s] -- Found ecl_build: 1.0.2 (/opt/ros/galactic/share/ecl_build/cmake)
[0.228s] -- Found geometry_msgs: 2.2.4 (/opt/ros/galactic/share/geometry_msgs/cmake)
[0.373s] -- Using all available rosidl_typesupport_c: rosidl_typesupport_fastrtps_c;rosidl_typesupport_introspection_c
[0.376s] -- Found rosidl_adapter: 2.2.2 (/opt/ros/galactic/share/rosidl_adapter/cmake)
[2.686s] -- Using all available rosidl_typesupport_cpp: rosidl_typesupport_fastrtps_cpp;rosidl_typesupport_introspection_cpp
[2.746s] -- Found kobuki_ros_interfaces: 1.0.0 (/home/igor/tb2_ros2_nav2/ros2_ws/install/kobuki_ros_interfaces/share/kobuki_ros_interfaces/cmake)
[2.877s] -- Found rclcpp: 9.2.1 (/opt/ros/galactic/share/rclcpp/cmake)
[2.923s] -- Found rmw_implementation_cmake: 3.3.1 (/opt/ros/galactic/share/rmw_implementation_cmake/cmake)
[2.925s] -- Found rmw_cyclonedds_cpp: 0.22.5 (/opt/ros/galactic/share/rmw_cyclonedds_cpp/cmake)
[2.944s] -- Using RMW implementation 'rmw_cyclonedds_cpp' as default
[3.068s] -- Found rclcpp_components: 9.2.1 (/opt/ros/galactic/share/rclcpp_components/cmake)
[3.178s] -- Configuring done
[3.192s] -- Generating done
[3.194s] -- Build files have been written to: /home/igor/tb2_ros2_nav2/ros2_ws/build/kobuki_safety_controller
[3.206s] Invoked command in '/home/igor/tb2_ros2_nav2/ros2_ws/build/kobuki_safety_controller' returned '0': AMENT_PREFIX_PATH=/home/igor/tb2_ros2_nav2/ros2_ws/install/kobuki_ros_interfaces:${AMENT_PREFIX_PATH} CMAKE_PREFIX_PATH=/home/igor/tb2_ros2_nav2/ros2_ws/install/kobuki_ros_interfaces:/opt/ros/galactic LD_LIBRARY_PATH=/home/igor/tb2_ros2_nav2/ros2_ws/install/kobuki_ros_interfaces/lib:${LD_LIBRARY_PATH} PYTHONPATH=/home/igor/tb2_ros2_nav2/ros2_ws/install/kobuki_ros_interfaces/lib/python3.8/site-packages:${PYTHONPATH} /usr/bin/cmake /home/igor/tb2_ros2_nav2/ros2_ws/src/kobuki_ros/kobuki_safety_controller -DCMAKE_INSTALL_PREFIX=/home/igor/tb2_ros2_nav2/ros2_ws/install/kobuki_safety_controller
[3.209s] Invoking command in '/home/igor/tb2_ros2_nav2/ros2_ws/build/kobuki_safety_controller': AMENT_PREFIX_PATH=/home/igor/tb2_ros2_nav2/ros2_ws/install/kobuki_ros_interfaces:${AMENT_PREFIX_PATH} CMAKE_PREFIX_PATH=/home/igor/tb2_ros2_nav2/ros2_ws/install/kobuki_ros_interfaces:/opt/ros/galactic LD_LIBRARY_PATH=/home/igor/tb2_ros2_nav2/ros2_ws/install/kobuki_ros_interfaces/lib:${LD_LIBRARY_PATH} PYTHONPATH=/home/igor/tb2_ros2_nav2/ros2_ws/install/kobuki_ros_interfaces/lib/python3.8/site-packages:${PYTHONPATH} /usr/bin/cmake --build /home/igor/tb2_ros2_nav2/ros2_ws/build/kobuki_safety_controller -- -j16 -l16
[3.250s] [100%] Built target kobuki_safety_controller
[3.250s] [100%] Built target kobuki_safety_controller_node
[3.260s] Invoked command in '/home/igor/tb2_ros2_nav2/ros2_ws/build/kobuki_safety_controller' returned '0': AMENT_PREFIX_PATH=/home/igor/tb2_ros2_nav2/ros2_ws/install/kobuki_ros_interfaces:${AMENT_PREFIX_PATH} CMAKE_PREFIX_PATH=/home/igor/tb2_ros2_nav2/ros2_ws/install/kobuki_ros_interfaces:/opt/ros/galactic LD_LIBRARY_PATH=/home/igor/tb2_ros2_nav2/ros2_ws/install/kobuki_ros_interfaces/lib:${LD_LIBRARY_PATH} PYTHONPATH=/home/igor/tb2_ros2_nav2/ros2_ws/install/kobuki_ros_interfaces/lib/python3.8/site-packages:${PYTHONPATH} /usr/bin/cmake --build /home/igor/tb2_ros2_nav2/ros2_ws/build/kobuki_safety_controller -- -j16 -l16
[3.277s] Invoking command in '/home/igor/tb2_ros2_nav2/ros2_ws/build/kobuki_safety_controller': AMENT_PREFIX_PATH=/home/igor/tb2_ros2_nav2/ros2_ws/install/kobuki_ros_interfaces:${AMENT_PREFIX_PATH} CMAKE_PREFIX_PATH=/home/igor/tb2_ros2_nav2/ros2_ws/install/kobuki_ros_interfaces:/opt/ros/galactic LD_LIBRARY_PATH=/home/igor/tb2_ros2_nav2/ros2_ws/install/kobuki_ros_interfaces/lib:${LD_LIBRARY_PATH} PYTHONPATH=/home/igor/tb2_ros2_nav2/ros2_ws/install/kobuki_ros_interfaces/lib/python3.8/site-packages:${PYTHONPATH} /usr/bin/cmake --install /home/igor/tb2_ros2_nav2/ros2_ws/build/kobuki_safety_controller
[3.282s] -- Install configuration: ""
[3.283s] -- Execute custom install script
[3.283s] -- Up-to-date symlink: /home/igor/tb2_ros2_nav2/ros2_ws/install/kobuki_safety_controller/lib/kobuki_safety_controller/kobuki_safety_controller_node
[3.283s] -- Up-to-date symlink: /home/igor/tb2_ros2_nav2/ros2_ws/install/kobuki_safety_controller/lib/libkobuki_safety_controller.so
[3.284s] -- Up-to-date symlink: /home/igor/tb2_ros2_nav2/ros2_ws/install/kobuki_safety_controller/include/kobuki_safety_controller/safety_controller.hpp
[3.284s] -- Up-to-date symlink: /home/igor/tb2_ros2_nav2/ros2_ws/install/kobuki_safety_controller/share/kobuki_safety_controller/config/safety_controller_params.yaml
[3.284s] -- Up-to-date symlink: /home/igor/tb2_ros2_nav2/ros2_ws/install/kobuki_safety_controller/share/kobuki_safety_controller/launch/safety_controller-composed-launch.py
[3.285s] -- Up-to-date symlink: /home/igor/tb2_ros2_nav2/ros2_ws/install/kobuki_safety_controller/share/kobuki_safety_controller/launch/safety_controller-launch.py
[3.285s] -- Up-to-date symlink: /home/igor/tb2_ros2_nav2/ros2_ws/install/kobuki_safety_controller/share/ament_index/resource_index/package_run_dependencies/kobuki_safety_controller
[3.285s] -- Up-to-date symlink: /home/igor/tb2_ros2_nav2/ros2_ws/install/kobuki_safety_controller/share/ament_index/resource_index/parent_prefix_path/kobuki_safety_controller
[3.285s] -- Up-to-date symlink: /home/igor/tb2_ros2_nav2/ros2_ws/install/kobuki_safety_controller/share/kobuki_safety_controller/environment/ament_prefix_path.sh
[3.285s] -- Up-to-date symlink: /home/igor/tb2_ros2_nav2/ros2_ws/install/kobuki_safety_controller/share/kobuki_safety_controller/environment/ament_prefix_path.dsv
[3.286s] -- Up-to-date symlink: /home/igor/tb2_ros2_nav2/ros2_ws/install/kobuki_safety_controller/share/kobuki_safety_controller/environment/path.sh
[3.286s] -- Up-to-date symlink: /home/igor/tb2_ros2_nav2/ros2_ws/install/kobuki_safety_controller/share/kobuki_safety_controller/environment/path.dsv
[3.286s] -- Up-to-date symlink: /home/igor/tb2_ros2_nav2/ros2_ws/install/kobuki_safety_controller/share/kobuki_safety_controller/local_setup.bash
[3.286s] -- Up-to-date symlink: /home/igor/tb2_ros2_nav2/ros2_ws/install/kobuki_safety_controller/share/kobuki_safety_controller/local_setup.sh
[3.287s] -- Up-to-date symlink: /home/igor/tb2_ros2_nav2/ros2_ws/install/kobuki_safety_controller/share/kobuki_safety_controller/local_setup.zsh
[3.287s] -- Up-to-date symlink: /home/igor/tb2_ros2_nav2/ros2_ws/install/kobuki_safety_controller/share/kobuki_safety_controller/local_setup.dsv
[3.287s] -- Symlinking: /home/igor/tb2_ros2_nav2/ros2_ws/install/kobuki_safety_controller/share/kobuki_safety_controller/package.dsv
[3.294s] -- Up-to-date symlink: /home/igor/tb2_ros2_nav2/ros2_ws/install/kobuki_safety_controller/share/ament_index/resource_index/packages/kobuki_safety_controller
[3.295s] -- Up-to-date symlink: /home/igor/tb2_ros2_nav2/ros2_ws/install/kobuki_safety_controller/share/ament_index/resource_index/rclcpp_components/kobuki_safety_controller
[3.295s] -- Up-to-date symlink: /home/igor/tb2_ros2_nav2/ros2_ws/install/kobuki_safety_controller/share/kobuki_safety_controller/cmake/kobuki_safety_controllerConfig.cmake
[3.295s] -- Up-to-date symlink: /home/igor/tb2_ros2_nav2/ros2_ws/install/kobuki_safety_controller/share/kobuki_safety_controller/cmake/kobuki_safety_controllerConfig-version.cmake
[3.295s] -- Up-to-date symlink: /home/igor/tb2_ros2_nav2/ros2_ws/install/kobuki_safety_controller/share/kobuki_safety_controller/package.xml
[3.299s] Invoked command in '/home/igor/tb2_ros2_nav2/ros2_ws/build/kobuki_safety_controller' returned '0': AMENT_PREFIX_PATH=/home/igor/tb2_ros2_nav2/ros2_ws/install/kobuki_ros_interfaces:${AMENT_PREFIX_PATH} CMAKE_PREFIX_PATH=/home/igor/tb2_ros2_nav2/ros2_ws/install/kobuki_ros_interfaces:/opt/ros/galactic LD_LIBRARY_PATH=/home/igor/tb2_ros2_nav2/ros2_ws/install/kobuki_ros_interfaces/lib:${LD_LIBRARY_PATH} PYTHONPATH=/home/igor/tb2_ros2_nav2/ros2_ws/install/kobuki_ros_interfaces/lib/python3.8/site-packages:${PYTHONPATH} /usr/bin/cmake --install /home/igor/tb2_ros2_nav2/ros2_ws/build/kobuki_safety_controller
