-- The C compiler identification is GNU 9.4.0
-- The CXX compiler identification is GNU 9.4.0
-- Check for working C compiler: /usr/bin/cc
-- Check for working C compiler: /usr/bin/cc -- works
-- Detecting C compiler ABI info
-- Detecting C compiler ABI info - done
-- Detecting C compile features
-- Detecting C compile features - done
-- Check for working CXX compiler: /usr/bin/c++
-- Check for working CXX compiler: /usr/bin/c++ -- works
-- Detecting CXX compiler ABI info
-- Detecting CXX compiler ABI info - done
-- Detecting CXX compile features
-- Detecting CXX compile features - done
-- Found ament_cmake_ros: 0.9.2 (/opt/ros/galactic/share/ament_cmake_ros/cmake)
-- Found PythonInterp: /usr/bin/python3 (found suitable version "3.8.10", minimum required is "3") 
-- Using PYTHON_EXECUTABLE: /usr/bin/python3
-- Override CMake install command with custom implementation using symlinks instead of copying resources
-- Found geometry_msgs: 2.2.4 (/opt/ros/galactic/share/geometry_msgs/cmake)
-- Using all available rosidl_typesupport_c: rosidl_typesupport_fastrtps_c;rosidl_typesupport_introspection_c
-- Found rosidl_adapter: 2.2.2 (/opt/ros/galactic/share/rosidl_adapter/cmake)
-- Found OpenSSL: /usr/lib/x86_64-linux-gnu/libcrypto.so (found version "1.1.1f")  
-- Found FastRTPS: /opt/ros/galactic/include  
-- Using all available rosidl_typesupport_cpp: rosidl_typesupport_fastrtps_cpp;rosidl_typesupport_introspection_cpp
-- Found kobuki_ros_interfaces: 1.0.0 (/home/turtlebot5/tb2_ros2_nav2/ros2_ws/install/kobuki_ros_interfaces/share/kobuki_ros_interfaces/cmake)
-- Found rclcpp: 9.2.1 (/opt/ros/galactic/share/rclcpp/cmake)
-- Found rmw_implementation_cmake: 3.3.1 (/opt/ros/galactic/share/rmw_implementation_cmake/cmake)
-- Found rmw_cyclonedds_cpp: 0.22.5 (/opt/ros/galactic/share/rmw_cyclonedds_cpp/cmake)
-- Using RMW implementation 'rmw_cyclonedds_cpp' as default
-- Looking for pthread.h
-- Looking for pthread.h - found
-- Performing Test CMAKE_HAVE_LIBC_PTHREAD
-- Performing Test CMAKE_HAVE_LIBC_PTHREAD - Failed
-- Looking for pthread_create in pthreads
-- Looking for pthread_create in pthreads - not found
-- Looking for pthread_create in pthread
-- Looking for pthread_create in pthread - found
-- Found Threads: TRUE  
-- Found rclcpp_components: 9.2.1 (/opt/ros/galactic/share/rclcpp_components/cmake)
-- Configuring done
-- Generating done
-- Build files have been written to: /home/turtlebot5/tb2_ros2_nav2/ros2_ws/build/kobuki_random_walker
[35m[1mScanning dependencies of target kobuki_random_walker[0m
[ 25%] [32mBuilding CXX object CMakeFiles/kobuki_random_walker.dir/src/random_walker.cpp.o[0m
[ 50%] [32m[1mLinking CXX shared library libkobuki_random_walker.so[0m
[ 50%] Built target kobuki_random_walker
[35m[1mScanning dependencies of target kobuki_random_walker_node[0m
[ 75%] [32mBuilding CXX object CMakeFiles/kobuki_random_walker_node.dir/rclcpp_components/node_main_kobuki_random_walker_node.cpp.o[0m
[100%] [32m[1mLinking CXX executable kobuki_random_walker_node[0m
[100%] Built target kobuki_random_walker_node
-- Install configuration: ""
-- Execute custom install script
-- Symlinking: /home/turtlebot5/tb2_ros2_nav2/ros2_ws/install/kobuki_random_walker/lib/kobuki_random_walker/kobuki_random_walker_node
-- Symlinking: /home/turtlebot5/tb2_ros2_nav2/ros2_ws/install/kobuki_random_walker/lib/libkobuki_random_walker.so
-- Symlinking: /home/turtlebot5/tb2_ros2_nav2/ros2_ws/install/kobuki_random_walker/include/kobuki_random_walker/random_walker.hpp
-- Symlinking: /home/turtlebot5/tb2_ros2_nav2/ros2_ws/install/kobuki_random_walker/share/kobuki_random_walker/launch/random_walker_app.launch
-- Symlinking: /home/turtlebot5/tb2_ros2_nav2/ros2_ws/install/kobuki_random_walker/share/kobuki_random_walker/launch/safe_random_walker_app.launch
-- Symlinking: /home/turtlebot5/tb2_ros2_nav2/ros2_ws/install/kobuki_random_walker/share/kobuki_random_walker/launch/standalone.launch
-- Symlinking: /home/turtlebot5/tb2_ros2_nav2/ros2_ws/install/kobuki_random_walker/share/ament_index/resource_index/package_run_dependencies/kobuki_random_walker
-- Symlinking: /home/turtlebot5/tb2_ros2_nav2/ros2_ws/install/kobuki_random_walker/share/ament_index/resource_index/parent_prefix_path/kobuki_random_walker
-- Symlinking: /home/turtlebot5/tb2_ros2_nav2/ros2_ws/install/kobuki_random_walker/share/kobuki_random_walker/environment/ament_prefix_path.sh
-- Symlinking: /home/turtlebot5/tb2_ros2_nav2/ros2_ws/install/kobuki_random_walker/share/kobuki_random_walker/environment/ament_prefix_path.dsv
-- Symlinking: /home/turtlebot5/tb2_ros2_nav2/ros2_ws/install/kobuki_random_walker/share/kobuki_random_walker/environment/path.sh
-- Symlinking: /home/turtlebot5/tb2_ros2_nav2/ros2_ws/install/kobuki_random_walker/share/kobuki_random_walker/environment/path.dsv
-- Symlinking: /home/turtlebot5/tb2_ros2_nav2/ros2_ws/install/kobuki_random_walker/share/kobuki_random_walker/local_setup.bash
-- Symlinking: /home/turtlebot5/tb2_ros2_nav2/ros2_ws/install/kobuki_random_walker/share/kobuki_random_walker/local_setup.sh
-- Symlinking: /home/turtlebot5/tb2_ros2_nav2/ros2_ws/install/kobuki_random_walker/share/kobuki_random_walker/local_setup.zsh
-- Symlinking: /home/turtlebot5/tb2_ros2_nav2/ros2_ws/install/kobuki_random_walker/share/kobuki_random_walker/local_setup.dsv
-- Symlinking: /home/turtlebot5/tb2_ros2_nav2/ros2_ws/install/kobuki_random_walker/share/kobuki_random_walker/package.dsv
-- Symlinking: /home/turtlebot5/tb2_ros2_nav2/ros2_ws/install/kobuki_random_walker/share/ament_index/resource_index/packages/kobuki_random_walker
-- Symlinking: /home/turtlebot5/tb2_ros2_nav2/ros2_ws/install/kobuki_random_walker/share/ament_index/resource_index/rclcpp_components/kobuki_random_walker
-- Symlinking: /home/turtlebot5/tb2_ros2_nav2/ros2_ws/install/kobuki_random_walker/share/kobuki_random_walker/cmake/kobuki_random_walkerConfig.cmake
-- Symlinking: /home/turtlebot5/tb2_ros2_nav2/ros2_ws/install/kobuki_random_walker/share/kobuki_random_walker/cmake/kobuki_random_walkerConfig-version.cmake
-- Symlinking: /home/turtlebot5/tb2_ros2_nav2/ros2_ws/install/kobuki_random_walker/share/kobuki_random_walker/package.xml
